<?xml version="1.0" encoding="UTF-8"?>
<testsuite xmlns:xsi="http://www.w3.org/2001/XMLSchema-instance" xsi:noNamespaceSchemaLocation="https://maven.apache.org/surefire/maven-surefire-plugin/xsd/surefire-test-report-3.0.xsd" version="3.0" name="com.example.demo.DemoApplicationTests" time="4.565" tests="1" errors="0" skipped="0" failures="0">
  <properties>
    <property name="java.specification.version" value="17"/>
    <property name="sun.cpu.isalist" value="amd64"/>
    <property name="sun.jnu.encoding" value="Cp1252"/>
    <property name="java.class.path" value="C:\Users\cgn_n\Downloads\citasMedicas3\demo\target\test-classes;C:\Users\cgn_n\Downloads\citasMedicas3\demo\target\classes;C:\Users\cgn_n\.m2\repository\org\springframework\boot\spring-boot-starter-data-jpa\3.1.4\spring-boot-starter-data-jpa-3.1.4.jar;C:\Users\cgn_n\.m2\repository\org\springframework\boot\spring-boot-starter-aop\3.1.4\spring-boot-starter-aop-3.1.4.jar;C:\Users\cgn_n\.m2\repository\org\springframework\spring-aop\6.0.12\spring-aop-6.0.12.jar;C:\Users\cgn_n\.m2\repository\org\aspectj\aspectjweaver\1.9.20\aspectjweaver-1.9.20.jar;C:\Users\cgn_n\.m2\repository\org\springframework\boot\spring-boot-starter-jdbc\3.1.4\spring-boot-starter-jdbc-3.1.4.jar;C:\Users\cgn_n\.m2\repository\com\zaxxer\HikariCP\5.0.1\HikariCP-5.0.1.jar;C:\Users\cgn_n\.m2\repository\org\springframework\spring-jdbc\6.0.12\spring-jdbc-6.0.12.jar;C:\Users\cgn_n\.m2\repository\org\hibernate\orm\hibernate-core\6.2.9.Final\hibernate-core-6.2.9.Final.jar;C:\Users\cgn_n\.m2\repository\jakarta\persistence\jakarta.persistence-api\3.1.0\jakarta.persistence-api-3.1.0.jar;C:\Users\cgn_n\.m2\repository\jakarta\transaction\jakarta.transaction-api\2.0.1\jakarta.transaction-api-2.0.1.jar;C:\Users\cgn_n\.m2\repository\org\jboss\logging\jboss-logging\3.5.3.Final\jboss-logging-3.5.3.Final.jar;C:\Users\cgn_n\.m2\repository\org\hibernate\common\hibernate-commons-annotations\6.0.6.Final\hibernate-commons-annotations-6.0.6.Final.jar;C:\Users\cgn_n\.m2\repository\io\smallrye\jandex\3.0.5\jandex-3.0.5.jar;C:\Users\cgn_n\.m2\repository\com\fasterxml\classmate\1.5.1\classmate-1.5.1.jar;C:\Users\cgn_n\.m2\repository\net\bytebuddy\byte-buddy\1.14.8\byte-buddy-1.14.8.jar;C:\Users\cgn_n\.m2\repository\org\glassfish\jaxb\jaxb-runtime\4.0.3\jaxb-runtime-4.0.3.jar;C:\Users\cgn_n\.m2\repository\org\glassfish\jaxb\jaxb-core\4.0.3\jaxb-core-4.0.3.jar;C:\Users\cgn_n\.m2\repository\org\eclipse\angus\angus-activation\2.0.1\angus-activation-2.0.1.jar;C:\Users\cgn_n\.m2\repository\org\glassfish\jaxb\txw2\4.0.3\txw2-4.0.3.jar;C:\Users\cgn_n\.m2\repository\com\sun\istack\istack-commons-runtime\4.1.2\istack-commons-runtime-4.1.2.jar;C:\Users\cgn_n\.m2\repository\jakarta\inject\jakarta.inject-api\2.0.1\jakarta.inject-api-2.0.1.jar;C:\Users\cgn_n\.m2\repository\org\antlr\antlr4-runtime\4.10.1\antlr4-runtime-4.10.1.jar;C:\Users\cgn_n\.m2\repository\org\springframework\data\spring-data-jpa\3.1.4\spring-data-jpa-3.1.4.jar;C:\Users\cgn_n\.m2\repository\org\springframework\data\spring-data-commons\3.1.4\spring-data-commons-3.1.4.jar;C:\Users\cgn_n\.m2\repository\org\springframework\spring-orm\6.0.12\spring-orm-6.0.12.jar;C:\Users\cgn_n\.m2\repository\org\springframework\spring-context\6.0.12\spring-context-6.0.12.jar;C:\Users\cgn_n\.m2\repository\org\springframework\spring-tx\6.0.12\spring-tx-6.0.12.jar;C:\Users\cgn_n\.m2\repository\org\springframework\spring-beans\6.0.12\spring-beans-6.0.12.jar;C:\Users\cgn_n\.m2\repository\jakarta\annotation\jakarta.annotation-api\2.1.1\jakarta.annotation-api-2.1.1.jar;C:\Users\cgn_n\.m2\repository\org\slf4j\slf4j-api\2.0.9\slf4j-api-2.0.9.jar;C:\Users\cgn_n\.m2\repository\org\springframework\spring-aspects\6.0.12\spring-aspects-6.0.12.jar;C:\Users\cgn_n\.m2\repository\org\springframework\boot\spring-boot-starter-web\3.1.4\spring-boot-starter-web-3.1.4.jar;C:\Users\cgn_n\.m2\repository\org\springframework\boot\spring-boot-starter\3.1.4\spring-boot-starter-3.1.4.jar;C:\Users\cgn_n\.m2\repository\org\springframework\boot\spring-boot\3.1.4\spring-boot-3.1.4.jar;C:\Users\cgn_n\.m2\repository\org\springframework\boot\spring-boot-autoconfigure\3.1.4\spring-boot-autoconfigure-3.1.4.jar;C:\Users\cgn_n\.m2\repository\org\springframework\boot\spring-boot-starter-logging\3.1.4\spring-boot-starter-logging-3.1.4.jar;C:\Users\cgn_n\.m2\repository\ch\qos\logback\logback-classic\1.4.11\logback-classic-1.4.11.jar;C:\Users\cgn_n\.m2\repository\ch\qos\logback\logback-core\1.4.11\logback-core-1.4.11.jar;C:\Users\cgn_n\.m2\repository\org\apache\logging\log4j\log4j-to-slf4j\2.20.0\log4j-to-slf4j-2.20.0.jar;C:\Users\cgn_n\.m2\repository\org\apache\logging\log4j\log4j-api\2.20.0\log4j-api-2.20.0.jar;C:\Users\cgn_n\.m2\repository\org\slf4j\jul-to-slf4j\2.0.9\jul-to-slf4j-2.0.9.jar;C:\Users\cgn_n\.m2\repository\org\yaml\snakeyaml\1.33\snakeyaml-1.33.jar;C:\Users\cgn_n\.m2\repository\org\springframework\boot\spring-boot-starter-json\3.1.4\spring-boot-starter-json-3.1.4.jar;C:\Users\cgn_n\.m2\repository\com\fasterxml\jackson\core\jackson-databind\2.15.2\jackson-databind-2.15.2.jar;C:\Users\cgn_n\.m2\repository\com\fasterxml\jackson\core\jackson-core\2.15.2\jackson-core-2.15.2.jar;C:\Users\cgn_n\.m2\repository\com\fasterxml\jackson\datatype\jackson-datatype-jdk8\2.15.2\jackson-datatype-jdk8-2.15.2.jar;C:\Users\cgn_n\.m2\repository\com\fasterxml\jackson\datatype\jackson-datatype-jsr310\2.15.2\jackson-datatype-jsr310-2.15.2.jar;C:\Users\cgn_n\.m2\repository\com\fasterxml\jackson\module\jackson-module-parameter-names\2.15.2\jackson-module-parameter-names-2.15.2.jar;C:\Users\cgn_n\.m2\repository\org\springframework\boot\spring-boot-starter-tomcat\3.1.4\spring-boot-starter-tomcat-3.1.4.jar;C:\Users\cgn_n\.m2\repository\org\apache\tomcat\embed\tomcat-embed-core\10.1.13\tomcat-embed-core-10.1.13.jar;C:\Users\cgn_n\.m2\repository\org\apache\tomcat\embed\tomcat-embed-el\10.1.13\tomcat-embed-el-10.1.13.jar;C:\Users\cgn_n\.m2\repository\org\apache\tomcat\embed\tomcat-embed-websocket\10.1.13\tomcat-embed-websocket-10.1.13.jar;C:\Users\cgn_n\.m2\repository\org\springframework\spring-web\6.0.12\spring-web-6.0.12.jar;C:\Users\cgn_n\.m2\repository\io\micrometer\micrometer-observation\1.11.4\micrometer-observation-1.11.4.jar;C:\Users\cgn_n\.m2\repository\io\micrometer\micrometer-commons\1.11.4\micrometer-commons-1.11.4.jar;C:\Users\cgn_n\.m2\repository\org\springframework\spring-webmvc\6.0.12\spring-webmvc-6.0.12.jar;C:\Users\cgn_n\.m2\repository\org\springframework\spring-expression\6.0.12\spring-expression-6.0.12.jar;C:\Users\cgn_n\.m2\repository\org\springframework\boot\spring-boot-starter-data-rest\3.1.4\spring-boot-starter-data-rest-3.1.4.jar;C:\Users\cgn_n\.m2\repository\org\springframework\data\spring-data-rest-webmvc\4.1.4\spring-data-rest-webmvc-4.1.4.jar;C:\Users\cgn_n\.m2\repository\org\springframework\data\spring-data-rest-core\4.1.4\spring-data-rest-core-4.1.4.jar;C:\Users\cgn_n\.m2\repository\org\springframework\hateoas\spring-hateoas\2.1.2\spring-hateoas-2.1.2.jar;C:\Users\cgn_n\.m2\repository\org\springframework\plugin\spring-plugin-core\3.0.0\spring-plugin-core-3.0.0.jar;C:\Users\cgn_n\.m2\repository\org\atteo\evo-inflector\1.3\evo-inflector-1.3.jar;C:\Users\cgn_n\.m2\repository\com\fasterxml\jackson\core\jackson-annotations\2.15.2\jackson-annotations-2.15.2.jar;C:\Users\cgn_n\.m2\repository\com\h2database\h2\2.1.214\h2-2.1.214.jar;C:\Users\cgn_n\.m2\repository\org\projectlombok\lombok\1.18.30\lombok-1.18.30.jar;C:\Users\cgn_n\.m2\repository\org\springframework\boot\spring-boot-starter-test\3.1.4\spring-boot-starter-test-3.1.4.jar;C:\Users\cgn_n\.m2\repository\org\springframework\boot\spring-boot-test\3.1.4\spring-boot-test-3.1.4.jar;C:\Users\cgn_n\.m2\repository\org\springframework\boot\spring-boot-test-autoconfigure\3.1.4\spring-boot-test-autoconfigure-3.1.4.jar;C:\Users\cgn_n\.m2\repository\com\jayway\jsonpath\json-path\2.8.0\json-path-2.8.0.jar;C:\Users\cgn_n\.m2\repository\jakarta\xml\bind\jakarta.xml.bind-api\4.0.1\jakarta.xml.bind-api-4.0.1.jar;C:\Users\cgn_n\.m2\repository\jakarta\activation\jakarta.activation-api\2.1.2\jakarta.activation-api-2.1.2.jar;C:\Users\cgn_n\.m2\repository\net\minidev\json-smart\2.4.11\json-smart-2.4.11.jar;C:\Users\cgn_n\.m2\repository\net\minidev\accessors-smart\2.4.11\accessors-smart-2.4.11.jar;C:\Users\cgn_n\.m2\repository\org\ow2\asm\asm\9.3\asm-9.3.jar;C:\Users\cgn_n\.m2\repository\org\assertj\assertj-core\3.24.2\assertj-core-3.24.2.jar;C:\Users\cgn_n\.m2\repository\org\hamcrest\hamcrest\2.2\hamcrest-2.2.jar;C:\Users\cgn_n\.m2\repository\org\junit\jupiter\junit-jupiter\5.9.3\junit-jupiter-5.9.3.jar;C:\Users\cgn_n\.m2\repository\org\junit\jupiter\junit-jupiter-api\5.9.3\junit-jupiter-api-5.9.3.jar;C:\Users\cgn_n\.m2\repository\org\opentest4j\opentest4j\1.2.0\opentest4j-1.2.0.jar;C:\Users\cgn_n\.m2\repository\org\junit\platform\junit-platform-commons\1.9.3\junit-platform-commons-1.9.3.jar;C:\Users\cgn_n\.m2\repository\org\apiguardian\apiguardian-api\1.1.2\apiguardian-api-1.1.2.jar;C:\Users\cgn_n\.m2\repository\org\junit\jupiter\junit-jupiter-params\5.9.3\junit-jupiter-params-5.9.3.jar;C:\Users\cgn_n\.m2\repository\org\junit\jupiter\junit-jupiter-engine\5.9.3\junit-jupiter-engine-5.9.3.jar;C:\Users\cgn_n\.m2\repository\org\junit\platform\junit-platform-engine\1.9.3\junit-platform-engine-1.9.3.jar;C:\Users\cgn_n\.m2\repository\org\mockito\mockito-core\5.3.1\mockito-core-5.3.1.jar;C:\Users\cgn_n\.m2\repository\net\bytebuddy\byte-buddy-agent\1.14.8\byte-buddy-agent-1.14.8.jar;C:\Users\cgn_n\.m2\repository\org\objenesis\objenesis\3.3\objenesis-3.3.jar;C:\Users\cgn_n\.m2\repository\org\mockito\mockito-junit-jupiter\5.3.1\mockito-junit-jupiter-5.3.1.jar;C:\Users\cgn_n\.m2\repository\org\skyscreamer\jsonassert\1.5.1\jsonassert-1.5.1.jar;C:\Users\cgn_n\.m2\repository\com\vaadin\external\google\android-json\0.0.20131108.vaadin1\android-json-0.0.20131108.vaadin1.jar;C:\Users\cgn_n\.m2\repository\org\springframework\spring-core\6.0.12\spring-core-6.0.12.jar;C:\Users\cgn_n\.m2\repository\org\springframework\spring-jcl\6.0.12\spring-jcl-6.0.12.jar;C:\Users\cgn_n\.m2\repository\org\springframework\spring-test\6.0.12\spring-test-6.0.12.jar;C:\Users\cgn_n\.m2\repository\org\xmlunit\xmlunit-core\2.9.1\xmlunit-core-2.9.1.jar;C:\Users\cgn_n\.m2\repository\com\google\code\gson\gson\2.10.1\gson-2.10.1.jar;"/>
    <property name="java.vm.vendor" value="Eclipse Adoptium"/>
    <property name="sun.arch.data.model" value="64"/>
    <property name="user.variant" value=""/>
    <property name="java.vendor.url" value="https://adoptium.net/"/>
    <property name="user.timezone" value="America/Bogota"/>
    <property name="org.jboss.logging.provider" value="slf4j"/>
    <property name="user.country.format" value="PE"/>
    <property name="os.name" value="Windows 11"/>
    <property name="java.vm.specification.version" value="17"/>
    <property name="sun.java.launcher" value="SUN_STANDARD"/>
    <property name="user.country" value="US"/>
    <property name="sun.boot.library.path" value="C:\Program Files\Eclipse Adoptium\jdk-17.0.8.101-hotspot\bin"/>
    <property name="sun.java.command" value="C:\Users\cgn_n\AppData\Local\Temp\surefire4884468535762717526\surefirebooter-20230926003149936_3.jar C:\Users\cgn_n\AppData\Local\Temp\surefire4884468535762717526 2023-09-26T00-31-49_813-jvmRun1 surefire-20230926003149936_1tmp surefire_0-20230926003149936_2tmp"/>
    <property name="jdk.debug" value="release"/>
    <property name="surefire.test.class.path" value="C:\Users\cgn_n\Downloads\citasMedicas3\demo\target\test-classes;C:\Users\cgn_n\Downloads\citasMedicas3\demo\target\classes;C:\Users\cgn_n\.m2\repository\org\springframework\boot\spring-boot-starter-data-jpa\3.1.4\spring-boot-starter-data-jpa-3.1.4.jar;C:\Users\cgn_n\.m2\repository\org\springframework\boot\spring-boot-starter-aop\3.1.4\spring-boot-starter-aop-3.1.4.jar;C:\Users\cgn_n\.m2\repository\org\springframework\spring-aop\6.0.12\spring-aop-6.0.12.jar;C:\Users\cgn_n\.m2\repository\org\aspectj\aspectjweaver\1.9.20\aspectjweaver-1.9.20.jar;C:\Users\cgn_n\.m2\repository\org\springframework\boot\spring-boot-starter-jdbc\3.1.4\spring-boot-starter-jdbc-3.1.4.jar;C:\Users\cgn_n\.m2\repository\com\zaxxer\HikariCP\5.0.1\HikariCP-5.0.1.jar;C:\Users\cgn_n\.m2\repository\org\springframework\spring-jdbc\6.0.12\spring-jdbc-6.0.12.jar;C:\Users\cgn_n\.m2\repository\org\hibernate\orm\hibernate-core\6.2.9.Final\hibernate-core-6.2.9.Final.jar;C:\Users\cgn_n\.m2\repository\jakarta\persistence\jakarta.persistence-api\3.1.0\jakarta.persistence-api-3.1.0.jar;C:\Users\cgn_n\.m2\repository\jakarta\transaction\jakarta.transaction-api\2.0.1\jakarta.transaction-api-2.0.1.jar;C:\Users\cgn_n\.m2\repository\org\jboss\logging\jboss-logging\3.5.3.Final\jboss-logging-3.5.3.Final.jar;C:\Users\cgn_n\.m2\repository\org\hibernate\common\hibernate-commons-annotations\6.0.6.Final\hibernate-commons-annotations-6.0.6.Final.jar;C:\Users\cgn_n\.m2\repository\io\smallrye\jandex\3.0.5\jandex-3.0.5.jar;C:\Users\cgn_n\.m2\repository\com\fasterxml\classmate\1.5.1\classmate-1.5.1.jar;C:\Users\cgn_n\.m2\repository\net\bytebuddy\byte-buddy\1.14.8\byte-buddy-1.14.8.jar;C:\Users\cgn_n\.m2\repository\org\glassfish\jaxb\jaxb-runtime\4.0.3\jaxb-runtime-4.0.3.jar;C:\Users\cgn_n\.m2\repository\org\glassfish\jaxb\jaxb-core\4.0.3\jaxb-core-4.0.3.jar;C:\Users\cgn_n\.m2\repository\org\eclipse\angus\angus-activation\2.0.1\angus-activation-2.0.1.jar;C:\Users\cgn_n\.m2\repository\org\glassfish\jaxb\txw2\4.0.3\txw2-4.0.3.jar;C:\Users\cgn_n\.m2\repository\com\sun\istack\istack-commons-runtime\4.1.2\istack-commons-runtime-4.1.2.jar;C:\Users\cgn_n\.m2\repository\jakarta\inject\jakarta.inject-api\2.0.1\jakarta.inject-api-2.0.1.jar;C:\Users\cgn_n\.m2\repository\org\antlr\antlr4-runtime\4.10.1\antlr4-runtime-4.10.1.jar;C:\Users\cgn_n\.m2\repository\org\springframework\data\spring-data-jpa\3.1.4\spring-data-jpa-3.1.4.jar;C:\Users\cgn_n\.m2\repository\org\springframework\data\spring-data-commons\3.1.4\spring-data-commons-3.1.4.jar;C:\Users\cgn_n\.m2\repository\org\springframework\spring-orm\6.0.12\spring-orm-6.0.12.jar;C:\Users\cgn_n\.m2\repository\org\springframework\spring-context\6.0.12\spring-context-6.0.12.jar;C:\Users\cgn_n\.m2\repository\org\springframework\spring-tx\6.0.12\spring-tx-6.0.12.jar;C:\Users\cgn_n\.m2\repository\org\springframework\spring-beans\6.0.12\spring-beans-6.0.12.jar;C:\Users\cgn_n\.m2\repository\jakarta\annotation\jakarta.annotation-api\2.1.1\jakarta.annotation-api-2.1.1.jar;C:\Users\cgn_n\.m2\repository\org\slf4j\slf4j-api\2.0.9\slf4j-api-2.0.9.jar;C:\Users\cgn_n\.m2\repository\org\springframework\spring-aspects\6.0.12\spring-aspects-6.0.12.jar;C:\Users\cgn_n\.m2\repository\org\springframework\boot\spring-boot-starter-web\3.1.4\spring-boot-starter-web-3.1.4.jar;C:\Users\cgn_n\.m2\repository\org\springframework\boot\spring-boot-starter\3.1.4\spring-boot-starter-3.1.4.jar;C:\Users\cgn_n\.m2\repository\org\springframework\boot\spring-boot\3.1.4\spring-boot-3.1.4.jar;C:\Users\cgn_n\.m2\repository\org\springframework\boot\spring-boot-autoconfigure\3.1.4\spring-boot-autoconfigure-3.1.4.jar;C:\Users\cgn_n\.m2\repository\org\springframework\boot\spring-boot-starter-logging\3.1.4\spring-boot-starter-logging-3.1.4.jar;C:\Users\cgn_n\.m2\repository\ch\qos\logback\logback-classic\1.4.11\logback-classic-1.4.11.jar;C:\Users\cgn_n\.m2\repository\ch\qos\logback\logback-core\1.4.11\logback-core-1.4.11.jar;C:\Users\cgn_n\.m2\repository\org\apache\logging\log4j\log4j-to-slf4j\2.20.0\log4j-to-slf4j-2.20.0.jar;C:\Users\cgn_n\.m2\repository\org\apache\logging\log4j\log4j-api\2.20.0\log4j-api-2.20.0.jar;C:\Users\cgn_n\.m2\repository\org\slf4j\jul-to-slf4j\2.0.9\jul-to-slf4j-2.0.9.jar;C:\Users\cgn_n\.m2\repository\org\yaml\snakeyaml\1.33\snakeyaml-1.33.jar;C:\Users\cgn_n\.m2\repository\org\springframework\boot\spring-boot-starter-json\3.1.4\spring-boot-starter-json-3.1.4.jar;C:\Users\cgn_n\.m2\repository\com\fasterxml\jackson\core\jackson-databind\2.15.2\jackson-databind-2.15.2.jar;C:\Users\cgn_n\.m2\repository\com\fasterxml\jackson\core\jackson-core\2.15.2\jackson-core-2.15.2.jar;C:\Users\cgn_n\.m2\repository\com\fasterxml\jackson\datatype\jackson-datatype-jdk8\2.15.2\jackson-datatype-jdk8-2.15.2.jar;C:\Users\cgn_n\.m2\repository\com\fasterxml\jackson\datatype\jackson-datatype-jsr310\2.15.2\jackson-datatype-jsr310-2.15.2.jar;C:\Users\cgn_n\.m2\repository\com\fasterxml\jackson\module\jackson-module-parameter-names\2.15.2\jackson-module-parameter-names-2.15.2.jar;C:\Users\cgn_n\.m2\repository\org\springframework\boot\spring-boot-starter-tomcat\3.1.4\spring-boot-starter-tomcat-3.1.4.jar;C:\Users\cgn_n\.m2\repository\org\apache\tomcat\embed\tomcat-embed-core\10.1.13\tomcat-embed-core-10.1.13.jar;C:\Users\cgn_n\.m2\repository\org\apache\tomcat\embed\tomcat-embed-el\10.1.13\tomcat-embed-el-10.1.13.jar;C:\Users\cgn_n\.m2\repository\org\apache\tomcat\embed\tomcat-embed-websocket\10.1.13\tomcat-embed-websocket-10.1.13.jar;C:\Users\cgn_n\.m2\repository\org\springframework\spring-web\6.0.12\spring-web-6.0.12.jar;C:\Users\cgn_n\.m2\repository\io\micrometer\micrometer-observation\1.11.4\micrometer-observation-1.11.4.jar;C:\Users\cgn_n\.m2\repository\io\micrometer\micrometer-commons\1.11.4\micrometer-commons-1.11.4.jar;C:\Users\cgn_n\.m2\repository\org\springframework\spring-webmvc\6.0.12\spring-webmvc-6.0.12.jar;C:\Users\cgn_n\.m2\repository\org\springframework\spring-expression\6.0.12\spring-expression-6.0.12.jar;C:\Users\cgn_n\.m2\repository\org\springframework\boot\spring-boot-starter-data-rest\3.1.4\spring-boot-starter-data-rest-3.1.4.jar;C:\Users\cgn_n\.m2\repository\org\springframework\data\spring-data-rest-webmvc\4.1.4\spring-data-rest-webmvc-4.1.4.jar;C:\Users\cgn_n\.m2\repository\org\springframework\data\spring-data-rest-core\4.1.4\spring-data-rest-core-4.1.4.jar;C:\Users\cgn_n\.m2\repository\org\springframework\hateoas\spring-hateoas\2.1.2\spring-hateoas-2.1.2.jar;C:\Users\cgn_n\.m2\repository\org\springframework\plugin\spring-plugin-core\3.0.0\spring-plugin-core-3.0.0.jar;C:\Users\cgn_n\.m2\repository\org\atteo\evo-inflector\1.3\evo-inflector-1.3.jar;C:\Users\cgn_n\.m2\repository\com\fasterxml\jackson\core\jackson-annotations\2.15.2\jackson-annotations-2.15.2.jar;C:\Users\cgn_n\.m2\repository\com\h2database\h2\2.1.214\h2-2.1.214.jar;C:\Users\cgn_n\.m2\repository\org\projectlombok\lombok\1.18.30\lombok-1.18.30.jar;C:\Users\cgn_n\.m2\repository\org\springframework\boot\spring-boot-starter-test\3.1.4\spring-boot-starter-test-3.1.4.jar;C:\Users\cgn_n\.m2\repository\org\springframework\boot\spring-boot-test\3.1.4\spring-boot-test-3.1.4.jar;C:\Users\cgn_n\.m2\repository\org\springframework\boot\spring-boot-test-autoconfigure\3.1.4\spring-boot-test-autoconfigure-3.1.4.jar;C:\Users\cgn_n\.m2\repository\com\jayway\jsonpath\json-path\2.8.0\json-path-2.8.0.jar;C:\Users\cgn_n\.m2\repository\jakarta\xml\bind\jakarta.xml.bind-api\4.0.1\jakarta.xml.bind-api-4.0.1.jar;C:\Users\cgn_n\.m2\repository\jakarta\activation\jakarta.activation-api\2.1.2\jakarta.activation-api-2.1.2.jar;C:\Users\cgn_n\.m2\repository\net\minidev\json-smart\2.4.11\json-smart-2.4.11.jar;C:\Users\cgn_n\.m2\repository\net\minidev\accessors-smart\2.4.11\accessors-smart-2.4.11.jar;C:\Users\cgn_n\.m2\repository\org\ow2\asm\asm\9.3\asm-9.3.jar;C:\Users\cgn_n\.m2\repository\org\assertj\assertj-core\3.24.2\assertj-core-3.24.2.jar;C:\Users\cgn_n\.m2\repository\org\hamcrest\hamcrest\2.2\hamcrest-2.2.jar;C:\Users\cgn_n\.m2\repository\org\junit\jupiter\junit-jupiter\5.9.3\junit-jupiter-5.9.3.jar;C:\Users\cgn_n\.m2\repository\org\junit\jupiter\junit-jupiter-api\5.9.3\junit-jupiter-api-5.9.3.jar;C:\Users\cgn_n\.m2\repository\org\opentest4j\opentest4j\1.2.0\opentest4j-1.2.0.jar;C:\Users\cgn_n\.m2\repository\org\junit\platform\junit-platform-commons\1.9.3\junit-platform-commons-1.9.3.jar;C:\Users\cgn_n\.m2\repository\org\apiguardian\apiguardian-api\1.1.2\apiguardian-api-1.1.2.jar;C:\Users\cgn_n\.m2\repository\org\junit\jupiter\junit-jupiter-params\5.9.3\junit-jupiter-params-5.9.3.jar;C:\Users\cgn_n\.m2\repository\org\junit\jupiter\junit-jupiter-engine\5.9.3\junit-jupiter-engine-5.9.3.jar;C:\Users\cgn_n\.m2\repository\org\junit\platform\junit-platform-engine\1.9.3\junit-platform-engine-1.9.3.jar;C:\Users\cgn_n\.m2\repository\org\mockito\mockito-core\5.3.1\mockito-core-5.3.1.jar;C:\Users\cgn_n\.m2\repository\net\bytebuddy\byte-buddy-agent\1.14.8\byte-buddy-agent-1.14.8.jar;C:\Users\cgn_n\.m2\repository\org\objenesis\objenesis\3.3\objenesis-3.3.jar;C:\Users\cgn_n\.m2\repository\org\mockito\mockito-junit-jupiter\5.3.1\mockito-junit-jupiter-5.3.1.jar;C:\Users\cgn_n\.m2\repository\org\skyscreamer\jsonassert\1.5.1\jsonassert-1.5.1.jar;C:\Users\cgn_n\.m2\repository\com\vaadin\external\google\android-json\0.0.20131108.vaadin1\android-json-0.0.20131108.vaadin1.jar;C:\Users\cgn_n\.m2\repository\org\springframework\spring-core\6.0.12\spring-core-6.0.12.jar;C:\Users\cgn_n\.m2\repository\org\springframework\spring-jcl\6.0.12\spring-jcl-6.0.12.jar;C:\Users\cgn_n\.m2\repository\org\springframework\spring-test\6.0.12\spring-test-6.0.12.jar;C:\Users\cgn_n\.m2\repository\org\xmlunit\xmlunit-core\2.9.1\xmlunit-core-2.9.1.jar;C:\Users\cgn_n\.m2\repository\com\google\code\gson\gson\2.10.1\gson-2.10.1.jar;"/>
    <property name="sun.cpu.endian" value="little"/>
    <property name="user.home" value="C:\Users\cgn_n"/>
    <property name="user.language" value="en"/>
    <property name="java.specification.vendor" value="Oracle Corporation"/>
    <property name="java.version.date" value="2023-08-24"/>
    <property name="java.home" value="C:\Program Files\Eclipse Adoptium\jdk-17.0.8.101-hotspot"/>
    <property name="file.separator" value="\"/>
    <property name="basedir" value="C:\Users\cgn_n\Downloads\citasMedicas3\demo"/>
    <property name="java.vm.compressedOopsMode" value="Zero based"/>
    <property name="line.separator" value="&#10;"/>
    <property name="java.vm.specification.vendor" value="Oracle Corporation"/>
    <property name="java.specification.name" value="Java Platform API Specification"/>
    <property name="FILE_LOG_CHARSET" value="windows-1252"/>
    <property name="java.awt.headless" value="true"/>
    <property name="surefire.real.class.path" value="C:\Users\cgn_n\AppData\Local\Temp\surefire4884468535762717526\surefirebooter-20230926003149936_3.jar"/>
    <property name="user.script" value=""/>
    <property name="sun.management.compiler" value="HotSpot 64-Bit Tiered Compilers"/>
    <property name="java.runtime.version" value="17.0.8.1+1"/>
    <property name="user.name" value="cgn_n"/>
    <property name="path.separator" value=";"/>
    <property name="os.version" value="10.0"/>
    <property name="java.runtime.name" value="OpenJDK Runtime Environment"/>
    <property name="file.encoding" value="Cp1252"/>
    <property name="java.vm.name" value="OpenJDK 64-Bit Server VM"/>
    <property name="java.vendor.version" value="Temurin-17.0.8.1+1"/>
    <property name="localRepository" value="C:\Users\cgn_n\.m2\repository"/>
    <property name="java.vendor.url.bug" value="https://github.com/adoptium/adoptium-support/issues"/>
    <property name="java.io.tmpdir" value="C:\Users\cgn_n\AppData\Local\Temp\"/>
    <property name="com.zaxxer.hikari.pool_number" value="1"/>
    <property name="java.version" value="17.0.8.1"/>
    <property name="user.dir" value="C:\Users\cgn_n\Downloads\citasMedicas3\demo"/>
    <property name="os.arch" value="amd64"/>
    <property name="java.vm.specification.name" value="Java Virtual Machine Specification"/>
    <property name="PID" value="33180"/>
    <property name="user.language.format" value="es"/>
    <property name="sun.os.patch.level" value=""/>
    <property name="CONSOLE_LOG_CHARSET" value="windows-1252"/>
    <property name="native.encoding" value="Cp1252"/>
    <property name="java.library.path" value="C:\Program Files\Eclipse Adoptium\jdk-17.0.8.101-hotspot\bin;C:\Windows\Sun\Java\bin;C:\Windows\system32;C:\Windows;C:\Program Files\Eclipse Adoptium\jdk-17.0.8.101-hotspot\bin;C:\Windows\system32;C:\Windows;C:\Windows\System32\Wbem;C:\Windows\System32\WindowsPowerShell\v1.0\;C:\Windows\System32\OpenSSH\;C:\Program Files\dotnet\;C:\Program Files (x86)\NVIDIA Corporation\PhysX\Common;C:\Program Files\Git\cmd;C:\Program Files\PowerShell\7\;C:\Program Files\PuTTY\;C:\Program Files\nodejs\;C:\Users\cgn_n\AppData\Local\Microsoft\WindowsApps;C:\Users\cgn_n\AppData\Local\GitHubDesktop\bin;C:\Users\cgn_n\AppData\Local\Programs\Microsoft VS Code\bin;C:\Users\cgn_n\AppData\Roaming\npm;C:\Program Files\apache-maven-3.9.4\bin;;."/>
    <property name="java.vm.info" value="mixed mode, sharing"/>
    <property name="java.vendor" value="Eclipse Adoptium"/>
    <property name="java.vm.version" value="17.0.8.1+1"/>
    <property name="sun.io.unicode.encoding" value="UnicodeLittle"/>
    <property name="java.class.version" value="61.0"/>
  </properties>
  <testcase name="contextLoads" classname="com.example.demo.DemoApplicationTests" time="0.344">
    <system-out><![CDATA[00:31:50.580 [main] INFO org.springframework.test.context.support.AnnotationConfigContextLoaderUtils -- Could not detect default configuration classes for test class [com.example.demo.DemoApplicationTests]: DemoApplicationTests does not declare any static, non-private, non-final, nested classes annotated with @Configuration.
00:31:50.645 [main] INFO org.springframework.boot.test.context.SpringBootTestContextBootstrapper -- Found @SpringBootConfiguration com.example.demo.DemoApplication for test class com.example.demo.DemoApplicationTests

  .   ____          _            __ _ _
 /\\ / ___'_ __ _ _(_)_ __  __ _ \ \ \ \
( ( )\___ | '_ | '_| | '_ \/ _` | \ \ \ \
 \\/  ___)| |_)| | | | | || (_| |  ) ) ) )
  '  |____| .__|_| |_|_| |_\__, | / / / /
 =========|_|==============|___/=/_/_/_/
 :: Spring Boot ::                (v3.1.4)

2023-09-26T00:31:50.990-05:00  INFO 33180 --- [           main] com.example.demo.DemoApplicationTests    : Starting DemoApplicationTests using Java 17.0.8.1 with PID 33180 (started by cgn_n in C:\Users\cgn_n\Downloads\citasMedicas3\demo)
2023-09-26T00:31:50.990-05:00 DEBUG 33180 --- [           main] com.example.demo.DemoApplicationTests    : Running with Spring Boot v3.1.4, Spring v6.0.12
2023-09-26T00:31:50.991-05:00  INFO 33180 --- [           main] com.example.demo.DemoApplicationTests    : No active profile set, falling back to 1 default profile: "default"
2023-09-26T00:31:50.991-05:00 DEBUG 33180 --- [           main] o.s.boot.SpringApplication               : Loading source class com.example.demo.DemoApplication
2023-09-26T00:31:51.015-05:00 DEBUG 33180 --- [           main] o.s.w.c.s.GenericWebApplicationContext   : Refreshing org.springframework.web.context.support.GenericWebApplicationContext@56b78e55
2023-09-26T00:31:51.035-05:00 DEBUG 33180 --- [           main] o.s.b.f.s.DefaultListableBeanFactory     : Creating shared instance of singleton bean 'org.springframework.context.annotation.internalConfigurationAnnotationProcessor'
2023-09-26T00:31:51.049-05:00 DEBUG 33180 --- [           main] o.s.b.f.s.DefaultListableBeanFactory     : Creating shared instance of singleton bean 'org.springframework.boot.autoconfigure.internalCachingMetadataReaderFactory'
2023-09-26T00:31:51.087-05:00 DEBUG 33180 --- [           main] o.s.c.a.ClassPathBeanDefinitionScanner   : Identified candidate component class: file [C:\Users\cgn_n\Downloads\citasMedicas3\demo\target\classes\com\example\demo\controller\CitasController.class]
2023-09-26T00:31:51.466-05:00  INFO 33180 --- [           main] .s.d.r.c.RepositoryConfigurationDelegate : Bootstrapping Spring Data JPA repositories in DEFAULT mode.
2023-09-26T00:31:51.471-05:00 DEBUG 33180 --- [           main] o.s.b.f.s.DefaultListableBeanFactory     : Creating shared instance of singleton bean 'org.springframework.boot.autoconfigure.AutoConfigurationPackages'
2023-09-26T00:31:51.476-05:00 DEBUG 33180 --- [           main] o.s.b.a.AutoConfigurationPackages        : @EnableAutoConfiguration was declared on a class in the package 'com.example.demo'. Automatic @Repository and @Entity scanning is enabled.
2023-09-26T00:31:51.477-05:00 DEBUG 33180 --- [           main] .s.d.r.c.RepositoryConfigurationDelegate : Scanning for JPA repositories in packages com.example.demo.
2023-09-26T00:31:51.484-05:00 DEBUG 33180 --- [           main] o.s.d.r.c.RepositoryComponentProvider    : Identified candidate component class: file [C:\Users\cgn_n\Downloads\citasMedicas3\demo\target\classes\com\example\demo\repository\CitasRepositorio.class]
2023-09-26T00:31:51.506-05:00  INFO 33180 --- [           main] .s.d.r.c.RepositoryConfigurationDelegate : Finished Spring Data repository scanning in 28 ms. Found 1 JPA repository interfaces.
2023-09-26T00:31:51.683-05:00 DEBUG 33180 --- [           main] o.s.b.f.s.DefaultListableBeanFactory     : Creating shared instance of singleton bean 'propertySourcesPlaceholderConfigurer'
2023-09-26T00:31:51.686-05:00 DEBUG 33180 --- [           main] o.s.b.f.s.DefaultListableBeanFactory     : Creating shared instance of singleton bean 'org.springframework.boot.test.mock.mockito.MockitoPostProcessor'
2023-09-26T00:31:51.687-05:00 DEBUG 33180 --- [           main] o.s.b.f.s.DefaultListableBeanFactory     : Creating shared instance of singleton bean 'emBeanDefinitionRegistrarPostProcessor'
2023-09-26T00:31:51.687-05:00 DEBUG 33180 --- [           main] o.s.b.f.s.DefaultListableBeanFactory     : Creating shared instance of singleton bean 'org.springframework.boot.sql.init.dependency.DatabaseInitializationDependencyConfigurer$DependsOnDatabaseInitializationPostProcessor'
2023-09-26T00:31:51.722-05:00 DEBUG 33180 --- [           main] o.s.b.f.s.DefaultListableBeanFactory     : Creating shared instance of singleton bean 'org.springframework.context.event.internalEventListenerProcessor'
2023-09-26T00:31:51.723-05:00 DEBUG 33180 --- [           main] o.s.b.f.s.DefaultListableBeanFactory     : Creating shared instance of singleton bean 'preserveErrorControllerTargetClassPostProcessor'
2023-09-26T00:31:51.724-05:00 DEBUG 33180 --- [           main] o.s.b.f.s.DefaultListableBeanFactory     : Creating shared instance of singleton bean 'org.springframework.context.event.internalEventListenerFactory'
2023-09-26T00:31:51.724-05:00 DEBUG 33180 --- [           main] o.s.b.f.s.DefaultListableBeanFactory     : Creating shared instance of singleton bean 'org.springframework.transaction.config.internalTransactionalEventListenerFactory'
2023-09-26T00:31:51.727-05:00 DEBUG 33180 --- [           main] o.s.b.f.s.DefaultListableBeanFactory     : Creating shared instance of singleton bean 'org.springframework.boot.test.mock.mockito.MockitoPostProcessor$SpyPostProcessor'
2023-09-26T00:31:51.728-05:00 DEBUG 33180 --- [           main] o.s.b.f.s.DefaultListableBeanFactory     : Creating shared instance of singleton bean 'org.springframework.context.annotation.internalAutowiredAnnotationProcessor'
2023-09-26T00:31:51.729-05:00 DEBUG 33180 --- [           main] o.s.b.f.s.DefaultListableBeanFactory     : Creating shared instance of singleton bean 'org.springframework.context.annotation.internalCommonAnnotationProcessor'
2023-09-26T00:31:51.732-05:00 DEBUG 33180 --- [           main] o.s.b.f.s.DefaultListableBeanFactory     : Creating shared instance of singleton bean 'org.springframework.context.annotation.internalPersistenceAnnotationProcessor'
2023-09-26T00:31:51.732-05:00 DEBUG 33180 --- [           main] o.s.b.f.s.DefaultListableBeanFactory     : Creating shared instance of singleton bean 'org.springframework.boot.context.properties.ConfigurationPropertiesBindingPostProcessor'
2023-09-26T00:31:51.732-05:00 DEBUG 33180 --- [           main] o.s.b.f.s.DefaultListableBeanFactory     : Creating shared instance of singleton bean 'org.springframework.boot.context.internalConfigurationPropertiesBinder'
2023-09-26T00:31:51.734-05:00 DEBUG 33180 --- [           main] o.s.b.f.s.DefaultListableBeanFactory     : Creating shared instance of singleton bean 'jdbcConnectionDetailsHikariBeanPostProcessor'
2023-09-26T00:31:51.737-05:00 DEBUG 33180 --- [           main] o.s.b.f.s.DefaultListableBeanFactory     : Creating shared instance of singleton bean 'org.springframework.aop.config.internalAutoProxyCreator'
2023-09-26T00:31:51.753-05:00 DEBUG 33180 --- [           main] o.s.b.f.s.DefaultListableBeanFactory     : Creating shared instance of singleton bean 'persistenceExceptionTranslationPostProcessor'
2023-09-26T00:31:51.761-05:00 DEBUG 33180 --- [           main] o.s.b.f.s.DefaultListableBeanFactory     : Autowiring by type from bean name 'persistenceExceptionTranslationPostProcessor' via factory method to bean named 'environment'
2023-09-26T00:31:51.764-05:00 DEBUG 33180 --- [           main] o.s.b.f.s.DefaultListableBeanFactory     : Creating shared instance of singleton bean 'webServerFactoryCustomizerBeanPostProcessor'
2023-09-26T00:31:51.765-05:00 DEBUG 33180 --- [           main] o.s.b.f.s.DefaultListableBeanFactory     : Creating shared instance of singleton bean 'errorPageRegistrarBeanPostProcessor'
2023-09-26T00:31:51.765-05:00 DEBUG 33180 --- [           main] o.s.b.f.s.DefaultListableBeanFactory     : Creating shared instance of singleton bean 'hypermediaRepresentionModelProcessorConfigurator'
2023-09-26T00:31:51.766-05:00 DEBUG 33180 --- [           main] o.s.b.f.s.DefaultListableBeanFactory     : Creating shared instance of singleton bean 'org.springframework.transaction.config.internalTransactionAdvisor'
2023-09-26T00:31:51.766-05:00 DEBUG 33180 --- [           main] o.s.b.f.s.DefaultListableBeanFactory     : Creating shared instance of singleton bean 'org.springframework.transaction.annotation.ProxyTransactionManagementConfiguration'
2023-09-26T00:31:51.774-05:00 DEBUG 33180 --- [           main] o.s.b.f.s.DefaultListableBeanFactory     : Creating shared instance of singleton bean 'transactionAttributeSource'
2023-09-26T00:31:51.775-05:00 DEBUG 33180 --- [           main] o.s.b.f.s.DefaultListableBeanFactory     : Creating shared instance of singleton bean 'transactionInterceptor'
2023-09-26T00:31:51.775-05:00 DEBUG 33180 --- [           main] o.s.b.f.s.DefaultListableBeanFactory     : Autowiring by type from bean name 'transactionInterceptor' via factory method to bean named 'transactionAttributeSource'
2023-09-26T00:31:51.779-05:00 DEBUG 33180 --- [           main] o.s.b.f.s.DefaultListableBeanFactory     : Autowiring by type from bean name 'org.springframework.transaction.config.internalTransactionAdvisor' via factory method to bean named 'transactionAttributeSource'
2023-09-26T00:31:51.779-05:00 DEBUG 33180 --- [           main] o.s.b.f.s.DefaultListableBeanFactory     : Autowiring by type from bean name 'org.springframework.transaction.config.internalTransactionAdvisor' via factory method to bean named 'transactionInterceptor'
2023-09-26T00:31:51.783-05:00 DEBUG 33180 --- [           main] o.s.b.f.s.DefaultListableBeanFactory     : Creating shared instance of singleton bean 'hypermediaRestTemplateBeanPostProcessor'
2023-09-26T00:31:51.784-05:00 DEBUG 33180 --- [           main] o.s.b.f.s.DefaultListableBeanFactory     : Creating shared instance of singleton bean 'projectionDefinitionRegistrar'
2023-09-26T00:31:51.785-05:00 DEBUG 33180 --- [           main] o.s.b.f.s.DefaultListableBeanFactory     : Creating shared instance of singleton bean 'annotatedEventHandlerInvoker'
2023-09-26T00:31:51.788-05:00 DEBUG 33180 --- [           main] o.s.u.c.s.UiApplicationContextUtils      : Unable to locate ThemeSource with name 'themeSource': using default [org.springframework.ui.context.support.ResourceBundleThemeSource@2eed37f4]
2023-09-26T00:31:51.789-05:00 DEBUG 33180 --- [           main] o.s.b.f.s.DefaultListableBeanFactory     : Creating shared instance of singleton bean 'dataSourceScriptDatabaseInitializer'
2023-09-26T00:31:51.790-05:00 DEBUG 33180 --- [           main] o.s.b.f.s.DefaultListableBeanFactory     : Creating shared instance of singleton bean 'org.springframework.boot.autoconfigure.sql.init.DataSourceInitializationConfiguration'
2023-09-26T00:31:51.793-05:00 DEBUG 33180 --- [           main] o.s.b.f.s.DefaultListableBeanFactory     : Creating shared instance of singleton bean 'dataSource'
2023-09-26T00:31:51.793-05:00 DEBUG 33180 --- [           main] o.s.b.f.s.DefaultListableBeanFactory     : Creating shared instance of singleton bean 'org.springframework.boot.autoconfigure.jdbc.DataSourceConfiguration$Hikari'
2023-09-26T00:31:51.794-05:00 DEBUG 33180 --- [           main] o.s.b.f.s.DefaultListableBeanFactory     : Creating shared instance of singleton bean 'spring.datasource-org.springframework.boot.autoconfigure.jdbc.DataSourceProperties'
2023-09-26T00:31:51.796-05:00 DEBUG 33180 --- [           main] o.s.b.f.s.DefaultListableBeanFactory     : Creating shared instance of singleton bean 'org.springframework.boot.context.properties.BoundConfigurationProperties'
2023-09-26T00:31:51.813-05:00 DEBUG 33180 --- [           main] o.s.b.f.s.DefaultListableBeanFactory     : Creating shared instance of singleton bean 'jdbcConnectionDetails'
2023-09-26T00:31:51.813-05:00 DEBUG 33180 --- [           main] o.s.b.f.s.DefaultListableBeanFactory     : Creating shared instance of singleton bean 'org.springframework.boot.autoconfigure.jdbc.DataSourceAutoConfiguration$PooledDataSourceConfiguration'
2023-09-26T00:31:51.814-05:00 DEBUG 33180 --- [           main] o.s.b.f.s.DefaultListableBeanFactory     : Autowiring by type from bean name 'jdbcConnectionDetails' via factory method to bean named 'spring.datasource-org.springframework.boot.autoconfigure.jdbc.DataSourceProperties'
2023-09-26T00:31:51.815-05:00 DEBUG 33180 --- [           main] o.s.b.f.s.DefaultListableBeanFactory     : Autowiring by type from bean name 'dataSource' via factory method to bean named 'spring.datasource-org.springframework.boot.autoconfigure.jdbc.DataSourceProperties'
2023-09-26T00:31:51.815-05:00 DEBUG 33180 --- [           main] o.s.b.f.s.DefaultListableBeanFactory     : Autowiring by type from bean name 'dataSource' via factory method to bean named 'jdbcConnectionDetails'
2023-09-26T00:31:51.817-05:00 DEBUG 33180 --- [           main] com.zaxxer.hikari.HikariConfig           : Driver class org.h2.Driver found in Thread context class loader jdk.internal.loader.ClassLoaders$AppClassLoader@73d16e93
2023-09-26T00:31:51.829-05:00 DEBUG 33180 --- [           main] o.s.b.f.s.DefaultListableBeanFactory     : Creating shared instance of singleton bean 'spring.sql.init-org.springframework.boot.autoconfigure.sql.init.SqlInitializationProperties'
2023-09-26T00:31:51.831-05:00 DEBUG 33180 --- [           main] o.s.b.f.s.DefaultListableBeanFactory     : Autowiring by type from bean name 'dataSourceScriptDatabaseInitializer' via factory method to bean named 'dataSource'
2023-09-26T00:31:51.831-05:00 DEBUG 33180 --- [           main] o.s.b.f.s.DefaultListableBeanFactory     : Autowiring by type from bean name 'dataSourceScriptDatabaseInitializer' via factory method to bean named 'spring.sql.init-org.springframework.boot.autoconfigure.sql.init.SqlInitializationProperties'
2023-09-26T00:31:51.840-05:00 DEBUG 33180 --- [           main] o.s.b.f.s.DefaultListableBeanFactory     : Creating shared instance of singleton bean 'entityManagerFactory'
2023-09-26T00:31:51.840-05:00 DEBUG 33180 --- [           main] o.s.b.f.s.DefaultListableBeanFactory     : Creating shared instance of singleton bean 'org.springframework.boot.autoconfigure.orm.jpa.HibernateJpaConfiguration'
2023-09-26T00:31:51.841-05:00 DEBUG 33180 --- [           main] o.s.b.f.s.DefaultListableBeanFactory     : Creating shared instance of singleton bean 'spring.jpa-org.springframework.boot.autoconfigure.orm.jpa.JpaProperties'
2023-09-26T00:31:51.844-05:00 DEBUG 33180 --- [           main] o.s.b.f.s.DefaultListableBeanFactory     : Creating shared instance of singleton bean 'spring.jpa.hibernate-org.springframework.boot.autoconfigure.orm.jpa.HibernateProperties'
2023-09-26T00:31:51.845-05:00 DEBUG 33180 --- [           main] o.s.b.f.s.DefaultListableBeanFactory     : Autowiring by type from bean name 'org.springframework.boot.autoconfigure.orm.jpa.HibernateJpaConfiguration' via constructor to bean named 'dataSource'
2023-09-26T00:31:51.845-05:00 DEBUG 33180 --- [           main] o.s.b.f.s.DefaultListableBeanFactory     : Autowiring by type from bean name 'org.springframework.boot.autoconfigure.orm.jpa.HibernateJpaConfiguration' via constructor to bean named 'spring.jpa-org.springframework.boot.autoconfigure.orm.jpa.JpaProperties'
2023-09-26T00:31:51.845-05:00 DEBUG 33180 --- [           main] o.s.b.f.s.DefaultListableBeanFactory     : Autowiring by type from bean name 'org.springframework.boot.autoconfigure.orm.jpa.HibernateJpaConfiguration' via constructor to bean named 'org.springframework.beans.factory.support.DefaultListableBeanFactory@4fbb001b'
2023-09-26T00:31:51.845-05:00 DEBUG 33180 --- [           main] o.s.b.f.s.DefaultListableBeanFactory     : Autowiring by type from bean name 'org.springframework.boot.autoconfigure.orm.jpa.HibernateJpaConfiguration' via constructor to bean named 'spring.jpa.hibernate-org.springframework.boot.autoconfigure.orm.jpa.HibernateProperties'
2023-09-26T00:31:51.847-05:00 DEBUG 33180 --- [           main] o.s.b.f.s.DefaultListableBeanFactory     : Creating shared instance of singleton bean 'hikariPoolDataSourceMetadataProvider'
2023-09-26T00:31:51.847-05:00 DEBUG 33180 --- [           main] o.s.b.f.s.DefaultListableBeanFactory     : Creating shared instance of singleton bean 'org.springframework.boot.autoconfigure.jdbc.metadata.DataSourcePoolMetadataProvidersConfiguration$HikariPoolDataSourceMetadataProviderConfiguration'
2023-09-26T00:31:51.855-05:00 DEBUG 33180 --- [           main] o.s.b.f.s.DefaultListableBeanFactory     : Creating shared instance of singleton bean 'entityManagerFactoryBuilder'
2023-09-26T00:31:51.856-05:00 DEBUG 33180 --- [           main] o.s.b.f.s.DefaultListableBeanFactory     : Creating shared instance of singleton bean 'jpaVendorAdapter'
2023-09-26T00:31:51.876-05:00 DEBUG 33180 --- [           main] org.jboss.logging                        : Logging Provider: org.jboss.logging.Slf4jLoggerProvider found via system property
2023-09-26T00:31:51.883-05:00 DEBUG 33180 --- [           main] o.s.b.f.s.DefaultListableBeanFactory     : Autowiring by type from bean name 'entityManagerFactoryBuilder' via factory method to bean named 'jpaVendorAdapter'
2023-09-26T00:31:51.887-05:00 DEBUG 33180 --- [           main] o.s.b.f.s.DefaultListableBeanFactory     : Creating shared instance of singleton bean 'persistenceManagedTypes'
2023-09-26T00:31:51.887-05:00 DEBUG 33180 --- [           main] o.s.b.f.s.DefaultListableBeanFactory     : Autowiring by type from bean name 'persistenceManagedTypes' via factory method to bean named 'org.springframework.beans.factory.support.DefaultListableBeanFactory@4fbb001b'
2023-09-26T00:31:51.887-05:00 DEBUG 33180 --- [           main] o.s.b.f.s.DefaultListableBeanFactory     : Autowiring by type from bean name 'persistenceManagedTypes' via factory method to bean named 'org.springframework.web.context.support.GenericWebApplicationContext@56b78e55'
2023-09-26T00:31:51.896-05:00 DEBUG 33180 --- [           main] o.s.b.f.s.DefaultListableBeanFactory     : Autowiring by type from bean name 'entityManagerFactory' via factory method to bean named 'entityManagerFactoryBuilder'
2023-09-26T00:31:51.897-05:00 DEBUG 33180 --- [           main] o.s.b.f.s.DefaultListableBeanFactory     : Autowiring by type from bean name 'entityManagerFactory' via factory method to bean named 'persistenceManagedTypes'
2023-09-26T00:31:51.913-05:00 DEBUG 33180 --- [           main] o.s.jdbc.datasource.DataSourceUtils      : Fetching JDBC Connection from DataSource
2023-09-26T00:31:51.915-05:00 DEBUG 33180 --- [           main] com.zaxxer.hikari.HikariConfig           : HikariPool-1 - configuration:
2023-09-26T00:31:51.922-05:00 DEBUG 33180 --- [           main] com.zaxxer.hikari.HikariConfig           : allowPoolSuspension.............false
2023-09-26T00:31:51.923-05:00 DEBUG 33180 --- [           main] com.zaxxer.hikari.HikariConfig           : autoCommit......................true
2023-09-26T00:31:51.923-05:00 DEBUG 33180 --- [           main] com.zaxxer.hikari.HikariConfig           : catalog.........................none
2023-09-26T00:31:51.923-05:00 DEBUG 33180 --- [           main] com.zaxxer.hikari.HikariConfig           : connectionInitSql...............none
2023-09-26T00:31:51.923-05:00 DEBUG 33180 --- [           main] com.zaxxer.hikari.HikariConfig           : connectionTestQuery.............none
2023-09-26T00:31:51.923-05:00 DEBUG 33180 --- [           main] com.zaxxer.hikari.HikariConfig           : connectionTimeout...............30000
2023-09-26T00:31:51.923-05:00 DEBUG 33180 --- [           main] com.zaxxer.hikari.HikariConfig           : dataSource......................none
2023-09-26T00:31:51.923-05:00 DEBUG 33180 --- [           main] com.zaxxer.hikari.HikariConfig           : dataSourceClassName.............none
2023-09-26T00:31:51.923-05:00 DEBUG 33180 --- [           main] com.zaxxer.hikari.HikariConfig           : dataSourceJNDI..................none
2023-09-26T00:31:51.924-05:00 DEBUG 33180 --- [           main] com.zaxxer.hikari.HikariConfig           : dataSourceProperties............{password=<masked>}
2023-09-26T00:31:51.925-05:00 DEBUG 33180 --- [           main] com.zaxxer.hikari.HikariConfig           : driverClassName................."org.h2.Driver"
2023-09-26T00:31:51.925-05:00 DEBUG 33180 --- [           main] com.zaxxer.hikari.HikariConfig           : exceptionOverrideClassName......none
2023-09-26T00:31:51.925-05:00 DEBUG 33180 --- [           main] com.zaxxer.hikari.HikariConfig           : healthCheckProperties...........{}
2023-09-26T00:31:51.925-05:00 DEBUG 33180 --- [           main] com.zaxxer.hikari.HikariConfig           : healthCheckRegistry.............none
2023-09-26T00:31:51.925-05:00 DEBUG 33180 --- [           main] com.zaxxer.hikari.HikariConfig           : idleTimeout.....................600000
2023-09-26T00:31:51.925-05:00 DEBUG 33180 --- [           main] com.zaxxer.hikari.HikariConfig           : initializationFailTimeout.......1
2023-09-26T00:31:51.925-05:00 DEBUG 33180 --- [           main] com.zaxxer.hikari.HikariConfig           : isolateInternalQueries..........false
2023-09-26T00:31:51.925-05:00 DEBUG 33180 --- [           main] com.zaxxer.hikari.HikariConfig           : jdbcUrl.........................jdbc:h2:mem:testdb
2023-09-26T00:31:51.925-05:00 DEBUG 33180 --- [           main] com.zaxxer.hikari.HikariConfig           : keepaliveTime...................0
2023-09-26T00:31:51.926-05:00 DEBUG 33180 --- [           main] com.zaxxer.hikari.HikariConfig           : leakDetectionThreshold..........0
2023-09-26T00:31:51.926-05:00 DEBUG 33180 --- [           main] com.zaxxer.hikari.HikariConfig           : maxLifetime.....................1800000
2023-09-26T00:31:51.926-05:00 DEBUG 33180 --- [           main] com.zaxxer.hikari.HikariConfig           : maximumPoolSize.................10
2023-09-26T00:31:51.926-05:00 DEBUG 33180 --- [           main] com.zaxxer.hikari.HikariConfig           : metricRegistry..................none
2023-09-26T00:31:51.926-05:00 DEBUG 33180 --- [           main] com.zaxxer.hikari.HikariConfig           : metricsTrackerFactory...........none
2023-09-26T00:31:51.926-05:00 DEBUG 33180 --- [           main] com.zaxxer.hikari.HikariConfig           : minimumIdle.....................10
2023-09-26T00:31:51.926-05:00 DEBUG 33180 --- [           main] com.zaxxer.hikari.HikariConfig           : password........................<masked>
2023-09-26T00:31:51.926-05:00 DEBUG 33180 --- [           main] com.zaxxer.hikari.HikariConfig           : poolName........................"HikariPool-1"
2023-09-26T00:31:51.926-05:00 DEBUG 33180 --- [           main] com.zaxxer.hikari.HikariConfig           : readOnly........................false
2023-09-26T00:31:51.927-05:00 DEBUG 33180 --- [           main] com.zaxxer.hikari.HikariConfig           : registerMbeans..................false
2023-09-26T00:31:51.927-05:00 DEBUG 33180 --- [           main] com.zaxxer.hikari.HikariConfig           : scheduledExecutor...............none
2023-09-26T00:31:51.927-05:00 DEBUG 33180 --- [           main] com.zaxxer.hikari.HikariConfig           : schema..........................none
2023-09-26T00:31:51.927-05:00 DEBUG 33180 --- [           main] com.zaxxer.hikari.HikariConfig           : threadFactory...................internal
2023-09-26T00:31:51.927-05:00 DEBUG 33180 --- [           main] com.zaxxer.hikari.HikariConfig           : transactionIsolation............default
2023-09-26T00:31:51.927-05:00 DEBUG 33180 --- [           main] com.zaxxer.hikari.HikariConfig           : username........................"sa"
2023-09-26T00:31:51.927-05:00 DEBUG 33180 --- [           main] com.zaxxer.hikari.HikariConfig           : validationTimeout...............5000
2023-09-26T00:31:51.927-05:00  INFO 33180 --- [           main] com.zaxxer.hikari.HikariDataSource       : HikariPool-1 - Starting...
2023-09-26T00:31:52.067-05:00  INFO 33180 --- [           main] com.zaxxer.hikari.pool.HikariPool        : HikariPool-1 - Added connection conn0: url=jdbc:h2:mem:testdb user=SA
2023-09-26T00:31:52.068-05:00  INFO 33180 --- [           main] com.zaxxer.hikari.HikariDataSource       : HikariPool-1 - Start completed.
2023-09-26T00:31:52.107-05:00 DEBUG 33180 --- [           main] j.LocalContainerEntityManagerFactoryBean : Building JPA container EntityManagerFactory for persistence unit 'default'
2023-09-26T00:31:52.130-05:00 DEBUG 33180 --- [           main] o.hibernate.jpa.internal.util.LogHelper  : PersistenceUnitInfo [
	name: default
	persistence provider classname: null
	classloader: jdk.internal.loader.ClassLoaders$AppClassLoader@73d16e93
	excludeUnlistedClasses: true
	JTA datasource: null
	Non JTA datasource: HikariDataSource (HikariPool-1)
	Transaction type: RESOURCE_LOCAL
	PU root URL: file:/C:/Users/cgn_n/Downloads/citasMedicas3/demo/target/test-classes/
	Shared Cache Mode: UNSPECIFIED
	Validation Mode: AUTO
	Jar files URLs []
	Managed classes names [
		com.example.demo.model.Citas]
	Mapping files names []
	Properties []
2023-09-26T00:31:52.140-05:00 DEBUG 33180 --- [           main] o.h.i.internal.IntegratorServiceImpl     : Adding Integrator [org.hibernate.boot.beanvalidation.BeanValidationIntegrator].
2023-09-26T00:31:52.141-05:00 DEBUG 33180 --- [           main] o.h.i.internal.IntegratorServiceImpl     : Adding Integrator [org.hibernate.cache.internal.CollectionCacheInvalidator].
2023-09-26T00:31:52.180-05:00 DEBUG 33180 --- [l-1 housekeeper] com.zaxxer.hikari.pool.HikariPool        : HikariPool-1 - Pool stats (total=1, active=0, idle=1, waiting=0)
2023-09-26T00:31:52.181-05:00 DEBUG 33180 --- [onnection adder] com.zaxxer.hikari.pool.HikariPool        : HikariPool-1 - Added connection conn1: url=jdbc:h2:mem:testdb user=SA
2023-09-26T00:31:52.196-05:00 DEBUG 33180 --- [onnection adder] com.zaxxer.hikari.pool.HikariPool        : HikariPool-1 - Added connection conn2: url=jdbc:h2:mem:testdb user=SA
2023-09-26T00:31:52.199-05:00  INFO 33180 --- [           main] org.hibernate.Version                    : HHH000412: Hibernate ORM core version 6.2.9.Final
2023-09-26T00:31:52.201-05:00 DEBUG 33180 --- [           main] org.hibernate.cfg.Environment            : HHH000206: hibernate.properties not found
2023-09-26T00:31:52.204-05:00  INFO 33180 --- [           main] org.hibernate.cfg.Environment            : HHH000406: Using bytecode reflection optimizer
2023-09-26T00:31:52.212-05:00 DEBUG 33180 --- [onnection adder] com.zaxxer.hikari.pool.HikariPool        : HikariPool-1 - Added connection conn3: url=jdbc:h2:mem:testdb user=SA
2023-09-26T00:31:52.228-05:00 DEBUG 33180 --- [onnection adder] com.zaxxer.hikari.pool.HikariPool        : HikariPool-1 - Added connection conn4: url=jdbc:h2:mem:testdb user=SA
2023-09-26T00:31:52.235-05:00 DEBUG 33180 --- [           main] org.hibernate.orm.idgen.factory          : Registering IdentifierGenerator strategy [uuid2] -> [org.hibernate.id.UUIDGenerator]
2023-09-26T00:31:52.236-05:00 DEBUG 33180 --- [           main] org.hibernate.orm.idgen.factory          : Registering IdentifierGenerator strategy [guid] -> [org.hibernate.id.GUIDGenerator]
2023-09-26T00:31:52.236-05:00 DEBUG 33180 --- [           main] org.hibernate.orm.idgen.factory          : Registering IdentifierGenerator strategy [uuid] -> [org.hibernate.id.UUIDHexGenerator]
2023-09-26T00:31:52.236-05:00 DEBUG 33180 --- [           main] org.hibernate.orm.idgen.factory          : Registering IdentifierGenerator strategy [uuid.hex] -> [org.hibernate.id.UUIDHexGenerator]
2023-09-26T00:31:52.237-05:00 DEBUG 33180 --- [           main] org.hibernate.orm.idgen.factory          : Registering IdentifierGenerator strategy [assigned] -> [org.hibernate.id.Assigned]
2023-09-26T00:31:52.238-05:00 DEBUG 33180 --- [           main] org.hibernate.orm.idgen.factory          : Registering IdentifierGenerator strategy [identity] -> [org.hibernate.id.IdentityGenerator]
2023-09-26T00:31:52.238-05:00 DEBUG 33180 --- [           main] org.hibernate.orm.idgen.factory          : Registering IdentifierGenerator strategy [select] -> [org.hibernate.id.SelectGenerator]
2023-09-26T00:31:52.239-05:00 DEBUG 33180 --- [           main] org.hibernate.orm.idgen.factory          : Registering IdentifierGenerator strategy [sequence] -> [org.hibernate.id.enhanced.SequenceStyleGenerator]
2023-09-26T00:31:52.239-05:00 DEBUG 33180 --- [           main] org.hibernate.orm.idgen.factory          : Registering IdentifierGenerator strategy [increment] -> [org.hibernate.id.IncrementGenerator]
2023-09-26T00:31:52.240-05:00 DEBUG 33180 --- [           main] org.hibernate.orm.idgen.factory          : Registering IdentifierGenerator strategy [foreign] -> [org.hibernate.id.ForeignGenerator]
2023-09-26T00:31:52.240-05:00 DEBUG 33180 --- [           main] org.hibernate.orm.idgen.factory          : Registering IdentifierGenerator strategy [enhanced-sequence] -> [org.hibernate.id.enhanced.SequenceStyleGenerator]
2023-09-26T00:31:52.240-05:00 DEBUG 33180 --- [           main] org.hibernate.orm.idgen.factory          : Registering IdentifierGenerator strategy [enhanced-table] -> [org.hibernate.id.enhanced.TableGenerator]
2023-09-26T00:31:52.243-05:00 DEBUG 33180 --- [onnection adder] com.zaxxer.hikari.pool.HikariPool        : HikariPool-1 - Added connection conn5: url=jdbc:h2:mem:testdb user=SA
2023-09-26T00:31:52.244-05:00 DEBUG 33180 --- [           main] o.h.c.internal.RegionFactoryInitiator    : Cannot default RegionFactory based on registered strategies as `[]` RegionFactory strategies were registered
2023-09-26T00:31:52.245-05:00 DEBUG 33180 --- [           main] o.h.c.internal.RegionFactoryInitiator    : Cache region factory : org.hibernate.cache.internal.NoCachingRegionFactory
2023-09-26T00:31:52.258-05:00 DEBUG 33180 --- [onnection adder] com.zaxxer.hikari.pool.HikariPool        : HikariPool-1 - Added connection conn6: url=jdbc:h2:mem:testdb user=SA
2023-09-26T00:31:52.274-05:00 DEBUG 33180 --- [onnection adder] com.zaxxer.hikari.pool.HikariPool        : HikariPool-1 - Added connection conn7: url=jdbc:h2:mem:testdb user=SA
2023-09-26T00:31:52.290-05:00 DEBUG 33180 --- [onnection adder] com.zaxxer.hikari.pool.HikariPool        : HikariPool-1 - Added connection conn8: url=jdbc:h2:mem:testdb user=SA
2023-09-26T00:31:52.306-05:00 DEBUG 33180 --- [onnection adder] com.zaxxer.hikari.pool.HikariPool        : HikariPool-1 - Added connection conn9: url=jdbc:h2:mem:testdb user=SA
2023-09-26T00:31:52.321-05:00 DEBUG 33180 --- [onnection adder] com.zaxxer.hikari.pool.HikariPool        : HikariPool-1 - After adding stats (total=10, active=0, idle=10, waiting=0)
2023-09-26T00:31:52.324-05:00 DEBUG 33180 --- [           main] org.hibernate.type.BasicTypeRegistry     : Adding type registration boolean -> org.hibernate.type.BasicTypeReference@66e341e9
2023-09-26T00:31:52.324-05:00 DEBUG 33180 --- [           main] org.hibernate.type.BasicTypeRegistry     : Adding type registration boolean -> org.hibernate.type.BasicTypeReference@66e341e9
2023-09-26T00:31:52.324-05:00 DEBUG 33180 --- [           main] org.hibernate.type.BasicTypeRegistry     : Adding type registration java.lang.Boolean -> org.hibernate.type.BasicTypeReference@66e341e9
2023-09-26T00:31:52.324-05:00 DEBUG 33180 --- [           main] org.hibernate.type.BasicTypeRegistry     : Adding type registration numeric_boolean -> org.hibernate.type.BasicTypeReference@5b48f0f4
2023-09-26T00:31:52.324-05:00 DEBUG 33180 --- [           main] org.hibernate.type.BasicTypeRegistry     : Adding type registration org.hibernate.type.NumericBooleanConverter -> org.hibernate.type.BasicTypeReference@5b48f0f4
2023-09-26T00:31:52.324-05:00 DEBUG 33180 --- [           main] org.hibernate.type.BasicTypeRegistry     : Adding type registration true_false -> org.hibernate.type.BasicTypeReference@546ed2a0
2023-09-26T00:31:52.325-05:00 DEBUG 33180 --- [           main] org.hibernate.type.BasicTypeRegistry     : Adding type registration org.hibernate.type.TrueFalseConverter -> org.hibernate.type.BasicTypeReference@546ed2a0
2023-09-26T00:31:52.325-05:00 DEBUG 33180 --- [           main] org.hibernate.type.BasicTypeRegistry     : Adding type registration yes_no -> org.hibernate.type.BasicTypeReference@5bfc79cb
2023-09-26T00:31:52.325-05:00 DEBUG 33180 --- [           main] org.hibernate.type.BasicTypeRegistry     : Adding type registration org.hibernate.type.YesNoConverter -> org.hibernate.type.BasicTypeReference@5bfc79cb
2023-09-26T00:31:52.325-05:00 DEBUG 33180 --- [           main] org.hibernate.type.BasicTypeRegistry     : Adding type registration byte -> org.hibernate.type.BasicTypeReference@27ec8754
2023-09-26T00:31:52.325-05:00 DEBUG 33180 --- [           main] org.hibernate.type.BasicTypeRegistry     : Adding type registration byte -> org.hibernate.type.BasicTypeReference@27ec8754
2023-09-26T00:31:52.325-05:00 DEBUG 33180 --- [           main] org.hibernate.type.BasicTypeRegistry     : Adding type registration java.lang.Byte -> org.hibernate.type.BasicTypeReference@27ec8754
2023-09-26T00:31:52.325-05:00 DEBUG 33180 --- [           main] org.hibernate.type.BasicTypeRegistry     : Adding type registration binary -> org.hibernate.type.BasicTypeReference@3bbf1c0d
2023-09-26T00:31:52.325-05:00 DEBUG 33180 --- [           main] org.hibernate.type.BasicTypeRegistry     : Adding type registration byte[] -> org.hibernate.type.BasicTypeReference@3bbf1c0d
2023-09-26T00:31:52.325-05:00 DEBUG 33180 --- [           main] org.hibernate.type.BasicTypeRegistry     : Adding type registration [B -> org.hibernate.type.BasicTypeReference@3bbf1c0d
2023-09-26T00:31:52.325-05:00 DEBUG 33180 --- [           main] org.hibernate.type.BasicTypeRegistry     : Adding type registration binary_wrapper -> org.hibernate.type.BasicTypeReference@19662208
2023-09-26T00:31:52.325-05:00 DEBUG 33180 --- [           main] org.hibernate.type.BasicTypeRegistry     : Adding type registration wrapper-binary -> org.hibernate.type.BasicTypeReference@19662208
2023-09-26T00:31:52.325-05:00 DEBUG 33180 --- [           main] org.hibernate.type.BasicTypeRegistry     : Adding type registration image -> org.hibernate.type.BasicTypeReference@216c22ce
2023-09-26T00:31:52.325-05:00 DEBUG 33180 --- [           main] org.hibernate.type.BasicTypeRegistry     : Adding type registration blob -> org.hibernate.type.BasicTypeReference@62f9c790
2023-09-26T00:31:52.325-05:00 DEBUG 33180 --- [           main] org.hibernate.type.BasicTypeRegistry     : Adding type registration java.sql.Blob -> org.hibernate.type.BasicTypeReference@62f9c790
2023-09-26T00:31:52.325-05:00 DEBUG 33180 --- [           main] org.hibernate.type.BasicTypeRegistry     : Adding type registration materialized_blob -> org.hibernate.type.BasicTypeReference@21e5f0b6
2023-09-26T00:31:52.325-05:00 DEBUG 33180 --- [           main] org.hibernate.type.BasicTypeRegistry     : Adding type registration materialized_blob_wrapper -> org.hibernate.type.BasicTypeReference@93bf0e0
2023-09-26T00:31:52.325-05:00 DEBUG 33180 --- [           main] org.hibernate.type.BasicTypeRegistry     : Adding type registration short -> org.hibernate.type.BasicTypeReference@4981d95b
2023-09-26T00:31:52.325-05:00 DEBUG 33180 --- [           main] org.hibernate.type.BasicTypeRegistry     : Adding type registration short -> org.hibernate.type.BasicTypeReference@4981d95b
2023-09-26T00:31:52.325-05:00 DEBUG 33180 --- [           main] org.hibernate.type.BasicTypeRegistry     : Adding type registration java.lang.Short -> org.hibernate.type.BasicTypeReference@4981d95b
2023-09-26T00:31:52.325-05:00 DEBUG 33180 --- [           main] org.hibernate.type.BasicTypeRegistry     : Adding type registration integer -> org.hibernate.type.BasicTypeReference@656842bc
2023-09-26T00:31:52.325-05:00 DEBUG 33180 --- [           main] org.hibernate.type.BasicTypeRegistry     : Adding type registration int -> org.hibernate.type.BasicTypeReference@656842bc
2023-09-26T00:31:52.325-05:00 DEBUG 33180 --- [           main] org.hibernate.type.BasicTypeRegistry     : Adding type registration java.lang.Integer -> org.hibernate.type.BasicTypeReference@656842bc
2023-09-26T00:31:52.325-05:00 DEBUG 33180 --- [           main] org.hibernate.type.BasicTypeRegistry     : Adding type registration long -> org.hibernate.type.BasicTypeReference@6b867ee7
2023-09-26T00:31:52.325-05:00 DEBUG 33180 --- [           main] org.hibernate.type.BasicTypeRegistry     : Adding type registration long -> org.hibernate.type.BasicTypeReference@6b867ee7
2023-09-26T00:31:52.325-05:00 DEBUG 33180 --- [           main] org.hibernate.type.BasicTypeRegistry     : Adding type registration java.lang.Long -> org.hibernate.type.BasicTypeReference@6b867ee7
2023-09-26T00:31:52.327-05:00 DEBUG 33180 --- [           main] org.hibernate.type.BasicTypeRegistry     : Adding type registration float -> org.hibernate.type.BasicTypeReference@3dec3f87
2023-09-26T00:31:52.327-05:00 DEBUG 33180 --- [           main] org.hibernate.type.BasicTypeRegistry     : Adding type registration float -> org.hibernate.type.BasicTypeReference@3dec3f87
2023-09-26T00:31:52.327-05:00 DEBUG 33180 --- [           main] org.hibernate.type.BasicTypeRegistry     : Adding type registration java.lang.Float -> org.hibernate.type.BasicTypeReference@3dec3f87
2023-09-26T00:31:52.327-05:00 DEBUG 33180 --- [           main] org.hibernate.type.BasicTypeRegistry     : Adding type registration double -> org.hibernate.type.BasicTypeReference@7a606260
2023-09-26T00:31:52.327-05:00 DEBUG 33180 --- [           main] org.hibernate.type.BasicTypeRegistry     : Adding type registration double -> org.hibernate.type.BasicTypeReference@7a606260
2023-09-26T00:31:52.327-05:00 DEBUG 33180 --- [           main] org.hibernate.type.BasicTypeRegistry     : Adding type registration java.lang.Double -> org.hibernate.type.BasicTypeReference@7a606260
2023-09-26T00:31:52.327-05:00 DEBUG 33180 --- [           main] org.hibernate.type.BasicTypeRegistry     : Adding type registration big_integer -> org.hibernate.type.BasicTypeReference@5dbab232
2023-09-26T00:31:52.327-05:00 DEBUG 33180 --- [           main] org.hibernate.type.BasicTypeRegistry     : Adding type registration java.math.BigInteger -> org.hibernate.type.BasicTypeReference@5dbab232
2023-09-26T00:31:52.327-05:00 DEBUG 33180 --- [           main] org.hibernate.type.BasicTypeRegistry     : Adding type registration big_decimal -> org.hibernate.type.BasicTypeReference@5939e24
2023-09-26T00:31:52.327-05:00 DEBUG 33180 --- [           main] org.hibernate.type.BasicTypeRegistry     : Adding type registration java.math.BigDecimal -> org.hibernate.type.BasicTypeReference@5939e24
2023-09-26T00:31:52.327-05:00 DEBUG 33180 --- [           main] org.hibernate.type.BasicTypeRegistry     : Adding type registration character -> org.hibernate.type.BasicTypeReference@595f9916
2023-09-26T00:31:52.327-05:00 DEBUG 33180 --- [           main] org.hibernate.type.BasicTypeRegistry     : Adding type registration char -> org.hibernate.type.BasicTypeReference@595f9916
2023-09-26T00:31:52.327-05:00 DEBUG 33180 --- [           main] org.hibernate.type.BasicTypeRegistry     : Adding type registration java.lang.Character -> org.hibernate.type.BasicTypeReference@595f9916
2023-09-26T00:31:52.327-05:00 DEBUG 33180 --- [           main] org.hibernate.type.BasicTypeRegistry     : Adding type registration character_nchar -> org.hibernate.type.BasicTypeReference@2055833f
2023-09-26T00:31:52.327-05:00 DEBUG 33180 --- [           main] org.hibernate.type.BasicTypeRegistry     : Adding type registration string -> org.hibernate.type.BasicTypeReference@28768e25
2023-09-26T00:31:52.327-05:00 DEBUG 33180 --- [           main] org.hibernate.type.BasicTypeRegistry     : Adding type registration java.lang.String -> org.hibernate.type.BasicTypeReference@28768e25
2023-09-26T00:31:52.327-05:00 DEBUG 33180 --- [           main] org.hibernate.type.BasicTypeRegistry     : Adding type registration nstring -> org.hibernate.type.BasicTypeReference@310d57b1
2023-09-26T00:31:52.327-05:00 DEBUG 33180 --- [           main] org.hibernate.type.BasicTypeRegistry     : Adding type registration characters -> org.hibernate.type.BasicTypeReference@143fefaf
2023-09-26T00:31:52.327-05:00 DEBUG 33180 --- [           main] org.hibernate.type.BasicTypeRegistry     : Adding type registration char[] -> org.hibernate.type.BasicTypeReference@143fefaf
2023-09-26T00:31:52.328-05:00 DEBUG 33180 --- [           main] org.hibernate.type.BasicTypeRegistry     : Adding type registration [C -> org.hibernate.type.BasicTypeReference@143fefaf
2023-09-26T00:31:52.328-05:00 DEBUG 33180 --- [           main] org.hibernate.type.BasicTypeRegistry     : Adding type registration wrapper-characters -> org.hibernate.type.BasicTypeReference@18ffca6c
2023-09-26T00:31:52.328-05:00 DEBUG 33180 --- [           main] org.hibernate.type.BasicTypeRegistry     : Adding type registration text -> org.hibernate.type.BasicTypeReference@46468f0
2023-09-26T00:31:52.328-05:00 DEBUG 33180 --- [           main] org.hibernate.type.BasicTypeRegistry     : Adding type registration ntext -> org.hibernate.type.BasicTypeReference@5f8f1712
2023-09-26T00:31:52.328-05:00 DEBUG 33180 --- [           main] org.hibernate.type.BasicTypeRegistry     : Adding type registration clob -> org.hibernate.type.BasicTypeReference@34a6d9db
2023-09-26T00:31:52.328-05:00 DEBUG 33180 --- [           main] org.hibernate.type.BasicTypeRegistry     : Adding type registration java.sql.Clob -> org.hibernate.type.BasicTypeReference@34a6d9db
2023-09-26T00:31:52.328-05:00 DEBUG 33180 --- [           main] org.hibernate.type.BasicTypeRegistry     : Adding type registration nclob -> org.hibernate.type.BasicTypeReference@52ecc989
2023-09-26T00:31:52.328-05:00 DEBUG 33180 --- [           main] org.hibernate.type.BasicTypeRegistry     : Adding type registration java.sql.NClob -> org.hibernate.type.BasicTypeReference@52ecc989
2023-09-26T00:31:52.328-05:00 DEBUG 33180 --- [           main] org.hibernate.type.BasicTypeRegistry     : Adding type registration materialized_clob -> org.hibernate.type.BasicTypeReference@756808cc
2023-09-26T00:31:52.328-05:00 DEBUG 33180 --- [           main] org.hibernate.type.BasicTypeRegistry     : Adding type registration materialized_clob_char_array -> org.hibernate.type.BasicTypeReference@52f8a6f4
2023-09-26T00:31:52.328-05:00 DEBUG 33180 --- [           main] org.hibernate.type.BasicTypeRegistry     : Adding type registration materialized_clob_character_array -> org.hibernate.type.BasicTypeReference@5012c571
2023-09-26T00:31:52.328-05:00 DEBUG 33180 --- [           main] org.hibernate.type.BasicTypeRegistry     : Adding type registration materialized_nclob -> org.hibernate.type.BasicTypeReference@6486fe7b
2023-09-26T00:31:52.328-05:00 DEBUG 33180 --- [           main] org.hibernate.type.BasicTypeRegistry     : Adding type registration materialized_nclob_character_array -> org.hibernate.type.BasicTypeReference@511da44f
2023-09-26T00:31:52.328-05:00 DEBUG 33180 --- [           main] org.hibernate.type.BasicTypeRegistry     : Adding type registration materialized_nclob_char_array -> org.hibernate.type.BasicTypeReference@4645679e
2023-09-26T00:31:52.328-05:00 DEBUG 33180 --- [           main] org.hibernate.type.BasicTypeRegistry     : Adding type registration Duration -> org.hibernate.type.BasicTypeReference@3a0b6a
2023-09-26T00:31:52.328-05:00 DEBUG 33180 --- [           main] org.hibernate.type.BasicTypeRegistry     : Adding type registration java.time.Duration -> org.hibernate.type.BasicTypeReference@3a0b6a
2023-09-26T00:31:52.328-05:00 DEBUG 33180 --- [           main] org.hibernate.type.BasicTypeRegistry     : Adding type registration LocalDateTime -> org.hibernate.type.BasicTypeReference@539c4830
2023-09-26T00:31:52.328-05:00 DEBUG 33180 --- [           main] org.hibernate.type.BasicTypeRegistry     : Adding type registration java.time.LocalDateTime -> org.hibernate.type.BasicTypeReference@539c4830
2023-09-26T00:31:52.328-05:00 DEBUG 33180 --- [           main] org.hibernate.type.BasicTypeRegistry     : Adding type registration LocalDate -> org.hibernate.type.BasicTypeReference@6f1fa1d0
2023-09-26T00:31:52.328-05:00 DEBUG 33180 --- [           main] org.hibernate.type.BasicTypeRegistry     : Adding type registration java.time.LocalDate -> org.hibernate.type.BasicTypeReference@6f1fa1d0
2023-09-26T00:31:52.329-05:00 DEBUG 33180 --- [           main] org.hibernate.type.BasicTypeRegistry     : Adding type registration LocalTime -> org.hibernate.type.BasicTypeReference@28b523a
2023-09-26T00:31:52.329-05:00 DEBUG 33180 --- [           main] org.hibernate.type.BasicTypeRegistry     : Adding type registration java.time.LocalTime -> org.hibernate.type.BasicTypeReference@28b523a
2023-09-26T00:31:52.329-05:00 DEBUG 33180 --- [           main] org.hibernate.type.BasicTypeRegistry     : Adding type registration OffsetDateTime -> org.hibernate.type.BasicTypeReference@52ba685a
2023-09-26T00:31:52.329-05:00 DEBUG 33180 --- [           main] org.hibernate.type.BasicTypeRegistry     : Adding type registration java.time.OffsetDateTime -> org.hibernate.type.BasicTypeReference@52ba685a
2023-09-26T00:31:52.329-05:00 DEBUG 33180 --- [           main] org.hibernate.type.BasicTypeRegistry     : Adding type registration OffsetDateTimeWithTimezone -> org.hibernate.type.BasicTypeReference@63d677f5
2023-09-26T00:31:52.329-05:00 DEBUG 33180 --- [           main] org.hibernate.type.BasicTypeRegistry     : Adding type registration OffsetDateTimeWithoutTimezone -> org.hibernate.type.BasicTypeReference@71d55b7e
2023-09-26T00:31:52.329-05:00 DEBUG 33180 --- [           main] org.hibernate.type.BasicTypeRegistry     : Adding type registration OffsetTime -> org.hibernate.type.BasicTypeReference@2997ddfc
2023-09-26T00:31:52.329-05:00 DEBUG 33180 --- [           main] org.hibernate.type.BasicTypeRegistry     : Adding type registration java.time.OffsetTime -> org.hibernate.type.BasicTypeReference@2997ddfc
2023-09-26T00:31:52.329-05:00 DEBUG 33180 --- [           main] org.hibernate.type.BasicTypeRegistry     : Adding type registration OffsetTimeUtc -> org.hibernate.type.BasicTypeReference@28ee882c
2023-09-26T00:31:52.329-05:00 DEBUG 33180 --- [           main] org.hibernate.type.BasicTypeRegistry     : Adding type registration OffsetTimeWithTimezone -> org.hibernate.type.BasicTypeReference@78d73b1b
2023-09-26T00:31:52.329-05:00 DEBUG 33180 --- [           main] org.hibernate.type.BasicTypeRegistry     : Adding type registration OffsetTimeWithoutTimezone -> org.hibernate.type.BasicTypeReference@238291d4
2023-09-26T00:31:52.329-05:00 DEBUG 33180 --- [           main] org.hibernate.type.BasicTypeRegistry     : Adding type registration ZonedDateTime -> org.hibernate.type.BasicTypeReference@34edd065
2023-09-26T00:31:52.329-05:00 DEBUG 33180 --- [           main] org.hibernate.type.BasicTypeRegistry     : Adding type registration java.time.ZonedDateTime -> org.hibernate.type.BasicTypeReference@34edd065
2023-09-26T00:31:52.329-05:00 DEBUG 33180 --- [           main] org.hibernate.type.BasicTypeRegistry     : Adding type registration ZonedDateTimeWithTimezone -> org.hibernate.type.BasicTypeReference@681e913c
2023-09-26T00:31:52.329-05:00 DEBUG 33180 --- [           main] org.hibernate.type.BasicTypeRegistry     : Adding type registration ZonedDateTimeWithoutTimezone -> org.hibernate.type.BasicTypeReference@29d070c7
2023-09-26T00:31:52.329-05:00 DEBUG 33180 --- [           main] org.hibernate.type.BasicTypeRegistry     : Adding type registration date -> org.hibernate.type.BasicTypeReference@1eeb5818
2023-09-26T00:31:52.329-05:00 DEBUG 33180 --- [           main] org.hibernate.type.BasicTypeRegistry     : Adding type registration java.sql.Date -> org.hibernate.type.BasicTypeReference@1eeb5818
2023-09-26T00:31:52.330-05:00 DEBUG 33180 --- [           main] org.hibernate.type.BasicTypeRegistry     : Adding type registration time -> org.hibernate.type.BasicTypeReference@44dfdd58
2023-09-26T00:31:52.330-05:00 DEBUG 33180 --- [           main] org.hibernate.type.BasicTypeRegistry     : Adding type registration java.sql.Time -> org.hibernate.type.BasicTypeReference@44dfdd58
2023-09-26T00:31:52.330-05:00 DEBUG 33180 --- [           main] org.hibernate.type.BasicTypeRegistry     : Adding type registration timestamp -> org.hibernate.type.BasicTypeReference@58d4238e
2023-09-26T00:31:52.330-05:00 DEBUG 33180 --- [           main] org.hibernate.type.BasicTypeRegistry     : Adding type registration java.sql.Timestamp -> org.hibernate.type.BasicTypeReference@58d4238e
2023-09-26T00:31:52.330-05:00 DEBUG 33180 --- [           main] org.hibernate.type.BasicTypeRegistry     : Adding type registration java.util.Date -> org.hibernate.type.BasicTypeReference@58d4238e
2023-09-26T00:31:52.330-05:00 DEBUG 33180 --- [           main] org.hibernate.type.BasicTypeRegistry     : Adding type registration calendar -> org.hibernate.type.BasicTypeReference@72a8361b
2023-09-26T00:31:52.330-05:00 DEBUG 33180 --- [           main] org.hibernate.type.BasicTypeRegistry     : Adding type registration java.util.Calendar -> org.hibernate.type.BasicTypeReference@72a8361b
2023-09-26T00:31:52.330-05:00 DEBUG 33180 --- [           main] org.hibernate.type.BasicTypeRegistry     : Adding type registration java.util.GregorianCalendar -> org.hibernate.type.BasicTypeReference@72a8361b
2023-09-26T00:31:52.330-05:00 DEBUG 33180 --- [           main] org.hibernate.type.BasicTypeRegistry     : Adding type registration calendar_date -> org.hibernate.type.BasicTypeReference@36478bce
2023-09-26T00:31:52.330-05:00 DEBUG 33180 --- [           main] org.hibernate.type.BasicTypeRegistry     : Adding type registration calendar_time -> org.hibernate.type.BasicTypeReference@c48b543
2023-09-26T00:31:52.330-05:00 DEBUG 33180 --- [           main] org.hibernate.type.BasicTypeRegistry     : Adding type registration instant -> org.hibernate.type.BasicTypeReference@75793f17
2023-09-26T00:31:52.330-05:00 DEBUG 33180 --- [           main] org.hibernate.type.BasicTypeRegistry     : Adding type registration java.time.Instant -> org.hibernate.type.BasicTypeReference@75793f17
2023-09-26T00:31:52.330-05:00 DEBUG 33180 --- [           main] org.hibernate.type.BasicTypeRegistry     : Adding type registration uuid -> org.hibernate.type.BasicTypeReference@4652c74d
2023-09-26T00:31:52.330-05:00 DEBUG 33180 --- [           main] org.hibernate.type.BasicTypeRegistry     : Adding type registration java.util.UUID -> org.hibernate.type.BasicTypeReference@4652c74d
2023-09-26T00:31:52.330-05:00 DEBUG 33180 --- [           main] org.hibernate.type.BasicTypeRegistry     : Adding type registration pg-uuid -> org.hibernate.type.BasicTypeReference@4652c74d
2023-09-26T00:31:52.330-05:00 DEBUG 33180 --- [           main] org.hibernate.type.BasicTypeRegistry     : Adding type registration uuid-binary -> org.hibernate.type.BasicTypeReference@4cc12db2
2023-09-26T00:31:52.330-05:00 DEBUG 33180 --- [           main] org.hibernate.type.BasicTypeRegistry     : Adding type registration uuid-char -> org.hibernate.type.BasicTypeReference@5ea7bc4
2023-09-26T00:31:52.330-05:00 DEBUG 33180 --- [           main] org.hibernate.type.BasicTypeRegistry     : Adding type registration class -> org.hibernate.type.BasicTypeReference@39d77de9
2023-09-26T00:31:52.330-05:00 DEBUG 33180 --- [           main] org.hibernate.type.BasicTypeRegistry     : Adding type registration java.lang.Class -> org.hibernate.type.BasicTypeReference@39d77de9
2023-09-26T00:31:52.331-05:00 DEBUG 33180 --- [           main] org.hibernate.type.BasicTypeRegistry     : Adding type registration currency -> org.hibernate.type.BasicTypeReference@696fad31
2023-09-26T00:31:52.331-05:00 DEBUG 33180 --- [           main] org.hibernate.type.BasicTypeRegistry     : Adding type registration Currency -> org.hibernate.type.BasicTypeReference@696fad31
2023-09-26T00:31:52.331-05:00 DEBUG 33180 --- [           main] org.hibernate.type.BasicTypeRegistry     : Adding type registration java.util.Currency -> org.hibernate.type.BasicTypeReference@696fad31
2023-09-26T00:31:52.331-05:00 DEBUG 33180 --- [           main] org.hibernate.type.BasicTypeRegistry     : Adding type registration locale -> org.hibernate.type.BasicTypeReference@2c06b113
2023-09-26T00:31:52.331-05:00 DEBUG 33180 --- [           main] org.hibernate.type.BasicTypeRegistry     : Adding type registration java.util.Locale -> org.hibernate.type.BasicTypeReference@2c06b113
2023-09-26T00:31:52.331-05:00 DEBUG 33180 --- [           main] org.hibernate.type.BasicTypeRegistry     : Adding type registration serializable -> org.hibernate.type.BasicTypeReference@7a64cb0c
2023-09-26T00:31:52.331-05:00 DEBUG 33180 --- [           main] org.hibernate.type.BasicTypeRegistry     : Adding type registration java.io.Serializable -> org.hibernate.type.BasicTypeReference@7a64cb0c
2023-09-26T00:31:52.331-05:00 DEBUG 33180 --- [           main] org.hibernate.type.BasicTypeRegistry     : Adding type registration timezone -> org.hibernate.type.BasicTypeReference@785ed99c
2023-09-26T00:31:52.331-05:00 DEBUG 33180 --- [           main] org.hibernate.type.BasicTypeRegistry     : Adding type registration java.util.TimeZone -> org.hibernate.type.BasicTypeReference@785ed99c
2023-09-26T00:31:52.331-05:00 DEBUG 33180 --- [           main] org.hibernate.type.BasicTypeRegistry     : Adding type registration ZoneOffset -> org.hibernate.type.BasicTypeReference@6c4ce583
2023-09-26T00:31:52.331-05:00 DEBUG 33180 --- [           main] org.hibernate.type.BasicTypeRegistry     : Adding type registration java.time.ZoneOffset -> org.hibernate.type.BasicTypeReference@6c4ce583
2023-09-26T00:31:52.331-05:00 DEBUG 33180 --- [           main] org.hibernate.type.BasicTypeRegistry     : Adding type registration url -> org.hibernate.type.BasicTypeReference@755b5f30
2023-09-26T00:31:52.331-05:00 DEBUG 33180 --- [           main] org.hibernate.type.BasicTypeRegistry     : Adding type registration java.net.URL -> org.hibernate.type.BasicTypeReference@755b5f30
2023-09-26T00:31:52.331-05:00 DEBUG 33180 --- [           main] org.hibernate.type.BasicTypeRegistry     : Adding type registration row_version -> org.hibernate.type.BasicTypeReference@29bbc63c
2023-09-26T00:31:52.334-05:00 DEBUG 33180 --- [           main] org.hibernate.type.BasicTypeRegistry     : Adding type registration object -> org.hibernate.type.JavaObjectType@79252c83
2023-09-26T00:31:52.334-05:00 DEBUG 33180 --- [           main] org.hibernate.type.BasicTypeRegistry     : Adding type registration java.lang.Object -> org.hibernate.type.JavaObjectType@79252c83
2023-09-26T00:31:52.335-05:00 DEBUG 33180 --- [           main] org.hibernate.type.BasicTypeRegistry     : Adding type registration null -> org.hibernate.type.NullType@cbf1997
2023-09-26T00:31:52.335-05:00 DEBUG 33180 --- [           main] org.hibernate.type.BasicTypeRegistry     : Adding type registration imm_date -> org.hibernate.type.BasicTypeReference@49232c6f
2023-09-26T00:31:52.335-05:00 DEBUG 33180 --- [           main] org.hibernate.type.BasicTypeRegistry     : Adding type registration imm_time -> org.hibernate.type.BasicTypeReference@5faeeb56
2023-09-26T00:31:52.335-05:00 DEBUG 33180 --- [           main] org.hibernate.type.BasicTypeRegistry     : Adding type registration imm_timestamp -> org.hibernate.type.BasicTypeReference@5396eeb1
2023-09-26T00:31:52.335-05:00 DEBUG 33180 --- [           main] org.hibernate.type.BasicTypeRegistry     : Adding type registration imm_calendar -> org.hibernate.type.BasicTypeReference@279126f5
2023-09-26T00:31:52.335-05:00 DEBUG 33180 --- [           main] org.hibernate.type.BasicTypeRegistry     : Adding type registration imm_calendar_date -> org.hibernate.type.BasicTypeReference@7781263c
2023-09-26T00:31:52.335-05:00 DEBUG 33180 --- [           main] org.hibernate.type.BasicTypeRegistry     : Adding type registration imm_calendar_time -> org.hibernate.type.BasicTypeReference@5fdd97c1
2023-09-26T00:31:52.335-05:00 DEBUG 33180 --- [           main] org.hibernate.type.BasicTypeRegistry     : Adding type registration imm_binary -> org.hibernate.type.BasicTypeReference@3b5a19ed
2023-09-26T00:31:52.335-05:00 DEBUG 33180 --- [           main] org.hibernate.type.BasicTypeRegistry     : Adding type registration imm_serializable -> org.hibernate.type.BasicTypeReference@15d236fd
2023-09-26T00:31:52.339-05:00 DEBUG 33180 --- [           main] o.h.boot.internal.BootstrapContextImpl   : Injecting JPA temp ClassLoader [org.springframework.instrument.classloading.SimpleThrowawayClassLoader@16681017] into BootstrapContext; was [null]
2023-09-26T00:31:52.339-05:00 DEBUG 33180 --- [           main] o.h.boot.internal.ClassLoaderAccessImpl  : ClassLoaderAccessImpl#injectTempClassLoader(org.springframework.instrument.classloading.SimpleThrowawayClassLoader@16681017) [was null]
2023-09-26T00:31:52.340-05:00 DEBUG 33180 --- [           main] o.h.boot.internal.BootstrapContextImpl   : Injecting ScanEnvironment [org.hibernate.jpa.boot.internal.StandardJpaScanEnvironmentImpl@37e7c4cc] into BootstrapContext; was [null]
2023-09-26T00:31:52.340-05:00 DEBUG 33180 --- [           main] o.h.boot.internal.BootstrapContextImpl   : Injecting ScanOptions [org.hibernate.boot.archive.scan.internal.StandardScanOptions@3a40bb52] into BootstrapContext; was [org.hibernate.boot.archive.scan.internal.StandardScanOptions@3079c26a]
2023-09-26T00:31:52.360-05:00  INFO 33180 --- [           main] o.h.b.i.BytecodeProviderInitiator        : HHH000021: Bytecode provider name : bytebuddy
2023-09-26T00:31:52.492-05:00  INFO 33180 --- [           main] o.s.o.j.p.SpringPersistenceUnitInfo      : No LoadTimeWeaver setup: ignoring JPA class transformer
2023-09-26T00:31:52.493-05:00 DEBUG 33180 --- [           main] o.h.boot.internal.BootstrapContextImpl   : Injecting JPA temp ClassLoader [null] into BootstrapContext; was [org.springframework.instrument.classloading.SimpleThrowawayClassLoader@16681017]
2023-09-26T00:31:52.493-05:00 DEBUG 33180 --- [           main] o.h.boot.internal.ClassLoaderAccessImpl  : ClassLoaderAccessImpl#injectTempClassLoader(null) [was org.springframework.instrument.classloading.SimpleThrowawayClassLoader@16681017]
2023-09-26T00:31:52.510-05:00 DEBUG 33180 --- [           main] o.h.e.j.e.i.JdbcEnvironmentInitiator     : Database ->
       name : H2
    version : 2.1.214 (2022-06-13)
      major : 2
      minor : 1
2023-09-26T00:31:52.510-05:00 DEBUG 33180 --- [           main] o.h.e.j.e.i.JdbcEnvironmentInitiator     : Driver ->
       name : H2 JDBC Driver
    version : 2.1.214 (2022-06-13)
      major : 2
      minor : 1
2023-09-26T00:31:52.510-05:00 DEBUG 33180 --- [           main] o.h.e.j.e.i.JdbcEnvironmentInitiator     : JDBC version : 4.2
2023-09-26T00:31:52.538-05:00 DEBUG 33180 --- [           main] org.hibernate.orm.dialect                : HHH035001: Using dialect: org.hibernate.dialect.H2Dialect, version: 2.1.214
2023-09-26T00:31:52.550-05:00 DEBUG 33180 --- [           main] o.h.e.j.env.spi.IdentifierHelperBuilder  : JDBC driver metadata reported database stores quoted identifiers in neither upper, lower nor mixed case
2023-09-26T00:31:52.574-05:00 DEBUG 33180 --- [           main] o.h.t.d.jdbc.spi.JdbcTypeRegistry        : addDescriptor(NCharTypeDescriptor) replaced previous registration(CharTypeDescriptor)
2023-09-26T00:31:52.575-05:00 DEBUG 33180 --- [           main] o.h.t.d.jdbc.spi.JdbcTypeRegistry        : addDescriptor(NVarcharTypeDescriptor) replaced previous registration(VarcharTypeDescriptor)
2023-09-26T00:31:52.575-05:00 DEBUG 33180 --- [           main] o.h.t.d.jdbc.spi.JdbcTypeRegistry        : addDescriptor(LongNVarcharTypeDescriptor) replaced previous registration(LongVarcharTypeDescriptor)
2023-09-26T00:31:52.578-05:00 DEBUG 33180 --- [           main] o.h.t.d.jdbc.spi.JdbcTypeRegistry        : addDescriptor(NClobTypeDescriptor(DEFAULT)) replaced previous registration(ClobTypeDescriptor(DEFAULT))
2023-09-26T00:31:52.579-05:00 DEBUG 33180 --- [           main] o.h.t.d.jdbc.spi.JdbcTypeRegistry        : addDescriptor(2005, ClobTypeDescriptor(STREAM_BINDING)) replaced previous registration(ClobTypeDescriptor(DEFAULT))
2023-09-26T00:31:52.583-05:00 DEBUG 33180 --- [           main] o.h.t.d.jdbc.spi.JdbcTypeRegistry        : addDescriptor(TimestampUtcDescriptor) replaced previous registration(TimestampUtcDescriptor)
2023-09-26T00:31:52.591-05:00 DEBUG 33180 --- [           main] org.hibernate.type.BasicTypeRegistry     : Adding type registration Duration -> basicType@1(java.time.Duration,2)
2023-09-26T00:31:52.591-05:00 DEBUG 33180 --- [           main] org.hibernate.type.BasicTypeRegistry     : Adding type registration java.time.Duration -> basicType@1(java.time.Duration,2)
2023-09-26T00:31:52.596-05:00 DEBUG 33180 --- [           main] o.h.type.spi.TypeConfiguration$Scope     : Scoping TypeConfiguration [org.hibernate.type.spi.TypeConfiguration@598657cd] to MetadataBuildingContext [org.hibernate.boot.internal.MetadataBuildingContextRootImpl@456aa471]
Citas(citaId=null, medicoId=1, pacienteId=1, fecha=30/11/2023, hora=09:00, duracion=1)
Citas(citaId=null, medicoId=2, pacienteId=2, fecha=30/11/2023, hora=09:00, duracion=1)
Citas(citaId=null, medicoId=3, pacienteId=3, fecha=30/11/2023, hora=09:00, duracion=1)
Citas(citaId=null, medicoId=4, pacienteId=4, fecha=30/11/2023, hora=09:00, duracion=1)
Citas(citaId=null, medicoId=5, pacienteId=5, fecha=30/11/2023, hora=09:00, duracion=1)
Citas(citaId=null, medicoId=6, pacienteId=6, fecha=30/11/2023, hora=09:00, duracion=1)
Citas(citaId=null, medicoId=7, pacienteId=7, fecha=30/11/2023, hora=09:00, duracion=1)
Citas(citaId=null, medicoId=8, pacienteId=8, fecha=30/11/2023, hora=09:00, duracion=1)
Citas(citaId=null, medicoId=9, pacienteId=9, fecha=30/11/2023, hora=09:00, duracion=1)
Citas(citaId=null, medicoId=10, pacienteId=10, fecha=30/11/2023, hora=09:00, duracion=1)
Citas(citaId=null, medicoId=11, pacienteId=11, fecha=30/11/2023, hora=09:00, duracion=1)
Citas(citaId=null, medicoId=12, pacienteId=12, fecha=30/11/2023, hora=09:00, duracion=1)
Citas(citaId=null, medicoId=13, pacienteId=13, fecha=30/11/2023, hora=09:00, duracion=1)
Citas(citaId=null, medicoId=14, pacienteId=14, fecha=30/11/2023, hora=09:00, duracion=1)
Citas(citaId=null, medicoId=15, pacienteId=15, fecha=30/11/2023, hora=09:00, duracion=1)
Citas(citaId=null, medicoId=16, pacienteId=16, fecha=30/11/2023, hora=09:00, duracion=1)
Citas(citaId=null, medicoId=17, pacienteId=17, fecha=30/11/2023, hora=09:00, duracion=1)
Citas(citaId=null, medicoId=18, pacienteId=18, fecha=30/11/2023, hora=09:00, duracion=1)
Citas(citaId=null, medicoId=19, pacienteId=19, fecha=30/11/2023, hora=09:00, duracion=1)
Citas(citaId=null, medicoId=20, pacienteId=20, fecha=30/11/2023, hora=09:00, duracion=1)
Citas(citaId=null, medicoId=21, pacienteId=21, fecha=30/11/2023, hora=09:00, duracion=1)
Citas(citaId=null, medicoId=22, pacienteId=22, fecha=30/11/2023, hora=09:00, duracion=1)
Citas(citaId=null, medicoId=23, pacienteId=23, fecha=30/11/2023, hora=09:00, duracion=1)
Citas(citaId=null, medicoId=24, pacienteId=24, fecha=30/11/2023, hora=09:00, duracion=1)
Citas(citaId=null, medicoId=25, pacienteId=25, fecha=30/11/2023, hora=09:00, duracion=1)
Citas(citaId=null, medicoId=26, pacienteId=26, fecha=30/11/2023, hora=09:00, duracion=1)
Citas(citaId=null, medicoId=27, pacienteId=27, fecha=30/11/2023, hora=09:00, duracion=1)
Citas(citaId=null, medicoId=28, pacienteId=28, fecha=30/11/2023, hora=09:00, duracion=1)
Citas(citaId=null, medicoId=29, pacienteId=29, fecha=30/11/2023, hora=09:00, duracion=1)
Citas(citaId=null, medicoId=30, pacienteId=30, fecha=30/11/2023, hora=09:00, duracion=1)
Citas(citaId=null, medicoId=31, pacienteId=31, fecha=30/11/2023, hora=09:00, duracion=1)
Citas(citaId=null, medicoId=32, pacienteId=32, fecha=30/11/2023, hora=09:00, duracion=1)
Citas(citaId=null, medicoId=33, pacienteId=33, fecha=30/11/2023, hora=09:00, duracion=1)
Citas(citaId=null, medicoId=34, pacienteId=34, fecha=30/11/2023, hora=09:00, duracion=1)
Citas(citaId=null, medicoId=35, pacienteId=35, fecha=30/11/2023, hora=09:00, duracion=1)
Citas(citaId=null, medicoId=36, pacienteId=36, fecha=30/11/2023, hora=09:00, duracion=1)
Citas(citaId=null, medicoId=37, pacienteId=37, fecha=30/11/2023, hora=09:00, duracion=1)
Citas(citaId=null, medicoId=38, pacienteId=38, fecha=30/11/2023, hora=09:00, duracion=1)
Citas(citaId=null, medicoId=39, pacienteId=39, fecha=30/11/2023, hora=09:00, duracion=1)
Citas(citaId=null, medicoId=40, pacienteId=40, fecha=30/11/2023, hora=09:00, duracion=1)
Citas(citaId=null, medicoId=41, pacienteId=41, fecha=30/11/2023, hora=09:00, duracion=1)
Citas(citaId=null, medicoId=42, pacienteId=42, fecha=30/11/2023, hora=09:00, duracion=1)
Citas(citaId=null, medicoId=43, pacienteId=43, fecha=30/11/2023, hora=09:00, duracion=1)
Citas(citaId=null, medicoId=44, pacienteId=44, fecha=30/11/2023, hora=09:00, duracion=1)
Citas(citaId=null, medicoId=45, pacienteId=45, fecha=30/11/2023, hora=09:00, duracion=1)
Citas(citaId=null, medicoId=46, pacienteId=46, fecha=30/11/2023, hora=09:00, duracion=1)
Citas(citaId=null, medicoId=47, pacienteId=47, fecha=30/11/2023, hora=09:00, duracion=1)
Citas(citaId=null, medicoId=48, pacienteId=48, fecha=30/11/2023, hora=09:00, duracion=1)
Citas(citaId=null, medicoId=49, pacienteId=49, fecha=30/11/2023, hora=09:00, duracion=1)
Citas(citaId=null, medicoId=50, pacienteId=50, fecha=30/11/2023, hora=09:00, duracion=1)
Citas(citaId=null, medicoId=51, pacienteId=51, fecha=30/11/2023, hora=09:00, duracion=1)
Citas(citaId=null, medicoId=52, pacienteId=52, fecha=30/11/2023, hora=09:00, duracion=1)
Citas(citaId=null, medicoId=53, pacienteId=53, fecha=30/11/2023, hora=09:00, duracion=1)
Citas(citaId=null, medicoId=54, pacienteId=54, fecha=30/11/2023, hora=09:00, duracion=1)
Citas(citaId=null, medicoId=55, pacienteId=55, fecha=30/11/2023, hora=09:00, duracion=1)
Citas(citaId=null, medicoId=56, pacienteId=56, fecha=30/11/2023, hora=09:00, duracion=2)
Citas(citaId=null, medicoId=57, pacienteId=57, fecha=30/11/2023, hora=09:00, duracion=2)
Citas(citaId=null, medicoId=58, pacienteId=58, fecha=30/11/2023, hora=09:00, duracion=2)
Citas(citaId=null, medicoId=59, pacienteId=59, fecha=30/11/2023, hora=09:00, duracion=2)
Citas(citaId=null, medicoId=60, pacienteId=60, fecha=30/11/2023, hora=09:00, duracion=2)
Citas(citaId=null, medicoId=61, pacienteId=61, fecha=30/11/2023, hora=09:00, duracion=2)
Citas(citaId=null, medicoId=62, pacienteId=62, fecha=30/11/2023, hora=09:00, duracion=2)
Citas(citaId=null, medicoId=63, pacienteId=63, fecha=30/11/2023, hora=09:00, duracion=2)
Citas(citaId=null, medicoId=64, pacienteId=64, fecha=30/11/2023, hora=09:00, duracion=2)
Citas(citaId=null, medicoId=65, pacienteId=65, fecha=30/11/2023, hora=09:00, duracion=2)
Citas(citaId=null, medicoId=66, pacienteId=66, fecha=30/11/2023, hora=09:00, duracion=2)
Citas(citaId=null, medicoId=67, pacienteId=67, fecha=30/11/2023, hora=09:00, duracion=2)
Citas(citaId=null, medicoId=68, pacienteId=68, fecha=30/11/2023, hora=09:00, duracion=2)
Citas(citaId=null, medicoId=69, pacienteId=69, fecha=30/11/2023, hora=09:00, duracion=2)
Citas(citaId=null, medicoId=70, pacienteId=70, fecha=30/11/2023, hora=09:00, duracion=2)
Citas(citaId=null, medicoId=71, pacienteId=71, fecha=30/11/2023, hora=09:00, duracion=2)
Citas(citaId=null, medicoId=72, pacienteId=72, fecha=30/11/2023, hora=09:00, duracion=2)
Citas(citaId=null, medicoId=73, pacienteId=73, fecha=30/11/2023, hora=09:00, duracion=2)
Citas(citaId=null, medicoId=74, pacienteId=74, fecha=30/11/2023, hora=09:00, duracion=2)
Citas(citaId=null, medicoId=75, pacienteId=75, fecha=30/11/2023, hora=09:00, duracion=2)
Citas(citaId=null, medicoId=76, pacienteId=76, fecha=30/11/2023, hora=09:00, duracion=2)
Citas(citaId=null, medicoId=77, pacienteId=77, fecha=30/11/2023, hora=09:00, duracion=2)
Citas(citaId=null, medicoId=78, pacienteId=78, fecha=30/11/2023, hora=09:00, duracion=2)
Citas(citaId=null, medicoId=79, pacienteId=79, fecha=30/11/2023, hora=09:00, duracion=2)
Citas(citaId=null, medicoId=80, pacienteId=80, fecha=30/11/2023, hora=09:00, duracion=2)
Citas(citaId=null, medicoId=81, pacienteId=81, fecha=30/11/2023, hora=09:00, duracion=2)
Citas(citaId=null, medicoId=82, pacienteId=82, fecha=30/11/2023, hora=09:00, duracion=2)
Citas(citaId=null, medicoId=83, pacienteId=83, fecha=30/11/2023, hora=09:00, duracion=2)
Citas(citaId=null, medicoId=84, pacienteId=84, fecha=30/11/2023, hora=09:00, duracion=2)
Citas(citaId=null, medicoId=85, pacienteId=85, fecha=30/11/2023, hora=09:00, duracion=2)
Citas(citaId=null, medicoId=86, pacienteId=86, fecha=30/11/2023, hora=09:00, duracion=2)
Citas(citaId=null, medicoId=87, pacienteId=87, fecha=30/11/2023, hora=09:00, duracion=2)
Citas(citaId=null, medicoId=88, pacienteId=88, fecha=30/11/2023, hora=09:00, duracion=2)
Citas(citaId=null, medicoId=89, pacienteId=89, fecha=30/11/2023, hora=09:00, duracion=2)
Citas(citaId=null, medicoId=90, pacienteId=90, fecha=30/11/2023, hora=09:00, duracion=2)
Citas(citaId=null, medicoId=91, pacienteId=91, fecha=30/11/2023, hora=09:00, duracion=2)
Citas(citaId=null, medicoId=92, pacienteId=92, fecha=30/11/2023, hora=09:00, duracion=2)
Citas(citaId=null, medicoId=93, pacienteId=93, fecha=30/11/2023, hora=09:00, duracion=2)
Citas(citaId=null, medicoId=94, pacienteId=94, fecha=30/11/2023, hora=09:00, duracion=2)
Citas(citaId=null, medicoId=95, pacienteId=95, fecha=30/11/2023, hora=09:00, duracion=2)
Citas(citaId=null, medicoId=96, pacienteId=96, fecha=30/11/2023, hora=09:00, duracion=2)
Citas(citaId=null, medicoId=97, pacienteId=97, fecha=30/11/2023, hora=09:00, duracion=2)
Citas(citaId=null, medicoId=98, pacienteId=98, fecha=30/11/2023, hora=09:00, duracion=2)
Citas(citaId=null, medicoId=99, pacienteId=99, fecha=30/11/2023, hora=09:00, duracion=2)
Citas(citaId=null, medicoId=100, pacienteId=100, fecha=30/11/2023, hora=09:00, duracion=2)
Citas(citaId=null, medicoId=101, pacienteId=101, fecha=30/11/2023, hora=09:00, duracion=2)
Citas(citaId=null, medicoId=102, pacienteId=102, fecha=30/11/2023, hora=09:00, duracion=2)
Citas(citaId=null, medicoId=103, pacienteId=103, fecha=30/11/2023, hora=09:00, duracion=2)
Citas(citaId=null, medicoId=104, pacienteId=104, fecha=30/11/2023, hora=09:00, duracion=2)
Citas(citaId=null, medicoId=105, pacienteId=105, fecha=30/11/2023, hora=09:00, duracion=2)
Citas(citaId=null, medicoId=106, pacienteId=106, fecha=30/11/2023, hora=09:00, duracion=2)
Citas(citaId=null, medicoId=107, pacienteId=107, fecha=30/11/2023, hora=09:00, duracion=2)
Citas(citaId=null, medicoId=108, pacienteId=108, fecha=30/11/2023, hora=09:00, duracion=2)
Citas(citaId=null, medicoId=109, pacienteId=109, fecha=30/11/2023, hora=09:00, duracion=2)
Citas(citaId=null, medicoId=110, pacienteId=110, fecha=30/11/2023, hora=09:00, duracion=2)
Citas(citaId=null, medicoId=111, pacienteId=111, fecha=30/11/2023, hora=09:00, duracion=3)
Citas(citaId=null, medicoId=112, pacienteId=112, fecha=30/11/2023, hora=09:00, duracion=3)
Citas(citaId=null, medicoId=113, pacienteId=113, fecha=30/11/2023, hora=09:00, duracion=3)
Citas(citaId=null, medicoId=114, pacienteId=114, fecha=30/11/2023, hora=09:00, duracion=3)
Citas(citaId=null, medicoId=115, pacienteId=115, fecha=30/11/2023, hora=09:00, duracion=3)
Citas(citaId=null, medicoId=116, pacienteId=116, fecha=30/11/2023, hora=09:00, duracion=3)
Citas(citaId=null, medicoId=117, pacienteId=117, fecha=30/11/2023, hora=09:00, duracion=3)
Citas(citaId=null, medicoId=118, pacienteId=118, fecha=30/11/2023, hora=09:00, duracion=3)
Citas(citaId=null, medicoId=119, pacienteId=119, fecha=30/11/2023, hora=09:00, duracion=3)
Citas(citaId=null, medicoId=120, pacienteId=120, fecha=30/11/2023, hora=09:00, duracion=3)
Citas(citaId=null, medicoId=121, pacienteId=121, fecha=30/11/2023, hora=09:00, duracion=3)
Citas(citaId=null, medicoId=122, pacienteId=122, fecha=30/11/2023, hora=09:00, duracion=3)
Citas(citaId=null, medicoId=123, pacienteId=123, fecha=30/11/2023, hora=09:00, duracion=3)
Citas(citaId=null, medicoId=124, pacienteId=124, fecha=30/11/2023, hora=09:00, duracion=3)
Citas(citaId=null, medicoId=125, pacienteId=125, fecha=30/11/2023, hora=09:00, duracion=3)
Citas(citaId=null, medicoId=126, pacienteId=126, fecha=30/11/2023, hora=09:00, duracion=3)
Citas(citaId=null, medicoId=127, pacienteId=127, fecha=30/11/2023, hora=09:00, duracion=3)
Citas(citaId=null, medicoId=128, pacienteId=128, fecha=30/11/2023, hora=09:00, duracion=3)
Citas(citaId=null, medicoId=129, pacienteId=129, fecha=30/11/2023, hora=09:00, duracion=3)
Citas(citaId=null, medicoId=130, pacienteId=130, fecha=30/11/2023, hora=09:00, duracion=3)
Citas(citaId=null, medicoId=131, pacienteId=131, fecha=30/11/2023, hora=09:00, duracion=3)
Citas(citaId=null, medicoId=132, pacienteId=132, fecha=30/11/2023, hora=09:00, duracion=3)
Citas(citaId=null, medicoId=133, pacienteId=133, fecha=30/11/2023, hora=09:00, duracion=3)
Citas(citaId=null, medicoId=134, pacienteId=134, fecha=30/11/2023, hora=09:00, duracion=3)
Citas(citaId=null, medicoId=135, pacienteId=135, fecha=30/11/2023, hora=09:00, duracion=3)
Citas(citaId=null, medicoId=136, pacienteId=136, fecha=30/11/2023, hora=09:00, duracion=3)
Citas(citaId=null, medicoId=137, pacienteId=137, fecha=30/11/2023, hora=09:00, duracion=3)
Citas(citaId=null, medicoId=138, pacienteId=138, fecha=30/11/2023, hora=09:00, duracion=3)
Citas(citaId=null, medicoId=139, pacienteId=139, fecha=30/11/2023, hora=09:00, duracion=3)
Citas(citaId=null, medicoId=140, pacienteId=140, fecha=30/11/2023, hora=09:00, duracion=3)
Citas(citaId=null, medicoId=141, pacienteId=141, fecha=30/11/2023, hora=09:00, duracion=3)
Citas(citaId=null, medicoId=142, pacienteId=142, fecha=30/11/2023, hora=09:00, duracion=3)
Citas(citaId=null, medicoId=143, pacienteId=143, fecha=30/11/2023, hora=09:00, duracion=3)
Citas(citaId=null, medicoId=144, pacienteId=144, fecha=30/11/2023, hora=09:00, duracion=3)
Citas(citaId=null, medicoId=145, pacienteId=145, fecha=30/11/2023, hora=09:00, duracion=3)
Citas(citaId=null, medicoId=146, pacienteId=146, fecha=30/11/2023, hora=09:00, duracion=3)
Citas(citaId=null, medicoId=147, pacienteId=147, fecha=30/11/2023, hora=09:00, duracion=3)
Citas(citaId=null, medicoId=148, pacienteId=148, fecha=30/11/2023, hora=09:00, duracion=3)
Citas(citaId=null, medicoId=149, pacienteId=149, fecha=30/11/2023, hora=09:00, duracion=3)
Citas(citaId=null, medicoId=150, pacienteId=150, fecha=30/11/2023, hora=09:00, duracion=3)
Citas(citaId=null, medicoId=151, pacienteId=151, fecha=30/11/2023, hora=09:00, duracion=3)
Citas(citaId=null, medicoId=152, pacienteId=152, fecha=30/11/2023, hora=09:00, duracion=3)
Citas(citaId=null, medicoId=153, pacienteId=153, fecha=30/11/2023, hora=09:00, duracion=3)
Citas(citaId=null, medicoId=154, pacienteId=154, fecha=30/11/2023, hora=09:00, duracion=3)
Citas(citaId=null, medicoId=155, pacienteId=155, fecha=30/11/2023, hora=09:00, duracion=3)
Citas(citaId=null, medicoId=156, pacienteId=156, fecha=30/11/2023, hora=09:00, duracion=3)
Citas(citaId=null, medicoId=157, pacienteId=157, fecha=30/11/2023, hora=09:00, duracion=3)
Citas(citaId=null, medicoId=158, pacienteId=158, fecha=30/11/2023, hora=09:00, duracion=3)
Citas(citaId=null, medicoId=159, pacienteId=159, fecha=30/11/2023, hora=09:00, duracion=3)
Citas(citaId=null, medicoId=160, pacienteId=160, fecha=30/11/2023, hora=09:00, duracion=3)
Citas(citaId=null, medicoId=161, pacienteId=161, fecha=30/11/2023, hora=09:00, duracion=3)
Citas(citaId=null, medicoId=162, pacienteId=162, fecha=30/11/2023, hora=09:00, duracion=3)
Citas(citaId=null, medicoId=163, pacienteId=163, fecha=30/11/2023, hora=09:00, duracion=3)
Citas(citaId=null, medicoId=164, pacienteId=164, fecha=30/11/2023, hora=09:00, duracion=3)
Citas(citaId=null, medicoId=165, pacienteId=165, fecha=30/11/2023, hora=09:00, duracion=3)
Citas(citaId=null, medicoId=166, pacienteId=166, fecha=30/11/2023, hora=09:00, duracion=4)
Citas(citaId=null, medicoId=167, pacienteId=167, fecha=30/11/2023, hora=09:00, duracion=4)
Citas(citaId=null, medicoId=168, pacienteId=168, fecha=30/11/2023, hora=09:00, duracion=4)
Citas(citaId=null, medicoId=169, pacienteId=169, fecha=30/11/2023, hora=09:00, duracion=4)
Citas(citaId=null, medicoId=170, pacienteId=170, fecha=30/11/2023, hora=09:00, duracion=4)
Citas(citaId=null, medicoId=171, pacienteId=171, fecha=30/11/2023, hora=09:00, duracion=4)
Citas(citaId=null, medicoId=172, pacienteId=172, fecha=30/11/2023, hora=09:00, duracion=4)
Citas(citaId=null, medicoId=173, pacienteId=173, fecha=30/11/2023, hora=09:00, duracion=4)
Citas(citaId=null, medicoId=174, pacienteId=174, fecha=30/11/2023, hora=09:00, duracion=4)
Citas(citaId=null, medicoId=175, pacienteId=175, fecha=30/11/2023, hora=09:00, duracion=4)
Citas(citaId=null, medicoId=176, pacienteId=176, fecha=30/11/2023, hora=09:00, duracion=4)
Citas(citaId=null, medicoId=177, pacienteId=177, fecha=30/11/2023, hora=09:00, duracion=4)
Citas(citaId=null, medicoId=178, pacienteId=178, fecha=30/11/2023, hora=09:00, duracion=4)
Citas(citaId=null, medicoId=179, pacienteId=179, fecha=30/11/2023, hora=09:00, duracion=4)
Citas(citaId=null, medicoId=180, pacienteId=180, fecha=30/11/2023, hora=09:00, duracion=4)
Citas(citaId=null, medicoId=181, pacienteId=181, fecha=30/11/2023, hora=09:00, duracion=4)
Citas(citaId=null, medicoId=182, pacienteId=182, fecha=30/11/2023, hora=09:00, duracion=4)
Citas(citaId=null, medicoId=183, pacienteId=183, fecha=30/11/2023, hora=09:00, duracion=4)
Citas(citaId=null, medicoId=184, pacienteId=184, fecha=30/11/2023, hora=09:00, duracion=4)
Citas(citaId=null, medicoId=185, pacienteId=185, fecha=30/11/2023, hora=09:00, duracion=4)
Citas(citaId=null, medicoId=186, pacienteId=186, fecha=30/11/2023, hora=09:00, duracion=4)
Citas(citaId=null, medicoId=187, pacienteId=187, fecha=30/11/2023, hora=09:00, duracion=4)
Citas(citaId=null, medicoId=188, pacienteId=188, fecha=30/11/2023, hora=09:00, duracion=4)
Citas(citaId=null, medicoId=189, pacienteId=189, fecha=30/11/2023, hora=09:00, duracion=4)
Citas(citaId=null, medicoId=190, pacienteId=190, fecha=30/11/2023, hora=09:00, duracion=4)
Citas(citaId=null, medicoId=191, pacienteId=191, fecha=30/11/2023, hora=09:00, duracion=4)
Citas(citaId=null, medicoId=192, pacienteId=192, fecha=30/11/2023, hora=09:00, duracion=4)
Citas(citaId=null, medicoId=193, pacienteId=193, fecha=30/11/2023, hora=09:00, duracion=4)
Citas(citaId=null, medicoId=194, pacienteId=194, fecha=30/11/2023, hora=09:00, duracion=4)
Citas(citaId=null, medicoId=195, pacienteId=195, fecha=30/11/2023, hora=09:00, duracion=4)
Citas(citaId=null, medicoId=196, pacienteId=196, fecha=30/11/2023, hora=09:00, duracion=4)
Citas(citaId=null, medicoId=197, pacienteId=197, fecha=30/11/2023, hora=09:00, duracion=4)
Citas(citaId=null, medicoId=198, pacienteId=198, fecha=30/11/2023, hora=09:00, duracion=4)
Citas(citaId=null, medicoId=199, pacienteId=199, fecha=30/11/2023, hora=09:00, duracion=4)
Citas(citaId=null, medicoId=200, pacienteId=200, fecha=30/11/2023, hora=09:00, duracion=4)
Citas(citaId=null, medicoId=201, pacienteId=201, fecha=30/11/2023, hora=09:00, duracion=4)
Citas(citaId=null, medicoId=202, pacienteId=202, fecha=30/11/2023, hora=09:00, duracion=4)
Citas(citaId=null, medicoId=203, pacienteId=203, fecha=30/11/2023, hora=09:00, duracion=4)
Citas(citaId=null, medicoId=204, pacienteId=204, fecha=30/11/2023, hora=09:00, duracion=4)
Citas(citaId=null, medicoId=205, pacienteId=205, fecha=30/11/2023, hora=09:00, duracion=4)
Citas(citaId=null, medicoId=206, pacienteId=206, fecha=30/11/2023, hora=09:00, duracion=4)
Citas(citaId=null, medicoId=207, pacienteId=207, fecha=30/11/2023, hora=09:00, duracion=4)
Citas(citaId=null, medicoId=208, pacienteId=208, fecha=30/11/2023, hora=09:00, duracion=4)
Citas(citaId=null, medicoId=209, pacienteId=209, fecha=30/11/2023, hora=09:00, duracion=4)
Citas(citaId=null, medicoId=210, pacienteId=210, fecha=30/11/2023, hora=09:00, duracion=4)
Citas(citaId=null, medicoId=211, pacienteId=211, fecha=30/11/2023, hora=09:00, duracion=4)
Citas(citaId=null, medicoId=212, pacienteId=212, fecha=30/11/2023, hora=09:00, duracion=4)
Citas(citaId=null, medicoId=213, pacienteId=213, fecha=30/11/2023, hora=09:00, duracion=4)
Citas(citaId=null, medicoId=214, pacienteId=214, fecha=30/11/2023, hora=09:00, duracion=4)
Citas(citaId=null, medicoId=215, pacienteId=215, fecha=30/11/2023, hora=09:00, duracion=4)
Citas(citaId=null, medicoId=216, pacienteId=216, fecha=30/11/2023, hora=09:00, duracion=4)
Citas(citaId=null, medicoId=217, pacienteId=217, fecha=30/11/2023, hora=09:00, duracion=4)
Citas(citaId=null, medicoId=218, pacienteId=218, fecha=30/11/2023, hora=09:00, duracion=4)
Citas(citaId=null, medicoId=219, pacienteId=219, fecha=30/11/2023, hora=09:00, duracion=4)
Citas(citaId=null, medicoId=220, pacienteId=220, fecha=30/11/2023, hora=09:00, duracion=4)
Citas(citaId=null, medicoId=221, pacienteId=221, fecha=30/11/2023, hora=09:00, duracion=5)
Citas(citaId=null, medicoId=222, pacienteId=222, fecha=30/11/2023, hora=09:00, duracion=5)
Citas(citaId=null, medicoId=223, pacienteId=223, fecha=30/11/2023, hora=09:00, duracion=5)
Citas(citaId=null, medicoId=224, pacienteId=224, fecha=30/11/2023, hora=09:00, duracion=5)
Citas(citaId=null, medicoId=225, pacienteId=225, fecha=30/11/2023, hora=09:00, duracion=5)
Citas(citaId=null, medicoId=226, pacienteId=226, fecha=30/11/2023, hora=09:00, duracion=5)
Citas(citaId=null, medicoId=227, pacienteId=227, fecha=30/11/2023, hora=09:00, duracion=5)
Citas(citaId=null, medicoId=228, pacienteId=228, fecha=30/11/2023, hora=09:00, duracion=5)
Citas(citaId=null, medicoId=229, pacienteId=229, fecha=30/11/2023, hora=09:00, duracion=5)
Citas(citaId=null, medicoId=230, pacienteId=230, fecha=30/11/2023, hora=09:00, duracion=5)
Citas(citaId=null, medicoId=231, pacienteId=231, fecha=30/11/2023, hora=09:00, duracion=5)
Citas(citaId=null, medicoId=232, pacienteId=232, fecha=30/11/2023, hora=09:00, duracion=5)
Citas(citaId=null, medicoId=233, pacienteId=233, fecha=30/11/2023, hora=09:00, duracion=5)
Citas(citaId=null, medicoId=234, pacienteId=234, fecha=30/11/2023, hora=09:00, duracion=5)
Citas(citaId=null, medicoId=235, pacienteId=235, fecha=30/11/2023, hora=09:00, duracion=5)
Citas(citaId=null, medicoId=236, pacienteId=236, fecha=30/11/2023, hora=09:00, duracion=5)
Citas(citaId=null, medicoId=237, pacienteId=237, fecha=30/11/2023, hora=09:00, duracion=5)
Citas(citaId=null, medicoId=238, pacienteId=238, fecha=30/11/2023, hora=09:00, duracion=5)
Citas(citaId=null, medicoId=239, pacienteId=239, fecha=30/11/2023, hora=09:00, duracion=5)
Citas(citaId=null, medicoId=240, pacienteId=240, fecha=30/11/2023, hora=09:00, duracion=5)
Citas(citaId=null, medicoId=241, pacienteId=241, fecha=30/11/2023, hora=09:00, duracion=5)
Citas(citaId=null, medicoId=242, pacienteId=242, fecha=30/11/2023, hora=09:00, duracion=5)
Citas(citaId=null, medicoId=243, pacienteId=243, fecha=30/11/2023, hora=09:00, duracion=5)
Citas(citaId=null, medicoId=244, pacienteId=244, fecha=30/11/2023, hora=09:00, duracion=5)
Citas(citaId=null, medicoId=245, pacienteId=245, fecha=30/11/2023, hora=09:00, duracion=5)
Citas(citaId=null, medicoId=246, pacienteId=246, fecha=30/11/2023, hora=09:00, duracion=5)
Citas(citaId=null, medicoId=247, pacienteId=247, fecha=30/11/2023, hora=09:00, duracion=5)
Citas(citaId=null, medicoId=248, pacienteId=248, fecha=30/11/2023, hora=09:00, duracion=5)
Citas(citaId=null, medicoId=249, pacienteId=249, fecha=30/11/2023, hora=09:00, duracion=5)
Citas(citaId=null, medicoId=250, pacienteId=250, fecha=30/11/2023, hora=09:00, duracion=5)
Citas(citaId=null, medicoId=251, pacienteId=251, fecha=30/11/2023, hora=09:00, duracion=5)
Citas(citaId=null, medicoId=252, pacienteId=252, fecha=30/11/2023, hora=09:00, duracion=5)
Citas(citaId=null, medicoId=253, pacienteId=253, fecha=30/11/2023, hora=09:00, duracion=5)
Citas(citaId=null, medicoId=254, pacienteId=254, fecha=30/11/2023, hora=09:00, duracion=5)
Citas(citaId=null, medicoId=255, pacienteId=255, fecha=30/11/2023, hora=09:00, duracion=5)
Citas(citaId=null, medicoId=256, pacienteId=256, fecha=30/11/2023, hora=09:00, duracion=5)
Citas(citaId=null, medicoId=257, pacienteId=257, fecha=30/11/2023, hora=09:00, duracion=5)
Citas(citaId=null, medicoId=258, pacienteId=258, fecha=30/11/2023, hora=09:00, duracion=5)
Citas(citaId=null, medicoId=259, pacienteId=259, fecha=30/11/2023, hora=09:00, duracion=5)
Citas(citaId=null, medicoId=260, pacienteId=260, fecha=30/11/2023, hora=09:00, duracion=5)
Citas(citaId=null, medicoId=261, pacienteId=261, fecha=30/11/2023, hora=09:00, duracion=5)
Citas(citaId=null, medicoId=262, pacienteId=262, fecha=30/11/2023, hora=09:00, duracion=5)
Citas(citaId=null, medicoId=263, pacienteId=263, fecha=30/11/2023, hora=09:00, duracion=5)
Citas(citaId=null, medicoId=264, pacienteId=264, fecha=30/11/2023, hora=09:00, duracion=5)
Citas(citaId=null, medicoId=265, pacienteId=265, fecha=30/11/2023, hora=09:00, duracion=5)
Citas(citaId=null, medicoId=266, pacienteId=266, fecha=30/11/2023, hora=09:00, duracion=5)
Citas(citaId=null, medicoId=267, pacienteId=267, fecha=30/11/2023, hora=09:00, duracion=5)
Citas(citaId=null, medicoId=268, pacienteId=268, fecha=30/11/2023, hora=09:00, duracion=5)
Citas(citaId=null, medicoId=269, pacienteId=269, fecha=30/11/2023, hora=09:00, duracion=5)
Citas(citaId=null, medicoId=270, pacienteId=270, fecha=30/11/2023, hora=09:00, duracion=5)
Citas(citaId=null, medicoId=271, pacienteId=271, fecha=30/11/2023, hora=09:00, duracion=5)
Citas(citaId=null, medicoId=272, pacienteId=272, fecha=30/11/2023, hora=09:00, duracion=5)
Citas(citaId=null, medicoId=273, pacienteId=273, fecha=30/11/2023, hora=09:00, duracion=5)
Citas(citaId=null, medicoId=274, pacienteId=274, fecha=30/11/2023, hora=09:00, duracion=5)
Citas(citaId=null, medicoId=275, pacienteId=275, fecha=30/11/2023, hora=09:00, duracion=5)
Citas(citaId=null, medicoId=276, pacienteId=276, fecha=30/11/2023, hora=09:00, duracion=6)
Citas(citaId=null, medicoId=277, pacienteId=277, fecha=30/11/2023, hora=09:00, duracion=6)
Citas(citaId=null, medicoId=278, pacienteId=278, fecha=30/11/2023, hora=09:00, duracion=6)
Citas(citaId=null, medicoId=279, pacienteId=279, fecha=30/11/2023, hora=09:00, duracion=6)
Citas(citaId=null, medicoId=280, pacienteId=280, fecha=30/11/2023, hora=09:00, duracion=6)
Citas(citaId=null, medicoId=281, pacienteId=281, fecha=30/11/2023, hora=09:00, duracion=6)
Citas(citaId=null, medicoId=282, pacienteId=282, fecha=30/11/2023, hora=09:00, duracion=6)
Citas(citaId=null, medicoId=283, pacienteId=283, fecha=30/11/2023, hora=09:00, duracion=6)
Citas(citaId=null, medicoId=284, pacienteId=284, fecha=30/11/2023, hora=09:00, duracion=6)
Citas(citaId=null, medicoId=285, pacienteId=285, fecha=30/11/2023, hora=09:00, duracion=6)
Citas(citaId=null, medicoId=286, pacienteId=286, fecha=30/11/2023, hora=09:00, duracion=6)
Citas(citaId=null, medicoId=287, pacienteId=287, fecha=30/11/2023, hora=09:00, duracion=6)
Citas(citaId=null, medicoId=288, pacienteId=288, fecha=30/11/2023, hora=09:00, duracion=6)
Citas(citaId=null, medicoId=289, pacienteId=289, fecha=30/11/2023, hora=09:00, duracion=6)
Citas(citaId=null, medicoId=290, pacienteId=290, fecha=30/11/2023, hora=09:00, duracion=6)
Citas(citaId=null, medicoId=291, pacienteId=291, fecha=30/11/2023, hora=09:00, duracion=6)
Citas(citaId=null, medicoId=292, pacienteId=292, fecha=30/11/2023, hora=09:00, duracion=6)
Citas(citaId=null, medicoId=293, pacienteId=293, fecha=30/11/2023, hora=09:00, duracion=6)
Citas(citaId=null, medicoId=294, pacienteId=294, fecha=30/11/2023, hora=09:00, duracion=6)
Citas(citaId=null, medicoId=295, pacienteId=295, fecha=30/11/2023, hora=09:00, duracion=6)
Citas(citaId=null, medicoId=296, pacienteId=296, fecha=30/11/2023, hora=09:00, duracion=6)
Citas(citaId=null, medicoId=297, pacienteId=297, fecha=30/11/2023, hora=09:00, duracion=6)
Citas(citaId=null, medicoId=298, pacienteId=298, fecha=30/11/2023, hora=09:00, duracion=6)
Citas(citaId=null, medicoId=299, pacienteId=299, fecha=30/11/2023, hora=09:00, duracion=6)
Citas(citaId=null, medicoId=300, pacienteId=300, fecha=30/11/2023, hora=09:00, duracion=6)
Citas(citaId=null, medicoId=301, pacienteId=301, fecha=30/11/2023, hora=09:00, duracion=6)
Citas(citaId=null, medicoId=302, pacienteId=302, fecha=30/11/2023, hora=09:00, duracion=6)
Citas(citaId=null, medicoId=303, pacienteId=303, fecha=30/11/2023, hora=09:00, duracion=6)
Citas(citaId=null, medicoId=304, pacienteId=304, fecha=30/11/2023, hora=09:00, duracion=6)
Citas(citaId=null, medicoId=305, pacienteId=305, fecha=30/11/2023, hora=09:00, duracion=6)
Citas(citaId=null, medicoId=306, pacienteId=306, fecha=30/11/2023, hora=09:00, duracion=6)
Citas(citaId=null, medicoId=307, pacienteId=307, fecha=30/11/2023, hora=09:00, duracion=6)
Citas(citaId=null, medicoId=308, pacienteId=308, fecha=30/11/2023, hora=09:00, duracion=6)
Citas(citaId=null, medicoId=309, pacienteId=309, fecha=30/11/2023, hora=09:00, duracion=6)
Citas(citaId=null, medicoId=310, pacienteId=310, fecha=30/11/2023, hora=09:00, duracion=6)
Citas(citaId=null, medicoId=311, pacienteId=311, fecha=30/11/2023, hora=09:00, duracion=6)
Citas(citaId=null, medicoId=312, pacienteId=312, fecha=30/11/2023, hora=09:00, duracion=6)
Citas(citaId=null, medicoId=313, pacienteId=313, fecha=30/11/2023, hora=09:00, duracion=6)
Citas(citaId=null, medicoId=314, pacienteId=314, fecha=30/11/2023, hora=09:00, duracion=6)
Citas(citaId=null, medicoId=315, pacienteId=315, fecha=30/11/2023, hora=09:00, duracion=6)
Citas(citaId=null, medicoId=316, pacienteId=316, fecha=30/11/2023, hora=09:00, duracion=6)
Citas(citaId=null, medicoId=317, pacienteId=317, fecha=30/11/2023, hora=09:00, duracion=6)
Citas(citaId=null, medicoId=318, pacienteId=318, fecha=30/11/2023, hora=09:00, duracion=6)
Citas(citaId=null, medicoId=319, pacienteId=319, fecha=30/11/2023, hora=09:00, duracion=6)
Citas(citaId=null, medicoId=320, pacienteId=320, fecha=30/11/2023, hora=09:00, duracion=6)
Citas(citaId=null, medicoId=321, pacienteId=321, fecha=30/11/2023, hora=09:00, duracion=6)
Citas(citaId=null, medicoId=322, pacienteId=322, fecha=30/11/2023, hora=09:00, duracion=6)
Citas(citaId=null, medicoId=323, pacienteId=323, fecha=30/11/2023, hora=09:00, duracion=6)
Citas(citaId=null, medicoId=324, pacienteId=324, fecha=30/11/2023, hora=09:00, duracion=6)
Citas(citaId=null, medicoId=325, pacienteId=325, fecha=30/11/2023, hora=09:00, duracion=6)
Citas(citaId=null, medicoId=326, pacienteId=326, fecha=30/11/2023, hora=09:00, duracion=6)
Citas(citaId=null, medicoId=327, pacienteId=327, fecha=30/11/2023, hora=09:00, duracion=6)
Citas(citaId=null, medicoId=328, pacienteId=328, fecha=30/11/2023, hora=09:00, duracion=6)
Citas(citaId=null, medicoId=329, pacienteId=329, fecha=30/11/2023, hora=09:00, duracion=6)
Citas(citaId=null, medicoId=330, pacienteId=330, fecha=30/11/2023, hora=09:00, duracion=6)
Citas(citaId=null, medicoId=331, pacienteId=331, fecha=30/11/2023, hora=09:00, duracion=7)
Citas(citaId=null, medicoId=332, pacienteId=332, fecha=30/11/2023, hora=09:00, duracion=7)
Citas(citaId=null, medicoId=333, pacienteId=333, fecha=30/11/2023, hora=09:00, duracion=7)
Citas(citaId=null, medicoId=334, pacienteId=334, fecha=30/11/2023, hora=09:00, duracion=7)
Citas(citaId=null, medicoId=335, pacienteId=335, fecha=30/11/2023, hora=09:00, duracion=7)
Citas(citaId=null, medicoId=336, pacienteId=336, fecha=30/11/2023, hora=09:00, duracion=7)
Citas(citaId=null, medicoId=337, pacienteId=337, fecha=30/11/2023, hora=09:00, duracion=7)
Citas(citaId=null, medicoId=338, pacienteId=338, fecha=30/11/2023, hora=09:00, duracion=7)
Citas(citaId=null, medicoId=339, pacienteId=339, fecha=30/11/2023, hora=09:00, duracion=7)
Citas(citaId=null, medicoId=340, pacienteId=340, fecha=30/11/2023, hora=09:00, duracion=7)
Citas(citaId=null, medicoId=341, pacienteId=341, fecha=30/11/2023, hora=09:00, duracion=7)
Citas(citaId=null, medicoId=342, pacienteId=342, fecha=30/11/2023, hora=09:00, duracion=7)
Citas(citaId=null, medicoId=343, pacienteId=343, fecha=30/11/2023, hora=09:00, duracion=7)
Citas(citaId=null, medicoId=344, pacienteId=344, fecha=30/11/2023, hora=09:00, duracion=7)
Citas(citaId=null, medicoId=345, pacienteId=345, fecha=30/11/2023, hora=09:00, duracion=7)
Citas(citaId=null, medicoId=346, pacienteId=346, fecha=30/11/2023, hora=09:00, duracion=7)
Citas(citaId=null, medicoId=347, pacienteId=347, fecha=30/11/2023, hora=09:00, duracion=7)
Citas(citaId=null, medicoId=348, pacienteId=348, fecha=30/11/2023, hora=09:00, duracion=7)
Citas(citaId=null, medicoId=349, pacienteId=349, fecha=30/11/2023, hora=09:00, duracion=7)
Citas(citaId=null, medicoId=350, pacienteId=350, fecha=30/11/2023, hora=09:00, duracion=7)
Citas(citaId=null, medicoId=351, pacienteId=351, fecha=30/11/2023, hora=09:00, duracion=7)
Citas(citaId=null, medicoId=352, pacienteId=352, fecha=30/11/2023, hora=09:00, duracion=7)
Citas(citaId=null, medicoId=353, pacienteId=353, fecha=30/11/2023, hora=09:00, duracion=7)
Citas(citaId=null, medicoId=354, pacienteId=354, fecha=30/11/2023, hora=09:00, duracion=7)
Citas(citaId=null, medicoId=355, pacienteId=355, fecha=30/11/2023, hora=09:00, duracion=7)
Citas(citaId=null, medicoId=356, pacienteId=356, fecha=30/11/2023, hora=09:00, duracion=7)
Citas(citaId=null, medicoId=357, pacienteId=357, fecha=30/11/2023, hora=09:00, duracion=7)
Citas(citaId=null, medicoId=358, pacienteId=358, fecha=30/11/2023, hora=09:00, duracion=7)
Citas(citaId=null, medicoId=359, pacienteId=359, fecha=30/11/2023, hora=09:00, duracion=7)
Citas(citaId=null, medicoId=360, pacienteId=360, fecha=30/11/2023, hora=09:00, duracion=7)
Citas(citaId=null, medicoId=361, pacienteId=361, fecha=30/11/2023, hora=09:00, duracion=7)
Citas(citaId=null, medicoId=362, pacienteId=362, fecha=30/11/2023, hora=09:00, duracion=7)
Citas(citaId=null, medicoId=363, pacienteId=363, fecha=30/11/2023, hora=09:00, duracion=7)
Citas(citaId=null, medicoId=364, pacienteId=364, fecha=30/11/2023, hora=09:00, duracion=7)
Citas(citaId=null, medicoId=365, pacienteId=365, fecha=30/11/2023, hora=09:00, duracion=7)
Citas(citaId=null, medicoId=366, pacienteId=366, fecha=30/11/2023, hora=09:00, duracion=7)
Citas(citaId=null, medicoId=367, pacienteId=367, fecha=30/11/2023, hora=09:00, duracion=7)
Citas(citaId=null, medicoId=368, pacienteId=368, fecha=30/11/2023, hora=09:00, duracion=7)
Citas(citaId=null, medicoId=369, pacienteId=369, fecha=30/11/2023, hora=09:00, duracion=7)
Citas(citaId=null, medicoId=370, pacienteId=370, fecha=30/11/2023, hora=09:00, duracion=7)
Citas(citaId=null, medicoId=371, pacienteId=371, fecha=30/11/2023, hora=09:00, duracion=7)
Citas(citaId=null, medicoId=372, pacienteId=372, fecha=30/11/2023, hora=09:00, duracion=7)
Citas(citaId=null, medicoId=373, pacienteId=373, fecha=30/11/2023, hora=09:00, duracion=7)
Citas(citaId=null, medicoId=374, pacienteId=374, fecha=30/11/2023, hora=09:00, duracion=7)
Citas(citaId=null, medicoId=375, pacienteId=375, fecha=30/11/2023, hora=09:00, duracion=7)
Citas(citaId=null, medicoId=376, pacienteId=376, fecha=30/11/2023, hora=09:00, duracion=7)
Citas(citaId=null, medicoId=377, pacienteId=377, fecha=30/11/2023, hora=09:00, duracion=7)
Citas(citaId=null, medicoId=378, pacienteId=378, fecha=30/11/2023, hora=09:00, duracion=7)
Citas(citaId=null, medicoId=379, pacienteId=379, fecha=30/11/2023, hora=09:00, duracion=7)
Citas(citaId=null, medicoId=380, pacienteId=380, fecha=30/11/2023, hora=09:00, duracion=7)
Citas(citaId=null, medicoId=381, pacienteId=381, fecha=30/11/2023, hora=09:00, duracion=7)
Citas(citaId=null, medicoId=382, pacienteId=382, fecha=30/11/2023, hora=09:00, duracion=7)
Citas(citaId=null, medicoId=383, pacienteId=383, fecha=30/11/2023, hora=09:00, duracion=7)
Citas(citaId=null, medicoId=384, pacienteId=384, fecha=30/11/2023, hora=09:00, duracion=7)
Citas(citaId=null, medicoId=385, pacienteId=385, fecha=30/11/2023, hora=09:00, duracion=7)
Citas(citaId=null, medicoId=386, pacienteId=386, fecha=30/11/2023, hora=09:00, duracion=8)
Citas(citaId=null, medicoId=387, pacienteId=387, fecha=30/11/2023, hora=09:00, duracion=8)
Citas(citaId=null, medicoId=388, pacienteId=388, fecha=30/11/2023, hora=09:00, duracion=8)
Citas(citaId=null, medicoId=389, pacienteId=389, fecha=30/11/2023, hora=09:00, duracion=8)
Citas(citaId=null, medicoId=390, pacienteId=390, fecha=30/11/2023, hora=09:00, duracion=8)
Citas(citaId=null, medicoId=391, pacienteId=391, fecha=30/11/2023, hora=09:00, duracion=8)
Citas(citaId=null, medicoId=392, pacienteId=392, fecha=30/11/2023, hora=09:00, duracion=8)
Citas(citaId=null, medicoId=393, pacienteId=393, fecha=30/11/2023, hora=09:00, duracion=8)
Citas(citaId=null, medicoId=394, pacienteId=394, fecha=30/11/2023, hora=09:00, duracion=8)
Citas(citaId=null, medicoId=395, pacienteId=395, fecha=30/11/2023, hora=09:00, duracion=8)
Citas(citaId=null, medicoId=396, pacienteId=396, fecha=30/11/2023, hora=09:00, duracion=8)
Citas(citaId=null, medicoId=397, pacienteId=397, fecha=30/11/2023, hora=09:00, duracion=8)
Citas(citaId=null, medicoId=398, pacienteId=398, fecha=30/11/2023, hora=09:00, duracion=8)
Citas(citaId=null, medicoId=399, pacienteId=399, fecha=30/11/2023, hora=09:00, duracion=8)
Citas(citaId=null, medicoId=400, pacienteId=400, fecha=30/11/2023, hora=09:00, duracion=8)
Citas(citaId=null, medicoId=401, pacienteId=401, fecha=30/11/2023, hora=09:00, duracion=8)
Citas(citaId=null, medicoId=402, pacienteId=402, fecha=30/11/2023, hora=09:00, duracion=8)
Citas(citaId=null, medicoId=403, pacienteId=403, fecha=30/11/2023, hora=09:00, duracion=8)
Citas(citaId=null, medicoId=404, pacienteId=404, fecha=30/11/2023, hora=09:00, duracion=8)
Citas(citaId=null, medicoId=405, pacienteId=405, fecha=30/11/2023, hora=09:00, duracion=8)
Citas(citaId=null, medicoId=406, pacienteId=406, fecha=30/11/2023, hora=09:00, duracion=8)
Citas(citaId=null, medicoId=407, pacienteId=407, fecha=30/11/2023, hora=09:00, duracion=8)
Citas(citaId=null, medicoId=408, pacienteId=408, fecha=30/11/2023, hora=09:00, duracion=8)
Citas(citaId=null, medicoId=409, pacienteId=409, fecha=30/11/2023, hora=09:00, duracion=8)
Citas(citaId=null, medicoId=410, pacienteId=410, fecha=30/11/2023, hora=09:00, duracion=8)
Citas(citaId=null, medicoId=411, pacienteId=411, fecha=30/11/2023, hora=09:00, duracion=8)
Citas(citaId=null, medicoId=412, pacienteId=412, fecha=30/11/2023, hora=09:00, duracion=8)
Citas(citaId=null, medicoId=413, pacienteId=413, fecha=30/11/2023, hora=09:00, duracion=8)
Citas(citaId=null, medicoId=414, pacienteId=414, fecha=30/11/2023, hora=09:00, duracion=8)
Citas(citaId=null, medicoId=415, pacienteId=415, fecha=30/11/2023, hora=09:00, duracion=8)
Citas(citaId=null, medicoId=416, pacienteId=416, fecha=30/11/2023, hora=09:00, duracion=8)
Citas(citaId=null, medicoId=417, pacienteId=417, fecha=30/11/2023, hora=09:00, duracion=8)
Citas(citaId=null, medicoId=418, pacienteId=418, fecha=30/11/2023, hora=09:00, duracion=8)
Citas(citaId=null, medicoId=419, pacienteId=419, fecha=30/11/2023, hora=09:00, duracion=8)
Citas(citaId=null, medicoId=420, pacienteId=420, fecha=30/11/2023, hora=09:00, duracion=8)
Citas(citaId=null, medicoId=421, pacienteId=421, fecha=30/11/2023, hora=09:00, duracion=8)
Citas(citaId=null, medicoId=422, pacienteId=422, fecha=30/11/2023, hora=09:00, duracion=8)
Citas(citaId=null, medicoId=423, pacienteId=423, fecha=30/11/2023, hora=09:00, duracion=8)
Citas(citaId=null, medicoId=424, pacienteId=424, fecha=30/11/2023, hora=09:00, duracion=8)
Citas(citaId=null, medicoId=425, pacienteId=425, fecha=30/11/2023, hora=09:00, duracion=8)
Citas(citaId=null, medicoId=426, pacienteId=426, fecha=30/11/2023, hora=09:00, duracion=8)
Citas(citaId=null, medicoId=427, pacienteId=427, fecha=30/11/2023, hora=09:00, duracion=8)
Citas(citaId=null, medicoId=428, pacienteId=428, fecha=30/11/2023, hora=09:00, duracion=8)
Citas(citaId=null, medicoId=429, pacienteId=429, fecha=30/11/2023, hora=09:00, duracion=8)
Citas(citaId=null, medicoId=430, pacienteId=430, fecha=30/11/2023, hora=09:00, duracion=8)
Citas(citaId=null, medicoId=431, pacienteId=431, fecha=30/11/2023, hora=09:00, duracion=8)
Citas(citaId=null, medicoId=432, pacienteId=432, fecha=30/11/2023, hora=09:00, duracion=8)
Citas(citaId=null, medicoId=433, pacienteId=433, fecha=30/11/2023, hora=09:00, duracion=8)
Citas(citaId=null, medicoId=434, pacienteId=434, fecha=30/11/2023, hora=09:00, duracion=8)
Citas(citaId=null, medicoId=435, pacienteId=435, fecha=30/11/2023, hora=09:00, duracion=8)
Citas(citaId=null, medicoId=436, pacienteId=436, fecha=30/11/2023, hora=09:00, duracion=8)
Citas(citaId=null, medicoId=437, pacienteId=437, fecha=30/11/2023, hora=09:00, duracion=8)
Citas(citaId=null, medicoId=438, pacienteId=438, fecha=30/11/2023, hora=09:00, duracion=8)
Citas(citaId=null, medicoId=439, pacienteId=439, fecha=30/11/2023, hora=09:00, duracion=8)
Citas(citaId=null, medicoId=440, pacienteId=440, fecha=30/11/2023, hora=09:00, duracion=8)
Citas(citaId=null, medicoId=441, pacienteId=441, fecha=30/11/2023, hora=09:00, duracion=9)
Citas(citaId=null, medicoId=442, pacienteId=442, fecha=30/11/2023, hora=09:00, duracion=9)
Citas(citaId=null, medicoId=443, pacienteId=443, fecha=30/11/2023, hora=09:00, duracion=9)
Citas(citaId=null, medicoId=444, pacienteId=444, fecha=30/11/2023, hora=09:00, duracion=9)
Citas(citaId=null, medicoId=445, pacienteId=445, fecha=30/11/2023, hora=09:00, duracion=9)
Citas(citaId=null, medicoId=446, pacienteId=446, fecha=30/11/2023, hora=09:00, duracion=9)
Citas(citaId=null, medicoId=447, pacienteId=447, fecha=30/11/2023, hora=09:00, duracion=9)
Citas(citaId=null, medicoId=448, pacienteId=448, fecha=30/11/2023, hora=09:00, duracion=9)
Citas(citaId=null, medicoId=449, pacienteId=449, fecha=30/11/2023, hora=09:00, duracion=9)
Citas(citaId=null, medicoId=450, pacienteId=450, fecha=30/11/2023, hora=09:00, duracion=9)
Citas(citaId=null, medicoId=451, pacienteId=451, fecha=30/11/2023, hora=09:00, duracion=9)
Citas(citaId=null, medicoId=452, pacienteId=452, fecha=30/11/2023, hora=09:00, duracion=9)
Citas(citaId=null, medicoId=453, pacienteId=453, fecha=30/11/2023, hora=09:00, duracion=9)
Citas(citaId=null, medicoId=454, pacienteId=454, fecha=30/11/2023, hora=09:00, duracion=9)
Citas(citaId=null, medicoId=455, pacienteId=455, fecha=30/11/2023, hora=09:00, duracion=9)
Citas(citaId=null, medicoId=456, pacienteId=456, fecha=30/11/2023, hora=09:00, duracion=9)
Citas(citaId=null, medicoId=457, pacienteId=457, fecha=30/11/2023, hora=09:00, duracion=9)
Citas(citaId=null, medicoId=458, pacienteId=458, fecha=30/11/2023, hora=09:00, duracion=9)
Citas(citaId=null, medicoId=459, pacienteId=459, fecha=30/11/2023, hora=09:00, duracion=9)
Citas(citaId=null, medicoId=460, pacienteId=460, fecha=30/11/2023, hora=09:00, duracion=9)
Citas(citaId=null, medicoId=461, pacienteId=461, fecha=30/11/2023, hora=09:00, duracion=9)
Citas(citaId=null, medicoId=462, pacienteId=462, fecha=30/11/2023, hora=09:00, duracion=9)
Citas(citaId=null, medicoId=463, pacienteId=463, fecha=30/11/2023, hora=09:00, duracion=9)
Citas(citaId=null, medicoId=464, pacienteId=464, fecha=30/11/2023, hora=09:00, duracion=9)
Citas(citaId=null, medicoId=465, pacienteId=465, fecha=30/11/2023, hora=09:00, duracion=9)
Citas(citaId=null, medicoId=466, pacienteId=466, fecha=30/11/2023, hora=09:00, duracion=9)
Citas(citaId=null, medicoId=467, pacienteId=467, fecha=30/11/2023, hora=09:00, duracion=9)
Citas(citaId=null, medicoId=468, pacienteId=468, fecha=30/11/2023, hora=09:00, duracion=9)
Citas(citaId=null, medicoId=469, pacienteId=469, fecha=30/11/2023, hora=09:00, duracion=9)
Citas(citaId=null, medicoId=470, pacienteId=470, fecha=30/11/2023, hora=09:00, duracion=9)
Citas(citaId=null, medicoId=471, pacienteId=471, fecha=30/11/2023, hora=09:00, duracion=9)
Citas(citaId=null, medicoId=472, pacienteId=472, fecha=30/11/2023, hora=09:00, duracion=9)
Citas(citaId=null, medicoId=473, pacienteId=473, fecha=30/11/2023, hora=09:00, duracion=9)
Citas(citaId=null, medicoId=474, pacienteId=474, fecha=30/11/2023, hora=09:00, duracion=9)
Citas(citaId=null, medicoId=475, pacienteId=475, fecha=30/11/2023, hora=09:00, duracion=9)
Citas(citaId=null, medicoId=476, pacienteId=476, fecha=30/11/2023, hora=09:00, duracion=9)
Citas(citaId=null, medicoId=477, pacienteId=477, fecha=30/11/2023, hora=09:00, duracion=9)
Citas(citaId=null, medicoId=478, pacienteId=478, fecha=30/11/2023, hora=09:00, duracion=9)
Citas(citaId=null, medicoId=479, pacienteId=479, fecha=30/11/2023, hora=09:00, duracion=9)
Citas(citaId=null, medicoId=480, pacienteId=480, fecha=30/11/2023, hora=09:00, duracion=9)
Citas(citaId=null, medicoId=481, pacienteId=481, fecha=30/11/2023, hora=09:00, duracion=9)
Citas(citaId=null, medicoId=482, pacienteId=482, fecha=30/11/2023, hora=09:00, duracion=9)
Citas(citaId=null, medicoId=483, pacienteId=483, fecha=30/11/2023, hora=09:00, duracion=9)
Citas(citaId=null, medicoId=484, pacienteId=484, fecha=30/11/2023, hora=09:00, duracion=9)
Citas(citaId=null, medicoId=485, pacienteId=485, fecha=30/11/2023, hora=09:00, duracion=9)
Citas(citaId=null, medicoId=486, pacienteId=486, fecha=30/11/2023, hora=09:00, duracion=9)
Citas(citaId=null, medicoId=487, pacienteId=487, fecha=30/11/2023, hora=09:00, duracion=9)
Citas(citaId=null, medicoId=488, pacienteId=488, fecha=30/11/2023, hora=09:00, duracion=9)
Citas(citaId=null, medicoId=489, pacienteId=489, fecha=30/11/2023, hora=09:00, duracion=9)
Citas(citaId=null, medicoId=490, pacienteId=490, fecha=30/11/2023, hora=09:00, duracion=9)
Citas(citaId=null, medicoId=491, pacienteId=491, fecha=30/11/2023, hora=09:00, duracion=9)
Citas(citaId=null, medicoId=492, pacienteId=492, fecha=30/11/2023, hora=09:00, duracion=9)
Citas(citaId=null, medicoId=493, pacienteId=493, fecha=30/11/2023, hora=09:00, duracion=9)
Citas(citaId=null, medicoId=494, pacienteId=494, fecha=30/11/2023, hora=09:00, duracion=9)
Citas(citaId=null, medicoId=495, pacienteId=495, fecha=30/11/2023, hora=09:00, duracion=9)
Citas(citaId=null, medicoId=496, pacienteId=496, fecha=30/11/2023, hora=09:00, duracion=1)
Citas(citaId=null, medicoId=497, pacienteId=497, fecha=30/11/2023, hora=09:00, duracion=1)
Citas(citaId=null, medicoId=498, pacienteId=498, fecha=30/11/2023, hora=09:00, duracion=1)
Citas(citaId=null, medicoId=499, pacienteId=499, fecha=30/11/2023, hora=09:00, duracion=1)
Citas(citaId=null, medicoId=500, pacienteId=500, fecha=30/11/2023, hora=09:00, duracion=1)
Citas(citaId=null, medicoId=501, pacienteId=501, fecha=30/11/2023, hora=09:00, duracion=1)
Citas(citaId=null, medicoId=502, pacienteId=502, fecha=30/11/2023, hora=09:00, duracion=1)
Citas(citaId=null, medicoId=503, pacienteId=503, fecha=30/11/2023, hora=09:00, duracion=1)
Citas(citaId=null, medicoId=504, pacienteId=504, fecha=30/11/2023, hora=09:00, duracion=1)
Citas(citaId=null, medicoId=505, pacienteId=505, fecha=30/11/2023, hora=09:00, duracion=1)
Citas(citaId=null, medicoId=506, pacienteId=506, fecha=30/11/2023, hora=09:00, duracion=1)
Citas(citaId=null, medicoId=507, pacienteId=507, fecha=30/11/2023, hora=09:00, duracion=1)
Citas(citaId=null, medicoId=508, pacienteId=508, fecha=30/11/2023, hora=09:00, duracion=1)
Citas(citaId=null, medicoId=509, pacienteId=509, fecha=30/11/2023, hora=09:00, duracion=1)
Citas(citaId=null, medicoId=510, pacienteId=510, fecha=30/11/2023, hora=09:00, duracion=1)
Citas(citaId=null, medicoId=511, pacienteId=511, fecha=30/11/2023, hora=09:00, duracion=1)
Citas(citaId=null, medicoId=512, pacienteId=512, fecha=30/11/2023, hora=09:00, duracion=1)
Citas(citaId=null, medicoId=513, pacienteId=513, fecha=30/11/2023, hora=09:00, duracion=1)
Citas(citaId=null, medicoId=514, pacienteId=514, fecha=30/11/2023, hora=09:00, duracion=1)
Citas(citaId=null, medicoId=515, pacienteId=515, fecha=30/11/2023, hora=09:00, duracion=1)
Citas(citaId=null, medicoId=516, pacienteId=516, fecha=30/11/2023, hora=09:00, duracion=1)
Citas(citaId=null, medicoId=517, pacienteId=517, fecha=30/11/2023, hora=09:00, duracion=1)
Citas(citaId=null, medicoId=518, pacienteId=518, fecha=30/11/2023, hora=09:00, duracion=1)
Citas(citaId=null, medicoId=519, pacienteId=519, fecha=30/11/2023, hora=09:00, duracion=1)
Citas(citaId=null, medicoId=520, pacienteId=520, fecha=30/11/2023, hora=09:00, duracion=1)
Citas(citaId=null, medicoId=521, pacienteId=521, fecha=30/11/2023, hora=09:00, duracion=1)
Citas(citaId=null, medicoId=522, pacienteId=522, fecha=30/11/2023, hora=09:00, duracion=1)
Citas(citaId=null, medicoId=523, pacienteId=523, fecha=30/11/2023, hora=09:00, duracion=1)
Citas(citaId=null, medicoId=524, pacienteId=524, fecha=30/11/2023, hora=09:00, duracion=1)
Citas(citaId=null, medicoId=525, pacienteId=525, fecha=30/11/2023, hora=09:00, duracion=1)
Citas(citaId=null, medicoId=526, pacienteId=526, fecha=30/11/2023, hora=09:00, duracion=1)
Citas(citaId=null, medicoId=527, pacienteId=527, fecha=30/11/2023, hora=09:00, duracion=1)
Citas(citaId=null, medicoId=528, pacienteId=528, fecha=30/11/2023, hora=09:00, duracion=1)
Citas(citaId=null, medicoId=529, pacienteId=529, fecha=30/11/2023, hora=09:00, duracion=1)
Citas(citaId=null, medicoId=530, pacienteId=530, fecha=30/11/2023, hora=09:00, duracion=1)
Citas(citaId=null, medicoId=531, pacienteId=531, fecha=30/11/2023, hora=09:00, duracion=1)
Citas(citaId=null, medicoId=532, pacienteId=532, fecha=30/11/2023, hora=09:00, duracion=1)
Citas(citaId=null, medicoId=533, pacienteId=533, fecha=30/11/2023, hora=09:00, duracion=1)
Citas(citaId=null, medicoId=534, pacienteId=534, fecha=30/11/2023, hora=09:00, duracion=1)
Citas(citaId=null, medicoId=535, pacienteId=535, fecha=30/11/2023, hora=09:00, duracion=1)
Citas(citaId=null, medicoId=536, pacienteId=536, fecha=30/11/2023, hora=09:00, duracion=1)
Citas(citaId=null, medicoId=537, pacienteId=537, fecha=30/11/2023, hora=09:00, duracion=1)
Citas(citaId=null, medicoId=538, pacienteId=538, fecha=30/11/2023, hora=09:00, duracion=1)
Citas(citaId=null, medicoId=539, pacienteId=539, fecha=30/11/2023, hora=09:00, duracion=1)
Citas(citaId=null, medicoId=540, pacienteId=540, fecha=30/11/2023, hora=09:00, duracion=1)
Citas(citaId=null, medicoId=541, pacienteId=541, fecha=30/11/2023, hora=09:00, duracion=1)
Citas(citaId=null, medicoId=542, pacienteId=542, fecha=30/11/2023, hora=09:00, duracion=1)
Citas(citaId=null, medicoId=543, pacienteId=543, fecha=30/11/2023, hora=09:00, duracion=1)
Citas(citaId=null, medicoId=544, pacienteId=544, fecha=30/11/2023, hora=09:00, duracion=1)
Citas(citaId=null, medicoId=545, pacienteId=545, fecha=30/11/2023, hora=09:00, duracion=1)
Citas(citaId=null, medicoId=546, pacienteId=546, fecha=30/11/2023, hora=09:00, duracion=1)
Citas(citaId=null, medicoId=547, pacienteId=547, fecha=30/11/2023, hora=09:00, duracion=1)
Citas(citaId=null, medicoId=548, pacienteId=548, fecha=30/11/2023, hora=09:00, duracion=1)
Citas(citaId=null, medicoId=549, pacienteId=549, fecha=30/11/2023, hora=09:00, duracion=1)
Citas(citaId=null, medicoId=550, pacienteId=550, fecha=30/11/2023, hora=09:00, duracion=1)
Citas(citaId=null, medicoId=551, pacienteId=551, fecha=30/11/2023, hora=09:00, duracion=2)
Citas(citaId=null, medicoId=552, pacienteId=552, fecha=30/11/2023, hora=09:00, duracion=2)
Citas(citaId=null, medicoId=553, pacienteId=553, fecha=30/11/2023, hora=09:00, duracion=2)
Citas(citaId=null, medicoId=554, pacienteId=554, fecha=30/11/2023, hora=09:00, duracion=2)
Citas(citaId=null, medicoId=555, pacienteId=555, fecha=30/11/2023, hora=09:00, duracion=2)
Citas(citaId=null, medicoId=556, pacienteId=556, fecha=30/11/2023, hora=09:00, duracion=2)
Citas(citaId=null, medicoId=557, pacienteId=557, fecha=30/11/2023, hora=09:00, duracion=2)
Citas(citaId=null, medicoId=558, pacienteId=558, fecha=30/11/2023, hora=09:00, duracion=2)
Citas(citaId=null, medicoId=559, pacienteId=559, fecha=30/11/2023, hora=09:00, duracion=2)
Citas(citaId=null, medicoId=560, pacienteId=560, fecha=30/11/2023, hora=09:00, duracion=2)
Citas(citaId=null, medicoId=561, pacienteId=561, fecha=30/11/2023, hora=09:00, duracion=2)
Citas(citaId=null, medicoId=562, pacienteId=562, fecha=30/11/2023, hora=09:00, duracion=2)
Citas(citaId=null, medicoId=563, pacienteId=563, fecha=30/11/2023, hora=09:00, duracion=2)
Citas(citaId=null, medicoId=564, pacienteId=564, fecha=30/11/2023, hora=09:00, duracion=2)
Citas(citaId=null, medicoId=565, pacienteId=565, fecha=30/11/2023, hora=09:00, duracion=2)
Citas(citaId=null, medicoId=566, pacienteId=566, fecha=30/11/2023, hora=09:00, duracion=2)
Citas(citaId=null, medicoId=567, pacienteId=567, fecha=30/11/2023, hora=09:00, duracion=2)
Citas(citaId=null, medicoId=568, pacienteId=568, fecha=30/11/2023, hora=09:00, duracion=2)
Citas(citaId=null, medicoId=569, pacienteId=569, fecha=30/11/2023, hora=09:00, duracion=2)
Citas(citaId=null, medicoId=570, pacienteId=570, fecha=30/11/2023, hora=09:00, duracion=2)
Citas(citaId=null, medicoId=571, pacienteId=571, fecha=30/11/2023, hora=09:00, duracion=2)
Citas(citaId=null, medicoId=572, pacienteId=572, fecha=30/11/2023, hora=09:00, duracion=2)
Citas(citaId=null, medicoId=573, pacienteId=573, fecha=30/11/2023, hora=09:00, duracion=2)
Citas(citaId=null, medicoId=574, pacienteId=574, fecha=30/11/2023, hora=09:00, duracion=2)
Citas(citaId=null, medicoId=575, pacienteId=575, fecha=30/11/2023, hora=09:00, duracion=2)
Citas(citaId=null, medicoId=576, pacienteId=576, fecha=30/11/2023, hora=09:00, duracion=2)
Citas(citaId=null, medicoId=577, pacienteId=577, fecha=30/11/2023, hora=09:00, duracion=2)
Citas(citaId=null, medicoId=578, pacienteId=578, fecha=30/11/2023, hora=09:00, duracion=2)
Citas(citaId=null, medicoId=579, pacienteId=579, fecha=30/11/2023, hora=09:00, duracion=2)
Citas(citaId=null, medicoId=580, pacienteId=580, fecha=30/11/2023, hora=09:00, duracion=2)
Citas(citaId=null, medicoId=581, pacienteId=581, fecha=30/11/2023, hora=09:00, duracion=2)
Citas(citaId=null, medicoId=582, pacienteId=582, fecha=30/11/2023, hora=09:00, duracion=2)
Citas(citaId=null, medicoId=583, pacienteId=583, fecha=30/11/2023, hora=09:00, duracion=2)
Citas(citaId=null, medicoId=584, pacienteId=584, fecha=30/11/2023, hora=09:00, duracion=2)
Citas(citaId=null, medicoId=585, pacienteId=585, fecha=30/11/2023, hora=09:00, duracion=2)
Citas(citaId=null, medicoId=586, pacienteId=586, fecha=30/11/2023, hora=09:00, duracion=2)
Citas(citaId=null, medicoId=587, pacienteId=587, fecha=30/11/2023, hora=09:00, duracion=2)
Citas(citaId=null, medicoId=588, pacienteId=588, fecha=30/11/2023, hora=09:00, duracion=2)
Citas(citaId=null, medicoId=589, pacienteId=589, fecha=30/11/2023, hora=09:00, duracion=2)
Citas(citaId=null, medicoId=590, pacienteId=590, fecha=30/11/2023, hora=09:00, duracion=2)
Citas(citaId=null, medicoId=591, pacienteId=591, fecha=30/11/2023, hora=09:00, duracion=2)
Citas(citaId=null, medicoId=592, pacienteId=592, fecha=30/11/2023, hora=09:00, duracion=2)
Citas(citaId=null, medicoId=593, pacienteId=593, fecha=30/11/2023, hora=09:00, duracion=2)
Citas(citaId=null, medicoId=594, pacienteId=594, fecha=30/11/2023, hora=09:00, duracion=2)
Citas(citaId=null, medicoId=595, pacienteId=595, fecha=30/11/2023, hora=09:00, duracion=2)
Citas(citaId=null, medicoId=596, pacienteId=596, fecha=30/11/2023, hora=09:00, duracion=2)
Citas(citaId=null, medicoId=597, pacienteId=597, fecha=30/11/2023, hora=09:00, duracion=2)
Citas(citaId=null, medicoId=598, pacienteId=598, fecha=30/11/2023, hora=09:00, duracion=2)
Citas(citaId=null, medicoId=599, pacienteId=599, fecha=30/11/2023, hora=09:00, duracion=2)
Citas(citaId=null, medicoId=600, pacienteId=600, fecha=30/11/2023, hora=09:00, duracion=2)
Citas(citaId=null, medicoId=601, pacienteId=601, fecha=30/11/2023, hora=09:00, duracion=2)
Citas(citaId=null, medicoId=602, pacienteId=602, fecha=30/11/2023, hora=09:00, duracion=2)
Citas(citaId=null, medicoId=603, pacienteId=603, fecha=30/11/2023, hora=09:00, duracion=2)
Citas(citaId=null, medicoId=604, pacienteId=604, fecha=30/11/2023, hora=09:00, duracion=2)
Citas(citaId=null, medicoId=605, pacienteId=605, fecha=30/11/2023, hora=09:00, duracion=2)
Citas(citaId=null, medicoId=606, pacienteId=606, fecha=30/11/2023, hora=09:00, duracion=3)
Citas(citaId=null, medicoId=607, pacienteId=607, fecha=30/11/2023, hora=09:00, duracion=3)
Citas(citaId=null, medicoId=608, pacienteId=608, fecha=30/11/2023, hora=09:00, duracion=3)
Citas(citaId=null, medicoId=609, pacienteId=609, fecha=30/11/2023, hora=09:00, duracion=3)
Citas(citaId=null, medicoId=610, pacienteId=610, fecha=30/11/2023, hora=09:00, duracion=3)
Citas(citaId=null, medicoId=611, pacienteId=611, fecha=30/11/2023, hora=09:00, duracion=3)
Citas(citaId=null, medicoId=612, pacienteId=612, fecha=30/11/2023, hora=09:00, duracion=3)
Citas(citaId=null, medicoId=613, pacienteId=613, fecha=30/11/2023, hora=09:00, duracion=3)
Citas(citaId=null, medicoId=614, pacienteId=614, fecha=30/11/2023, hora=09:00, duracion=3)
Citas(citaId=null, medicoId=615, pacienteId=615, fecha=30/11/2023, hora=09:00, duracion=3)
Citas(citaId=null, medicoId=616, pacienteId=616, fecha=30/11/2023, hora=09:00, duracion=3)
Citas(citaId=null, medicoId=617, pacienteId=617, fecha=30/11/2023, hora=09:00, duracion=3)
Citas(citaId=null, medicoId=618, pacienteId=618, fecha=30/11/2023, hora=09:00, duracion=3)
Citas(citaId=null, medicoId=619, pacienteId=619, fecha=30/11/2023, hora=09:00, duracion=3)
Citas(citaId=null, medicoId=620, pacienteId=620, fecha=30/11/2023, hora=09:00, duracion=3)
Citas(citaId=null, medicoId=621, pacienteId=621, fecha=30/11/2023, hora=09:00, duracion=3)
Citas(citaId=null, medicoId=622, pacienteId=622, fecha=30/11/2023, hora=09:00, duracion=3)
Citas(citaId=null, medicoId=623, pacienteId=623, fecha=30/11/2023, hora=09:00, duracion=3)
Citas(citaId=null, medicoId=624, pacienteId=624, fecha=30/11/2023, hora=09:00, duracion=3)
Citas(citaId=null, medicoId=625, pacienteId=625, fecha=30/11/2023, hora=09:00, duracion=3)
Citas(citaId=null, medicoId=626, pacienteId=626, fecha=30/11/2023, hora=09:00, duracion=3)
Citas(citaId=null, medicoId=627, pacienteId=627, fecha=30/11/2023, hora=09:00, duracion=3)
Citas(citaId=null, medicoId=628, pacienteId=628, fecha=30/11/2023, hora=09:00, duracion=3)
Citas(citaId=null, medicoId=629, pacienteId=629, fecha=30/11/2023, hora=09:00, duracion=3)
Citas(citaId=null, medicoId=630, pacienteId=630, fecha=30/11/2023, hora=09:00, duracion=3)
Citas(citaId=null, medicoId=631, pacienteId=631, fecha=30/11/2023, hora=09:00, duracion=3)
Citas(citaId=null, medicoId=632, pacienteId=632, fecha=30/11/2023, hora=09:00, duracion=3)
Citas(citaId=null, medicoId=633, pacienteId=633, fecha=30/11/2023, hora=09:00, duracion=3)
Citas(citaId=null, medicoId=634, pacienteId=634, fecha=30/11/2023, hora=09:00, duracion=3)
Citas(citaId=null, medicoId=635, pacienteId=635, fecha=30/11/2023, hora=09:00, duracion=3)
Citas(citaId=null, medicoId=636, pacienteId=636, fecha=30/11/2023, hora=09:00, duracion=3)
Citas(citaId=null, medicoId=637, pacienteId=637, fecha=30/11/2023, hora=09:00, duracion=3)
Citas(citaId=null, medicoId=638, pacienteId=638, fecha=30/11/2023, hora=09:00, duracion=3)
Citas(citaId=null, medicoId=639, pacienteId=639, fecha=30/11/2023, hora=09:00, duracion=3)
Citas(citaId=null, medicoId=640, pacienteId=640, fecha=30/11/2023, hora=09:00, duracion=3)
Citas(citaId=null, medicoId=641, pacienteId=641, fecha=30/11/2023, hora=09:00, duracion=3)
Citas(citaId=null, medicoId=642, pacienteId=642, fecha=30/11/2023, hora=09:00, duracion=3)
Citas(citaId=null, medicoId=643, pacienteId=643, fecha=30/11/2023, hora=09:00, duracion=3)
Citas(citaId=null, medicoId=644, pacienteId=644, fecha=30/11/2023, hora=09:00, duracion=3)
Citas(citaId=null, medicoId=645, pacienteId=645, fecha=30/11/2023, hora=09:00, duracion=3)
Citas(citaId=null, medicoId=646, pacienteId=646, fecha=30/11/2023, hora=09:00, duracion=3)
Citas(citaId=null, medicoId=647, pacienteId=647, fecha=30/11/2023, hora=09:00, duracion=3)
Citas(citaId=null, medicoId=648, pacienteId=648, fecha=30/11/2023, hora=09:00, duracion=3)
Citas(citaId=null, medicoId=649, pacienteId=649, fecha=30/11/2023, hora=09:00, duracion=3)
Citas(citaId=null, medicoId=650, pacienteId=650, fecha=30/11/2023, hora=09:00, duracion=3)
Citas(citaId=null, medicoId=651, pacienteId=651, fecha=30/11/2023, hora=09:00, duracion=3)
Citas(citaId=null, medicoId=652, pacienteId=652, fecha=30/11/2023, hora=09:00, duracion=3)
Citas(citaId=null, medicoId=653, pacienteId=653, fecha=30/11/2023, hora=09:00, duracion=3)
Citas(citaId=null, medicoId=654, pacienteId=654, fecha=30/11/2023, hora=09:00, duracion=3)
Citas(citaId=null, medicoId=655, pacienteId=655, fecha=30/11/2023, hora=09:00, duracion=3)
Citas(citaId=null, medicoId=656, pacienteId=656, fecha=30/11/2023, hora=09:00, duracion=3)
Citas(citaId=null, medicoId=657, pacienteId=657, fecha=30/11/2023, hora=09:00, duracion=3)
Citas(citaId=null, medicoId=658, pacienteId=658, fecha=30/11/2023, hora=09:00, duracion=3)
Citas(citaId=null, medicoId=659, pacienteId=659, fecha=30/11/2023, hora=09:00, duracion=3)
Citas(citaId=null, medicoId=660, pacienteId=660, fecha=30/11/2023, hora=09:00, duracion=3)
Citas(citaId=null, medicoId=661, pacienteId=661, fecha=30/11/2023, hora=09:00, duracion=4)
Citas(citaId=null, medicoId=662, pacienteId=662, fecha=30/11/2023, hora=09:00, duracion=4)
Citas(citaId=null, medicoId=663, pacienteId=663, fecha=30/11/2023, hora=09:00, duracion=4)
Citas(citaId=null, medicoId=664, pacienteId=664, fecha=30/11/2023, hora=09:00, duracion=4)
Citas(citaId=null, medicoId=665, pacienteId=665, fecha=30/11/2023, hora=09:00, duracion=4)
Citas(citaId=null, medicoId=666, pacienteId=666, fecha=30/11/2023, hora=09:00, duracion=4)
Citas(citaId=null, medicoId=667, pacienteId=667, fecha=30/11/2023, hora=09:00, duracion=4)
Citas(citaId=null, medicoId=668, pacienteId=668, fecha=30/11/2023, hora=09:00, duracion=4)
Citas(citaId=null, medicoId=669, pacienteId=669, fecha=30/11/2023, hora=09:00, duracion=4)
Citas(citaId=null, medicoId=670, pacienteId=670, fecha=30/11/2023, hora=09:00, duracion=4)
Citas(citaId=null, medicoId=671, pacienteId=671, fecha=30/11/2023, hora=09:00, duracion=4)
Citas(citaId=null, medicoId=672, pacienteId=672, fecha=30/11/2023, hora=09:00, duracion=4)
Citas(citaId=null, medicoId=673, pacienteId=673, fecha=30/11/2023, hora=09:00, duracion=4)
Citas(citaId=null, medicoId=674, pacienteId=674, fecha=30/11/2023, hora=09:00, duracion=4)
Citas(citaId=null, medicoId=675, pacienteId=675, fecha=30/11/2023, hora=09:00, duracion=4)
Citas(citaId=null, medicoId=676, pacienteId=676, fecha=30/11/2023, hora=09:00, duracion=4)
Citas(citaId=null, medicoId=677, pacienteId=677, fecha=30/11/2023, hora=09:00, duracion=4)
Citas(citaId=null, medicoId=678, pacienteId=678, fecha=30/11/2023, hora=09:00, duracion=4)
Citas(citaId=null, medicoId=679, pacienteId=679, fecha=30/11/2023, hora=09:00, duracion=4)
Citas(citaId=null, medicoId=680, pacienteId=680, fecha=30/11/2023, hora=09:00, duracion=4)
Citas(citaId=null, medicoId=681, pacienteId=681, fecha=30/11/2023, hora=09:00, duracion=4)
Citas(citaId=null, medicoId=682, pacienteId=682, fecha=30/11/2023, hora=09:00, duracion=4)
Citas(citaId=null, medicoId=683, pacienteId=683, fecha=30/11/2023, hora=09:00, duracion=4)
Citas(citaId=null, medicoId=684, pacienteId=684, fecha=30/11/2023, hora=09:00, duracion=4)
Citas(citaId=null, medicoId=685, pacienteId=685, fecha=30/11/2023, hora=09:00, duracion=4)
Citas(citaId=null, medicoId=686, pacienteId=686, fecha=30/11/2023, hora=09:00, duracion=4)
Citas(citaId=null, medicoId=687, pacienteId=687, fecha=30/11/2023, hora=09:00, duracion=4)
Citas(citaId=null, medicoId=688, pacienteId=688, fecha=30/11/2023, hora=09:00, duracion=4)
Citas(citaId=null, medicoId=689, pacienteId=689, fecha=30/11/2023, hora=09:00, duracion=4)
Citas(citaId=null, medicoId=690, pacienteId=690, fecha=30/11/2023, hora=09:00, duracion=4)
Citas(citaId=null, medicoId=691, pacienteId=691, fecha=30/11/2023, hora=09:00, duracion=4)
Citas(citaId=null, medicoId=692, pacienteId=692, fecha=30/11/2023, hora=09:00, duracion=4)
Citas(citaId=null, medicoId=693, pacienteId=693, fecha=30/11/2023, hora=09:00, duracion=4)
Citas(citaId=null, medicoId=694, pacienteId=694, fecha=30/11/2023, hora=09:00, duracion=4)
Citas(citaId=null, medicoId=695, pacienteId=695, fecha=30/11/2023, hora=09:00, duracion=4)
Citas(citaId=null, medicoId=696, pacienteId=696, fecha=30/11/2023, hora=09:00, duracion=4)
Citas(citaId=null, medicoId=697, pacienteId=697, fecha=30/11/2023, hora=09:00, duracion=4)
Citas(citaId=null, medicoId=698, pacienteId=698, fecha=30/11/2023, hora=09:00, duracion=4)
Citas(citaId=null, medicoId=699, pacienteId=699, fecha=30/11/2023, hora=09:00, duracion=4)
Citas(citaId=null, medicoId=700, pacienteId=700, fecha=30/11/2023, hora=09:00, duracion=4)
Citas(citaId=null, medicoId=701, pacienteId=701, fecha=30/11/2023, hora=09:00, duracion=4)
Citas(citaId=null, medicoId=702, pacienteId=702, fecha=30/11/2023, hora=09:00, duracion=4)
Citas(citaId=null, medicoId=703, pacienteId=703, fecha=30/11/2023, hora=09:00, duracion=4)
Citas(citaId=null, medicoId=704, pacienteId=704, fecha=30/11/2023, hora=09:00, duracion=4)
Citas(citaId=null, medicoId=705, pacienteId=705, fecha=30/11/2023, hora=09:00, duracion=4)
Citas(citaId=null, medicoId=706, pacienteId=706, fecha=30/11/2023, hora=09:00, duracion=4)
Citas(citaId=null, medicoId=707, pacienteId=707, fecha=30/11/2023, hora=09:00, duracion=4)
Citas(citaId=null, medicoId=708, pacienteId=708, fecha=30/11/2023, hora=09:00, duracion=4)
Citas(citaId=null, medicoId=709, pacienteId=709, fecha=30/11/2023, hora=09:00, duracion=4)
Citas(citaId=null, medicoId=710, pacienteId=710, fecha=30/11/2023, hora=09:00, duracion=4)
Citas(citaId=null, medicoId=711, pacienteId=711, fecha=30/11/2023, hora=09:00, duracion=4)
Citas(citaId=null, medicoId=712, pacienteId=712, fecha=30/11/2023, hora=09:00, duracion=4)
Citas(citaId=null, medicoId=713, pacienteId=713, fecha=30/11/2023, hora=09:00, duracion=4)
Citas(citaId=null, medicoId=714, pacienteId=714, fecha=30/11/2023, hora=09:00, duracion=4)
Citas(citaId=null, medicoId=715, pacienteId=715, fecha=30/11/2023, hora=09:00, duracion=4)
Citas(citaId=null, medicoId=716, pacienteId=716, fecha=30/11/2023, hora=09:00, duracion=5)
Citas(citaId=null, medicoId=717, pacienteId=717, fecha=30/11/2023, hora=09:00, duracion=5)
Citas(citaId=null, medicoId=718, pacienteId=718, fecha=30/11/2023, hora=09:00, duracion=5)
Citas(citaId=null, medicoId=719, pacienteId=719, fecha=30/11/2023, hora=09:00, duracion=5)
Citas(citaId=null, medicoId=720, pacienteId=720, fecha=30/11/2023, hora=09:00, duracion=5)
Citas(citaId=null, medicoId=721, pacienteId=721, fecha=30/11/2023, hora=09:00, duracion=5)
Citas(citaId=null, medicoId=722, pacienteId=722, fecha=30/11/2023, hora=09:00, duracion=5)
Citas(citaId=null, medicoId=723, pacienteId=723, fecha=30/11/2023, hora=09:00, duracion=5)
Citas(citaId=null, medicoId=724, pacienteId=724, fecha=30/11/2023, hora=09:00, duracion=5)
Citas(citaId=null, medicoId=725, pacienteId=725, fecha=30/11/2023, hora=09:00, duracion=5)
Citas(citaId=null, medicoId=726, pacienteId=726, fecha=30/11/2023, hora=09:00, duracion=5)
Citas(citaId=null, medicoId=727, pacienteId=727, fecha=30/11/2023, hora=09:00, duracion=5)
Citas(citaId=null, medicoId=728, pacienteId=728, fecha=30/11/2023, hora=09:00, duracion=5)
Citas(citaId=null, medicoId=729, pacienteId=729, fecha=30/11/2023, hora=09:00, duracion=5)
Citas(citaId=null, medicoId=730, pacienteId=730, fecha=30/11/2023, hora=09:00, duracion=5)
Citas(citaId=null, medicoId=731, pacienteId=731, fecha=30/11/2023, hora=09:00, duracion=5)
Citas(citaId=null, medicoId=732, pacienteId=732, fecha=30/11/2023, hora=09:00, duracion=5)
Citas(citaId=null, medicoId=733, pacienteId=733, fecha=30/11/2023, hora=09:00, duracion=5)
Citas(citaId=null, medicoId=734, pacienteId=734, fecha=30/11/2023, hora=09:00, duracion=5)
Citas(citaId=null, medicoId=735, pacienteId=735, fecha=30/11/2023, hora=09:00, duracion=5)
Citas(citaId=null, medicoId=736, pacienteId=736, fecha=30/11/2023, hora=09:00, duracion=5)
Citas(citaId=null, medicoId=737, pacienteId=737, fecha=30/11/2023, hora=09:00, duracion=5)
Citas(citaId=null, medicoId=738, pacienteId=738, fecha=30/11/2023, hora=09:00, duracion=5)
Citas(citaId=null, medicoId=739, pacienteId=739, fecha=30/11/2023, hora=09:00, duracion=5)
Citas(citaId=null, medicoId=740, pacienteId=740, fecha=30/11/2023, hora=09:00, duracion=5)
Citas(citaId=null, medicoId=741, pacienteId=741, fecha=30/11/2023, hora=09:00, duracion=5)
Citas(citaId=null, medicoId=742, pacienteId=742, fecha=30/11/2023, hora=09:00, duracion=5)
Citas(citaId=null, medicoId=743, pacienteId=743, fecha=30/11/2023, hora=09:00, duracion=5)
Citas(citaId=null, medicoId=744, pacienteId=744, fecha=30/11/2023, hora=09:00, duracion=5)
Citas(citaId=null, medicoId=745, pacienteId=745, fecha=30/11/2023, hora=09:00, duracion=5)
Citas(citaId=null, medicoId=746, pacienteId=746, fecha=30/11/2023, hora=09:00, duracion=5)
Citas(citaId=null, medicoId=747, pacienteId=747, fecha=30/11/2023, hora=09:00, duracion=5)
Citas(citaId=null, medicoId=748, pacienteId=748, fecha=30/11/2023, hora=09:00, duracion=5)
Citas(citaId=null, medicoId=749, pacienteId=749, fecha=30/11/2023, hora=09:00, duracion=5)
Citas(citaId=null, medicoId=750, pacienteId=750, fecha=30/11/2023, hora=09:00, duracion=5)
Citas(citaId=null, medicoId=751, pacienteId=751, fecha=30/11/2023, hora=09:00, duracion=5)
Citas(citaId=null, medicoId=752, pacienteId=752, fecha=30/11/2023, hora=09:00, duracion=5)
Citas(citaId=null, medicoId=753, pacienteId=753, fecha=30/11/2023, hora=09:00, duracion=5)
Citas(citaId=null, medicoId=754, pacienteId=754, fecha=30/11/2023, hora=09:00, duracion=5)
Citas(citaId=null, medicoId=755, pacienteId=755, fecha=30/11/2023, hora=09:00, duracion=5)
Citas(citaId=null, medicoId=756, pacienteId=756, fecha=30/11/2023, hora=09:00, duracion=5)
Citas(citaId=null, medicoId=757, pacienteId=757, fecha=30/11/2023, hora=09:00, duracion=5)
Citas(citaId=null, medicoId=758, pacienteId=758, fecha=30/11/2023, hora=09:00, duracion=5)
Citas(citaId=null, medicoId=759, pacienteId=759, fecha=30/11/2023, hora=09:00, duracion=5)
Citas(citaId=null, medicoId=760, pacienteId=760, fecha=30/11/2023, hora=09:00, duracion=5)
Citas(citaId=null, medicoId=761, pacienteId=761, fecha=30/11/2023, hora=09:00, duracion=5)
Citas(citaId=null, medicoId=762, pacienteId=762, fecha=30/11/2023, hora=09:00, duracion=5)
Citas(citaId=null, medicoId=763, pacienteId=763, fecha=30/11/2023, hora=09:00, duracion=5)
Citas(citaId=null, medicoId=764, pacienteId=764, fecha=30/11/2023, hora=09:00, duracion=5)
Citas(citaId=null, medicoId=765, pacienteId=765, fecha=30/11/2023, hora=09:00, duracion=5)
Citas(citaId=null, medicoId=766, pacienteId=766, fecha=30/11/2023, hora=09:00, duracion=5)
Citas(citaId=null, medicoId=767, pacienteId=767, fecha=30/11/2023, hora=09:00, duracion=5)
Citas(citaId=null, medicoId=768, pacienteId=768, fecha=30/11/2023, hora=09:00, duracion=5)
Citas(citaId=null, medicoId=769, pacienteId=769, fecha=30/11/2023, hora=09:00, duracion=5)
Citas(citaId=null, medicoId=770, pacienteId=770, fecha=30/11/2023, hora=09:00, duracion=5)
Citas(citaId=null, medicoId=771, pacienteId=771, fecha=30/11/2023, hora=09:00, duracion=6)
Citas(citaId=null, medicoId=772, pacienteId=772, fecha=30/11/2023, hora=09:00, duracion=6)
Citas(citaId=null, medicoId=773, pacienteId=773, fecha=30/11/2023, hora=09:00, duracion=6)
Citas(citaId=null, medicoId=774, pacienteId=774, fecha=30/11/2023, hora=09:00, duracion=6)
Citas(citaId=null, medicoId=775, pacienteId=775, fecha=30/11/2023, hora=09:00, duracion=6)
Citas(citaId=null, medicoId=776, pacienteId=776, fecha=30/11/2023, hora=09:00, duracion=6)
Citas(citaId=null, medicoId=777, pacienteId=777, fecha=30/11/2023, hora=09:00, duracion=6)
Citas(citaId=null, medicoId=778, pacienteId=778, fecha=30/11/2023, hora=09:00, duracion=6)
Citas(citaId=null, medicoId=779, pacienteId=779, fecha=30/11/2023, hora=09:00, duracion=6)
Citas(citaId=null, medicoId=780, pacienteId=780, fecha=30/11/2023, hora=09:00, duracion=6)
Citas(citaId=null, medicoId=781, pacienteId=781, fecha=30/11/2023, hora=09:00, duracion=6)
Citas(citaId=null, medicoId=782, pacienteId=782, fecha=30/11/2023, hora=09:00, duracion=6)
Citas(citaId=null, medicoId=783, pacienteId=783, fecha=30/11/2023, hora=09:00, duracion=6)
Citas(citaId=null, medicoId=784, pacienteId=784, fecha=30/11/2023, hora=09:00, duracion=6)
Citas(citaId=null, medicoId=785, pacienteId=785, fecha=30/11/2023, hora=09:00, duracion=6)
Citas(citaId=null, medicoId=786, pacienteId=786, fecha=30/11/2023, hora=09:00, duracion=6)
Citas(citaId=null, medicoId=787, pacienteId=787, fecha=30/11/2023, hora=09:00, duracion=6)
Citas(citaId=null, medicoId=788, pacienteId=788, fecha=30/11/2023, hora=09:00, duracion=6)
Citas(citaId=null, medicoId=789, pacienteId=789, fecha=30/11/2023, hora=09:00, duracion=6)
Citas(citaId=null, medicoId=790, pacienteId=790, fecha=30/11/2023, hora=09:00, duracion=6)
Citas(citaId=null, medicoId=791, pacienteId=791, fecha=30/11/2023, hora=09:00, duracion=6)
Citas(citaId=null, medicoId=792, pacienteId=792, fecha=30/11/2023, hora=09:00, duracion=6)
Citas(citaId=null, medicoId=793, pacienteId=793, fecha=30/11/2023, hora=09:00, duracion=6)
Citas(citaId=null, medicoId=794, pacienteId=794, fecha=30/11/2023, hora=09:00, duracion=6)
Citas(citaId=null, medicoId=795, pacienteId=795, fecha=30/11/2023, hora=09:00, duracion=6)
Citas(citaId=null, medicoId=796, pacienteId=796, fecha=30/11/2023, hora=09:00, duracion=6)
Citas(citaId=null, medicoId=797, pacienteId=797, fecha=30/11/2023, hora=09:00, duracion=6)
Citas(citaId=null, medicoId=798, pacienteId=798, fecha=30/11/2023, hora=09:00, duracion=6)
Citas(citaId=null, medicoId=799, pacienteId=799, fecha=30/11/2023, hora=09:00, duracion=6)
Citas(citaId=null, medicoId=800, pacienteId=800, fecha=30/11/2023, hora=09:00, duracion=6)
Citas(citaId=null, medicoId=801, pacienteId=801, fecha=30/11/2023, hora=09:00, duracion=6)
Citas(citaId=null, medicoId=802, pacienteId=802, fecha=30/11/2023, hora=09:00, duracion=6)
Citas(citaId=null, medicoId=803, pacienteId=803, fecha=30/11/2023, hora=09:00, duracion=6)
Citas(citaId=null, medicoId=804, pacienteId=804, fecha=30/11/2023, hora=09:00, duracion=6)
Citas(citaId=null, medicoId=805, pacienteId=805, fecha=30/11/2023, hora=09:00, duracion=6)
Citas(citaId=null, medicoId=806, pacienteId=806, fecha=30/11/2023, hora=09:00, duracion=6)
Citas(citaId=null, medicoId=807, pacienteId=807, fecha=30/11/2023, hora=09:00, duracion=6)
Citas(citaId=null, medicoId=808, pacienteId=808, fecha=30/11/2023, hora=09:00, duracion=6)
Citas(citaId=null, medicoId=809, pacienteId=809, fecha=30/11/2023, hora=09:00, duracion=6)
Citas(citaId=null, medicoId=810, pacienteId=810, fecha=30/11/2023, hora=09:00, duracion=6)
Citas(citaId=null, medicoId=811, pacienteId=811, fecha=30/11/2023, hora=09:00, duracion=6)
Citas(citaId=null, medicoId=812, pacienteId=812, fecha=30/11/2023, hora=09:00, duracion=6)
Citas(citaId=null, medicoId=813, pacienteId=813, fecha=30/11/2023, hora=09:00, duracion=6)
Citas(citaId=null, medicoId=814, pacienteId=814, fecha=30/11/2023, hora=09:00, duracion=6)
Citas(citaId=null, medicoId=815, pacienteId=815, fecha=30/11/2023, hora=09:00, duracion=6)
Citas(citaId=null, medicoId=816, pacienteId=816, fecha=30/11/2023, hora=09:00, duracion=6)
Citas(citaId=null, medicoId=817, pacienteId=817, fecha=30/11/2023, hora=09:00, duracion=6)
Citas(citaId=null, medicoId=818, pacienteId=818, fecha=30/11/2023, hora=09:00, duracion=6)
Citas(citaId=null, medicoId=819, pacienteId=819, fecha=30/11/2023, hora=09:00, duracion=6)
Citas(citaId=null, medicoId=820, pacienteId=820, fecha=30/11/2023, hora=09:00, duracion=6)
Citas(citaId=null, medicoId=821, pacienteId=821, fecha=30/11/2023, hora=09:00, duracion=6)
Citas(citaId=null, medicoId=822, pacienteId=822, fecha=30/11/2023, hora=09:00, duracion=6)
Citas(citaId=null, medicoId=823, pacienteId=823, fecha=30/11/2023, hora=09:00, duracion=6)
Citas(citaId=null, medicoId=824, pacienteId=824, fecha=30/11/2023, hora=09:00, duracion=6)
Citas(citaId=null, medicoId=825, pacienteId=825, fecha=30/11/2023, hora=09:00, duracion=6)
Citas(citaId=null, medicoId=826, pacienteId=826, fecha=30/11/2023, hora=09:00, duracion=7)
Citas(citaId=null, medicoId=827, pacienteId=827, fecha=30/11/2023, hora=09:00, duracion=7)
Citas(citaId=null, medicoId=828, pacienteId=828, fecha=30/11/2023, hora=09:00, duracion=7)
Citas(citaId=null, medicoId=829, pacienteId=829, fecha=30/11/2023, hora=09:00, duracion=7)
Citas(citaId=null, medicoId=830, pacienteId=830, fecha=30/11/2023, hora=09:00, duracion=7)
Citas(citaId=null, medicoId=831, pacienteId=831, fecha=30/11/2023, hora=09:00, duracion=7)
Citas(citaId=null, medicoId=832, pacienteId=832, fecha=30/11/2023, hora=09:00, duracion=7)
Citas(citaId=null, medicoId=833, pacienteId=833, fecha=30/11/2023, hora=09:00, duracion=7)
Citas(citaId=null, medicoId=834, pacienteId=834, fecha=30/11/2023, hora=09:00, duracion=7)
Citas(citaId=null, medicoId=835, pacienteId=835, fecha=30/11/2023, hora=09:00, duracion=7)
Citas(citaId=null, medicoId=836, pacienteId=836, fecha=30/11/2023, hora=09:00, duracion=7)
Citas(citaId=null, medicoId=837, pacienteId=837, fecha=30/11/2023, hora=09:00, duracion=7)
Citas(citaId=null, medicoId=838, pacienteId=838, fecha=30/11/2023, hora=09:00, duracion=7)
Citas(citaId=null, medicoId=839, pacienteId=839, fecha=30/11/2023, hora=09:00, duracion=7)
Citas(citaId=null, medicoId=840, pacienteId=840, fecha=30/11/2023, hora=09:00, duracion=7)
Citas(citaId=null, medicoId=841, pacienteId=841, fecha=30/11/2023, hora=09:00, duracion=7)
Citas(citaId=null, medicoId=842, pacienteId=842, fecha=30/11/2023, hora=09:00, duracion=7)
Citas(citaId=null, medicoId=843, pacienteId=843, fecha=30/11/2023, hora=09:00, duracion=7)
Citas(citaId=null, medicoId=844, pacienteId=844, fecha=30/11/2023, hora=09:00, duracion=7)
Citas(citaId=null, medicoId=845, pacienteId=845, fecha=30/11/2023, hora=09:00, duracion=7)
Citas(citaId=null, medicoId=846, pacienteId=846, fecha=30/11/2023, hora=09:00, duracion=7)
Citas(citaId=null, medicoId=847, pacienteId=847, fecha=30/11/2023, hora=09:00, duracion=7)
Citas(citaId=null, medicoId=848, pacienteId=848, fecha=30/11/2023, hora=09:00, duracion=7)
Citas(citaId=null, medicoId=849, pacienteId=849, fecha=30/11/2023, hora=09:00, duracion=7)
Citas(citaId=null, medicoId=850, pacienteId=850, fecha=30/11/2023, hora=09:00, duracion=7)
Citas(citaId=null, medicoId=851, pacienteId=851, fecha=30/11/2023, hora=09:00, duracion=7)
Citas(citaId=null, medicoId=852, pacienteId=852, fecha=30/11/2023, hora=09:00, duracion=7)
Citas(citaId=null, medicoId=853, pacienteId=853, fecha=30/11/2023, hora=09:00, duracion=7)
Citas(citaId=null, medicoId=854, pacienteId=854, fecha=30/11/2023, hora=09:00, duracion=7)
Citas(citaId=null, medicoId=855, pacienteId=855, fecha=30/11/2023, hora=09:00, duracion=7)
Citas(citaId=null, medicoId=856, pacienteId=856, fecha=30/11/2023, hora=09:00, duracion=7)
Citas(citaId=null, medicoId=857, pacienteId=857, fecha=30/11/2023, hora=09:00, duracion=7)
Citas(citaId=null, medicoId=858, pacienteId=858, fecha=30/11/2023, hora=09:00, duracion=7)
Citas(citaId=null, medicoId=859, pacienteId=859, fecha=30/11/2023, hora=09:00, duracion=7)
Citas(citaId=null, medicoId=860, pacienteId=860, fecha=30/11/2023, hora=09:00, duracion=7)
Citas(citaId=null, medicoId=861, pacienteId=861, fecha=30/11/2023, hora=09:00, duracion=7)
Citas(citaId=null, medicoId=862, pacienteId=862, fecha=30/11/2023, hora=09:00, duracion=7)
Citas(citaId=null, medicoId=863, pacienteId=863, fecha=30/11/2023, hora=09:00, duracion=7)
Citas(citaId=null, medicoId=864, pacienteId=864, fecha=30/11/2023, hora=09:00, duracion=7)
Citas(citaId=null, medicoId=865, pacienteId=865, fecha=30/11/2023, hora=09:00, duracion=7)
Citas(citaId=null, medicoId=866, pacienteId=866, fecha=30/11/2023, hora=09:00, duracion=7)
Citas(citaId=null, medicoId=867, pacienteId=867, fecha=30/11/2023, hora=09:00, duracion=7)
Citas(citaId=null, medicoId=868, pacienteId=868, fecha=30/11/2023, hora=09:00, duracion=7)
Citas(citaId=null, medicoId=869, pacienteId=869, fecha=30/11/2023, hora=09:00, duracion=7)
Citas(citaId=null, medicoId=870, pacienteId=870, fecha=30/11/2023, hora=09:00, duracion=7)
Citas(citaId=null, medicoId=871, pacienteId=871, fecha=30/11/2023, hora=09:00, duracion=7)
Citas(citaId=null, medicoId=872, pacienteId=872, fecha=30/11/2023, hora=09:00, duracion=7)
Citas(citaId=null, medicoId=873, pacienteId=873, fecha=30/11/2023, hora=09:00, duracion=7)
Citas(citaId=null, medicoId=874, pacienteId=874, fecha=30/11/2023, hora=09:00, duracion=7)
Citas(citaId=null, medicoId=875, pacienteId=875, fecha=30/11/2023, hora=09:00, duracion=7)
Citas(citaId=null, medicoId=876, pacienteId=876, fecha=30/11/2023, hora=09:00, duracion=7)
Citas(citaId=null, medicoId=877, pacienteId=877, fecha=30/11/2023, hora=09:00, duracion=7)
Citas(citaId=null, medicoId=878, pacienteId=878, fecha=30/11/2023, hora=09:00, duracion=7)
Citas(citaId=null, medicoId=879, pacienteId=879, fecha=30/11/2023, hora=09:00, duracion=7)
Citas(citaId=null, medicoId=880, pacienteId=880, fecha=30/11/2023, hora=09:00, duracion=7)
Citas(citaId=null, medicoId=881, pacienteId=881, fecha=30/11/2023, hora=09:00, duracion=8)
Citas(citaId=null, medicoId=882, pacienteId=882, fecha=30/11/2023, hora=09:00, duracion=8)
Citas(citaId=null, medicoId=883, pacienteId=883, fecha=30/11/2023, hora=09:00, duracion=8)
Citas(citaId=null, medicoId=884, pacienteId=884, fecha=30/11/2023, hora=09:00, duracion=8)
Citas(citaId=null, medicoId=885, pacienteId=885, fecha=30/11/2023, hora=09:00, duracion=8)
Citas(citaId=null, medicoId=886, pacienteId=886, fecha=30/11/2023, hora=09:00, duracion=8)
Citas(citaId=null, medicoId=887, pacienteId=887, fecha=30/11/2023, hora=09:00, duracion=8)
Citas(citaId=null, medicoId=888, pacienteId=888, fecha=30/11/2023, hora=09:00, duracion=8)
Citas(citaId=null, medicoId=889, pacienteId=889, fecha=30/11/2023, hora=09:00, duracion=8)
Citas(citaId=null, medicoId=890, pacienteId=890, fecha=30/11/2023, hora=09:00, duracion=8)
Citas(citaId=null, medicoId=891, pacienteId=891, fecha=30/11/2023, hora=09:00, duracion=8)
Citas(citaId=null, medicoId=892, pacienteId=892, fecha=30/11/2023, hora=09:00, duracion=8)
Citas(citaId=null, medicoId=893, pacienteId=893, fecha=30/11/2023, hora=09:00, duracion=8)
Citas(citaId=null, medicoId=894, pacienteId=894, fecha=30/11/2023, hora=09:00, duracion=8)
Citas(citaId=null, medicoId=895, pacienteId=895, fecha=30/11/2023, hora=09:00, duracion=8)
Citas(citaId=null, medicoId=896, pacienteId=896, fecha=30/11/2023, hora=09:00, duracion=8)
Citas(citaId=null, medicoId=897, pacienteId=897, fecha=30/11/2023, hora=09:00, duracion=8)
Citas(citaId=null, medicoId=898, pacienteId=898, fecha=30/11/2023, hora=09:00, duracion=8)
Citas(citaId=null, medicoId=899, pacienteId=899, fecha=30/11/2023, hora=09:00, duracion=8)
Citas(citaId=null, medicoId=900, pacienteId=900, fecha=30/11/2023, hora=09:00, duracion=8)
Citas(citaId=null, medicoId=901, pacienteId=901, fecha=30/11/2023, hora=09:00, duracion=8)
Citas(citaId=null, medicoId=902, pacienteId=902, fecha=30/11/2023, hora=09:00, duracion=8)
Citas(citaId=null, medicoId=903, pacienteId=903, fecha=30/11/2023, hora=09:00, duracion=8)
Citas(citaId=null, medicoId=904, pacienteId=904, fecha=30/11/2023, hora=09:00, duracion=8)
Citas(citaId=null, medicoId=905, pacienteId=905, fecha=30/11/2023, hora=09:00, duracion=8)
Citas(citaId=null, medicoId=906, pacienteId=906, fecha=30/11/2023, hora=09:00, duracion=8)
Citas(citaId=null, medicoId=907, pacienteId=907, fecha=30/11/2023, hora=09:00, duracion=8)
Citas(citaId=null, medicoId=908, pacienteId=908, fecha=30/11/2023, hora=09:00, duracion=8)
Citas(citaId=null, medicoId=909, pacienteId=909, fecha=30/11/2023, hora=09:00, duracion=8)
Citas(citaId=null, medicoId=910, pacienteId=910, fecha=30/11/2023, hora=09:00, duracion=8)
Citas(citaId=null, medicoId=911, pacienteId=911, fecha=30/11/2023, hora=09:00, duracion=8)
Citas(citaId=null, medicoId=912, pacienteId=912, fecha=30/11/2023, hora=09:00, duracion=8)
Citas(citaId=null, medicoId=913, pacienteId=913, fecha=30/11/2023, hora=09:00, duracion=8)
Citas(citaId=null, medicoId=914, pacienteId=914, fecha=30/11/2023, hora=09:00, duracion=8)
Citas(citaId=null, medicoId=915, pacienteId=915, fecha=30/11/2023, hora=09:00, duracion=8)
Citas(citaId=null, medicoId=916, pacienteId=916, fecha=30/11/2023, hora=09:00, duracion=8)
Citas(citaId=null, medicoId=917, pacienteId=917, fecha=30/11/2023, hora=09:00, duracion=8)
Citas(citaId=null, medicoId=918, pacienteId=918, fecha=30/11/2023, hora=09:00, duracion=8)
Citas(citaId=null, medicoId=919, pacienteId=919, fecha=30/11/2023, hora=09:00, duracion=8)
Citas(citaId=null, medicoId=920, pacienteId=920, fecha=30/11/2023, hora=09:00, duracion=8)
Citas(citaId=null, medicoId=921, pacienteId=921, fecha=30/11/2023, hora=09:00, duracion=8)
Citas(citaId=null, medicoId=922, pacienteId=922, fecha=30/11/2023, hora=09:00, duracion=8)
Citas(citaId=null, medicoId=923, pacienteId=923, fecha=30/11/2023, hora=09:00, duracion=8)
Citas(citaId=null, medicoId=924, pacienteId=924, fecha=30/11/2023, hora=09:00, duracion=8)
Citas(citaId=null, medicoId=925, pacienteId=925, fecha=30/11/2023, hora=09:00, duracion=8)
Citas(citaId=null, medicoId=926, pacienteId=926, fecha=30/11/2023, hora=09:00, duracion=8)
Citas(citaId=null, medicoId=927, pacienteId=927, fecha=30/11/2023, hora=09:00, duracion=8)
Citas(citaId=null, medicoId=928, pacienteId=928, fecha=30/11/2023, hora=09:00, duracion=8)
Citas(citaId=null, medicoId=929, pacienteId=929, fecha=30/11/2023, hora=09:00, duracion=8)
Citas(citaId=null, medicoId=930, pacienteId=930, fecha=30/11/2023, hora=09:00, duracion=8)
Citas(citaId=null, medicoId=931, pacienteId=931, fecha=30/11/2023, hora=09:00, duracion=8)
Citas(citaId=null, medicoId=932, pacienteId=932, fecha=30/11/2023, hora=09:00, duracion=8)
Citas(citaId=null, medicoId=933, pacienteId=933, fecha=30/11/2023, hora=09:00, duracion=8)
Citas(citaId=null, medicoId=934, pacienteId=934, fecha=30/11/2023, hora=09:00, duracion=8)
Citas(citaId=null, medicoId=935, pacienteId=935, fecha=30/11/2023, hora=09:00, duracion=8)
Citas(citaId=null, medicoId=936, pacienteId=936, fecha=30/11/2023, hora=09:00, duracion=9)
Citas(citaId=null, medicoId=937, pacienteId=937, fecha=30/11/2023, hora=09:00, duracion=9)
Citas(citaId=null, medicoId=938, pacienteId=938, fecha=30/11/2023, hora=09:00, duracion=9)
Citas(citaId=null, medicoId=939, pacienteId=939, fecha=30/11/2023, hora=09:00, duracion=9)
Citas(citaId=null, medicoId=940, pacienteId=940, fecha=30/11/2023, hora=09:00, duracion=9)
Citas(citaId=null, medicoId=941, pacienteId=941, fecha=30/11/2023, hora=09:00, duracion=9)
Citas(citaId=null, medicoId=942, pacienteId=942, fecha=30/11/2023, hora=09:00, duracion=9)
Citas(citaId=null, medicoId=943, pacienteId=943, fecha=30/11/2023, hora=09:00, duracion=9)
Citas(citaId=null, medicoId=944, pacienteId=944, fecha=30/11/2023, hora=09:00, duracion=9)
Citas(citaId=null, medicoId=945, pacienteId=945, fecha=30/11/2023, hora=09:00, duracion=9)
Citas(citaId=null, medicoId=946, pacienteId=946, fecha=30/11/2023, hora=09:00, duracion=9)
Citas(citaId=null, medicoId=947, pacienteId=947, fecha=30/11/2023, hora=09:00, duracion=9)
Citas(citaId=null, medicoId=948, pacienteId=948, fecha=30/11/2023, hora=09:00, duracion=9)
Citas(citaId=null, medicoId=949, pacienteId=949, fecha=30/11/2023, hora=09:00, duracion=9)
Citas(citaId=null, medicoId=950, pacienteId=950, fecha=30/11/2023, hora=09:00, duracion=9)
Citas(citaId=null, medicoId=951, pacienteId=951, fecha=30/11/2023, hora=09:00, duracion=9)
Citas(citaId=null, medicoId=952, pacienteId=952, fecha=30/11/2023, hora=09:00, duracion=9)
Citas(citaId=null, medicoId=953, pacienteId=953, fecha=30/11/2023, hora=09:00, duracion=9)
Citas(citaId=null, medicoId=954, pacienteId=954, fecha=30/11/2023, hora=09:00, duracion=9)
Citas(citaId=null, medicoId=955, pacienteId=955, fecha=30/11/2023, hora=09:00, duracion=9)
Citas(citaId=null, medicoId=956, pacienteId=956, fecha=30/11/2023, hora=09:00, duracion=9)
Citas(citaId=null, medicoId=957, pacienteId=957, fecha=30/11/2023, hora=09:00, duracion=9)
Citas(citaId=null, medicoId=958, pacienteId=958, fecha=30/11/2023, hora=09:00, duracion=9)
Citas(citaId=null, medicoId=959, pacienteId=959, fecha=30/11/2023, hora=09:00, duracion=9)
Citas(citaId=null, medicoId=960, pacienteId=960, fecha=30/11/2023, hora=09:00, duracion=9)
Citas(citaId=null, medicoId=961, pacienteId=961, fecha=30/11/2023, hora=09:00, duracion=9)
Citas(citaId=null, medicoId=962, pacienteId=962, fecha=30/11/2023, hora=09:00, duracion=9)
Citas(citaId=null, medicoId=963, pacienteId=963, fecha=30/11/2023, hora=09:00, duracion=9)
Citas(citaId=null, medicoId=964, pacienteId=964, fecha=30/11/2023, hora=09:00, duracion=9)
Citas(citaId=null, medicoId=965, pacienteId=965, fecha=30/11/2023, hora=09:00, duracion=9)
Citas(citaId=null, medicoId=966, pacienteId=966, fecha=30/11/2023, hora=09:00, duracion=9)
Citas(citaId=null, medicoId=967, pacienteId=967, fecha=30/11/2023, hora=09:00, duracion=9)
Citas(citaId=null, medicoId=968, pacienteId=968, fecha=30/11/2023, hora=09:00, duracion=9)
Citas(citaId=null, medicoId=969, pacienteId=969, fecha=30/11/2023, hora=09:00, duracion=9)
Citas(citaId=null, medicoId=970, pacienteId=970, fecha=30/11/2023, hora=09:00, duracion=9)
Citas(citaId=null, medicoId=971, pacienteId=971, fecha=30/11/2023, hora=09:00, duracion=9)
Citas(citaId=null, medicoId=972, pacienteId=972, fecha=30/11/2023, hora=09:00, duracion=9)
Citas(citaId=null, medicoId=973, pacienteId=973, fecha=30/11/2023, hora=09:00, duracion=9)
Citas(citaId=null, medicoId=974, pacienteId=974, fecha=30/11/2023, hora=09:00, duracion=9)
Citas(citaId=null, medicoId=975, pacienteId=975, fecha=30/11/2023, hora=09:00, duracion=9)
Citas(citaId=null, medicoId=976, pacienteId=976, fecha=30/11/2023, hora=09:00, duracion=9)
Citas(citaId=null, medicoId=977, pacienteId=977, fecha=30/11/2023, hora=09:00, duracion=9)
Citas(citaId=null, medicoId=978, pacienteId=978, fecha=30/11/2023, hora=09:00, duracion=9)
Citas(citaId=null, medicoId=979, pacienteId=979, fecha=30/11/2023, hora=09:00, duracion=9)
Citas(citaId=null, medicoId=980, pacienteId=980, fecha=30/11/2023, hora=09:00, duracion=9)
Citas(citaId=null, medicoId=981, pacienteId=981, fecha=30/11/2023, hora=09:00, duracion=9)
Citas(citaId=null, medicoId=982, pacienteId=982, fecha=30/11/2023, hora=09:00, duracion=9)
Citas(citaId=null, medicoId=983, pacienteId=983, fecha=30/11/2023, hora=09:00, duracion=9)
Citas(citaId=null, medicoId=984, pacienteId=984, fecha=30/11/2023, hora=09:00, duracion=9)
Citas(citaId=null, medicoId=985, pacienteId=985, fecha=30/11/2023, hora=09:00, duracion=9)
Citas(citaId=null, medicoId=986, pacienteId=986, fecha=30/11/2023, hora=09:00, duracion=9)
Citas(citaId=null, medicoId=987, pacienteId=987, fecha=30/11/2023, hora=09:00, duracion=9)
Citas(citaId=null, medicoId=988, pacienteId=988, fecha=30/11/2023, hora=09:00, duracion=9)
Citas(citaId=null, medicoId=989, pacienteId=989, fecha=30/11/2023, hora=09:00, duracion=9)
Citas(citaId=null, medicoId=990, pacienteId=990, fecha=30/11/2023, hora=09:00, duracion=9)
Citas(citaId=null, medicoId=991, pacienteId=991, fecha=30/11/2023, hora=09:00, duracion=1)
Citas(citaId=null, medicoId=992, pacienteId=992, fecha=30/11/2023, hora=09:00, duracion=1)
Citas(citaId=null, medicoId=993, pacienteId=993, fecha=30/11/2023, hora=09:00, duracion=1)
Citas(citaId=null, medicoId=994, pacienteId=994, fecha=30/11/2023, hora=09:00, duracion=1)
Citas(citaId=null, medicoId=995, pacienteId=995, fecha=30/11/2023, hora=09:00, duracion=1)
Citas(citaId=null, medicoId=996, pacienteId=996, fecha=30/11/2023, hora=09:00, duracion=1)
Citas(citaId=null, medicoId=997, pacienteId=997, fecha=30/11/2023, hora=09:00, duracion=1)
Citas(citaId=null, medicoId=998, pacienteId=998, fecha=30/11/2023, hora=09:00, duracion=1)
Citas(citaId=null, medicoId=999, pacienteId=999, fecha=30/11/2023, hora=09:00, duracion=1)
Citas(citaId=null, medicoId=1000, pacienteId=1000, fecha=30/11/2023, hora=09:00, duracion=1)
Citas(citaId=null, medicoId=1001, pacienteId=1001, fecha=30/11/2023, hora=09:00, duracion=1)
Citas(citaId=null, medicoId=1002, pacienteId=1002, fecha=30/11/2023, hora=09:00, duracion=1)
Citas(citaId=null, medicoId=1003, pacienteId=1003, fecha=30/11/2023, hora=09:00, duracion=1)
Citas(citaId=null, medicoId=1004, pacienteId=1004, fecha=30/11/2023, hora=09:00, duracion=1)
Citas(citaId=null, medicoId=1005, pacienteId=1005, fecha=30/11/2023, hora=09:00, duracion=1)
Citas(citaId=null, medicoId=1006, pacienteId=1006, fecha=30/11/2023, hora=09:00, duracion=1)
Citas(citaId=null, medicoId=1007, pacienteId=1007, fecha=30/11/2023, hora=09:00, duracion=1)
Citas(citaId=null, medicoId=1008, pacienteId=1008, fecha=30/11/2023, hora=09:00, duracion=1)
Citas(citaId=null, medicoId=1009, pacienteId=1009, fecha=30/11/2023, hora=09:00, duracion=1)
Citas(citaId=null, medicoId=1010, pacienteId=1010, fecha=30/11/2023, hora=09:00, duracion=1)
Citas(citaId=null, medicoId=1011, pacienteId=1011, fecha=30/11/2023, hora=09:00, duracion=1)
Citas(citaId=null, medicoId=1012, pacienteId=1012, fecha=30/11/2023, hora=09:00, duracion=1)
Citas(citaId=null, medicoId=1013, pacienteId=1013, fecha=30/11/2023, hora=09:00, duracion=1)
Citas(citaId=null, medicoId=1014, pacienteId=1014, fecha=30/11/2023, hora=09:00, duracion=1)
Citas(citaId=null, medicoId=1015, pacienteId=1015, fecha=30/11/2023, hora=09:00, duracion=1)
Citas(citaId=null, medicoId=1016, pacienteId=1016, fecha=30/11/2023, hora=09:00, duracion=1)
Citas(citaId=null, medicoId=1017, pacienteId=1017, fecha=30/11/2023, hora=09:00, duracion=1)
Citas(citaId=null, medicoId=1018, pacienteId=1018, fecha=30/11/2023, hora=09:00, duracion=1)
Citas(citaId=null, medicoId=1019, pacienteId=1019, fecha=30/11/2023, hora=09:00, duracion=1)
Citas(citaId=null, medicoId=1020, pacienteId=1020, fecha=30/11/2023, hora=09:00, duracion=1)
Citas(citaId=null, medicoId=1021, pacienteId=1021, fecha=30/11/2023, hora=09:00, duracion=1)
Citas(citaId=null, medicoId=1022, pacienteId=1022, fecha=30/11/2023, hora=09:00, duracion=1)
Citas(citaId=null, medicoId=1023, pacienteId=1023, fecha=30/11/2023, hora=09:00, duracion=1)
Citas(citaId=null, medicoId=1024, pacienteId=1024, fecha=30/11/2023, hora=09:00, duracion=1)
Citas(citaId=null, medicoId=1025, pacienteId=1025, fecha=30/11/2023, hora=09:00, duracion=1)
Citas(citaId=null, medicoId=1026, pacienteId=1026, fecha=30/11/2023, hora=09:00, duracion=1)
Citas(citaId=null, medicoId=1027, pacienteId=1027, fecha=30/11/2023, hora=09:00, duracion=1)
Citas(citaId=null, medicoId=1028, pacienteId=1028, fecha=30/11/2023, hora=09:00, duracion=1)
Citas(citaId=null, medicoId=1029, pacienteId=1029, fecha=30/11/2023, hora=09:00, duracion=1)
Citas(citaId=null, medicoId=1030, pacienteId=1030, fecha=30/11/2023, hora=09:00, duracion=1)
Citas(citaId=null, medicoId=1031, pacienteId=1031, fecha=30/11/2023, hora=09:00, duracion=1)
Citas(citaId=null, medicoId=1032, pacienteId=1032, fecha=30/11/2023, hora=09:00, duracion=1)
Citas(citaId=null, medicoId=1033, pacienteId=1033, fecha=30/11/2023, hora=09:00, duracion=1)
Citas(citaId=null, medicoId=1034, pacienteId=1034, fecha=30/11/2023, hora=09:00, duracion=1)
Citas(citaId=null, medicoId=1035, pacienteId=1035, fecha=30/11/2023, hora=09:00, duracion=1)
Citas(citaId=null, medicoId=1036, pacienteId=1036, fecha=30/11/2023, hora=09:00, duracion=1)
Citas(citaId=null, medicoId=1037, pacienteId=1037, fecha=30/11/2023, hora=09:00, duracion=1)
Citas(citaId=null, medicoId=1038, pacienteId=1038, fecha=30/11/2023, hora=09:00, duracion=1)
Citas(citaId=null, medicoId=1039, pacienteId=1039, fecha=30/11/2023, hora=09:00, duracion=1)
Citas(citaId=null, medicoId=1040, pacienteId=1040, fecha=30/11/2023, hora=09:00, duracion=1)
Citas(citaId=null, medicoId=1041, pacienteId=1041, fecha=30/11/2023, hora=09:00, duracion=1)
Citas(citaId=null, medicoId=1042, pacienteId=1042, fecha=30/11/2023, hora=09:00, duracion=1)
Citas(citaId=null, medicoId=1043, pacienteId=1043, fecha=30/11/2023, hora=09:00, duracion=1)
Citas(citaId=null, medicoId=1044, pacienteId=1044, fecha=30/11/2023, hora=09:00, duracion=1)
Citas(citaId=null, medicoId=1045, pacienteId=1045, fecha=30/11/2023, hora=09:00, duracion=1)
2023-09-26T00:31:52.682-05:00 DEBUG 33180 --- [           main] o.h.boot.model.relational.Namespace      : Created database namespace [logicalName=Name{catalog=null, schema=null}, physicalName=Name{catalog=null, schema=null}]
2023-09-26T00:31:52.702-05:00 DEBUG 33180 --- [           main] o.h.boot.model.internal.EntityBinder     : Binding entity from annotated class: com.example.demo.model.Citas
2023-09-26T00:31:52.706-05:00 DEBUG 33180 --- [           main] o.h.boot.model.internal.EntityBinder     : Import with entity name Citas
2023-09-26T00:31:52.710-05:00 DEBUG 33180 --- [           main] o.h.boot.model.internal.EntityBinder     : Bind entity com.example.demo.model.Citas on table citas
2023-09-26T00:31:52.716-05:00 DEBUG 33180 --- [           main] o.h.boot.model.internal.AnnotatedColumn  : Binding column: AnnotatedDiscriminatorColumn(column='DTYPE')
2023-09-26T00:31:52.725-05:00 DEBUG 33180 --- [           main] o.h.boot.model.internal.AnnotatedColumn  : Binding column: AnnotatedColumn()
2023-09-26T00:31:52.725-05:00 DEBUG 33180 --- [           main] o.h.boot.internal.ClassLoaderAccessImpl  : Not known whether passed class name [com.example.demo.model.Citas] is safe
2023-09-26T00:31:52.725-05:00 DEBUG 33180 --- [           main] o.h.boot.internal.ClassLoaderAccessImpl  : No temp ClassLoader provided; using live ClassLoader for loading potentially unsafe class : com.example.demo.model.Citas
2023-09-26T00:31:52.727-05:00 DEBUG 33180 --- [           main] o.h.boot.model.internal.PropertyBinder   : MetadataSourceProcessor property citaId with lazy=false
2023-09-26T00:31:52.730-05:00 DEBUG 33180 --- [           main] o.h.b.m.internal.AbstractPropertyHolder  : Attempting to locate auto-apply AttributeConverter for property [com.example.demo.model.Citas:citaId]
2023-09-26T00:31:52.732-05:00 DEBUG 33180 --- [           main] o.h.b.model.internal.BasicValueBinder    : building BasicValue for citaId
2023-09-26T00:31:52.734-05:00 DEBUG 33180 --- [           main] org.hibernate.mapping.BasicValue         : Skipping column re-registration: citas.cita_id
2023-09-26T00:31:52.734-05:00 DEBUG 33180 --- [           main] o.h.boot.model.internal.PropertyBinder   : Building property citaId
2023-09-26T00:31:52.736-05:00 DEBUG 33180 --- [           main] o.h.boot.model.internal.BinderHelper     : #makeIdGenerator(BasicValue([Column(cita_id)]), citaId, identity, , ...)
2023-09-26T00:31:52.737-05:00 DEBUG 33180 --- [           main] o.h.boot.model.internal.AnnotatedColumn  : Binding column: AnnotatedColumn()
2023-09-26T00:31:52.737-05:00 DEBUG 33180 --- [           main] o.h.boot.model.internal.PropertyBinder   : MetadataSourceProcessor property duracion with lazy=false
2023-09-26T00:31:52.737-05:00 DEBUG 33180 --- [           main] o.h.b.m.internal.AbstractPropertyHolder  : Attempting to locate auto-apply AttributeConverter for property [com.example.demo.model.Citas:duracion]
2023-09-26T00:31:52.737-05:00 DEBUG 33180 --- [           main] o.h.b.model.internal.BasicValueBinder    : building BasicValue for duracion
2023-09-26T00:31:52.737-05:00 DEBUG 33180 --- [           main] org.hibernate.mapping.BasicValue         : Skipping column re-registration: citas.duracion
2023-09-26T00:31:52.737-05:00 DEBUG 33180 --- [           main] o.h.boot.model.internal.PropertyBinder   : Building property duracion
2023-09-26T00:31:52.738-05:00 DEBUG 33180 --- [           main] o.h.boot.model.internal.AnnotatedColumn  : Binding column: AnnotatedColumn()
2023-09-26T00:31:52.738-05:00 DEBUG 33180 --- [           main] o.h.boot.model.internal.PropertyBinder   : MetadataSourceProcessor property fecha with lazy=false
2023-09-26T00:31:52.738-05:00 DEBUG 33180 --- [           main] o.h.b.m.internal.AbstractPropertyHolder  : Attempting to locate auto-apply AttributeConverter for property [com.example.demo.model.Citas:fecha]
2023-09-26T00:31:52.738-05:00 DEBUG 33180 --- [           main] o.h.b.model.internal.BasicValueBinder    : building BasicValue for fecha
2023-09-26T00:31:52.738-05:00 DEBUG 33180 --- [           main] org.hibernate.mapping.BasicValue         : Skipping column re-registration: citas.fecha
2023-09-26T00:31:52.738-05:00 DEBUG 33180 --- [           main] o.h.boot.model.internal.PropertyBinder   : Building property fecha
2023-09-26T00:31:52.738-05:00 DEBUG 33180 --- [           main] o.h.boot.model.internal.AnnotatedColumn  : Binding column: AnnotatedColumn()
2023-09-26T00:31:52.738-05:00 DEBUG 33180 --- [           main] o.h.boot.model.internal.PropertyBinder   : MetadataSourceProcessor property hora with lazy=false
2023-09-26T00:31:52.738-05:00 DEBUG 33180 --- [           main] o.h.b.m.internal.AbstractPropertyHolder  : Attempting to locate auto-apply AttributeConverter for property [com.example.demo.model.Citas:hora]
2023-09-26T00:31:52.738-05:00 DEBUG 33180 --- [           main] o.h.b.model.internal.BasicValueBinder    : building BasicValue for hora
2023-09-26T00:31:52.738-05:00 DEBUG 33180 --- [           main] org.hibernate.mapping.BasicValue         : Skipping column re-registration: citas.hora
2023-09-26T00:31:52.738-05:00 DEBUG 33180 --- [           main] o.h.boot.model.internal.PropertyBinder   : Building property hora
2023-09-26T00:31:52.738-05:00 DEBUG 33180 --- [           main] o.h.boot.model.internal.AnnotatedColumn  : Binding column: AnnotatedColumn()
2023-09-26T00:31:52.738-05:00 DEBUG 33180 --- [           main] o.h.boot.model.internal.PropertyBinder   : MetadataSourceProcessor property medicoId with lazy=false
2023-09-26T00:31:52.738-05:00 DEBUG 33180 --- [           main] o.h.b.m.internal.AbstractPropertyHolder  : Attempting to locate auto-apply AttributeConverter for property [com.example.demo.model.Citas:medicoId]
2023-09-26T00:31:52.739-05:00 DEBUG 33180 --- [           main] o.h.b.model.internal.BasicValueBinder    : building BasicValue for medicoId
2023-09-26T00:31:52.739-05:00 DEBUG 33180 --- [           main] org.hibernate.mapping.BasicValue         : Skipping column re-registration: citas.medico_id
2023-09-26T00:31:52.739-05:00 DEBUG 33180 --- [           main] o.h.boot.model.internal.PropertyBinder   : Building property medicoId
2023-09-26T00:31:52.739-05:00 DEBUG 33180 --- [           main] o.h.boot.model.internal.AnnotatedColumn  : Binding column: AnnotatedColumn()
2023-09-26T00:31:52.739-05:00 DEBUG 33180 --- [           main] o.h.boot.model.internal.PropertyBinder   : MetadataSourceProcessor property pacienteId with lazy=false
2023-09-26T00:31:52.739-05:00 DEBUG 33180 --- [           main] o.h.b.m.internal.AbstractPropertyHolder  : Attempting to locate auto-apply AttributeConverter for property [com.example.demo.model.Citas:pacienteId]
2023-09-26T00:31:52.739-05:00 DEBUG 33180 --- [           main] o.h.b.model.internal.BasicValueBinder    : building BasicValue for pacienteId
2023-09-26T00:31:52.739-05:00 DEBUG 33180 --- [           main] org.hibernate.mapping.BasicValue         : Skipping column re-registration: citas.paciente_id
2023-09-26T00:31:52.739-05:00 DEBUG 33180 --- [           main] o.h.boot.model.internal.PropertyBinder   : Building property pacienteId
2023-09-26T00:31:52.743-05:00 DEBUG 33180 --- [           main] o.h.b.model.internal.BasicValueBinder    : Starting `BasicValueBinder#fillSimpleValue` for citaId
2023-09-26T00:31:52.743-05:00 DEBUG 33180 --- [           main] o.h.b.model.internal.BasicValueBinder    : Starting `BasicValueBinder#fillSimpleValue` for duracion
2023-09-26T00:31:52.743-05:00 DEBUG 33180 --- [           main] o.h.b.model.internal.BasicValueBinder    : Starting `BasicValueBinder#fillSimpleValue` for fecha
2023-09-26T00:31:52.743-05:00 DEBUG 33180 --- [           main] o.h.b.model.internal.BasicValueBinder    : Starting `BasicValueBinder#fillSimpleValue` for hora
2023-09-26T00:31:52.744-05:00 DEBUG 33180 --- [           main] o.h.b.model.internal.BasicValueBinder    : Starting `BasicValueBinder#fillSimpleValue` for medicoId
2023-09-26T00:31:52.744-05:00 DEBUG 33180 --- [           main] o.h.b.model.internal.BasicValueBinder    : Starting `BasicValueBinder#fillSimpleValue` for pacienteId
2023-09-26T00:31:52.745-05:00 DEBUG 33180 --- [           main] org.hibernate.mapping.PrimaryKey         : Forcing column [cita_id] to be non-null as it is part of the primary key for table [citas]
2023-09-26T00:31:52.762-05:00  INFO 33180 --- [           main] o.h.b.i.BytecodeProviderInitiator        : HHH000021: Bytecode provider name : bytebuddy
2023-09-26T00:31:52.771-05:00 DEBUG 33180 --- [           main] o.hibernate.internal.SessionFactoryImpl  : Building session factory
2023-09-26T00:31:52.792-05:00 DEBUG 33180 --- [           main] .h.s.i.SessionFactoryServiceRegistryImpl : EventListenerRegistry access via ServiceRegistry is deprecated.  Use `sessionFactory.getEventEngine().getListenerRegistry()` instead
2023-09-26T00:31:52.793-05:00 DEBUG 33180 --- [           main] o.hibernate.internal.SessionFactoryImpl  : Instantiating SessionFactory with settings: {java.specification.version=17, sun.cpu.isalist=amd64, hibernate.resource.beans.container=org.springframework.orm.hibernate5.SpringBeanContainer@793d09e, hibernate.connection.handling_mode=DELAYED_ACQUISITION_AND_HOLD, sun.jnu.encoding=Cp1252, hibernate.dialect=org.hibernate.dialect.H2Dialect, hibernate.implicit_naming_strategy=org.springframework.boot.orm.jpa.hibernate.SpringImplicitNamingStrategy, java.class.path=C:\Users\cgn_n\Downloads\citasMedicas3\demo\target\test-classes;C:\Users\cgn_n\Downloads\citasMedicas3\demo\target\classes;C:\Users\cgn_n\.m2\repository\org\springframework\boot\spring-boot-starter-data-jpa\3.1.4\spring-boot-starter-data-jpa-3.1.4.jar;C:\Users\cgn_n\.m2\repository\org\springframework\boot\spring-boot-starter-aop\3.1.4\spring-boot-starter-aop-3.1.4.jar;C:\Users\cgn_n\.m2\repository\org\springframework\spring-aop\6.0.12\spring-aop-6.0.12.jar;C:\Users\cgn_n\.m2\repository\org\aspectj\aspectjweaver\1.9.20\aspectjweaver-1.9.20.jar;C:\Users\cgn_n\.m2\repository\org\springframework\boot\spring-boot-starter-jdbc\3.1.4\spring-boot-starter-jdbc-3.1.4.jar;C:\Users\cgn_n\.m2\repository\com\zaxxer\HikariCP\5.0.1\HikariCP-5.0.1.jar;C:\Users\cgn_n\.m2\repository\org\springframework\spring-jdbc\6.0.12\spring-jdbc-6.0.12.jar;C:\Users\cgn_n\.m2\repository\org\hibernate\orm\hibernate-core\6.2.9.Final\hibernate-core-6.2.9.Final.jar;C:\Users\cgn_n\.m2\repository\jakarta\persistence\jakarta.persistence-api\3.1.0\jakarta.persistence-api-3.1.0.jar;C:\Users\cgn_n\.m2\repository\jakarta\transaction\jakarta.transaction-api\2.0.1\jakarta.transaction-api-2.0.1.jar;C:\Users\cgn_n\.m2\repository\org\jboss\logging\jboss-logging\3.5.3.Final\jboss-logging-3.5.3.Final.jar;C:\Users\cgn_n\.m2\repository\org\hibernate\common\hibernate-commons-annotations\6.0.6.Final\hibernate-commons-annotations-6.0.6.Final.jar;C:\Users\cgn_n\.m2\repository\io\smallrye\jandex\3.0.5\jandex-3.0.5.jar;C:\Users\cgn_n\.m2\repository\com\fasterxml\classmate\1.5.1\classmate-1.5.1.jar;C:\Users\cgn_n\.m2\repository\net\bytebuddy\byte-buddy\1.14.8\byte-buddy-1.14.8.jar;C:\Users\cgn_n\.m2\repository\org\glassfish\jaxb\jaxb-runtime\4.0.3\jaxb-runtime-4.0.3.jar;C:\Users\cgn_n\.m2\repository\org\glassfish\jaxb\jaxb-core\4.0.3\jaxb-core-4.0.3.jar;C:\Users\cgn_n\.m2\repository\org\eclipse\angus\angus-activation\2.0.1\angus-activation-2.0.1.jar;C:\Users\cgn_n\.m2\repository\org\glassfish\jaxb\txw2\4.0.3\txw2-4.0.3.jar;C:\Users\cgn_n\.m2\repository\com\sun\istack\istack-commons-runtime\4.1.2\istack-commons-runtime-4.1.2.jar;C:\Users\cgn_n\.m2\repository\jakarta\inject\jakarta.inject-api\2.0.1\jakarta.inject-api-2.0.1.jar;C:\Users\cgn_n\.m2\repository\org\antlr\antlr4-runtime\4.10.1\antlr4-runtime-4.10.1.jar;C:\Users\cgn_n\.m2\repository\org\springframework\data\spring-data-jpa\3.1.4\spring-data-jpa-3.1.4.jar;C:\Users\cgn_n\.m2\repository\org\springframework\data\spring-data-commons\3.1.4\spring-data-commons-3.1.4.jar;C:\Users\cgn_n\.m2\repository\org\springframework\spring-orm\6.0.12\spring-orm-6.0.12.jar;C:\Users\cgn_n\.m2\repository\org\springframework\spring-context\6.0.12\spring-context-6.0.12.jar;C:\Users\cgn_n\.m2\repository\org\springframework\spring-tx\6.0.12\spring-tx-6.0.12.jar;C:\Users\cgn_n\.m2\repository\org\springframework\spring-beans\6.0.12\spring-beans-6.0.12.jar;C:\Users\cgn_n\.m2\repository\jakarta\annotation\jakarta.annotation-api\2.1.1\jakarta.annotation-api-2.1.1.jar;C:\Users\cgn_n\.m2\repository\org\slf4j\slf4j-api\2.0.9\slf4j-api-2.0.9.jar;C:\Users\cgn_n\.m2\repository\org\springframework\spring-aspects\6.0.12\spring-aspects-6.0.12.jar;C:\Users\cgn_n\.m2\repository\org\springframework\boot\spring-boot-starter-web\3.1.4\spring-boot-starter-web-3.1.4.jar;C:\Users\cgn_n\.m2\repository\org\springframework\boot\spring-boot-starter\3.1.4\spring-boot-starter-3.1.4.jar;C:\Users\cgn_n\.m2\repository\org\springframework\boot\spring-boot\3.1.4\spring-boot-3.1.4.jar;C:\Users\cgn_n\.m2\repository\org\springframework\boot\spring-boot-autoconfigure\3.1.4\spring-boot-autoconfigure-3.1.4.jar;C:\Users\cgn_n\.m2\repository\org\springframework\boot\spring-boot-starter-logging\3.1.4\spring-boot-starter-logging-3.1.4.jar;C:\Users\cgn_n\.m2\repository\ch\qos\logback\logback-classic\1.4.11\logback-classic-1.4.11.jar;C:\Users\cgn_n\.m2\repository\ch\qos\logback\logback-core\1.4.11\logback-core-1.4.11.jar;C:\Users\cgn_n\.m2\repository\org\apache\logging\log4j\log4j-to-slf4j\2.20.0\log4j-to-slf4j-2.20.0.jar;C:\Users\cgn_n\.m2\repository\org\apache\logging\log4j\log4j-api\2.20.0\log4j-api-2.20.0.jar;C:\Users\cgn_n\.m2\repository\org\slf4j\jul-to-slf4j\2.0.9\jul-to-slf4j-2.0.9.jar;C:\Users\cgn_n\.m2\repository\org\yaml\snakeyaml\1.33\snakeyaml-1.33.jar;C:\Users\cgn_n\.m2\repository\org\springframework\boot\spring-boot-starter-json\3.1.4\spring-boot-starter-json-3.1.4.jar;C:\Users\cgn_n\.m2\repository\com\fasterxml\jackson\core\jackson-databind\2.15.2\jackson-databind-2.15.2.jar;C:\Users\cgn_n\.m2\repository\com\fasterxml\jackson\core\jackson-core\2.15.2\jackson-core-2.15.2.jar;C:\Users\cgn_n\.m2\repository\com\fasterxml\jackson\datatype\jackson-datatype-jdk8\2.15.2\jackson-datatype-jdk8-2.15.2.jar;C:\Users\cgn_n\.m2\repository\com\fasterxml\jackson\datatype\jackson-datatype-jsr310\2.15.2\jackson-datatype-jsr310-2.15.2.jar;C:\Users\cgn_n\.m2\repository\com\fasterxml\jackson\module\jackson-module-parameter-names\2.15.2\jackson-module-parameter-names-2.15.2.jar;C:\Users\cgn_n\.m2\repository\org\springframework\boot\spring-boot-starter-tomcat\3.1.4\spring-boot-starter-tomcat-3.1.4.jar;C:\Users\cgn_n\.m2\repository\org\apache\tomcat\embed\tomcat-embed-core\10.1.13\tomcat-embed-core-10.1.13.jar;C:\Users\cgn_n\.m2\repository\org\apache\tomcat\embed\tomcat-embed-el\10.1.13\tomcat-embed-el-10.1.13.jar;C:\Users\cgn_n\.m2\repository\org\apache\tomcat\embed\tomcat-embed-websocket\10.1.13\tomcat-embed-websocket-10.1.13.jar;C:\Users\cgn_n\.m2\repository\org\springframework\spring-web\6.0.12\spring-web-6.0.12.jar;C:\Users\cgn_n\.m2\repository\io\micrometer\micrometer-observation\1.11.4\micrometer-observation-1.11.4.jar;C:\Users\cgn_n\.m2\repository\io\micrometer\micrometer-commons\1.11.4\micrometer-commons-1.11.4.jar;C:\Users\cgn_n\.m2\repository\org\springframework\spring-webmvc\6.0.12\spring-webmvc-6.0.12.jar;C:\Users\cgn_n\.m2\repository\org\springframework\spring-expression\6.0.12\spring-expression-6.0.12.jar;C:\Users\cgn_n\.m2\repository\org\springframework\boot\spring-boot-starter-data-rest\3.1.4\spring-boot-starter-data-rest-3.1.4.jar;C:\Users\cgn_n\.m2\repository\org\springframework\data\spring-data-rest-webmvc\4.1.4\spring-data-rest-webmvc-4.1.4.jar;C:\Users\cgn_n\.m2\repository\org\springframework\data\spring-data-rest-core\4.1.4\spring-data-rest-core-4.1.4.jar;C:\Users\cgn_n\.m2\repository\org\springframework\hateoas\spring-hateoas\2.1.2\spring-hateoas-2.1.2.jar;C:\Users\cgn_n\.m2\repository\org\springframework\plugin\spring-plugin-core\3.0.0\spring-plugin-core-3.0.0.jar;C:\Users\cgn_n\.m2\repository\org\atteo\evo-inflector\1.3\evo-inflector-1.3.jar;C:\Users\cgn_n\.m2\repository\com\fasterxml\jackson\core\jackson-annotations\2.15.2\jackson-annotations-2.15.2.jar;C:\Users\cgn_n\.m2\repository\com\h2database\h2\2.1.214\h2-2.1.214.jar;C:\Users\cgn_n\.m2\repository\org\projectlombok\lombok\1.18.30\lombok-1.18.30.jar;C:\Users\cgn_n\.m2\repository\org\springframework\boot\spring-boot-starter-test\3.1.4\spring-boot-starter-test-3.1.4.jar;C:\Users\cgn_n\.m2\repository\org\springframework\boot\spring-boot-test\3.1.4\spring-boot-test-3.1.4.jar;C:\Users\cgn_n\.m2\repository\org\springframework\boot\spring-boot-test-autoconfigure\3.1.4\spring-boot-test-autoconfigure-3.1.4.jar;C:\Users\cgn_n\.m2\repository\com\jayway\jsonpath\json-path\2.8.0\json-path-2.8.0.jar;C:\Users\cgn_n\.m2\repository\jakarta\xml\bind\jakarta.xml.bind-api\4.0.1\jakarta.xml.bind-api-4.0.1.jar;C:\Users\cgn_n\.m2\repository\jakarta\activation\jakarta.activation-api\2.1.2\jakarta.activation-api-2.1.2.jar;C:\Users\cgn_n\.m2\repository\net\minidev\json-smart\2.4.11\json-smart-2.4.11.jar;C:\Users\cgn_n\.m2\repository\net\minidev\accessors-smart\2.4.11\accessors-smart-2.4.11.jar;C:\Users\cgn_n\.m2\repository\org\ow2\asm\asm\9.3\asm-9.3.jar;C:\Users\cgn_n\.m2\repository\org\assertj\assertj-core\3.24.2\assertj-core-3.24.2.jar;C:\Users\cgn_n\.m2\repository\org\hamcrest\hamcrest\2.2\hamcrest-2.2.jar;C:\Users\cgn_n\.m2\repository\org\junit\jupiter\junit-jupiter\5.9.3\junit-jupiter-5.9.3.jar;C:\Users\cgn_n\.m2\repository\org\junit\jupiter\junit-jupiter-api\5.9.3\junit-jupiter-api-5.9.3.jar;C:\Users\cgn_n\.m2\repository\org\opentest4j\opentest4j\1.2.0\opentest4j-1.2.0.jar;C:\Users\cgn_n\.m2\repository\org\junit\platform\junit-platform-commons\1.9.3\junit-platform-commons-1.9.3.jar;C:\Users\cgn_n\.m2\repository\org\apiguardian\apiguardian-api\1.1.2\apiguardian-api-1.1.2.jar;C:\Users\cgn_n\.m2\repository\org\junit\jupiter\junit-jupiter-params\5.9.3\junit-jupiter-params-5.9.3.jar;C:\Users\cgn_n\.m2\repository\org\junit\jupiter\junit-jupiter-engine\5.9.3\junit-jupiter-engine-5.9.3.jar;C:\Users\cgn_n\.m2\repository\org\junit\platform\junit-platform-engine\1.9.3\junit-platform-engine-1.9.3.jar;C:\Users\cgn_n\.m2\repository\org\mockito\mockito-core\5.3.1\mockito-core-5.3.1.jar;C:\Users\cgn_n\.m2\repository\net\bytebuddy\byte-buddy-agent\1.14.8\byte-buddy-agent-1.14.8.jar;C:\Users\cgn_n\.m2\repository\org\objenesis\objenesis\3.3\objenesis-3.3.jar;C:\Users\cgn_n\.m2\repository\org\mockito\mockito-junit-jupiter\5.3.1\mockito-junit-jupiter-5.3.1.jar;C:\Users\cgn_n\.m2\repository\org\skyscreamer\jsonassert\1.5.1\jsonassert-1.5.1.jar;C:\Users\cgn_n\.m2\repository\com\vaadin\external\google\android-json\0.0.20131108.vaadin1\android-json-0.0.20131108.vaadin1.jar;C:\Users\cgn_n\.m2\repository\org\springframework\spring-core\6.0.12\spring-core-6.0.12.jar;C:\Users\cgn_n\.m2\repository\org\springframework\spring-jcl\6.0.12\spring-jcl-6.0.12.jar;C:\Users\cgn_n\.m2\repository\org\springframework\spring-test\6.0.12\spring-test-6.0.12.jar;C:\Users\cgn_n\.m2\repository\org\xmlunit\xmlunit-core\2.9.1\xmlunit-core-2.9.1.jar;C:\Users\cgn_n\.m2\repository\com\google\code\gson\gson\2.10.1\gson-2.10.1.jar;, java.vm.vendor=Eclipse Adoptium, sun.arch.data.model=64, user.variant=, java.vendor.url=https://adoptium.net/, user.timezone=America/Bogota, jakarta.persistence.sharedCache.mode=UNSPECIFIED, org.jboss.logging.provider=slf4j, user.country.format=PE, java.vm.specification.version=17, os.name=Windows 11, jakarta.persistence.nonJtaDataSource=HikariDataSource (HikariPool-1), sun.java.launcher=SUN_STANDARD, user.country=US, sun.boot.library.path=C:\Program Files\Eclipse Adoptium\jdk-17.0.8.101-hotspot\bin, sun.java.command=C:\Users\cgn_n\AppData\Local\Temp\surefire4884468535762717526\surefirebooter-20230926003149936_3.jar C:\Users\cgn_n\AppData\Local\Temp\surefire4884468535762717526 2023-09-26T00-31-49_813-jvmRun1 surefire-20230926003149936_1tmp surefire_0-20230926003149936_2tmp, javax.persistence.nonJtaDataSource=HikariDataSource (HikariPool-1), hibernate.transaction.jta.platform=org.hibernate.engine.transaction.jta.platform.internal.NoJtaPlatform@68821f6, jdk.debug=release, surefire.test.class.path=C:\Users\cgn_n\Downloads\citasMedicas3\demo\target\test-classes;C:\Users\cgn_n\Downloads\citasMedicas3\demo\target\classes;C:\Users\cgn_n\.m2\repository\org\springframework\boot\spring-boot-starter-data-jpa\3.1.4\spring-boot-starter-data-jpa-3.1.4.jar;C:\Users\cgn_n\.m2\repository\org\springframework\boot\spring-boot-starter-aop\3.1.4\spring-boot-starter-aop-3.1.4.jar;C:\Users\cgn_n\.m2\repository\org\springframework\spring-aop\6.0.12\spring-aop-6.0.12.jar;C:\Users\cgn_n\.m2\repository\org\aspectj\aspectjweaver\1.9.20\aspectjweaver-1.9.20.jar;C:\Users\cgn_n\.m2\repository\org\springframework\boot\spring-boot-starter-jdbc\3.1.4\spring-boot-starter-jdbc-3.1.4.jar;C:\Users\cgn_n\.m2\repository\com\zaxxer\HikariCP\5.0.1\HikariCP-5.0.1.jar;C:\Users\cgn_n\.m2\repository\org\springframework\spring-jdbc\6.0.12\spring-jdbc-6.0.12.jar;C:\Users\cgn_n\.m2\repository\org\hibernate\orm\hibernate-core\6.2.9.Final\hibernate-core-6.2.9.Final.jar;C:\Users\cgn_n\.m2\repository\jakarta\persistence\jakarta.persistence-api\3.1.0\jakarta.persistence-api-3.1.0.jar;C:\Users\cgn_n\.m2\repository\jakarta\transaction\jakarta.transaction-api\2.0.1\jakarta.transaction-api-2.0.1.jar;C:\Users\cgn_n\.m2\repository\org\jboss\logging\jboss-logging\3.5.3.Final\jboss-logging-3.5.3.Final.jar;C:\Users\cgn_n\.m2\repository\org\hibernate\common\hibernate-commons-annotations\6.0.6.Final\hibernate-commons-annotations-6.0.6.Final.jar;C:\Users\cgn_n\.m2\repository\io\smallrye\jandex\3.0.5\jandex-3.0.5.jar;C:\Users\cgn_n\.m2\repository\com\fasterxml\classmate\1.5.1\classmate-1.5.1.jar;C:\Users\cgn_n\.m2\repository\net\bytebuddy\byte-buddy\1.14.8\byte-buddy-1.14.8.jar;C:\Users\cgn_n\.m2\repository\org\glassfish\jaxb\jaxb-runtime\4.0.3\jaxb-runtime-4.0.3.jar;C:\Users\cgn_n\.m2\repository\org\glassfish\jaxb\jaxb-core\4.0.3\jaxb-core-4.0.3.jar;C:\Users\cgn_n\.m2\repository\org\eclipse\angus\angus-activation\2.0.1\angus-activation-2.0.1.jar;C:\Users\cgn_n\.m2\repository\org\glassfish\jaxb\txw2\4.0.3\txw2-4.0.3.jar;C:\Users\cgn_n\.m2\repository\com\sun\istack\istack-commons-runtime\4.1.2\istack-commons-runtime-4.1.2.jar;C:\Users\cgn_n\.m2\repository\jakarta\inject\jakarta.inject-api\2.0.1\jakarta.inject-api-2.0.1.jar;C:\Users\cgn_n\.m2\repository\org\antlr\antlr4-runtime\4.10.1\antlr4-runtime-4.10.1.jar;C:\Users\cgn_n\.m2\repository\org\springframework\data\spring-data-jpa\3.1.4\spring-data-jpa-3.1.4.jar;C:\Users\cgn_n\.m2\repository\org\springframework\data\spring-data-commons\3.1.4\spring-data-commons-3.1.4.jar;C:\Users\cgn_n\.m2\repository\org\springframework\spring-orm\6.0.12\spring-orm-6.0.12.jar;C:\Users\cgn_n\.m2\repository\org\springframework\spring-context\6.0.12\spring-context-6.0.12.jar;C:\Users\cgn_n\.m2\repository\org\springframework\spring-tx\6.0.12\spring-tx-6.0.12.jar;C:\Users\cgn_n\.m2\repository\org\springframework\spring-beans\6.0.12\spring-beans-6.0.12.jar;C:\Users\cgn_n\.m2\repository\jakarta\annotation\jakarta.annotation-api\2.1.1\jakarta.annotation-api-2.1.1.jar;C:\Users\cgn_n\.m2\repository\org\slf4j\slf4j-api\2.0.9\slf4j-api-2.0.9.jar;C:\Users\cgn_n\.m2\repository\org\springframework\spring-aspects\6.0.12\spring-aspects-6.0.12.jar;C:\Users\cgn_n\.m2\repository\org\springframework\boot\spring-boot-starter-web\3.1.4\spring-boot-starter-web-3.1.4.jar;C:\Users\cgn_n\.m2\repository\org\springframework\boot\spring-boot-starter\3.1.4\spring-boot-starter-3.1.4.jar;C:\Users\cgn_n\.m2\repository\org\springframework\boot\spring-boot\3.1.4\spring-boot-3.1.4.jar;C:\Users\cgn_n\.m2\repository\org\springframework\boot\spring-boot-autoconfigure\3.1.4\spring-boot-autoconfigure-3.1.4.jar;C:\Users\cgn_n\.m2\repository\org\springframework\boot\spring-boot-starter-logging\3.1.4\spring-boot-starter-logging-3.1.4.jar;C:\Users\cgn_n\.m2\repository\ch\qos\logback\logback-classic\1.4.11\logback-classic-1.4.11.jar;C:\Users\cgn_n\.m2\repository\ch\qos\logback\logback-core\1.4.11\logback-core-1.4.11.jar;C:\Users\cgn_n\.m2\repository\org\apache\logging\log4j\log4j-to-slf4j\2.20.0\log4j-to-slf4j-2.20.0.jar;C:\Users\cgn_n\.m2\repository\org\apache\logging\log4j\log4j-api\2.20.0\log4j-api-2.20.0.jar;C:\Users\cgn_n\.m2\repository\org\slf4j\jul-to-slf4j\2.0.9\jul-to-slf4j-2.0.9.jar;C:\Users\cgn_n\.m2\repository\org\yaml\snakeyaml\1.33\snakeyaml-1.33.jar;C:\Users\cgn_n\.m2\repository\org\springframework\boot\spring-boot-starter-json\3.1.4\spring-boot-starter-json-3.1.4.jar;C:\Users\cgn_n\.m2\repository\com\fasterxml\jackson\core\jackson-databind\2.15.2\jackson-databind-2.15.2.jar;C:\Users\cgn_n\.m2\repository\com\fasterxml\jackson\core\jackson-core\2.15.2\jackson-core-2.15.2.jar;C:\Users\cgn_n\.m2\repository\com\fasterxml\jackson\datatype\jackson-datatype-jdk8\2.15.2\jackson-datatype-jdk8-2.15.2.jar;C:\Users\cgn_n\.m2\repository\com\fasterxml\jackson\datatype\jackson-datatype-jsr310\2.15.2\jackson-datatype-jsr310-2.15.2.jar;C:\Users\cgn_n\.m2\repository\com\fasterxml\jackson\module\jackson-module-parameter-names\2.15.2\jackson-module-parameter-names-2.15.2.jar;C:\Users\cgn_n\.m2\repository\org\springframework\boot\spring-boot-starter-tomcat\3.1.4\spring-boot-starter-tomcat-3.1.4.jar;C:\Users\cgn_n\.m2\repository\org\apache\tomcat\embed\tomcat-embed-core\10.1.13\tomcat-embed-core-10.1.13.jar;C:\Users\cgn_n\.m2\repository\org\apache\tomcat\embed\tomcat-embed-el\10.1.13\tomcat-embed-el-10.1.13.jar;C:\Users\cgn_n\.m2\repository\org\apache\tomcat\embed\tomcat-embed-websocket\10.1.13\tomcat-embed-websocket-10.1.13.jar;C:\Users\cgn_n\.m2\repository\org\springframework\spring-web\6.0.12\spring-web-6.0.12.jar;C:\Users\cgn_n\.m2\repository\io\micrometer\micrometer-observation\1.11.4\micrometer-observation-1.11.4.jar;C:\Users\cgn_n\.m2\repository\io\micrometer\micrometer-commons\1.11.4\micrometer-commons-1.11.4.jar;C:\Users\cgn_n\.m2\repository\org\springframework\spring-webmvc\6.0.12\spring-webmvc-6.0.12.jar;C:\Users\cgn_n\.m2\repository\org\springframework\spring-expression\6.0.12\spring-expression-6.0.12.jar;C:\Users\cgn_n\.m2\repository\org\springframework\boot\spring-boot-starter-data-rest\3.1.4\spring-boot-starter-data-rest-3.1.4.jar;C:\Users\cgn_n\.m2\repository\org\springframework\data\spring-data-rest-webmvc\4.1.4\spring-data-rest-webmvc-4.1.4.jar;C:\Users\cgn_n\.m2\repository\org\springframework\data\spring-data-rest-core\4.1.4\spring-data-rest-core-4.1.4.jar;C:\Users\cgn_n\.m2\repository\org\springframework\hateoas\spring-hateoas\2.1.2\spring-hateoas-2.1.2.jar;C:\Users\cgn_n\.m2\repository\org\springframework\plugin\spring-plugin-core\3.0.0\spring-plugin-core-3.0.0.jar;C:\Users\cgn_n\.m2\repository\org\atteo\evo-inflector\1.3\evo-inflector-1.3.jar;C:\Users\cgn_n\.m2\repository\com\fasterxml\jackson\core\jackson-annotations\2.15.2\jackson-annotations-2.15.2.jar;C:\Users\cgn_n\.m2\repository\com\h2database\h2\2.1.214\h2-2.1.214.jar;C:\Users\cgn_n\.m2\repository\org\projectlombok\lombok\1.18.30\lombok-1.18.30.jar;C:\Users\cgn_n\.m2\repository\org\springframework\boot\spring-boot-starter-test\3.1.4\spring-boot-starter-test-3.1.4.jar;C:\Users\cgn_n\.m2\repository\org\springframework\boot\spring-boot-test\3.1.4\spring-boot-test-3.1.4.jar;C:\Users\cgn_n\.m2\repository\org\springframework\boot\spring-boot-test-autoconfigure\3.1.4\spring-boot-test-autoconfigure-3.1.4.jar;C:\Users\cgn_n\.m2\repository\com\jayway\jsonpath\json-path\2.8.0\json-path-2.8.0.jar;C:\Users\cgn_n\.m2\repository\jakarta\xml\bind\jakarta.xml.bind-api\4.0.1\jakarta.xml.bind-api-4.0.1.jar;C:\Users\cgn_n\.m2\repository\jakarta\activation\jakarta.activation-api\2.1.2\jakarta.activation-api-2.1.2.jar;C:\Users\cgn_n\.m2\repository\net\minidev\json-smart\2.4.11\json-smart-2.4.11.jar;C:\Users\cgn_n\.m2\repository\net\minidev\accessors-smart\2.4.11\accessors-smart-2.4.11.jar;C:\Users\cgn_n\.m2\repository\org\ow2\asm\asm\9.3\asm-9.3.jar;C:\Users\cgn_n\.m2\repository\org\assertj\assertj-core\3.24.2\assertj-core-3.24.2.jar;C:\Users\cgn_n\.m2\repository\org\hamcrest\hamcrest\2.2\hamcrest-2.2.jar;C:\Users\cgn_n\.m2\repository\org\junit\jupiter\junit-jupiter\5.9.3\junit-jupiter-5.9.3.jar;C:\Users\cgn_n\.m2\repository\org\junit\jupiter\junit-jupiter-api\5.9.3\junit-jupiter-api-5.9.3.jar;C:\Users\cgn_n\.m2\repository\org\opentest4j\opentest4j\1.2.0\opentest4j-1.2.0.jar;C:\Users\cgn_n\.m2\repository\org\junit\platform\junit-platform-commons\1.9.3\junit-platform-commons-1.9.3.jar;C:\Users\cgn_n\.m2\repository\org\apiguardian\apiguardian-api\1.1.2\apiguardian-api-1.1.2.jar;C:\Users\cgn_n\.m2\repository\org\junit\jupiter\junit-jupiter-params\5.9.3\junit-jupiter-params-5.9.3.jar;C:\Users\cgn_n\.m2\repository\org\junit\jupiter\junit-jupiter-engine\5.9.3\junit-jupiter-engine-5.9.3.jar;C:\Users\cgn_n\.m2\repository\org\junit\platform\junit-platform-engine\1.9.3\junit-platform-engine-1.9.3.jar;C:\Users\cgn_n\.m2\repository\org\mockito\mockito-core\5.3.1\mockito-core-5.3.1.jar;C:\Users\cgn_n\.m2\repository\net\bytebuddy\byte-buddy-agent\1.14.8\byte-buddy-agent-1.14.8.jar;C:\Users\cgn_n\.m2\repository\org\objenesis\objenesis\3.3\objenesis-3.3.jar;C:\Users\cgn_n\.m2\repository\org\mockito\mockito-junit-jupiter\5.3.1\mockito-junit-jupiter-5.3.1.jar;C:\Users\cgn_n\.m2\repository\org\skyscreamer\jsonassert\1.5.1\jsonassert-1.5.1.jar;C:\Users\cgn_n\.m2\repository\com\vaadin\external\google\android-json\0.0.20131108.vaadin1\android-json-0.0.20131108.vaadin1.jar;C:\Users\cgn_n\.m2\repository\org\springframework\spring-core\6.0.12\spring-core-6.0.12.jar;C:\Users\cgn_n\.m2\repository\org\springframework\spring-jcl\6.0.12\spring-jcl-6.0.12.jar;C:\Users\cgn_n\.m2\repository\org\springframework\spring-test\6.0.12\spring-test-6.0.12.jar;C:\Users\cgn_n\.m2\repository\org\xmlunit\xmlunit-core\2.9.1\xmlunit-core-2.9.1.jar;C:\Users\cgn_n\.m2\repository\com\google\code\gson\gson\2.10.1\gson-2.10.1.jar;, sun.cpu.endian=little, hibernate.cdi.extensions=true, user.home=C:\Users\cgn_n, user.language=en, java.specification.vendor=Oracle Corporation, java.version.date=2023-08-24, java.home=C:\Program Files\Eclipse Adoptium\jdk-17.0.8.101-hotspot, file.separator=\, basedir=C:\Users\cgn_n\Downloads\citasMedicas3\demo, java.vm.compressedOopsMode=Zero based, line.separator=
, hibernate.persistenceUnitName=default, java.vm.specification.vendor=Oracle Corporation, java.specification.name=Java Platform API Specification, FILE_LOG_CHARSET=windows-1252, hibernate.transaction.coordinator_class=class org.hibernate.resource.transaction.backend.jdbc.internal.JdbcResourceLocalTransactionCoordinatorBuilderImpl, java.awt.headless=true, surefire.real.class.path=C:\Users\cgn_n\AppData\Local\Temp\surefire4884468535762717526\surefirebooter-20230926003149936_3.jar, jakarta.persistence.validation.mode=AUTO, hibernate.hbm2ddl.auto=create-drop, user.script=, sun.management.compiler=HotSpot 64-Bit Tiered Compilers, java.runtime.version=17.0.8.1+1, user.name=cgn_n, path.separator=;, os.version=10.0, java.runtime.name=OpenJDK Runtime Environment, file.encoding=Cp1252, java.vm.name=OpenJDK 64-Bit Server VM, java.vendor.version=Temurin-17.0.8.1+1, localRepository=C:\Users\cgn_n\.m2\repository, java.vendor.url.bug=https://github.com/adoptium/adoptium-support/issues, java.io.tmpdir=C:\Users\cgn_n\AppData\Local\Temp\, com.zaxxer.hikari.pool_number=1, java.version=17.0.8.1, hibernate.physical_naming_strategy=org.hibernate.boot.model.naming.CamelCaseToUnderscoresNamingStrategy, user.dir=C:\Users\cgn_n\Downloads\citasMedicas3\demo, os.arch=amd64, java.vm.specification.name=Java Virtual Machine Specification, PID=33180, user.language.format=es, sun.os.patch.level=, CONSOLE_LOG_CHARSET=windows-1252, hibernate.boot.CfgXmlAccessService.key=org.hibernate.boot.registry.StandardServiceRegistryBuilder$1@3ba46845, native.encoding=Cp1252, java.library.path=C:\Program Files\Eclipse Adoptium\jdk-17.0.8.101-hotspot\bin;C:\Windows\Sun\Java\bin;C:\Windows\system32;C:\Windows;C:\Program Files\Eclipse Adoptium\jdk-17.0.8.101-hotspot\bin;C:\Windows\system32;C:\Windows;C:\Windows\System32\Wbem;C:\Windows\System32\WindowsPowerShell\v1.0\;C:\Windows\System32\OpenSSH\;C:\Program Files\dotnet\;C:\Program Files (x86)\NVIDIA Corporation\PhysX\Common;C:\Program Files\Git\cmd;C:\Program Files\PowerShell\7\;C:\Program Files\PuTTY\;C:\Program Files\nodejs\;C:\Users\cgn_n\AppData\Local\Microsoft\WindowsApps;C:\Users\cgn_n\AppData\Local\GitHubDesktop\bin;C:\Users\cgn_n\AppData\Local\Programs\Microsoft VS Code\bin;C:\Users\cgn_n\AppData\Roaming\npm;C:\Program Files\apache-maven-3.9.4\bin;;., java.vendor=Eclipse Adoptium, java.vm.info=mixed mode, sharing, java.vm.version=17.0.8.1+1, hibernate.bytecode.use_reflection_optimizer=true, sun.io.unicode.encoding=UnicodeLittle, hibernate.archive.scanner=org.hibernate.boot.archive.scan.internal.DisabledScanner, hibernate.connection.datasource=HikariDataSource (HikariPool-1), java.class.version=61.0}
2023-09-26T00:31:52.796-05:00 DEBUG 33180 --- [           main] o.hibernate.internal.SessionFactoryImpl  : Session factory constructed with filter configurations : {}
2023-09-26T00:31:52.824-05:00 DEBUG 33180 --- [           main] o.h.q.sqm.function.SqmFunctionRegistry   : Registered SqmFunctionTemplate [NamedSqmFunctionTemplate(max)] under max; prior registration was null
2023-09-26T00:31:52.825-05:00 DEBUG 33180 --- [           main] o.h.q.sqm.function.SqmFunctionRegistry   : Registered SqmFunctionTemplate [NamedSqmFunctionTemplate(min)] under min; prior registration was null
2023-09-26T00:31:52.826-05:00 DEBUG 33180 --- [           main] o.h.q.sqm.function.SqmFunctionRegistry   : Registered SqmFunctionTemplate [NamedSqmFunctionTemplate(sum)] under sum; prior registration was null
2023-09-26T00:31:52.826-05:00 DEBUG 33180 --- [           main] o.h.q.sqm.function.SqmFunctionRegistry   : Registered SqmFunctionTemplate [NamedSqmFunctionTemplate(avg)] under avg; prior registration was null
2023-09-26T00:31:52.827-05:00 DEBUG 33180 --- [           main] o.h.q.sqm.function.SqmFunctionRegistry   : Registered SqmFunctionTemplate [org.hibernate.dialect.function.CountFunction@1e258d3b] under count; prior registration was null
2023-09-26T00:31:52.828-05:00 DEBUG 33180 --- [           main] o.h.q.sqm.function.SqmFunctionRegistry   : Registered SqmFunctionTemplate [org.hibernate.dialect.function.EveryAnyEmulation@71d99732] under every; prior registration was null
2023-09-26T00:31:52.828-05:00 DEBUG 33180 --- [           main] o.h.q.sqm.function.SqmFunctionRegistry   : Registered SqmFunctionTemplate [org.hibernate.dialect.function.EveryAnyEmulation@2328ec73] under any; prior registration was null
2023-09-26T00:31:52.828-05:00 DEBUG 33180 --- [           main] o.h.q.sqm.function.SqmFunctionRegistry   : Registered SqmFunctionTemplate [NamedSqmFunctionTemplate(floor)] under floor; prior registration was null
2023-09-26T00:31:52.828-05:00 DEBUG 33180 --- [           main] o.h.q.sqm.function.SqmFunctionRegistry   : Registered SqmFunctionTemplate [NamedSqmFunctionTemplate(ceiling)] under ceiling; prior registration was null
2023-09-26T00:31:52.828-05:00 DEBUG 33180 --- [           main] o.h.q.sqm.function.SqmFunctionRegistry   : Registered SqmFunctionTemplate [NamedSqmFunctionTemplate(mod)] under mod; prior registration was null
2023-09-26T00:31:52.828-05:00 DEBUG 33180 --- [           main] o.h.q.sqm.function.SqmFunctionRegistry   : Registered SqmFunctionTemplate [NamedSqmFunctionTemplate(abs)] under abs; prior registration was null
2023-09-26T00:31:52.828-05:00 DEBUG 33180 --- [           main] o.h.q.sqm.function.SqmFunctionRegistry   : Registered SqmFunctionTemplate [NamedSqmFunctionTemplate(sign)] under sign; prior registration was null
2023-09-26T00:31:52.828-05:00 DEBUG 33180 --- [           main] o.h.q.sqm.function.SqmFunctionRegistry   : Registered SqmFunctionTemplate [NamedSqmFunctionTemplate(sqrt)] under sqrt; prior registration was null
2023-09-26T00:31:52.828-05:00 DEBUG 33180 --- [           main] o.h.q.sqm.function.SqmFunctionRegistry   : Registered SqmFunctionTemplate [NamedSqmFunctionTemplate(ln)] under ln; prior registration was null
2023-09-26T00:31:52.828-05:00 DEBUG 33180 --- [           main] o.h.q.sqm.function.SqmFunctionRegistry   : Registered SqmFunctionTemplate [NamedSqmFunctionTemplate(exp)] under exp; prior registration was null
2023-09-26T00:31:52.828-05:00 DEBUG 33180 --- [           main] o.h.q.sqm.function.SqmFunctionRegistry   : Registered SqmFunctionTemplate [NamedSqmFunctionTemplate(power)] under power; prior registration was null
2023-09-26T00:31:52.829-05:00 DEBUG 33180 --- [           main] o.h.q.sqm.function.SqmFunctionRegistry   : Registered SqmFunctionTemplate [NamedSqmFunctionTemplate(round)] under round; prior registration was null
2023-09-26T00:31:52.829-05:00 DEBUG 33180 --- [           main] o.h.q.sqm.function.SqmFunctionRegistry   : Registered SqmFunctionTemplate [NamedSqmFunctionTemplate(sin)] under sin; prior registration was null
2023-09-26T00:31:52.829-05:00 DEBUG 33180 --- [           main] o.h.q.sqm.function.SqmFunctionRegistry   : Registered SqmFunctionTemplate [NamedSqmFunctionTemplate(cos)] under cos; prior registration was null
2023-09-26T00:31:52.829-05:00 DEBUG 33180 --- [           main] o.h.q.sqm.function.SqmFunctionRegistry   : Registered SqmFunctionTemplate [NamedSqmFunctionTemplate(tan)] under tan; prior registration was null
2023-09-26T00:31:52.829-05:00 DEBUG 33180 --- [           main] o.h.q.sqm.function.SqmFunctionRegistry   : Registered SqmFunctionTemplate [NamedSqmFunctionTemplate(asin)] under asin; prior registration was null
2023-09-26T00:31:52.829-05:00 DEBUG 33180 --- [           main] o.h.q.sqm.function.SqmFunctionRegistry   : Registered SqmFunctionTemplate [NamedSqmFunctionTemplate(acos)] under acos; prior registration was null
2023-09-26T00:31:52.829-05:00 DEBUG 33180 --- [           main] o.h.q.sqm.function.SqmFunctionRegistry   : Registered SqmFunctionTemplate [NamedSqmFunctionTemplate(atan)] under atan; prior registration was null
2023-09-26T00:31:52.829-05:00 DEBUG 33180 --- [           main] o.h.q.sqm.function.SqmFunctionRegistry   : Registered SqmFunctionTemplate [NamedSqmFunctionTemplate(atan2)] under atan2; prior registration was null
2023-09-26T00:31:52.832-05:00 DEBUG 33180 --- [           main] o.h.q.sqm.function.SqmFunctionRegistry   : Registered SqmFunctionTemplate [org.hibernate.query.sqm.function.PatternBasedSqmFunctionDescriptor@45bf93bb] under sinh; prior registration was null
2023-09-26T00:31:52.832-05:00 DEBUG 33180 --- [           main] o.h.q.sqm.function.SqmFunctionRegistry   : Registered SqmFunctionTemplate [org.hibernate.query.sqm.function.PatternBasedSqmFunctionDescriptor@6b7c4734] under cosh; prior registration was null
2023-09-26T00:31:52.832-05:00 DEBUG 33180 --- [           main] o.h.q.sqm.function.SqmFunctionRegistry   : Registered SqmFunctionTemplate [org.hibernate.query.sqm.function.PatternBasedSqmFunctionDescriptor@2f6e92ca] under tanh; prior registration was null
2023-09-26T00:31:52.832-05:00 DEBUG 33180 --- [           main] o.h.q.sqm.function.SqmFunctionRegistry   : Registered SqmFunctionTemplate [org.hibernate.query.sqm.function.PatternBasedSqmFunctionDescriptor@380fdcf2] under pi; prior registration was null
2023-09-26T00:31:52.832-05:00 DEBUG 33180 --- [           main] o.h.q.sqm.function.SqmFunctionRegistry   : Registered SqmFunctionTemplate [org.hibernate.query.sqm.function.PatternBasedSqmFunctionDescriptor@114b203] under log; prior registration was null
2023-09-26T00:31:52.832-05:00 DEBUG 33180 --- [           main] o.h.q.sqm.function.SqmFunctionRegistry   : Registered SqmFunctionTemplate [NamedSqmFunctionTemplate(coalesce)] under coalesce; prior registration was null
2023-09-26T00:31:52.832-05:00 DEBUG 33180 --- [           main] o.h.q.sqm.function.SqmFunctionRegistry   : Registered SqmFunctionTemplate [NamedSqmFunctionTemplate(nullif)] under nullif; prior registration was null
2023-09-26T00:31:52.832-05:00 DEBUG 33180 --- [           main] o.h.q.sqm.function.SqmFunctionRegistry   : Registered SqmFunctionTemplate [NamedSqmFunctionTemplate(left)] under left; prior registration was null
2023-09-26T00:31:52.832-05:00 DEBUG 33180 --- [           main] o.h.q.sqm.function.SqmFunctionRegistry   : Registered SqmFunctionTemplate [NamedSqmFunctionTemplate(right)] under right; prior registration was null
2023-09-26T00:31:52.832-05:00 DEBUG 33180 --- [           main] o.h.q.sqm.function.SqmFunctionRegistry   : Registered SqmFunctionTemplate [NamedSqmFunctionTemplate(replace)] under replace; prior registration was null
2023-09-26T00:31:52.833-05:00 DEBUG 33180 --- [           main] o.h.q.sqm.function.SqmFunctionRegistry   : Registered SqmFunctionTemplate [NamedSqmFunctionTemplate(concat)] under concat; prior registration was null
2023-09-26T00:31:52.833-05:00 DEBUG 33180 --- [           main] o.h.q.sqm.function.SqmFunctionRegistry   : Registered SqmFunctionTemplate [NamedSqmFunctionTemplate(lower)] under lower; prior registration was null
2023-09-26T00:31:52.833-05:00 DEBUG 33180 --- [           main] o.h.q.sqm.function.SqmFunctionRegistry   : Registered SqmFunctionTemplate [NamedSqmFunctionTemplate(upper)] under upper; prior registration was null
2023-09-26T00:31:52.833-05:00 DEBUG 33180 --- [           main] o.h.q.sqm.function.SqmFunctionRegistry   : Registered SqmFunctionTemplate [NamedSqmFunctionTemplate(substring)] under substring; prior registration was null
2023-09-26T00:31:52.833-05:00 DEBUG 33180 --- [           main] o.h.q.sqm.function.SqmFunctionRegistry   : Registered SqmFunctionTemplate [NamedSqmFunctionTemplate(locate)] under locate; prior registration was null
2023-09-26T00:31:52.833-05:00 DEBUG 33180 --- [           main] o.h.q.sqm.function.SqmFunctionRegistry   : Registered SqmFunctionTemplate [NamedSqmFunctionTemplate(character_length)] under character_length; prior registration was null
2023-09-26T00:31:52.833-05:00 DEBUG 33180 --- [           main] o.h.q.sqm.function.SqmFunctionRegistry   : Registering alternate key : length -> character_length
2023-09-26T00:31:52.833-05:00 DEBUG 33180 --- [           main] o.h.q.sqm.function.SqmFunctionRegistry   : Registered SqmFunctionTemplate [org.hibernate.dialect.function.LocatePositionEmulation@283e1759] under position; prior registration was null
2023-09-26T00:31:52.834-05:00 DEBUG 33180 --- [           main] o.h.q.sqm.function.SqmFunctionRegistry   : Registered SqmFunctionTemplate [org.hibernate.dialect.function.InsertSubstringOverlayEmulation@7b52b18a] under overlay; prior registration was null
2023-09-26T00:31:52.835-05:00 DEBUG 33180 --- [           main] o.h.q.sqm.function.SqmFunctionRegistry   : Registered SqmFunctionTemplate [org.hibernate.dialect.function.TrimFunction@5788722f] under trim; prior registration was null
2023-09-26T00:31:52.836-05:00 DEBUG 33180 --- [           main] o.h.q.sqm.function.SqmFunctionRegistry   : Registered SqmFunctionTemplate [org.hibernate.dialect.function.CastFunction@6dc9a56e] under cast; prior registration was null
2023-09-26T00:31:52.836-05:00 DEBUG 33180 --- [           main] o.h.q.sqm.function.SqmFunctionRegistry   : Registered SqmFunctionTemplate [org.hibernate.query.sqm.function.PatternBasedSqmFunctionDescriptor@287ad0da] under collate; prior registration was null
2023-09-26T00:31:52.836-05:00 DEBUG 33180 --- [           main] o.h.q.sqm.function.SqmFunctionRegistry   : Registered SqmFunctionTemplate [org.hibernate.dialect.function.ExtractFunction@2f0cab82] under extract; prior registration was null
2023-09-26T00:31:52.836-05:00 DEBUG 33180 --- [           main] o.h.q.sqm.function.SqmFunctionRegistry   : Registered SqmFunctionTemplate [NamedSqmFunctionTemplate(least)] under least; prior registration was null
2023-09-26T00:31:52.836-05:00 DEBUG 33180 --- [           main] o.h.q.sqm.function.SqmFunctionRegistry   : Registered SqmFunctionTemplate [NamedSqmFunctionTemplate(greatest)] under greatest; prior registration was null
2023-09-26T00:31:52.836-05:00 DEBUG 33180 --- [           main] o.h.q.sqm.function.SqmFunctionRegistry   : Registered SqmFunctionTemplate [org.hibernate.dialect.function.CoalesceIfnullEmulation@4e9e0c6] under ifnull; prior registration was null
2023-09-26T00:31:52.837-05:00 DEBUG 33180 --- [           main] o.h.q.sqm.function.SqmFunctionRegistry   : Registered SqmFunctionTemplate [NamedSqmFunctionTemplate(lpad)] under lpad; prior registration was null
2023-09-26T00:31:52.837-05:00 DEBUG 33180 --- [           main] o.h.q.sqm.function.SqmFunctionRegistry   : Registered SqmFunctionTemplate [NamedSqmFunctionTemplate(rpad)] under rpad; prior registration was null
2023-09-26T00:31:52.837-05:00 DEBUG 33180 --- [           main] o.h.q.sqm.function.SqmFunctionRegistry   : Registered SqmFunctionTemplate [org.hibernate.dialect.function.LpadRpadPadEmulation@459d2ee6] under pad; prior registration was null
2023-09-26T00:31:52.837-05:00 DEBUG 33180 --- [           main] o.h.q.sqm.function.SqmFunctionRegistry   : Registered SqmFunctionTemplate [org.hibernate.dialect.function.CastStrEmulation@adc8683] under str; prior registration was null
2023-09-26T00:31:52.838-05:00 DEBUG 33180 --- [           main] o.h.q.sqm.function.SqmFunctionRegistry   : Registered SqmFunctionTemplate [org.hibernate.dialect.function.FormatFunction@45f1413c] under format; prior registration was null
2023-09-26T00:31:52.838-05:00 DEBUG 33180 --- [           main] o.h.q.sqm.function.SqmFunctionRegistry   : Registered SqmFunctionTemplate [org.hibernate.dialect.function.TimestampaddFunction@1b28cff] under timestampadd; prior registration was null
2023-09-26T00:31:52.839-05:00 DEBUG 33180 --- [           main] o.h.q.sqm.function.SqmFunctionRegistry   : Registered SqmFunctionTemplate [org.hibernate.dialect.function.TimestampdiffFunction@751686aa] under timestampdiff; prior registration was null
2023-09-26T00:31:52.839-05:00 DEBUG 33180 --- [           main] o.h.q.sqm.function.SqmFunctionRegistry   : Registering alternate key : dateadd -> timestampadd
2023-09-26T00:31:52.839-05:00 DEBUG 33180 --- [           main] o.h.q.sqm.function.SqmFunctionRegistry   : Registering alternate key : datediff -> timestampdiff
2023-09-26T00:31:52.839-05:00 DEBUG 33180 --- [           main] o.h.q.sqm.function.SqmFunctionRegistry   : Registered SqmFunctionTemplate [org.hibernate.dialect.function.CurrentFunction@6d7865d6] under current_date; prior registration was null
2023-09-26T00:31:52.839-05:00 DEBUG 33180 --- [           main] o.h.q.sqm.function.SqmFunctionRegistry   : Registered SqmFunctionTemplate [org.hibernate.dialect.function.CurrentFunction@45e639ee] under current_time; prior registration was null
2023-09-26T00:31:52.839-05:00 DEBUG 33180 --- [           main] o.h.q.sqm.function.SqmFunctionRegistry   : Registered SqmFunctionTemplate [org.hibernate.dialect.function.CurrentFunction@77f03916] under current_timestamp; prior registration was null
2023-09-26T00:31:52.839-05:00 DEBUG 33180 --- [           main] o.h.q.sqm.function.SqmFunctionRegistry   : Registering alternate key : current date -> current_date
2023-09-26T00:31:52.839-05:00 DEBUG 33180 --- [           main] o.h.q.sqm.function.SqmFunctionRegistry   : Registering alternate key : current time -> current_time
2023-09-26T00:31:52.839-05:00 DEBUG 33180 --- [           main] o.h.q.sqm.function.SqmFunctionRegistry   : Registering alternate key : current timestamp -> current_timestamp
2023-09-26T00:31:52.839-05:00 DEBUG 33180 --- [           main] o.h.q.sqm.function.SqmFunctionRegistry   : Registered SqmFunctionTemplate [org.hibernate.dialect.function.CurrentFunction@fbbd90c] under local_date; prior registration was null
2023-09-26T00:31:52.839-05:00 DEBUG 33180 --- [           main] o.h.q.sqm.function.SqmFunctionRegistry   : Registered SqmFunctionTemplate [org.hibernate.dialect.function.CurrentFunction@21c34bf8] under local_time; prior registration was null
2023-09-26T00:31:52.839-05:00 DEBUG 33180 --- [           main] o.h.q.sqm.function.SqmFunctionRegistry   : Registered SqmFunctionTemplate [org.hibernate.dialect.function.CurrentFunction@559e3f67] under local_datetime; prior registration was null
2023-09-26T00:31:52.839-05:00 DEBUG 33180 --- [           main] o.h.q.sqm.function.SqmFunctionRegistry   : Registered SqmFunctionTemplate [org.hibernate.dialect.function.CurrentFunction@23d0944b] under offset_datetime; prior registration was null
2023-09-26T00:31:52.839-05:00 DEBUG 33180 --- [           main] o.h.q.sqm.function.SqmFunctionRegistry   : Registering alternate key : local date -> local_date
2023-09-26T00:31:52.839-05:00 DEBUG 33180 --- [           main] o.h.q.sqm.function.SqmFunctionRegistry   : Registering alternate key : local time -> local_time
2023-09-26T00:31:52.839-05:00 DEBUG 33180 --- [           main] o.h.q.sqm.function.SqmFunctionRegistry   : Registering alternate key : local datetime -> local_datetime
2023-09-26T00:31:52.839-05:00 DEBUG 33180 --- [           main] o.h.q.sqm.function.SqmFunctionRegistry   : Registering alternate key : offset datetime -> offset_datetime
2023-09-26T00:31:52.839-05:00 DEBUG 33180 --- [           main] o.h.q.sqm.function.SqmFunctionRegistry   : Registered SqmFunctionTemplate [org.hibernate.dialect.function.CurrentFunction@72f24a84] under instant; prior registration was null
2023-09-26T00:31:52.839-05:00 DEBUG 33180 --- [           main] o.h.q.sqm.function.SqmFunctionRegistry   : Registering alternate key : current_instant -> instant
2023-09-26T00:31:52.840-05:00 DEBUG 33180 --- [           main] o.h.q.sqm.function.SqmFunctionRegistry   : Registered SqmFunctionTemplate [org.hibernate.dialect.function.SqlFunction@2a075e70] under sql; prior registration was null
2023-09-26T00:31:52.840-05:00 DEBUG 33180 --- [           main] o.h.q.sqm.function.SqmFunctionRegistry   : Registered SqmFunctionTemplate [NamedSqmFunctionTemplate(max)] under max; prior registration was NamedSqmFunctionTemplate(max)
2023-09-26T00:31:52.840-05:00 DEBUG 33180 --- [           main] o.h.q.sqm.function.SqmFunctionRegistry   : Registered SqmFunctionTemplate [NamedSqmFunctionTemplate(min)] under min; prior registration was NamedSqmFunctionTemplate(min)
2023-09-26T00:31:52.840-05:00 DEBUG 33180 --- [           main] o.h.q.sqm.function.SqmFunctionRegistry   : Registered SqmFunctionTemplate [NamedSqmFunctionTemplate(sum)] under sum; prior registration was NamedSqmFunctionTemplate(sum)
2023-09-26T00:31:52.840-05:00 DEBUG 33180 --- [           main] o.h.q.sqm.function.SqmFunctionRegistry   : Registered SqmFunctionTemplate [NamedSqmFunctionTemplate(avg)] under avg; prior registration was NamedSqmFunctionTemplate(avg)
2023-09-26T00:31:52.840-05:00 DEBUG 33180 --- [           main] o.h.q.sqm.function.SqmFunctionRegistry   : Registered SqmFunctionTemplate [org.hibernate.dialect.function.CountFunction@492c9892] under count; prior registration was org.hibernate.dialect.function.CountFunction@1e258d3b
2023-09-26T00:31:52.840-05:00 DEBUG 33180 --- [           main] o.h.q.sqm.function.SqmFunctionRegistry   : Registered SqmFunctionTemplate [org.hibernate.dialect.function.AvgFunction@7ecb9e17] under avg; prior registration was NamedSqmFunctionTemplate(avg)
2023-09-26T00:31:52.840-05:00 DEBUG 33180 --- [           main] o.h.q.sqm.function.SqmFunctionRegistry   : Registered SqmFunctionTemplate [NamedSqmFunctionTemplate(pi)] under pi; prior registration was org.hibernate.query.sqm.function.PatternBasedSqmFunctionDescriptor@380fdcf2
2023-09-26T00:31:52.840-05:00 DEBUG 33180 --- [           main] o.h.q.sqm.function.SqmFunctionRegistry   : Registered SqmFunctionTemplate [NamedSqmFunctionTemplate(cot)] under cot; prior registration was null
2023-09-26T00:31:52.840-05:00 DEBUG 33180 --- [           main] o.h.q.sqm.function.SqmFunctionRegistry   : Registered SqmFunctionTemplate [NamedSqmFunctionTemplate(radians)] under radians; prior registration was null
2023-09-26T00:31:52.840-05:00 DEBUG 33180 --- [           main] o.h.q.sqm.function.SqmFunctionRegistry   : Registered SqmFunctionTemplate [NamedSqmFunctionTemplate(degrees)] under degrees; prior registration was null
2023-09-26T00:31:52.840-05:00 DEBUG 33180 --- [           main] o.h.q.sqm.function.SqmFunctionRegistry   : Registered SqmFunctionTemplate [NamedSqmFunctionTemplate(log10)] under log10; prior registration was null
2023-09-26T00:31:52.840-05:00 DEBUG 33180 --- [           main] o.h.q.sqm.function.SqmFunctionRegistry   : Registered SqmFunctionTemplate [org.hibernate.query.sqm.function.PatternBasedSqmFunctionDescriptor@6475e778] under mod; prior registration was NamedSqmFunctionTemplate(mod)
2023-09-26T00:31:52.840-05:00 DEBUG 33180 --- [           main] o.h.q.sqm.function.SqmFunctionRegistry   : Registered SqmFunctionTemplate [NamedSqmFunctionTemplate(rand)] under rand; prior registration was null
2023-09-26T00:31:52.840-05:00 DEBUG 33180 --- [           main] o.h.q.sqm.function.SqmFunctionRegistry   : Registered SqmFunctionTemplate [NamedSqmFunctionTemplate(soundex)] under soundex; prior registration was null
2023-09-26T00:31:52.840-05:00 DEBUG 33180 --- [           main] o.h.q.sqm.function.SqmFunctionRegistry   : Registered SqmFunctionTemplate [NamedSqmFunctionTemplate(translate)] under translate; prior registration was null
2023-09-26T00:31:52.840-05:00 DEBUG 33180 --- [           main] o.h.q.sqm.function.SqmFunctionRegistry   : Registered SqmFunctionTemplate [NamedSqmFunctionTemplate(bitand)] under bitand; prior registration was null
2023-09-26T00:31:52.840-05:00 DEBUG 33180 --- [           main] o.h.q.sqm.function.SqmFunctionRegistry   : Registered SqmFunctionTemplate [NamedSqmFunctionTemplate(bitor)] under bitor; prior registration was null
2023-09-26T00:31:52.840-05:00 DEBUG 33180 --- [           main] o.h.q.sqm.function.SqmFunctionRegistry   : Registered SqmFunctionTemplate [NamedSqmFunctionTemplate(bitxor)] under bitxor; prior registration was null
2023-09-26T00:31:52.840-05:00 DEBUG 33180 --- [           main] o.h.q.sqm.function.SqmFunctionRegistry   : Registered SqmFunctionTemplate [NamedSqmFunctionTemplate(bit_and)] under bit_and; prior registration was null
2023-09-26T00:31:52.840-05:00 DEBUG 33180 --- [           main] o.h.q.sqm.function.SqmFunctionRegistry   : Registered SqmFunctionTemplate [NamedSqmFunctionTemplate(bit_or)] under bit_or; prior registration was null
2023-09-26T00:31:52.840-05:00 DEBUG 33180 --- [           main] o.h.q.sqm.function.SqmFunctionRegistry   : Registered SqmFunctionTemplate [NamedSqmFunctionTemplate(day)] under day; prior registration was null
2023-09-26T00:31:52.840-05:00 DEBUG 33180 --- [           main] o.h.q.sqm.function.SqmFunctionRegistry   : Registered SqmFunctionTemplate [NamedSqmFunctionTemplate(month)] under month; prior registration was null
2023-09-26T00:31:52.840-05:00 DEBUG 33180 --- [           main] o.h.q.sqm.function.SqmFunctionRegistry   : Registered SqmFunctionTemplate [NamedSqmFunctionTemplate(year)] under year; prior registration was null
2023-09-26T00:31:52.840-05:00 DEBUG 33180 --- [           main] o.h.q.sqm.function.SqmFunctionRegistry   : Registered SqmFunctionTemplate [NamedSqmFunctionTemplate(hour)] under hour; prior registration was null
2023-09-26T00:31:52.840-05:00 DEBUG 33180 --- [           main] o.h.q.sqm.function.SqmFunctionRegistry   : Registered SqmFunctionTemplate [NamedSqmFunctionTemplate(minute)] under minute; prior registration was null
2023-09-26T00:31:52.840-05:00 DEBUG 33180 --- [           main] o.h.q.sqm.function.SqmFunctionRegistry   : Registered SqmFunctionTemplate [NamedSqmFunctionTemplate(second)] under second; prior registration was null
2023-09-26T00:31:52.840-05:00 DEBUG 33180 --- [           main] o.h.q.sqm.function.SqmFunctionRegistry   : Registered SqmFunctionTemplate [NamedSqmFunctionTemplate(microsecond)] under microsecond; prior registration was null
2023-09-26T00:31:52.841-05:00 DEBUG 33180 --- [           main] o.h.q.sqm.function.SqmFunctionRegistry   : Registered SqmFunctionTemplate [NamedSqmFunctionTemplate(day_of_week)] under day_of_week; prior registration was null
2023-09-26T00:31:52.841-05:00 DEBUG 33180 --- [           main] o.h.q.sqm.function.SqmFunctionRegistry   : Registered SqmFunctionTemplate [NamedSqmFunctionTemplate(day_of_month)] under day_of_month; prior registration was null
2023-09-26T00:31:52.841-05:00 DEBUG 33180 --- [           main] o.h.q.sqm.function.SqmFunctionRegistry   : Registering alternate key : day -> day_of_month
2023-09-26T00:31:52.841-05:00 DEBUG 33180 --- [           main] o.h.q.sqm.function.SqmFunctionRegistry   : Registered SqmFunctionTemplate [NamedSqmFunctionTemplate(day_of_year)] under day_of_year; prior registration was null
2023-09-26T00:31:52.841-05:00 DEBUG 33180 --- [           main] o.h.q.sqm.function.SqmFunctionRegistry   : Registered SqmFunctionTemplate [NamedSqmFunctionTemplate(week)] under week; prior registration was null
2023-09-26T00:31:52.841-05:00 DEBUG 33180 --- [           main] o.h.q.sqm.function.SqmFunctionRegistry   : Registered SqmFunctionTemplate [NamedSqmFunctionTemplate(quarter)] under quarter; prior registration was null
2023-09-26T00:31:52.841-05:00 DEBUG 33180 --- [           main] o.h.q.sqm.function.SqmFunctionRegistry   : Registered SqmFunctionTemplate [NamedSqmFunctionTemplate(monthname)] under monthname; prior registration was null
2023-09-26T00:31:52.841-05:00 DEBUG 33180 --- [           main] o.h.q.sqm.function.SqmFunctionRegistry   : Registered SqmFunctionTemplate [NamedSqmFunctionTemplate(dayname)] under dayname; prior registration was null
2023-09-26T00:31:52.841-05:00 DEBUG 33180 --- [           main] o.h.q.sqm.function.SqmFunctionRegistry   : Registered SqmFunctionTemplate [NamedSqmFunctionTemplate(localtime)] under localtime; prior registration was null
2023-09-26T00:31:52.841-05:00 DEBUG 33180 --- [           main] o.h.q.sqm.function.SqmFunctionRegistry   : Registered SqmFunctionTemplate [NamedSqmFunctionTemplate(localtimestamp)] under localtimestamp; prior registration was null
2023-09-26T00:31:52.841-05:00 DEBUG 33180 --- [           main] o.h.q.sqm.function.SqmFunctionRegistry   : Registered SqmFunctionTemplate [NamedSqmFunctionTemplate(localtime)] under local_time; prior registration was org.hibernate.dialect.function.CurrentFunction@21c34bf8
2023-09-26T00:31:52.841-05:00 DEBUG 33180 --- [           main] o.h.q.sqm.function.SqmFunctionRegistry   : Registered SqmFunctionTemplate [NamedSqmFunctionTemplate(localtimestamp)] under local_datetime; prior registration was org.hibernate.dialect.function.CurrentFunction@559e3f67
2023-09-26T00:31:52.842-05:00 DEBUG 33180 --- [           main] o.h.q.sqm.function.SqmFunctionRegistry   : Registered SqmFunctionTemplate [org.hibernate.dialect.function.TruncFunction@343d1d25] under trunc; prior registration was null
2023-09-26T00:31:52.842-05:00 DEBUG 33180 --- [           main] o.h.q.sqm.function.SqmFunctionRegistry   : Registering alternate key : truncate -> trunc
2023-09-26T00:31:52.842-05:00 DEBUG 33180 --- [           main] o.h.q.sqm.function.SqmFunctionRegistry   : Registered SqmFunctionTemplate [org.hibernate.query.sqm.function.PatternBasedSqmFunctionDescriptor@762da62b] under date_trunc; prior registration was null
2023-09-26T00:31:52.842-05:00 DEBUG 33180 --- [           main] o.h.q.sqm.function.SqmFunctionRegistry   : Registered SqmFunctionTemplate [NamedSqmFunctionTemplate(bit_length)] under bit_length; prior registration was null
2023-09-26T00:31:52.842-05:00 DEBUG 33180 --- [           main] o.h.q.sqm.function.SqmFunctionRegistry   : Registered SqmFunctionTemplate [NamedSqmFunctionTemplate(octet_length)] under octet_length; prior registration was null
2023-09-26T00:31:52.842-05:00 DEBUG 33180 --- [           main] o.h.q.sqm.function.SqmFunctionRegistry   : Registered SqmFunctionTemplate [NamedSqmFunctionTemplate(ascii)] under ascii; prior registration was null
2023-09-26T00:31:52.842-05:00 DEBUG 33180 --- [           main] o.h.q.sqm.function.SqmFunctionRegistry   : Registered SqmFunctionTemplate [NamedSqmFunctionTemplate(octet_length)] under octet_length; prior registration was NamedSqmFunctionTemplate(octet_length)
2023-09-26T00:31:52.842-05:00 DEBUG 33180 --- [           main] o.h.q.sqm.function.SqmFunctionRegistry   : Registered SqmFunctionTemplate [NamedSqmFunctionTemplate(space)] under space; prior registration was null
2023-09-26T00:31:52.842-05:00 DEBUG 33180 --- [           main] o.h.q.sqm.function.SqmFunctionRegistry   : Registered SqmFunctionTemplate [NamedSqmFunctionTemplate(repeat)] under repeat; prior registration was null
2023-09-26T00:31:52.842-05:00 DEBUG 33180 --- [           main] o.h.q.sqm.function.SqmFunctionRegistry   : Registered SqmFunctionTemplate [NamedSqmFunctionTemplate(char)] under char; prior registration was null
2023-09-26T00:31:52.842-05:00 DEBUG 33180 --- [           main] o.h.q.sqm.function.SqmFunctionRegistry   : Registering alternate key : chr -> char
2023-09-26T00:31:52.842-05:00 DEBUG 33180 --- [           main] o.h.q.sqm.function.SqmFunctionRegistry   : Registered SqmFunctionTemplate [NamedSqmFunctionTemplate(instr)] under instr; prior registration was null
2023-09-26T00:31:52.843-05:00 DEBUG 33180 --- [           main] o.h.q.sqm.function.SqmFunctionRegistry   : Registered SqmFunctionTemplate [NamedSqmFunctionTemplate(substr)] under substr; prior registration was null
2023-09-26T00:31:52.843-05:00 DEBUG 33180 --- [           main] o.h.q.sqm.function.SqmFunctionRegistry   : Registered SqmFunctionTemplate [org.hibernate.query.sqm.function.PatternBasedSqmFunctionDescriptor@e5c5e6] under position; prior registration was org.hibernate.dialect.function.LocatePositionEmulation@283e1759
2023-09-26T00:31:52.843-05:00 DEBUG 33180 --- [           main] o.h.q.sqm.function.SqmFunctionRegistry   : Registered SqmFunctionTemplate [NamedSqmFunctionTemplate(ltrim)] under ltrim; prior registration was null
2023-09-26T00:31:52.843-05:00 DEBUG 33180 --- [           main] o.h.q.sqm.function.SqmFunctionRegistry   : Registered SqmFunctionTemplate [NamedSqmFunctionTemplate(rtrim)] under rtrim; prior registration was null
2023-09-26T00:31:52.843-05:00 DEBUG 33180 --- [           main] o.h.q.sqm.function.SqmFunctionRegistry   : Registered SqmFunctionTemplate [org.hibernate.query.sqm.function.PatternBasedSqmFunctionDescriptor@76dc36e5] under concat; prior registration was NamedSqmFunctionTemplate(concat)
2023-09-26T00:31:52.843-05:00 DEBUG 33180 --- [           main] o.h.q.sqm.function.SqmFunctionRegistry   : Registered SqmFunctionTemplate [NamedSqmFunctionTemplate(curtime)] under curtime; prior registration was null
2023-09-26T00:31:52.843-05:00 DEBUG 33180 --- [           main] o.h.q.sqm.function.SqmFunctionRegistry   : Registered SqmFunctionTemplate [NamedSqmFunctionTemplate(curdate)] under curdate; prior registration was null
2023-09-26T00:31:52.843-05:00 DEBUG 33180 --- [           main] o.h.q.sqm.function.SqmFunctionRegistry   : Registered SqmFunctionTemplate [NamedSqmFunctionTemplate(now)] under now; prior registration was null
2023-09-26T00:31:52.843-05:00 DEBUG 33180 --- [           main] o.h.q.sqm.function.SqmFunctionRegistry   : Registered SqmFunctionTemplate [NamedSqmFunctionTemplate(sysdate)] under sysdate; prior registration was null
2023-09-26T00:31:52.843-05:00 DEBUG 33180 --- [           main] o.h.q.sqm.function.SqmFunctionRegistry   : Registered SqmFunctionTemplate [NamedSqmFunctionTemplate(insert)] under insert; prior registration was null
2023-09-26T00:31:52.843-05:00 DEBUG 33180 --- [           main] o.h.q.sqm.function.SqmFunctionRegistry   : Registered SqmFunctionTemplate [NamedSqmFunctionTemplate(bool_and)] under bool_and; prior registration was null
2023-09-26T00:31:52.843-05:00 DEBUG 33180 --- [           main] o.h.q.sqm.function.SqmFunctionRegistry   : Registering alternate key : every -> bool_and
2023-09-26T00:31:52.843-05:00 DEBUG 33180 --- [           main] o.h.q.sqm.function.SqmFunctionRegistry   : Registered SqmFunctionTemplate [NamedSqmFunctionTemplate(bool_or)] under bool_or; prior registration was null
2023-09-26T00:31:52.843-05:00 DEBUG 33180 --- [           main] o.h.q.sqm.function.SqmFunctionRegistry   : Registering alternate key : any -> bool_or
2023-09-26T00:31:52.843-05:00 DEBUG 33180 --- [           main] o.h.q.sqm.function.SqmFunctionRegistry   : Registered SqmFunctionTemplate [NamedSqmFunctionTemplate(median)] under median; prior registration was null
2023-09-26T00:31:52.843-05:00 DEBUG 33180 --- [           main] o.h.q.sqm.function.SqmFunctionRegistry   : Registered SqmFunctionTemplate [NamedSqmFunctionTemplate(stddev_pop)] under stddev_pop; prior registration was null
2023-09-26T00:31:52.843-05:00 DEBUG 33180 --- [           main] o.h.q.sqm.function.SqmFunctionRegistry   : Registered SqmFunctionTemplate [NamedSqmFunctionTemplate(stddev_samp)] under stddev_samp; prior registration was null
2023-09-26T00:31:52.843-05:00 DEBUG 33180 --- [           main] o.h.q.sqm.function.SqmFunctionRegistry   : Registered SqmFunctionTemplate [NamedSqmFunctionTemplate(var_pop)] under var_pop; prior registration was null
2023-09-26T00:31:52.843-05:00 DEBUG 33180 --- [           main] o.h.q.sqm.function.SqmFunctionRegistry   : Registered SqmFunctionTemplate [NamedSqmFunctionTemplate(var_samp)] under var_samp; prior registration was null
2023-09-26T00:31:52.843-05:00 DEBUG 33180 --- [           main] o.h.q.sqm.function.SqmFunctionRegistry   : Registered SqmFunctionTemplate [org.hibernate.dialect.function.FormatFunction@2a54c92e] under format; prior registration was org.hibernate.dialect.function.FormatFunction@45f1413c
2023-09-26T00:31:52.843-05:00 DEBUG 33180 --- [           main] o.h.q.sqm.function.SqmFunctionRegistry   : Registered SqmFunctionTemplate [NamedSqmFunctionTemplate(rownum)] under rownum; prior registration was null
2023-09-26T00:31:52.843-05:00 DEBUG 33180 --- [           main] o.h.q.sqm.function.SqmFunctionRegistry   : Registered SqmFunctionTemplate [NamedSqmFunctionTemplate(row_number)] under row_number; prior registration was null
2023-09-26T00:31:52.844-05:00 DEBUG 33180 --- [           main] o.h.q.sqm.function.SqmFunctionRegistry   : Registered SqmFunctionTemplate [NamedSqmFunctionTemplate(lag)] under lag; prior registration was null
2023-09-26T00:31:52.844-05:00 DEBUG 33180 --- [           main] o.h.q.sqm.function.SqmFunctionRegistry   : Registered SqmFunctionTemplate [NamedSqmFunctionTemplate(lead)] under lead; prior registration was null
2023-09-26T00:31:52.844-05:00 DEBUG 33180 --- [           main] o.h.q.sqm.function.SqmFunctionRegistry   : Registered SqmFunctionTemplate [NamedSqmFunctionTemplate(first_value)] under first_value; prior registration was null
2023-09-26T00:31:52.844-05:00 DEBUG 33180 --- [           main] o.h.q.sqm.function.SqmFunctionRegistry   : Registered SqmFunctionTemplate [NamedSqmFunctionTemplate(last_value)] under last_value; prior registration was null
2023-09-26T00:31:52.844-05:00 DEBUG 33180 --- [           main] o.h.q.sqm.function.SqmFunctionRegistry   : Registered SqmFunctionTemplate [NamedSqmFunctionTemplate(nth_value)] under nth_value; prior registration was null
2023-09-26T00:31:52.845-05:00 DEBUG 33180 --- [           main] o.h.q.sqm.function.SqmFunctionRegistry   : Registered SqmFunctionTemplate [org.hibernate.dialect.function.InverseDistributionFunction@3ee258] under mode; prior registration was null
2023-09-26T00:31:52.845-05:00 DEBUG 33180 --- [           main] o.h.q.sqm.function.SqmFunctionRegistry   : Registered SqmFunctionTemplate [org.hibernate.dialect.function.InverseDistributionFunction@4f676900] under percentile_cont; prior registration was null
2023-09-26T00:31:52.846-05:00 DEBUG 33180 --- [           main] o.h.q.sqm.function.SqmFunctionRegistry   : Registered SqmFunctionTemplate [org.hibernate.dialect.function.InverseDistributionFunction@73a49597] under percentile_disc; prior registration was null
2023-09-26T00:31:52.846-05:00 DEBUG 33180 --- [           main] o.h.q.sqm.function.SqmFunctionRegistry   : Registered SqmFunctionTemplate [org.hibernate.dialect.function.HypotheticalSetFunction@a6dffdb] under rank; prior registration was null
2023-09-26T00:31:52.846-05:00 DEBUG 33180 --- [           main] o.h.q.sqm.function.SqmFunctionRegistry   : Registered SqmFunctionTemplate [org.hibernate.dialect.function.HypotheticalSetFunction@40ac0a56] under dense_rank; prior registration was null
2023-09-26T00:31:52.846-05:00 DEBUG 33180 --- [           main] o.h.q.sqm.function.SqmFunctionRegistry   : Registered SqmFunctionTemplate [org.hibernate.dialect.function.HypotheticalSetFunction@25b4754a] under percent_rank; prior registration was null
2023-09-26T00:31:52.846-05:00 DEBUG 33180 --- [           main] o.h.q.sqm.function.SqmFunctionRegistry   : Registered SqmFunctionTemplate [org.hibernate.dialect.function.HypotheticalSetFunction@6ec3a4c2] under cume_dist; prior registration was null
2023-09-26T00:31:52.846-05:00 DEBUG 33180 --- [           main] o.h.q.sqm.function.SqmFunctionRegistry   : Registered SqmFunctionTemplate [org.hibernate.dialect.function.ListaggFunction@5e6522a6] under listagg; prior registration was null
2023-09-26T00:31:52.848-05:00 DEBUG 33180 --- [           main] org.hibernate.HQL_FUNCTIONS              : abs(NUMERIC arg)
2023-09-26T00:31:52.848-05:00 DEBUG 33180 --- [           main] org.hibernate.HQL_FUNCTIONS              : Double acos(NUMERIC arg)
2023-09-26T00:31:52.848-05:00 DEBUG 33180 --- [           main] org.hibernate.HQL_FUNCTIONS              : Boolean any(BOOLEAN predicate)
2023-09-26T00:31:52.848-05:00 DEBUG 33180 --- [           main] org.hibernate.HQL_FUNCTIONS              : Integer ascii(STRING arg)
2023-09-26T00:31:52.848-05:00 DEBUG 33180 --- [           main] org.hibernate.HQL_FUNCTIONS              : Double asin(NUMERIC arg)
2023-09-26T00:31:52.848-05:00 DEBUG 33180 --- [           main] org.hibernate.HQL_FUNCTIONS              : Double atan(NUMERIC arg)
2023-09-26T00:31:52.848-05:00 DEBUG 33180 --- [           main] org.hibernate.HQL_FUNCTIONS              : Double atan2(NUMERIC arg0, NUMERIC arg1)
2023-09-26T00:31:52.848-05:00 DEBUG 33180 --- [           main] org.hibernate.HQL_FUNCTIONS              : Double avg(NUMERIC arg)
2023-09-26T00:31:52.848-05:00 DEBUG 33180 --- [           main] org.hibernate.HQL_FUNCTIONS              : bit_and(arg)
2023-09-26T00:31:52.848-05:00 DEBUG 33180 --- [           main] org.hibernate.HQL_FUNCTIONS              : Integer bit_length(STRING_OR_CLOB arg)
2023-09-26T00:31:52.848-05:00 DEBUG 33180 --- [           main] org.hibernate.HQL_FUNCTIONS              : bit_or(arg)
2023-09-26T00:31:52.848-05:00 DEBUG 33180 --- [           main] org.hibernate.HQL_FUNCTIONS              : bitand(arg0, arg1)
2023-09-26T00:31:52.848-05:00 DEBUG 33180 --- [           main] org.hibernate.HQL_FUNCTIONS              : bitor(arg0, arg1)
2023-09-26T00:31:52.848-05:00 DEBUG 33180 --- [           main] org.hibernate.HQL_FUNCTIONS              : bitxor(arg0, arg1)
2023-09-26T00:31:52.848-05:00 DEBUG 33180 --- [           main] org.hibernate.HQL_FUNCTIONS              : Boolean bool_and(BOOLEAN predicate)
2023-09-26T00:31:52.848-05:00 DEBUG 33180 --- [           main] org.hibernate.HQL_FUNCTIONS              : Boolean bool_or(BOOLEAN predicate)
2023-09-26T00:31:52.848-05:00 DEBUG 33180 --- [           main] org.hibernate.HQL_FUNCTIONS              : cast(arg as Type)
2023-09-26T00:31:52.848-05:00 DEBUG 33180 --- [           main] org.hibernate.HQL_FUNCTIONS              : ceiling(NUMERIC arg)
2023-09-26T00:31:52.848-05:00 DEBUG 33180 --- [           main] org.hibernate.HQL_FUNCTIONS              : Character char(INTEGER arg)
2023-09-26T00:31:52.848-05:00 DEBUG 33180 --- [           main] org.hibernate.HQL_FUNCTIONS              : Integer character_length(STRING_OR_CLOB arg)
2023-09-26T00:31:52.848-05:00 DEBUG 33180 --- [           main] org.hibernate.HQL_FUNCTIONS              : Character chr(INTEGER arg)
2023-09-26T00:31:52.848-05:00 DEBUG 33180 --- [           main] org.hibernate.HQL_FUNCTIONS              : coalesce(arg0[, arg1[, ...]])
2023-09-26T00:31:52.848-05:00 DEBUG 33180 --- [           main] org.hibernate.HQL_FUNCTIONS              : String collate(STRING string as COLLATION collation)
2023-09-26T00:31:52.848-05:00 DEBUG 33180 --- [           main] org.hibernate.HQL_FUNCTIONS              : String concat(STRING string0[, STRING string1[, ...]])
2023-09-26T00:31:52.848-05:00 DEBUG 33180 --- [           main] org.hibernate.HQL_FUNCTIONS              : Double cos(NUMERIC arg)
2023-09-26T00:31:52.848-05:00 DEBUG 33180 --- [           main] org.hibernate.HQL_FUNCTIONS              : Double cosh(NUMERIC arg)
2023-09-26T00:31:52.848-05:00 DEBUG 33180 --- [           main] org.hibernate.HQL_FUNCTIONS              : Double cot(NUMERIC arg)
2023-09-26T00:31:52.848-05:00 DEBUG 33180 --- [           main] org.hibernate.HQL_FUNCTIONS              : Long count([distinct ]{arg|*})
2023-09-26T00:31:52.848-05:00 DEBUG 33180 --- [           main] org.hibernate.HQL_FUNCTIONS              : Double cume_dist([arg0[, ...]])
2023-09-26T00:31:52.848-05:00 DEBUG 33180 --- [           main] org.hibernate.HQL_FUNCTIONS              : Date curdate()
2023-09-26T00:31:52.848-05:00 DEBUG 33180 --- [           main] org.hibernate.HQL_FUNCTIONS              : Date current date
2023-09-26T00:31:52.848-05:00 DEBUG 33180 --- [           main] org.hibernate.HQL_FUNCTIONS              : Time current time
2023-09-26T00:31:52.848-05:00 DEBUG 33180 --- [           main] org.hibernate.HQL_FUNCTIONS              : Timestamp current timestamp
2023-09-26T00:31:52.848-05:00 DEBUG 33180 --- [           main] org.hibernate.HQL_FUNCTIONS              : Date current_date
2023-09-26T00:31:52.848-05:00 DEBUG 33180 --- [           main] org.hibernate.HQL_FUNCTIONS              : Instant current_instant
2023-09-26T00:31:52.848-05:00 DEBUG 33180 --- [           main] org.hibernate.HQL_FUNCTIONS              : Time current_time
2023-09-26T00:31:52.848-05:00 DEBUG 33180 --- [           main] org.hibernate.HQL_FUNCTIONS              : Timestamp current_timestamp
2023-09-26T00:31:52.848-05:00 DEBUG 33180 --- [           main] org.hibernate.HQL_FUNCTIONS              : Time curtime()
2023-09-26T00:31:52.848-05:00 DEBUG 33180 --- [           main] org.hibernate.HQL_FUNCTIONS              : date_trunc(STRING field, TEMPORAL datetime)
2023-09-26T00:31:52.848-05:00 DEBUG 33180 --- [           main] org.hibernate.HQL_FUNCTIONS              : dateadd(TEMPORAL_UNIT field, INTEGER magnitude, TEMPORAL datetime)
2023-09-26T00:31:52.849-05:00 DEBUG 33180 --- [           main] org.hibernate.HQL_FUNCTIONS              : basicType@12(java.lang.Long,-5)|basicType@15(java.lang.Double,8) datediff(TEMPORAL_UNIT field, TEMPORAL start, TEMPORAL end)
2023-09-26T00:31:52.849-05:00 DEBUG 33180 --- [           main] org.hibernate.HQL_FUNCTIONS              : Integer day(DATE arg)
2023-09-26T00:31:52.849-05:00 DEBUG 33180 --- [           main] org.hibernate.HQL_FUNCTIONS              : Integer day_of_month(DATE arg)
2023-09-26T00:31:52.849-05:00 DEBUG 33180 --- [           main] org.hibernate.HQL_FUNCTIONS              : Integer day_of_week(DATE arg)
2023-09-26T00:31:52.849-05:00 DEBUG 33180 --- [           main] org.hibernate.HQL_FUNCTIONS              : Integer day_of_year(DATE arg)
2023-09-26T00:31:52.849-05:00 DEBUG 33180 --- [           main] org.hibernate.HQL_FUNCTIONS              : String dayname(DATE arg)
2023-09-26T00:31:52.849-05:00 DEBUG 33180 --- [           main] org.hibernate.HQL_FUNCTIONS              : Double degrees(NUMERIC arg)
2023-09-26T00:31:52.849-05:00 DEBUG 33180 --- [           main] org.hibernate.HQL_FUNCTIONS              : Long dense_rank([arg0[, ...]])
2023-09-26T00:31:52.849-05:00 DEBUG 33180 --- [           main] org.hibernate.HQL_FUNCTIONS              : Boolean every(BOOLEAN predicate)
2023-09-26T00:31:52.849-05:00 DEBUG 33180 --- [           main] org.hibernate.HQL_FUNCTIONS              : Double exp(NUMERIC arg)
2023-09-26T00:31:52.849-05:00 DEBUG 33180 --- [           main] org.hibernate.HQL_FUNCTIONS              : extract(TEMPORAL_UNIT field from TEMPORAL arg)
2023-09-26T00:31:52.849-05:00 DEBUG 33180 --- [           main] org.hibernate.HQL_FUNCTIONS              : first_valueANY value
2023-09-26T00:31:52.849-05:00 DEBUG 33180 --- [           main] org.hibernate.HQL_FUNCTIONS              : floor(NUMERIC arg)
2023-09-26T00:31:52.849-05:00 DEBUG 33180 --- [           main] org.hibernate.HQL_FUNCTIONS              : String format(TEMPORAL datetime as STRING pattern)
2023-09-26T00:31:52.849-05:00 DEBUG 33180 --- [           main] org.hibernate.HQL_FUNCTIONS              : greatest(COMPARABLE arg0, COMPARABLE arg1[, arg2[, ...]])
2023-09-26T00:31:52.849-05:00 DEBUG 33180 --- [           main] org.hibernate.HQL_FUNCTIONS              : Integer hour(TIME arg)
2023-09-26T00:31:52.849-05:00 DEBUG 33180 --- [           main] org.hibernate.HQL_FUNCTIONS              : ifnull(arg0, arg1)
2023-09-26T00:31:52.849-05:00 DEBUG 33180 --- [           main] org.hibernate.HQL_FUNCTIONS              : String insert(STRING string, INTEGER start, INTEGER length, STRING replacement)
2023-09-26T00:31:52.849-05:00 DEBUG 33180 --- [           main] org.hibernate.HQL_FUNCTIONS              : Instant instant
2023-09-26T00:31:52.849-05:00 DEBUG 33180 --- [           main] org.hibernate.HQL_FUNCTIONS              : Integer instr(STRING string, STRING pattern[, INTEGER start[, INTEGER occurrence]])
2023-09-26T00:31:52.849-05:00 DEBUG 33180 --- [           main] org.hibernate.HQL_FUNCTIONS              : lagANY value[, INTEGER offset[, ANY default]]
2023-09-26T00:31:52.849-05:00 DEBUG 33180 --- [           main] org.hibernate.HQL_FUNCTIONS              : last_valueANY value
2023-09-26T00:31:52.849-05:00 DEBUG 33180 --- [           main] org.hibernate.HQL_FUNCTIONS              : leadANY value[, INTEGER offset[, ANY default]]
2023-09-26T00:31:52.849-05:00 DEBUG 33180 --- [           main] org.hibernate.HQL_FUNCTIONS              : least(COMPARABLE arg0, COMPARABLE arg1[, arg2[, ...]])
2023-09-26T00:31:52.849-05:00 DEBUG 33180 --- [           main] org.hibernate.HQL_FUNCTIONS              : String left(STRING string, INTEGER length)
2023-09-26T00:31:52.849-05:00 DEBUG 33180 --- [           main] org.hibernate.HQL_FUNCTIONS              : Integer length(STRING_OR_CLOB arg)
2023-09-26T00:31:52.849-05:00 DEBUG 33180 --- [           main] org.hibernate.HQL_FUNCTIONS              : String listagg(STRING arg0, STRING arg1)
2023-09-26T00:31:52.849-05:00 DEBUG 33180 --- [           main] org.hibernate.HQL_FUNCTIONS              : Double ln(NUMERIC arg)
2023-09-26T00:31:52.849-05:00 DEBUG 33180 --- [           main] org.hibernate.HQL_FUNCTIONS              : LocalDate local date
2023-09-26T00:31:52.849-05:00 DEBUG 33180 --- [           main] org.hibernate.HQL_FUNCTIONS              : LocalDateTime local datetime
2023-09-26T00:31:52.849-05:00 DEBUG 33180 --- [           main] org.hibernate.HQL_FUNCTIONS              : LocalTime local time
2023-09-26T00:31:52.849-05:00 DEBUG 33180 --- [           main] org.hibernate.HQL_FUNCTIONS              : LocalDate local_date
2023-09-26T00:31:52.849-05:00 DEBUG 33180 --- [           main] org.hibernate.HQL_FUNCTIONS              : LocalDateTime local_datetime
2023-09-26T00:31:52.849-05:00 DEBUG 33180 --- [           main] org.hibernate.HQL_FUNCTIONS              : LocalTime local_time
2023-09-26T00:31:52.849-05:00 DEBUG 33180 --- [           main] org.hibernate.HQL_FUNCTIONS              : Time localtime
2023-09-26T00:31:52.849-05:00 DEBUG 33180 --- [           main] org.hibernate.HQL_FUNCTIONS              : Timestamp localtimestamp
2023-09-26T00:31:52.849-05:00 DEBUG 33180 --- [           main] org.hibernate.HQL_FUNCTIONS              : Integer locate(STRING pattern, STRING string[, INTEGER start])
2023-09-26T00:31:52.849-05:00 DEBUG 33180 --- [           main] org.hibernate.HQL_FUNCTIONS              : Double log(NUMERIC base, NUMERIC arg)
2023-09-26T00:31:52.849-05:00 DEBUG 33180 --- [           main] org.hibernate.HQL_FUNCTIONS              : Double log10(NUMERIC arg)
2023-09-26T00:31:52.849-05:00 DEBUG 33180 --- [           main] org.hibernate.HQL_FUNCTIONS              : String lower(STRING string)
2023-09-26T00:31:52.849-05:00 DEBUG 33180 --- [           main] org.hibernate.HQL_FUNCTIONS              : String lpad(STRING string, INTEGER length[, STRING padding])
2023-09-26T00:31:52.849-05:00 DEBUG 33180 --- [           main] org.hibernate.HQL_FUNCTIONS              : String ltrim(STRING string)
2023-09-26T00:31:52.849-05:00 DEBUG 33180 --- [           main] org.hibernate.HQL_FUNCTIONS              : max(COMPARABLE arg)
2023-09-26T00:31:52.849-05:00 DEBUG 33180 --- [           main] org.hibernate.HQL_FUNCTIONS              : Double median(NUMERIC arg)
2023-09-26T00:31:52.849-05:00 DEBUG 33180 --- [           main] org.hibernate.HQL_FUNCTIONS              : Integer microsecond(TIME arg)
2023-09-26T00:31:52.849-05:00 DEBUG 33180 --- [           main] org.hibernate.HQL_FUNCTIONS              : min(COMPARABLE arg)
2023-09-26T00:31:52.849-05:00 DEBUG 33180 --- [           main] org.hibernate.HQL_FUNCTIONS              : Integer minute(TIME arg)
2023-09-26T00:31:52.849-05:00 DEBUG 33180 --- [           main] org.hibernate.HQL_FUNCTIONS              : Integer mod(INTEGER arg0, INTEGER arg1)
2023-09-26T00:31:52.849-05:00 DEBUG 33180 --- [           main] org.hibernate.HQL_FUNCTIONS              : mode()
2023-09-26T00:31:52.849-05:00 DEBUG 33180 --- [           main] org.hibernate.HQL_FUNCTIONS              : Integer month(DATE arg)
2023-09-26T00:31:52.849-05:00 DEBUG 33180 --- [           main] org.hibernate.HQL_FUNCTIONS              : String monthname(DATE arg)
2023-09-26T00:31:52.849-05:00 DEBUG 33180 --- [           main] org.hibernate.HQL_FUNCTIONS              : Timestamp now()
2023-09-26T00:31:52.849-05:00 DEBUG 33180 --- [           main] org.hibernate.HQL_FUNCTIONS              : nth_valueANY value, INTEGER nth
2023-09-26T00:31:52.849-05:00 DEBUG 33180 --- [           main] org.hibernate.HQL_FUNCTIONS              : nullif(arg0, arg1)
2023-09-26T00:31:52.849-05:00 DEBUG 33180 --- [           main] org.hibernate.HQL_FUNCTIONS              : Integer octet_length(STRING_OR_CLOB arg)
2023-09-26T00:31:52.849-05:00 DEBUG 33180 --- [           main] org.hibernate.HQL_FUNCTIONS              : OffsetDateTime offset datetime
2023-09-26T00:31:52.849-05:00 DEBUG 33180 --- [           main] org.hibernate.HQL_FUNCTIONS              : OffsetDateTime offset_datetime
2023-09-26T00:31:52.849-05:00 DEBUG 33180 --- [           main] org.hibernate.HQL_FUNCTIONS              : String overlay(STRING string placing STRING replacement from INTEGER start[ for INTEGER length])
2023-09-26T00:31:52.849-05:00 DEBUG 33180 --- [           main] org.hibernate.HQL_FUNCTIONS              : String pad(STRING string with INTEGER length {leading|trailing}[ STRING character])
2023-09-26T00:31:52.849-05:00 DEBUG 33180 --- [           main] org.hibernate.HQL_FUNCTIONS              : Double percent_rank([arg0[, ...]])
2023-09-26T00:31:52.849-05:00 DEBUG 33180 --- [           main] org.hibernate.HQL_FUNCTIONS              : percentile_cont(NUMERIC arg)
2023-09-26T00:31:52.849-05:00 DEBUG 33180 --- [           main] org.hibernate.HQL_FUNCTIONS              : percentile_disc(NUMERIC arg)
2023-09-26T00:31:52.849-05:00 DEBUG 33180 --- [           main] org.hibernate.HQL_FUNCTIONS              : Double pi
2023-09-26T00:31:52.849-05:00 DEBUG 33180 --- [           main] org.hibernate.HQL_FUNCTIONS              : Integer position(STRING pattern in STRING string)
2023-09-26T00:31:52.849-05:00 DEBUG 33180 --- [           main] org.hibernate.HQL_FUNCTIONS              : Double power(NUMERIC arg0, NUMERIC arg1)
2023-09-26T00:31:52.849-05:00 DEBUG 33180 --- [           main] org.hibernate.HQL_FUNCTIONS              : Integer quarter(DATE arg)
2023-09-26T00:31:52.849-05:00 DEBUG 33180 --- [           main] org.hibernate.HQL_FUNCTIONS              : Double radians(NUMERIC arg)
2023-09-26T00:31:52.849-05:00 DEBUG 33180 --- [           main] org.hibernate.HQL_FUNCTIONS              : Double rand([INTEGER seed])
2023-09-26T00:31:52.849-05:00 DEBUG 33180 --- [           main] org.hibernate.HQL_FUNCTIONS              : Long rank([arg0[, ...]])
2023-09-26T00:31:52.849-05:00 DEBUG 33180 --- [           main] org.hibernate.HQL_FUNCTIONS              : String repeat(STRING string, INTEGER times)
2023-09-26T00:31:52.849-05:00 DEBUG 33180 --- [           main] org.hibernate.HQL_FUNCTIONS              : String replace(STRING string, STRING pattern, STRING replacement)
2023-09-26T00:31:52.849-05:00 DEBUG 33180 --- [           main] org.hibernate.HQL_FUNCTIONS              : String right(STRING string, INTEGER length)
2023-09-26T00:31:52.849-05:00 DEBUG 33180 --- [           main] org.hibernate.HQL_FUNCTIONS              : round(NUMERIC number[, INTEGER places])
2023-09-26T00:31:52.849-05:00 DEBUG 33180 --- [           main] org.hibernate.HQL_FUNCTIONS              : Long row_number()
2023-09-26T00:31:52.849-05:00 DEBUG 33180 --- [           main] org.hibernate.HQL_FUNCTIONS              : Long rownum()
2023-09-26T00:31:52.849-05:00 DEBUG 33180 --- [           main] org.hibernate.HQL_FUNCTIONS              : String rpad(STRING string, INTEGER length[, STRING padding])
2023-09-26T00:31:52.849-05:00 DEBUG 33180 --- [           main] org.hibernate.HQL_FUNCTIONS              : String rtrim(STRING string)
2023-09-26T00:31:52.849-05:00 DEBUG 33180 --- [           main] org.hibernate.HQL_FUNCTIONS              : Integer second(TIME arg)
2023-09-26T00:31:52.849-05:00 DEBUG 33180 --- [           main] org.hibernate.HQL_FUNCTIONS              : Integer sign(NUMERIC arg)
2023-09-26T00:31:52.849-05:00 DEBUG 33180 --- [           main] org.hibernate.HQL_FUNCTIONS              : Double sin(NUMERIC arg)
2023-09-26T00:31:52.849-05:00 DEBUG 33180 --- [           main] org.hibernate.HQL_FUNCTIONS              : Double sinh(NUMERIC arg)
2023-09-26T00:31:52.849-05:00 DEBUG 33180 --- [           main] org.hibernate.HQL_FUNCTIONS              : String soundex(arg)
2023-09-26T00:31:52.849-05:00 DEBUG 33180 --- [           main] org.hibernate.HQL_FUNCTIONS              : String space(INTEGER arg)
2023-09-26T00:31:52.849-05:00 DEBUG 33180 --- [           main] org.hibernate.HQL_FUNCTIONS              : Object sql
2023-09-26T00:31:52.849-05:00 DEBUG 33180 --- [           main] org.hibernate.HQL_FUNCTIONS              : Double sqrt(NUMERIC arg)
2023-09-26T00:31:52.849-05:00 DEBUG 33180 --- [           main] org.hibernate.HQL_FUNCTIONS              : Double stddev_pop(NUMERIC arg)
2023-09-26T00:31:52.849-05:00 DEBUG 33180 --- [           main] org.hibernate.HQL_FUNCTIONS              : Double stddev_samp(NUMERIC arg)
2023-09-26T00:31:52.850-05:00 DEBUG 33180 --- [           main] org.hibernate.HQL_FUNCTIONS              : String str(arg)
2023-09-26T00:31:52.850-05:00 DEBUG 33180 --- [           main] org.hibernate.HQL_FUNCTIONS              : String substr(STRING string, INTEGER start[, INTEGER length])
2023-09-26T00:31:52.850-05:00 DEBUG 33180 --- [           main] org.hibernate.HQL_FUNCTIONS              : String substring(STRING string{ from|,} INTEGER start[{ for|,} INTEGER length])
2023-09-26T00:31:52.850-05:00 DEBUG 33180 --- [           main] org.hibernate.HQL_FUNCTIONS              : sum(arg)
2023-09-26T00:31:52.850-05:00 DEBUG 33180 --- [           main] org.hibernate.HQL_FUNCTIONS              : Timestamp sysdate
2023-09-26T00:31:52.850-05:00 DEBUG 33180 --- [           main] org.hibernate.HQL_FUNCTIONS              : Double tan(NUMERIC arg)
2023-09-26T00:31:52.850-05:00 DEBUG 33180 --- [           main] org.hibernate.HQL_FUNCTIONS              : Double tanh(NUMERIC arg)
2023-09-26T00:31:52.850-05:00 DEBUG 33180 --- [           main] org.hibernate.HQL_FUNCTIONS              : timestampadd(TEMPORAL_UNIT field, INTEGER magnitude, TEMPORAL datetime)
2023-09-26T00:31:52.850-05:00 DEBUG 33180 --- [           main] org.hibernate.HQL_FUNCTIONS              : basicType@12(java.lang.Long,-5)|basicType@15(java.lang.Double,8) timestampdiff(TEMPORAL_UNIT field, TEMPORAL start, TEMPORAL end)
2023-09-26T00:31:52.850-05:00 DEBUG 33180 --- [           main] org.hibernate.HQL_FUNCTIONS              : String translate(STRING arg0, STRING arg1, STRING arg2)
2023-09-26T00:31:52.850-05:00 DEBUG 33180 --- [           main] org.hibernate.HQL_FUNCTIONS              : String trim([[{leading|trailing|both} ][STRING arg0 ]from] STRING arg1)
2023-09-26T00:31:52.850-05:00 DEBUG 33180 --- [           main] org.hibernate.HQL_FUNCTIONS              : trunc( ... )
2023-09-26T00:31:52.850-05:00 DEBUG 33180 --- [           main] org.hibernate.HQL_FUNCTIONS              : truncate( ... )
2023-09-26T00:31:52.850-05:00 DEBUG 33180 --- [           main] org.hibernate.HQL_FUNCTIONS              : String upper(STRING string)
2023-09-26T00:31:52.850-05:00 DEBUG 33180 --- [           main] org.hibernate.HQL_FUNCTIONS              : Double var_pop(NUMERIC arg)
2023-09-26T00:31:52.850-05:00 DEBUG 33180 --- [           main] org.hibernate.HQL_FUNCTIONS              : Double var_samp(NUMERIC arg)
2023-09-26T00:31:52.850-05:00 DEBUG 33180 --- [           main] org.hibernate.HQL_FUNCTIONS              : Integer week(DATE arg)
2023-09-26T00:31:52.850-05:00 DEBUG 33180 --- [           main] org.hibernate.HQL_FUNCTIONS              : Integer year(DATE arg)
2023-09-26T00:31:52.853-05:00 DEBUG 33180 --- [           main] org.hibernate.orm.query.plan.cache       : Starting QueryPlanCache(2048)
2023-09-26T00:31:52.906-05:00 DEBUG 33180 --- [           main] .h.s.i.SessionFactoryServiceRegistryImpl : EventListenerRegistry access via ServiceRegistry is deprecated.  Use `sessionFactory.getEventEngine().getListenerRegistry()` instead
2023-09-26T00:31:52.907-05:00 DEBUG 33180 --- [           main] h.e.i.EntityCopyObserverFactoryInitiator : Configured EntityCopyObserver strategy: disallow
2023-09-26T00:31:52.949-05:00 DEBUG 33180 --- [           main] o.h.boot.internal.ClassLoaderAccessImpl  : Not known whether passed class name [com.example.demo.model.Citas] is safe
2023-09-26T00:31:52.949-05:00 DEBUG 33180 --- [           main] o.h.boot.internal.ClassLoaderAccessImpl  : No temp ClassLoader provided; using live ClassLoader for loading potentially unsafe class : com.example.demo.model.Citas
2023-09-26T00:31:53.072-05:00 DEBUG 33180 --- [           main] o.h.b.i.bytebuddy.BytecodeProviderImpl   : HHH000513: Unable to create the ReflectionOptimizer for [com.example.demo.model.Citas]

org.hibernate.bytecode.internal.bytebuddy.PrivateAccessorException: private accessor [duracion]
	at org.hibernate.bytecode.internal.bytebuddy.BytecodeProviderImpl.findAccessors(BytecodeProviderImpl.java:1238) ~[hibernate-core-6.2.9.Final.jar:6.2.9.Final]
	at org.hibernate.bytecode.internal.bytebuddy.BytecodeProviderImpl.getReflectionOptimizer(BytecodeProviderImpl.java:232) ~[hibernate-core-6.2.9.Final.jar:6.2.9.Final]
	at org.hibernate.metamodel.internal.EntityRepresentationStrategyPojoStandard.resolveReflectionOptimizer(EntityRepresentationStrategyPojoStandard.java:293) ~[hibernate-core-6.2.9.Final.jar:6.2.9.Final]
	at org.hibernate.metamodel.internal.EntityRepresentationStrategyPojoStandard.<init>(EntityRepresentationStrategyPojoStandard.java:161) ~[hibernate-core-6.2.9.Final.jar:6.2.9.Final]
	at org.hibernate.metamodel.internal.ManagedTypeRepresentationResolverStandard.resolveStrategy(ManagedTypeRepresentationResolverStandard.java:62) ~[hibernate-core-6.2.9.Final.jar:6.2.9.Final]
	at org.hibernate.persister.entity.AbstractEntityPersister.<init>(AbstractEntityPersister.java:510) ~[hibernate-core-6.2.9.Final.jar:6.2.9.Final]
	at org.hibernate.persister.entity.SingleTableEntityPersister.<init>(SingleTableEntityPersister.java:140) ~[hibernate-core-6.2.9.Final.jar:6.2.9.Final]
	at java.base/jdk.internal.reflect.NativeConstructorAccessorImpl.newInstance0(Native Method) ~[na:na]
	at java.base/jdk.internal.reflect.NativeConstructorAccessorImpl.newInstance(NativeConstructorAccessorImpl.java:77) ~[na:na]
	at java.base/jdk.internal.reflect.DelegatingConstructorAccessorImpl.newInstance(DelegatingConstructorAccessorImpl.java:45) ~[na:na]
	at java.base/java.lang.reflect.Constructor.newInstanceWithCaller(Constructor.java:499) ~[na:na]
	at java.base/java.lang.reflect.Constructor.newInstance(Constructor.java:480) ~[na:na]
	at org.hibernate.persister.internal.PersisterFactoryImpl.createEntityPersister(PersisterFactoryImpl.java:92) ~[hibernate-core-6.2.9.Final.jar:6.2.9.Final]
	at org.hibernate.persister.internal.PersisterFactoryImpl.createEntityPersister(PersisterFactoryImpl.java:75) ~[hibernate-core-6.2.9.Final.jar:6.2.9.Final]
	at org.hibernate.metamodel.model.domain.internal.MappingMetamodelImpl.processBootEntities(MappingMetamodelImpl.java:247) ~[hibernate-core-6.2.9.Final.jar:6.2.9.Final]
	at org.hibernate.metamodel.model.domain.internal.MappingMetamodelImpl.finishInitialization(MappingMetamodelImpl.java:185) ~[hibernate-core-6.2.9.Final.jar:6.2.9.Final]
	at org.hibernate.internal.SessionFactoryImpl.initializeMappingModel(SessionFactoryImpl.java:321) ~[hibernate-core-6.2.9.Final.jar:6.2.9.Final]
	at org.hibernate.internal.SessionFactoryImpl.<init>(SessionFactoryImpl.java:271) ~[hibernate-core-6.2.9.Final.jar:6.2.9.Final]
	at org.hibernate.boot.internal.SessionFactoryBuilderImpl.build(SessionFactoryBuilderImpl.java:444) ~[hibernate-core-6.2.9.Final.jar:6.2.9.Final]
	at org.hibernate.jpa.boot.internal.EntityManagerFactoryBuilderImpl.build(EntityManagerFactoryBuilderImpl.java:1455) ~[hibernate-core-6.2.9.Final.jar:6.2.9.Final]
	at org.springframework.orm.jpa.vendor.SpringHibernateJpaPersistenceProvider.createContainerEntityManagerFactory(SpringHibernateJpaPersistenceProvider.java:75) ~[spring-orm-6.0.12.jar:6.0.12]
	at org.springframework.orm.jpa.LocalContainerEntityManagerFactoryBean.createNativeEntityManagerFactory(LocalContainerEntityManagerFactoryBean.java:376) ~[spring-orm-6.0.12.jar:6.0.12]
	at org.springframework.orm.jpa.AbstractEntityManagerFactoryBean.buildNativeEntityManagerFactory(AbstractEntityManagerFactoryBean.java:409) ~[spring-orm-6.0.12.jar:6.0.12]
	at org.springframework.orm.jpa.AbstractEntityManagerFactoryBean.afterPropertiesSet(AbstractEntityManagerFactoryBean.java:396) ~[spring-orm-6.0.12.jar:6.0.12]
	at org.springframework.orm.jpa.LocalContainerEntityManagerFactoryBean.afterPropertiesSet(LocalContainerEntityManagerFactoryBean.java:352) ~[spring-orm-6.0.12.jar:6.0.12]
	at org.springframework.beans.factory.support.AbstractAutowireCapableBeanFactory.invokeInitMethods(AbstractAutowireCapableBeanFactory.java:1817) ~[spring-beans-6.0.12.jar:6.0.12]
	at org.springframework.beans.factory.support.AbstractAutowireCapableBeanFactory.initializeBean(AbstractAutowireCapableBeanFactory.java:1766) ~[spring-beans-6.0.12.jar:6.0.12]
	at org.springframework.beans.factory.support.AbstractAutowireCapableBeanFactory.doCreateBean(AbstractAutowireCapableBeanFactory.java:598) ~[spring-beans-6.0.12.jar:6.0.12]
	at org.springframework.beans.factory.support.AbstractAutowireCapableBeanFactory.createBean(AbstractAutowireCapableBeanFactory.java:520) ~[spring-beans-6.0.12.jar:6.0.12]
	at org.springframework.beans.factory.support.AbstractBeanFactory.lambda$doGetBean$0(AbstractBeanFactory.java:325) ~[spring-beans-6.0.12.jar:6.0.12]
	at org.springframework.beans.factory.support.DefaultSingletonBeanRegistry.getSingleton(DefaultSingletonBeanRegistry.java:234) ~[spring-beans-6.0.12.jar:6.0.12]
	at org.springframework.beans.factory.support.AbstractBeanFactory.doGetBean(AbstractBeanFactory.java:323) ~[spring-beans-6.0.12.jar:6.0.12]
	at org.springframework.beans.factory.support.AbstractBeanFactory.getBean(AbstractBeanFactory.java:199) ~[spring-beans-6.0.12.jar:6.0.12]
	at org.springframework.context.support.AbstractApplicationContext.getBean(AbstractApplicationContext.java:1158) ~[spring-context-6.0.12.jar:6.0.12]
	at org.springframework.context.support.AbstractApplicationContext.finishBeanFactoryInitialization(AbstractApplicationContext.java:932) ~[spring-context-6.0.12.jar:6.0.12]
	at org.springframework.context.support.AbstractApplicationContext.refresh(AbstractApplicationContext.java:608) ~[spring-context-6.0.12.jar:6.0.12]
	at org.springframework.boot.SpringApplication.refresh(SpringApplication.java:737) ~[spring-boot-3.1.4.jar:3.1.4]
	at org.springframework.boot.SpringApplication.refreshContext(SpringApplication.java:439) ~[spring-boot-3.1.4.jar:3.1.4]
	at org.springframework.boot.SpringApplication.run(SpringApplication.java:315) ~[spring-boot-3.1.4.jar:3.1.4]
	at org.springframework.boot.test.context.SpringBootContextLoader.lambda$loadContext$3(SpringBootContextLoader.java:137) ~[spring-boot-test-3.1.4.jar:3.1.4]
	at org.springframework.util.function.ThrowingSupplier.get(ThrowingSupplier.java:58) ~[spring-core-6.0.12.jar:6.0.12]
	at org.springframework.util.function.ThrowingSupplier.get(ThrowingSupplier.java:46) ~[spring-core-6.0.12.jar:6.0.12]
	at org.springframework.boot.SpringApplication.withHook(SpringApplication.java:1409) ~[spring-boot-3.1.4.jar:3.1.4]
	at org.springframework.boot.test.context.SpringBootContextLoader$ContextLoaderHook.run(SpringBootContextLoader.java:545) ~[spring-boot-test-3.1.4.jar:3.1.4]
	at org.springframework.boot.test.context.SpringBootContextLoader.loadContext(SpringBootContextLoader.java:137) ~[spring-boot-test-3.1.4.jar:3.1.4]
	at org.springframework.boot.test.context.SpringBootContextLoader.loadContext(SpringBootContextLoader.java:108) ~[spring-boot-test-3.1.4.jar:3.1.4]
	at org.springframework.test.context.cache.DefaultCacheAwareContextLoaderDelegate.loadContextInternal(DefaultCacheAwareContextLoaderDelegate.java:187) ~[spring-test-6.0.12.jar:6.0.12]
	at org.springframework.test.context.cache.DefaultCacheAwareContextLoaderDelegate.loadContext(DefaultCacheAwareContextLoaderDelegate.java:119) ~[spring-test-6.0.12.jar:6.0.12]
	at org.springframework.test.context.support.DefaultTestContext.getApplicationContext(DefaultTestContext.java:127) ~[spring-test-6.0.12.jar:6.0.12]
	at org.springframework.test.context.web.ServletTestExecutionListener.setUpRequestContextIfNecessary(ServletTestExecutionListener.java:191) ~[spring-test-6.0.12.jar:6.0.12]
	at org.springframework.test.context.web.ServletTestExecutionListener.prepareTestInstance(ServletTestExecutionListener.java:130) ~[spring-test-6.0.12.jar:6.0.12]
	at org.springframework.test.context.TestContextManager.prepareTestInstance(TestContextManager.java:241) ~[spring-test-6.0.12.jar:6.0.12]
	at org.springframework.test.context.junit.jupiter.SpringExtension.postProcessTestInstance(SpringExtension.java:138) ~[spring-test-6.0.12.jar:6.0.12]
	at org.junit.jupiter.engine.descriptor.ClassBasedTestDescriptor.lambda$invokeTestInstancePostProcessors$10(ClassBasedTestDescriptor.java:377) ~[junit-jupiter-engine-5.9.3.jar:5.9.3]
	at org.junit.jupiter.engine.descriptor.ClassBasedTestDescriptor.executeAndMaskThrowable(ClassBasedTestDescriptor.java:382) ~[junit-jupiter-engine-5.9.3.jar:5.9.3]
	at org.junit.jupiter.engine.descriptor.ClassBasedTestDescriptor.lambda$invokeTestInstancePostProcessors$11(ClassBasedTestDescriptor.java:377) ~[junit-jupiter-engine-5.9.3.jar:5.9.3]
	at java.base/java.util.stream.ReferencePipeline$3$1.accept(ReferencePipeline.java:197) ~[na:na]
	at java.base/java.util.stream.ReferencePipeline$2$1.accept(ReferencePipeline.java:179) ~[na:na]
	at java.base/java.util.ArrayList$ArrayListSpliterator.forEachRemaining(ArrayList.java:1625) ~[na:na]
	at java.base/java.util.stream.AbstractPipeline.copyInto(AbstractPipeline.java:509) ~[na:na]
	at java.base/java.util.stream.AbstractPipeline.wrapAndCopyInto(AbstractPipeline.java:499) ~[na:na]
	at java.base/java.util.stream.StreamSpliterators$WrappingSpliterator.forEachRemaining(StreamSpliterators.java:310) ~[na:na]
	at java.base/java.util.stream.Streams$ConcatSpliterator.forEachRemaining(Streams.java:735) ~[na:na]
	at java.base/java.util.stream.Streams$ConcatSpliterator.forEachRemaining(Streams.java:734) ~[na:na]
	at java.base/java.util.stream.ReferencePipeline$Head.forEach(ReferencePipeline.java:762) ~[na:na]
	at org.junit.jupiter.engine.descriptor.ClassBasedTestDescriptor.invokeTestInstancePostProcessors(ClassBasedTestDescriptor.java:376) ~[junit-jupiter-engine-5.9.3.jar:5.9.3]
	at org.junit.jupiter.engine.descriptor.ClassBasedTestDescriptor.lambda$instantiateAndPostProcessTestInstance$6(ClassBasedTestDescriptor.java:289) ~[junit-jupiter-engine-5.9.3.jar:5.9.3]
	at org.junit.platform.engine.support.hierarchical.ThrowableCollector.execute(ThrowableCollector.java:73) ~[junit-platform-engine-1.9.3.jar:1.9.3]
	at org.junit.jupiter.engine.descriptor.ClassBasedTestDescriptor.instantiateAndPostProcessTestInstance(ClassBasedTestDescriptor.java:288) ~[junit-jupiter-engine-5.9.3.jar:5.9.3]
	at org.junit.jupiter.engine.descriptor.ClassBasedTestDescriptor.lambda$testInstancesProvider$4(ClassBasedTestDescriptor.java:278) ~[junit-jupiter-engine-5.9.3.jar:5.9.3]
	at java.base/java.util.Optional.orElseGet(Optional.java:364) ~[na:na]
	at org.junit.jupiter.engine.descriptor.ClassBasedTestDescriptor.lambda$testInstancesProvider$5(ClassBasedTestDescriptor.java:277) ~[junit-jupiter-engine-5.9.3.jar:5.9.3]
	at org.junit.jupiter.engine.execution.TestInstancesProvider.getTestInstances(TestInstancesProvider.java:31) ~[junit-jupiter-engine-5.9.3.jar:5.9.3]
	at org.junit.jupiter.engine.descriptor.TestMethodTestDescriptor.lambda$prepare$0(TestMethodTestDescriptor.java:105) ~[junit-jupiter-engine-5.9.3.jar:5.9.3]
	at org.junit.platform.engine.support.hierarchical.ThrowableCollector.execute(ThrowableCollector.java:73) ~[junit-platform-engine-1.9.3.jar:1.9.3]
	at org.junit.jupiter.engine.descriptor.TestMethodTestDescriptor.prepare(TestMethodTestDescriptor.java:104) ~[junit-jupiter-engine-5.9.3.jar:5.9.3]
	at org.junit.jupiter.engine.descriptor.TestMethodTestDescriptor.prepare(TestMethodTestDescriptor.java:68) ~[junit-jupiter-engine-5.9.3.jar:5.9.3]
	at org.junit.platform.engine.support.hierarchical.NodeTestTask.lambda$prepare$2(NodeTestTask.java:123) ~[junit-platform-engine-1.9.3.jar:1.9.3]
	at org.junit.platform.engine.support.hierarchical.ThrowableCollector.execute(ThrowableCollector.java:73) ~[junit-platform-engine-1.9.3.jar:1.9.3]
	at org.junit.platform.engine.support.hierarchical.NodeTestTask.prepare(NodeTestTask.java:123) ~[junit-platform-engine-1.9.3.jar:1.9.3]
	at org.junit.platform.engine.support.hierarchical.NodeTestTask.execute(NodeTestTask.java:90) ~[junit-platform-engine-1.9.3.jar:1.9.3]
	at java.base/java.util.ArrayList.forEach(ArrayList.java:1511) ~[na:na]
	at org.junit.platform.engine.support.hierarchical.SameThreadHierarchicalTestExecutorService.invokeAll(SameThreadHierarchicalTestExecutorService.java:41) ~[junit-platform-engine-1.9.3.jar:1.9.3]
	at org.junit.platform.engine.support.hierarchical.NodeTestTask.lambda$executeRecursively$6(NodeTestTask.java:155) ~[junit-platform-engine-1.9.3.jar:1.9.3]
	at org.junit.platform.engine.support.hierarchical.ThrowableCollector.execute(ThrowableCollector.java:73) ~[junit-platform-engine-1.9.3.jar:1.9.3]
	at org.junit.platform.engine.support.hierarchical.NodeTestTask.lambda$executeRecursively$8(NodeTestTask.java:141) ~[junit-platform-engine-1.9.3.jar:1.9.3]
	at org.junit.platform.engine.support.hierarchical.Node.around(Node.java:137) ~[junit-platform-engine-1.9.3.jar:1.9.3]
	at org.junit.platform.engine.support.hierarchical.NodeTestTask.lambda$executeRecursively$9(NodeTestTask.java:139) ~[junit-platform-engine-1.9.3.jar:1.9.3]
	at org.junit.platform.engine.support.hierarchical.ThrowableCollector.execute(ThrowableCollector.java:73) ~[junit-platform-engine-1.9.3.jar:1.9.3]
	at org.junit.platform.engine.support.hierarchical.NodeTestTask.executeRecursively(NodeTestTask.java:138) ~[junit-platform-engine-1.9.3.jar:1.9.3]
	at org.junit.platform.engine.support.hierarchical.NodeTestTask.execute(NodeTestTask.java:95) ~[junit-platform-engine-1.9.3.jar:1.9.3]
	at java.base/java.util.ArrayList.forEach(ArrayList.java:1511) ~[na:na]
	at org.junit.platform.engine.support.hierarchical.SameThreadHierarchicalTestExecutorService.invokeAll(SameThreadHierarchicalTestExecutorService.java:41) ~[junit-platform-engine-1.9.3.jar:1.9.3]
	at org.junit.platform.engine.support.hierarchical.NodeTestTask.lambda$executeRecursively$6(NodeTestTask.java:155) ~[junit-platform-engine-1.9.3.jar:1.9.3]
	at org.junit.platform.engine.support.hierarchical.ThrowableCollector.execute(ThrowableCollector.java:73) ~[junit-platform-engine-1.9.3.jar:1.9.3]
	at org.junit.platform.engine.support.hierarchical.NodeTestTask.lambda$executeRecursively$8(NodeTestTask.java:141) ~[junit-platform-engine-1.9.3.jar:1.9.3]
	at org.junit.platform.engine.support.hierarchical.Node.around(Node.java:137) ~[junit-platform-engine-1.9.3.jar:1.9.3]
	at org.junit.platform.engine.support.hierarchical.NodeTestTask.lambda$executeRecursively$9(NodeTestTask.java:139) ~[junit-platform-engine-1.9.3.jar:1.9.3]
	at org.junit.platform.engine.support.hierarchical.ThrowableCollector.execute(ThrowableCollector.java:73) ~[junit-platform-engine-1.9.3.jar:1.9.3]
	at org.junit.platform.engine.support.hierarchical.NodeTestTask.executeRecursively(NodeTestTask.java:138) ~[junit-platform-engine-1.9.3.jar:1.9.3]
	at org.junit.platform.engine.support.hierarchical.NodeTestTask.execute(NodeTestTask.java:95) ~[junit-platform-engine-1.9.3.jar:1.9.3]
	at org.junit.platform.engine.support.hierarchical.SameThreadHierarchicalTestExecutorService.submit(SameThreadHierarchicalTestExecutorService.java:35) ~[junit-platform-engine-1.9.3.jar:1.9.3]
	at org.junit.platform.engine.support.hierarchical.HierarchicalTestExecutor.execute(HierarchicalTestExecutor.java:57) ~[junit-platform-engine-1.9.3.jar:1.9.3]
	at org.junit.platform.engine.support.hierarchical.HierarchicalTestEngine.execute(HierarchicalTestEngine.java:54) ~[junit-platform-engine-1.9.3.jar:1.9.3]
	at org.junit.platform.launcher.core.EngineExecutionOrchestrator.execute(EngineExecutionOrchestrator.java:147) ~[junit-platform-launcher-1.9.3.jar:1.9.3]
	at org.junit.platform.launcher.core.EngineExecutionOrchestrator.execute(EngineExecutionOrchestrator.java:127) ~[junit-platform-launcher-1.9.3.jar:1.9.3]
	at org.junit.platform.launcher.core.EngineExecutionOrchestrator.execute(EngineExecutionOrchestrator.java:90) ~[junit-platform-launcher-1.9.3.jar:1.9.3]
	at org.junit.platform.launcher.core.EngineExecutionOrchestrator.lambda$execute$0(EngineExecutionOrchestrator.java:55) ~[junit-platform-launcher-1.9.3.jar:1.9.3]
	at org.junit.platform.launcher.core.EngineExecutionOrchestrator.withInterceptedStreams(EngineExecutionOrchestrator.java:102) ~[junit-platform-launcher-1.9.3.jar:1.9.3]
	at org.junit.platform.launcher.core.EngineExecutionOrchestrator.execute(EngineExecutionOrchestrator.java:54) ~[junit-platform-launcher-1.9.3.jar:1.9.3]
	at org.junit.platform.launcher.core.DefaultLauncher.execute(DefaultLauncher.java:114) ~[junit-platform-launcher-1.9.3.jar:1.9.3]
	at org.junit.platform.launcher.core.DefaultLauncher.execute(DefaultLauncher.java:86) ~[junit-platform-launcher-1.9.3.jar:1.9.3]
	at org.junit.platform.launcher.core.DefaultLauncherSession$DelegatingLauncher.execute(DefaultLauncherSession.java:86) ~[junit-platform-launcher-1.9.3.jar:1.9.3]
	at org.apache.maven.surefire.junitplatform.LazyLauncher.execute(LazyLauncher.java:50) ~[surefire-junit-platform-3.0.0.jar:3.0.0]
	at org.apache.maven.surefire.junitplatform.JUnitPlatformProvider.execute(JUnitPlatformProvider.java:184) ~[surefire-junit-platform-3.0.0.jar:3.0.0]
	at org.apache.maven.surefire.junitplatform.JUnitPlatformProvider.invokeAllTests(JUnitPlatformProvider.java:148) ~[surefire-junit-platform-3.0.0.jar:3.0.0]
	at org.apache.maven.surefire.junitplatform.JUnitPlatformProvider.invoke(JUnitPlatformProvider.java:122) ~[surefire-junit-platform-3.0.0.jar:3.0.0]
	at org.apache.maven.surefire.booter.ForkedBooter.runSuitesInProcess(ForkedBooter.java:385) ~[surefire-booter-3.0.0.jar:3.0.0]
	at org.apache.maven.surefire.booter.ForkedBooter.execute(ForkedBooter.java:162) ~[surefire-booter-3.0.0.jar:3.0.0]
	at org.apache.maven.surefire.booter.ForkedBooter.run(ForkedBooter.java:507) ~[surefire-booter-3.0.0.jar:3.0.0]
	at org.apache.maven.surefire.booter.ForkedBooter.main(ForkedBooter.java:495) ~[surefire-booter-3.0.0.jar:3.0.0]

2023-09-26T00:31:53.101-05:00 DEBUG 33180 --- [           main] o.hibernate.orm.model.mapping.creation   : Starting post-init callbacks
2023-09-26T00:31:53.101-05:00 DEBUG 33180 --- [           main] o.hibernate.orm.model.mapping.creation   : Starting PostInitCallbackEntry : Entity(com.example.demo.model.Citas) `staticFetchableList` generator
2023-09-26T00:31:53.136-05:00 DEBUG 33180 --- [           main] o.h.p.entity.AbstractEntityPersister     : Static SQL for entity: com.example.demo.model.Citas
2023-09-26T00:31:53.136-05:00 DEBUG 33180 --- [           main] o.h.p.entity.AbstractEntityPersister     :  Version select: select cita_id from citas where cita_id=?
2023-09-26T00:31:53.136-05:00 DEBUG 33180 --- [           main] o.h.p.entity.AbstractEntityPersister     :  Insert (0): insert into citas (duracion,fecha,hora,medico_id,paciente_id,cita_id) values (?,?,?,?,?,default)
2023-09-26T00:31:53.136-05:00 DEBUG 33180 --- [           main] o.h.p.entity.AbstractEntityPersister     :  Update (0): update citas set duracion=?,fecha=?,hora=?,medico_id=?,paciente_id=? where cita_id=?
2023-09-26T00:31:53.136-05:00 DEBUG 33180 --- [           main] o.h.p.entity.AbstractEntityPersister     :  Delete (0): delete from citas where cita_id=?
2023-09-26T00:31:53.145-05:00 DEBUG 33180 --- [           main] org.hibernate.orm.sql.ast.create         : Created new SQL alias : c1_0
2023-09-26T00:31:53.147-05:00 DEBUG 33180 --- [           main] org.hibernate.orm.sql.ast.create         : Registration of TableGroup [StandardTableGroup(com.example.demo.model.Citas)] with identifierForTableGroup [com.example.demo.model.Citas] for NavigablePath [com.example.demo.model.Citas] 
2023-09-26T00:31:53.156-05:00 DEBUG 33180 --- [           main] org.hibernate.orm.results.graph.AST      : DomainResult Graph:
 \-EntityResultImpl [com.example.demo.model.Citas]
 |  +-BasicFetch [com.example.demo.model.Citas.duracion]
 |  +-BasicFetch [com.example.demo.model.Citas.fecha]
 |  +-BasicFetch [com.example.demo.model.Citas.hora]
 |  +-BasicFetch [com.example.demo.model.Citas.medicoId]
 |  \-BasicFetch [com.example.demo.model.Citas.pacienteId]

2023-09-26T00:31:53.157-05:00 DEBUG 33180 --- [           main] org.hibernate.orm.sql.ast.tree           : SQL AST Tree:
    SelectStatement {
      FromClause {
        StandardTableGroup (c1 : com.example.demo.model.Citas) {
          primaryTableReference : citas as c1_0
        }
      }
    }

2023-09-26T00:31:53.176-05:00  INFO 33180 --- [           main] o.h.e.t.j.p.i.JtaPlatformInitiator       : HHH000490: Using JtaPlatform implementation: [org.hibernate.engine.transaction.jta.platform.internal.NoJtaPlatform]
2023-09-26T00:31:53.177-05:00 DEBUG 33180 --- [           main] o.h.type.spi.TypeConfiguration$Scope     : Scoping TypeConfiguration [org.hibernate.type.spi.TypeConfiguration@598657cd] to SessionFactoryImplementor [org.hibernate.internal.SessionFactoryImpl@6ad198c9]
2023-09-26T00:31:53.177-05:00 DEBUG 33180 --- [           main] o.h.query.named.NamedObjectRepository    : Checking 0 named HQL queries
2023-09-26T00:31:53.177-05:00 DEBUG 33180 --- [           main] o.h.query.named.NamedObjectRepository    : Checking 0 named SQL queries
2023-09-26T00:31:53.185-05:00 DEBUG 33180 --- [           main] org.hibernate.SQL                        : drop table if exists citas cascade 
2023-09-26T00:31:53.192-05:00 DEBUG 33180 --- [           main] org.hibernate.SQL                        : create table citas (cita_id integer generated by default as identity, duracion integer, medico_id integer, paciente_id integer, fecha varchar(255), hora varchar(255), primary key (cita_id))
2023-09-26T00:31:53.199-05:00 DEBUG 33180 --- [           main] o.h.t.s.i.e.GenerationTargetToDatabase   : HHH000476: Executing script '[injected ScriptSourceInputNonExistentImpl script]'
2023-09-26T00:31:53.200-05:00 DEBUG 33180 --- [           main] o.h.internal.SessionFactoryRegistry      : Initializing SessionFactoryRegistry : org.hibernate.internal.SessionFactoryRegistry@6b92a0d1
2023-09-26T00:31:53.200-05:00 DEBUG 33180 --- [           main] o.h.internal.SessionFactoryRegistry      : Registering SessionFactory: 6e82421b-2597-4432-8636-c94f22fc1408 (<unnamed>)
2023-09-26T00:31:53.200-05:00 DEBUG 33180 --- [           main] o.h.internal.SessionFactoryRegistry      : Not binding SessionFactory to JNDI, no JNDI name configured
2023-09-26T00:31:53.201-05:00 DEBUG 33180 --- [           main] o.hibernate.internal.SessionFactoryImpl  : Instantiated SessionFactory
2023-09-26T00:31:53.201-05:00  INFO 33180 --- [           main] j.LocalContainerEntityManagerFactoryBean : Initialized JPA EntityManagerFactory for persistence unit 'default'
2023-09-26T00:31:53.203-05:00 DEBUG 33180 --- [           main] o.s.b.f.s.DefaultListableBeanFactory     : Creating shared instance of singleton bean 'demoApplication'
2023-09-26T00:31:53.206-05:00 DEBUG 33180 --- [           main] o.s.b.f.s.DefaultListableBeanFactory     : Creating shared instance of singleton bean 'citasController'
2023-09-26T00:31:53.212-05:00 DEBUG 33180 --- [           main] o.s.b.f.s.DefaultListableBeanFactory     : Creating shared instance of singleton bean 'citasRepositorio'
2023-09-26T00:31:53.220-05:00 DEBUG 33180 --- [           main] o.s.b.f.s.DefaultListableBeanFactory     : Creating shared instance of singleton bean 'jpa.named-queries#0'
2023-09-26T00:31:53.224-05:00 DEBUG 33180 --- [           main] o.s.b.f.s.DefaultListableBeanFactory     : Creating shared instance of singleton bean 'jpa.CitasRepositorio.fragments#0'
2023-09-26T00:31:53.228-05:00 DEBUG 33180 --- [           main] o.s.b.f.s.DefaultListableBeanFactory     : Creating shared instance of singleton bean 'jpaSharedEM_entityManagerFactory'
2023-09-26T00:31:53.260-05:00 DEBUG 33180 --- [           main] o.s.b.f.s.DefaultListableBeanFactory     : Creating shared instance of singleton bean 'jpaMappingContext'
2023-09-26T00:31:53.261-05:00 DEBUG 33180 --- [           main] .c.JpaMetamodelMappingContextFactoryBean : Initializing JpaMetamodelMappingContext…
2023-09-26T00:31:53.275-05:00 DEBUG 33180 --- [           main] .c.JpaMetamodelMappingContextFactoryBean : Finished initializing JpaMetamodelMappingContext
2023-09-26T00:31:53.303-05:00 DEBUG 33180 --- [           main] tor$SharedEntityManagerInvocationHandler : Creating new EntityManager for shared EntityManager invocation
2023-09-26T00:31:53.340-05:00 DEBUG 33180 --- [           main] o.h.stat.internal.StatisticsInitiator    : Statistics initialized [enabled=false]
2023-09-26T00:31:53.347-05:00 DEBUG 33180 --- [           main] tor$SharedEntityManagerInvocationHandler : Creating new EntityManager for shared EntityManager invocation
2023-09-26T00:31:53.416-05:00 DEBUG 33180 --- [           main] o.s.d.r.c.s.RepositoryFactorySupport     : Initializing repository instance for com.example.demo.repository.CitasRepositorio…
2023-09-26T00:31:53.451-05:00 DEBUG 33180 --- [           main] tor$SharedEntityManagerInvocationHandler : Creating new EntityManager for shared EntityManager invocation
2023-09-26T00:31:53.492-05:00 DEBUG 33180 --- [           main] o.s.d.r.c.s.RepositoryFactorySupport     : Finished creation of repository instance for com.example.demo.repository.CitasRepositorio.
2023-09-26T00:31:53.499-05:00 DEBUG 33180 --- [           main] o.s.b.f.s.DefaultListableBeanFactory     : Creating shared instance of singleton bean 'org.springframework.boot.autoconfigure.context.PropertyPlaceholderAutoConfiguration'
2023-09-26T00:31:53.500-05:00 DEBUG 33180 --- [           main] o.s.b.f.s.DefaultListableBeanFactory     : Creating shared instance of singleton bean 'org.springframework.boot.autoconfigure.ssl.SslAutoConfiguration'
2023-09-26T00:31:53.500-05:00 DEBUG 33180 --- [           main] o.s.b.f.s.DefaultListableBeanFactory     : Creating shared instance of singleton bean 'sslPropertiesSslBundleRegistrar'
2023-09-26T00:31:53.501-05:00 DEBUG 33180 --- [           main] o.s.b.f.s.DefaultListableBeanFactory     : Creating shared instance of singleton bean 'spring.ssl-org.springframework.boot.autoconfigure.ssl.SslProperties'
2023-09-26T00:31:53.502-05:00 DEBUG 33180 --- [           main] o.s.b.f.s.DefaultListableBeanFactory     : Autowiring by type from bean name 'sslPropertiesSslBundleRegistrar' via factory method to bean named 'spring.ssl-org.springframework.boot.autoconfigure.ssl.SslProperties'
2023-09-26T00:31:53.503-05:00 DEBUG 33180 --- [           main] o.s.b.f.s.DefaultListableBeanFactory     : Creating shared instance of singleton bean 'sslBundleRegistry'
2023-09-26T00:31:53.503-05:00 DEBUG 33180 --- [           main] o.s.b.f.s.DefaultListableBeanFactory     : Autowiring by type from bean name 'sslBundleRegistry' via factory method to bean named 'sslPropertiesSslBundleRegistrar'
2023-09-26T00:31:53.506-05:00 DEBUG 33180 --- [           main] o.s.b.f.s.DefaultListableBeanFactory     : Creating shared instance of singleton bean 'org.springframework.boot.context.properties.EnableConfigurationPropertiesRegistrar.methodValidationExcludeFilter'
2023-09-26T00:31:53.507-05:00 DEBUG 33180 --- [           main] o.s.b.f.s.DefaultListableBeanFactory     : Creating shared instance of singleton bean 'org.springframework.boot.autoconfigure.websocket.servlet.WebSocketServletAutoConfiguration$TomcatWebSocketConfiguration'
2023-09-26T00:31:53.508-05:00 DEBUG 33180 --- [           main] o.s.b.f.s.DefaultListableBeanFactory     : Creating shared instance of singleton bean 'websocketServletWebServerCustomizer'
2023-09-26T00:31:53.510-05:00 DEBUG 33180 --- [           main] o.s.b.f.s.DefaultListableBeanFactory     : Creating shared instance of singleton bean 'org.springframework.boot.autoconfigure.websocket.servlet.WebSocketServletAutoConfiguration'
2023-09-26T00:31:53.510-05:00 DEBUG 33180 --- [           main] o.s.b.f.s.DefaultListableBeanFactory     : Creating shared instance of singleton bean 'org.springframework.boot.autoconfigure.web.servlet.ServletWebServerFactoryConfiguration$EmbeddedTomcat'
2023-09-26T00:31:53.510-05:00 DEBUG 33180 --- [           main] o.s.b.f.s.DefaultListableBeanFactory     : Creating shared instance of singleton bean 'tomcatServletWebServerFactory'
2023-09-26T00:31:53.531-05:00 DEBUG 33180 --- [           main] o.a.catalina.core.AprLifecycleListener   : The Apache Tomcat Native library could not be found using names [tcnative-2, libtcnative-2, tcnative-1, libtcnative-1] on the java.library.path [C:\Program Files\Eclipse Adoptium\jdk-17.0.8.101-hotspot\bin;C:\Windows\Sun\Java\bin;C:\Windows\system32;C:\Windows;C:\Program Files\Eclipse Adoptium\jdk-17.0.8.101-hotspot\bin;C:\Windows\system32;C:\Windows;C:\Windows\System32\Wbem;C:\Windows\System32\WindowsPowerShell\v1.0\;C:\Windows\System32\OpenSSH\;C:\Program Files\dotnet\;C:\Program Files (x86)\NVIDIA Corporation\PhysX\Common;C:\Program Files\Git\cmd;C:\Program Files\PowerShell\7\;C:\Program Files\PuTTY\;C:\Program Files\nodejs\;C:\Users\cgn_n\AppData\Local\Microsoft\WindowsApps;C:\Users\cgn_n\AppData\Local\GitHubDesktop\bin;C:\Users\cgn_n\AppData\Local\Programs\Microsoft VS Code\bin;C:\Users\cgn_n\AppData\Roaming\npm;C:\Program Files\apache-maven-3.9.4\bin;;.]. The errors reported were [Can't load library: C:\Users\cgn_n\Downloads\citasMedicas3\demo\bin\tcnative-2.dll, Can't load library: C:\Users\cgn_n\Downloads\citasMedicas3\demo\bin\libtcnative-2.dll, Can't load library: C:\Users\cgn_n\Downloads\citasMedicas3\demo\bin\tcnative-1.dll, Can't load library: C:\Users\cgn_n\Downloads\citasMedicas3\demo\bin\libtcnative-1.dll, no tcnative-2 in java.library.path: C:\Program Files\Eclipse Adoptium\jdk-17.0.8.101-hotspot\bin;C:\Windows\Sun\Java\bin;C:\Windows\system32;C:\Windows;C:\Program Files\Eclipse Adoptium\jdk-17.0.8.101-hotspot\bin;C:\Windows\system32;C:\Windows;C:\Windows\System32\Wbem;C:\Windows\System32\WindowsPowerShell\v1.0\;C:\Windows\System32\OpenSSH\;C:\Program Files\dotnet\;C:\Program Files (x86)\NVIDIA Corporation\PhysX\Common;C:\Program Files\Git\cmd;C:\Program Files\PowerShell\7\;C:\Program Files\PuTTY\;C:\Program Files\nodejs\;C:\Users\cgn_n\AppData\Local\Microsoft\WindowsApps;C:\Users\cgn_n\AppData\Local\GitHubDesktop\bin;C:\Users\cgn_n\AppData\Local\Programs\Microsoft VS Code\bin;C:\Users\cgn_n\AppData\Roaming\npm;C:\Program Files\apache-maven-3.9.4\bin;;., no libtcnative-2 in java.library.path: C:\Program Files\Eclipse Adoptium\jdk-17.0.8.101-hotspot\bin;C:\Windows\Sun\Java\bin;C:\Windows\system32;C:\Windows;C:\Program Files\Eclipse Adoptium\jdk-17.0.8.101-hotspot\bin;C:\Windows\system32;C:\Windows;C:\Windows\System32\Wbem;C:\Windows\System32\WindowsPowerShell\v1.0\;C:\Windows\System32\OpenSSH\;C:\Program Files\dotnet\;C:\Program Files (x86)\NVIDIA Corporation\PhysX\Common;C:\Program Files\Git\cmd;C:\Program Files\PowerShell\7\;C:\Program Files\PuTTY\;C:\Program Files\nodejs\;C:\Users\cgn_n\AppData\Local\Microsoft\WindowsApps;C:\Users\cgn_n\AppData\Local\GitHubDesktop\bin;C:\Users\cgn_n\AppData\Local\Programs\Microsoft VS Code\bin;C:\Users\cgn_n\AppData\Roaming\npm;C:\Program Files\apache-maven-3.9.4\bin;;., no tcnative-1 in java.library.path: C:\Program Files\Eclipse Adoptium\jdk-17.0.8.101-hotspot\bin;C:\Windows\Sun\Java\bin;C:\Windows\system32;C:\Windows;C:\Program Files\Eclipse Adoptium\jdk-17.0.8.101-hotspot\bin;C:\Windows\system32;C:\Windows;C:\Windows\System32\Wbem;C:\Windows\System32\WindowsPowerShell\v1.0\;C:\Windows\System32\OpenSSH\;C:\Program Files\dotnet\;C:\Program Files (x86)\NVIDIA Corporation\PhysX\Common;C:\Program Files\Git\cmd;C:\Program Files\PowerShell\7\;C:\Program Files\PuTTY\;C:\Program Files\nodejs\;C:\Users\cgn_n\AppData\Local\Microsoft\WindowsApps;C:\Users\cgn_n\AppData\Local\GitHubDesktop\bin;C:\Users\cgn_n\AppData\Local\Programs\Microsoft VS Code\bin;C:\Users\cgn_n\AppData\Roaming\npm;C:\Program Files\apache-maven-3.9.4\bin;;., no libtcnative-1 in java.library.path: C:\Program Files\Eclipse Adoptium\jdk-17.0.8.101-hotspot\bin;C:\Windows\Sun\Java\bin;C:\Windows\system32;C:\Windows;C:\Program Files\Eclipse Adoptium\jdk-17.0.8.101-hotspot\bin;C:\Windows\system32;C:\Windows;C:\Windows\System32\Wbem;C:\Windows\System32\WindowsPowerShell\v1.0\;C:\Windows\System32\OpenSSH\;C:\Program Files\dotnet\;C:\Program Files (x86)\NVIDIA Corporation\PhysX\Common;C:\Program Files\Git\cmd;C:\Program Files\PowerShell\7\;C:\Program Files\PuTTY\;C:\Program Files\nodejs\;C:\Users\cgn_n\AppData\Local\Microsoft\WindowsApps;C:\Users\cgn_n\AppData\Local\GitHubDesktop\bin;C:\Users\cgn_n\AppData\Local\Programs\Microsoft VS Code\bin;C:\Users\cgn_n\AppData\Roaming\npm;C:\Program Files\apache-maven-3.9.4\bin;;.]

org.apache.tomcat.jni.LibraryNotFoundError: Can't load library: C:\Users\cgn_n\Downloads\citasMedicas3\demo\bin\tcnative-2.dll, Can't load library: C:\Users\cgn_n\Downloads\citasMedicas3\demo\bin\libtcnative-2.dll, Can't load library: C:\Users\cgn_n\Downloads\citasMedicas3\demo\bin\tcnative-1.dll, Can't load library: C:\Users\cgn_n\Downloads\citasMedicas3\demo\bin\libtcnative-1.dll, no tcnative-2 in java.library.path: C:\Program Files\Eclipse Adoptium\jdk-17.0.8.101-hotspot\bin;C:\Windows\Sun\Java\bin;C:\Windows\system32;C:\Windows;C:\Program Files\Eclipse Adoptium\jdk-17.0.8.101-hotspot\bin;C:\Windows\system32;C:\Windows;C:\Windows\System32\Wbem;C:\Windows\System32\WindowsPowerShell\v1.0\;C:\Windows\System32\OpenSSH\;C:\Program Files\dotnet\;C:\Program Files (x86)\NVIDIA Corporation\PhysX\Common;C:\Program Files\Git\cmd;C:\Program Files\PowerShell\7\;C:\Program Files\PuTTY\;C:\Program Files\nodejs\;C:\Users\cgn_n\AppData\Local\Microsoft\WindowsApps;C:\Users\cgn_n\AppData\Local\GitHubDesktop\bin;C:\Users\cgn_n\AppData\Local\Programs\Microsoft VS Code\bin;C:\Users\cgn_n\AppData\Roaming\npm;C:\Program Files\apache-maven-3.9.4\bin;;., no libtcnative-2 in java.library.path: C:\Program Files\Eclipse Adoptium\jdk-17.0.8.101-hotspot\bin;C:\Windows\Sun\Java\bin;C:\Windows\system32;C:\Windows;C:\Program Files\Eclipse Adoptium\jdk-17.0.8.101-hotspot\bin;C:\Windows\system32;C:\Windows;C:\Windows\System32\Wbem;C:\Windows\System32\WindowsPowerShell\v1.0\;C:\Windows\System32\OpenSSH\;C:\Program Files\dotnet\;C:\Program Files (x86)\NVIDIA Corporation\PhysX\Common;C:\Program Files\Git\cmd;C:\Program Files\PowerShell\7\;C:\Program Files\PuTTY\;C:\Program Files\nodejs\;C:\Users\cgn_n\AppData\Local\Microsoft\WindowsApps;C:\Users\cgn_n\AppData\Local\GitHubDesktop\bin;C:\Users\cgn_n\AppData\Local\Programs\Microsoft VS Code\bin;C:\Users\cgn_n\AppData\Roaming\npm;C:\Program Files\apache-maven-3.9.4\bin;;., no tcnative-1 in java.library.path: C:\Program Files\Eclipse Adoptium\jdk-17.0.8.101-hotspot\bin;C:\Windows\Sun\Java\bin;C:\Windows\system32;C:\Windows;C:\Program Files\Eclipse Adoptium\jdk-17.0.8.101-hotspot\bin;C:\Windows\system32;C:\Windows;C:\Windows\System32\Wbem;C:\Windows\System32\WindowsPowerShell\v1.0\;C:\Windows\System32\OpenSSH\;C:\Program Files\dotnet\;C:\Program Files (x86)\NVIDIA Corporation\PhysX\Common;C:\Program Files\Git\cmd;C:\Program Files\PowerShell\7\;C:\Program Files\PuTTY\;C:\Program Files\nodejs\;C:\Users\cgn_n\AppData\Local\Microsoft\WindowsApps;C:\Users\cgn_n\AppData\Local\GitHubDesktop\bin;C:\Users\cgn_n\AppData\Local\Programs\Microsoft VS Code\bin;C:\Users\cgn_n\AppData\Roaming\npm;C:\Program Files\apache-maven-3.9.4\bin;;., no libtcnative-1 in java.library.path: C:\Program Files\Eclipse Adoptium\jdk-17.0.8.101-hotspot\bin;C:\Windows\Sun\Java\bin;C:\Windows\system32;C:\Windows;C:\Program Files\Eclipse Adoptium\jdk-17.0.8.101-hotspot\bin;C:\Windows\system32;C:\Windows;C:\Windows\System32\Wbem;C:\Windows\System32\WindowsPowerShell\v1.0\;C:\Windows\System32\OpenSSH\;C:\Program Files\dotnet\;C:\Program Files (x86)\NVIDIA Corporation\PhysX\Common;C:\Program Files\Git\cmd;C:\Program Files\PowerShell\7\;C:\Program Files\PuTTY\;C:\Program Files\nodejs\;C:\Users\cgn_n\AppData\Local\Microsoft\WindowsApps;C:\Users\cgn_n\AppData\Local\GitHubDesktop\bin;C:\Users\cgn_n\AppData\Local\Programs\Microsoft VS Code\bin;C:\Users\cgn_n\AppData\Roaming\npm;C:\Program Files\apache-maven-3.9.4\bin;;.
	at org.apache.tomcat.jni.Library.<init>(Library.java:91) ~[tomcat-embed-core-10.1.13.jar:10.1.13]
	at org.apache.tomcat.jni.Library.initialize(Library.java:146) ~[tomcat-embed-core-10.1.13.jar:10.1.13]
	at org.apache.catalina.core.AprLifecycleListener.init(AprLifecycleListener.java:193) ~[tomcat-embed-core-10.1.13.jar:10.1.13]
	at org.apache.catalina.core.AprLifecycleListener.isAprAvailable(AprLifecycleListener.java:107) ~[tomcat-embed-core-10.1.13.jar:10.1.13]
	at org.springframework.boot.web.embedded.tomcat.TomcatServletWebServerFactory.getDefaultServerLifecycleListeners(TomcatServletWebServerFactory.java:182) ~[spring-boot-3.1.4.jar:3.1.4]
	at org.springframework.boot.web.embedded.tomcat.TomcatServletWebServerFactory.<init>(TomcatServletWebServerFactory.java:129) ~[spring-boot-3.1.4.jar:3.1.4]
	at org.springframework.boot.autoconfigure.web.servlet.ServletWebServerFactoryConfiguration$EmbeddedTomcat.tomcatServletWebServerFactory(ServletWebServerFactoryConfiguration.java:73) ~[spring-boot-autoconfigure-3.1.4.jar:3.1.4]
	at java.base/jdk.internal.reflect.NativeMethodAccessorImpl.invoke0(Native Method) ~[na:na]
	at java.base/jdk.internal.reflect.NativeMethodAccessorImpl.invoke(NativeMethodAccessorImpl.java:77) ~[na:na]
	at java.base/jdk.internal.reflect.DelegatingMethodAccessorImpl.invoke(DelegatingMethodAccessorImpl.java:43) ~[na:na]
	at java.base/java.lang.reflect.Method.invoke(Method.java:568) ~[na:na]
	at org.springframework.beans.factory.support.SimpleInstantiationStrategy.instantiate(SimpleInstantiationStrategy.java:139) ~[spring-beans-6.0.12.jar:6.0.12]
	at org.springframework.beans.factory.support.ConstructorResolver.instantiate(ConstructorResolver.java:650) ~[spring-beans-6.0.12.jar:6.0.12]
	at org.springframework.beans.factory.support.ConstructorResolver.instantiateUsingFactoryMethod(ConstructorResolver.java:642) ~[spring-beans-6.0.12.jar:6.0.12]
	at org.springframework.beans.factory.support.AbstractAutowireCapableBeanFactory.instantiateUsingFactoryMethod(AbstractAutowireCapableBeanFactory.java:1332) ~[spring-beans-6.0.12.jar:6.0.12]
	at org.springframework.beans.factory.support.AbstractAutowireCapableBeanFactory.createBeanInstance(AbstractAutowireCapableBeanFactory.java:1162) ~[spring-beans-6.0.12.jar:6.0.12]
	at org.springframework.beans.factory.support.AbstractAutowireCapableBeanFactory.doCreateBean(AbstractAutowireCapableBeanFactory.java:560) ~[spring-beans-6.0.12.jar:6.0.12]
	at org.springframework.beans.factory.support.AbstractAutowireCapableBeanFactory.createBean(AbstractAutowireCapableBeanFactory.java:520) ~[spring-beans-6.0.12.jar:6.0.12]
	at org.springframework.beans.factory.support.AbstractBeanFactory.lambda$doGetBean$0(AbstractBeanFactory.java:325) ~[spring-beans-6.0.12.jar:6.0.12]
	at org.springframework.beans.factory.support.DefaultSingletonBeanRegistry.getSingleton(DefaultSingletonBeanRegistry.java:234) ~[spring-beans-6.0.12.jar:6.0.12]
	at org.springframework.beans.factory.support.AbstractBeanFactory.doGetBean(AbstractBeanFactory.java:323) ~[spring-beans-6.0.12.jar:6.0.12]
	at org.springframework.beans.factory.support.AbstractBeanFactory.getBean(AbstractBeanFactory.java:199) ~[spring-beans-6.0.12.jar:6.0.12]
	at org.springframework.beans.factory.support.DefaultListableBeanFactory.preInstantiateSingletons(DefaultListableBeanFactory.java:973) ~[spring-beans-6.0.12.jar:6.0.12]
	at org.springframework.context.support.AbstractApplicationContext.finishBeanFactoryInitialization(AbstractApplicationContext.java:942) ~[spring-context-6.0.12.jar:6.0.12]
	at org.springframework.context.support.AbstractApplicationContext.refresh(AbstractApplicationContext.java:608) ~[spring-context-6.0.12.jar:6.0.12]
	at org.springframework.boot.SpringApplication.refresh(SpringApplication.java:737) ~[spring-boot-3.1.4.jar:3.1.4]
	at org.springframework.boot.SpringApplication.refreshContext(SpringApplication.java:439) ~[spring-boot-3.1.4.jar:3.1.4]
	at org.springframework.boot.SpringApplication.run(SpringApplication.java:315) ~[spring-boot-3.1.4.jar:3.1.4]
	at org.springframework.boot.test.context.SpringBootContextLoader.lambda$loadContext$3(SpringBootContextLoader.java:137) ~[spring-boot-test-3.1.4.jar:3.1.4]
	at org.springframework.util.function.ThrowingSupplier.get(ThrowingSupplier.java:58) ~[spring-core-6.0.12.jar:6.0.12]
	at org.springframework.util.function.ThrowingSupplier.get(ThrowingSupplier.java:46) ~[spring-core-6.0.12.jar:6.0.12]
	at org.springframework.boot.SpringApplication.withHook(SpringApplication.java:1409) ~[spring-boot-3.1.4.jar:3.1.4]
	at org.springframework.boot.test.context.SpringBootContextLoader$ContextLoaderHook.run(SpringBootContextLoader.java:545) ~[spring-boot-test-3.1.4.jar:3.1.4]
	at org.springframework.boot.test.context.SpringBootContextLoader.loadContext(SpringBootContextLoader.java:137) ~[spring-boot-test-3.1.4.jar:3.1.4]
	at org.springframework.boot.test.context.SpringBootContextLoader.loadContext(SpringBootContextLoader.java:108) ~[spring-boot-test-3.1.4.jar:3.1.4]
	at org.springframework.test.context.cache.DefaultCacheAwareContextLoaderDelegate.loadContextInternal(DefaultCacheAwareContextLoaderDelegate.java:187) ~[spring-test-6.0.12.jar:6.0.12]
	at org.springframework.test.context.cache.DefaultCacheAwareContextLoaderDelegate.loadContext(DefaultCacheAwareContextLoaderDelegate.java:119) ~[spring-test-6.0.12.jar:6.0.12]
	at org.springframework.test.context.support.DefaultTestContext.getApplicationContext(DefaultTestContext.java:127) ~[spring-test-6.0.12.jar:6.0.12]
	at org.springframework.test.context.web.ServletTestExecutionListener.setUpRequestContextIfNecessary(ServletTestExecutionListener.java:191) ~[spring-test-6.0.12.jar:6.0.12]
	at org.springframework.test.context.web.ServletTestExecutionListener.prepareTestInstance(ServletTestExecutionListener.java:130) ~[spring-test-6.0.12.jar:6.0.12]
	at org.springframework.test.context.TestContextManager.prepareTestInstance(TestContextManager.java:241) ~[spring-test-6.0.12.jar:6.0.12]
	at org.springframework.test.context.junit.jupiter.SpringExtension.postProcessTestInstance(SpringExtension.java:138) ~[spring-test-6.0.12.jar:6.0.12]
	at org.junit.jupiter.engine.descriptor.ClassBasedTestDescriptor.lambda$invokeTestInstancePostProcessors$10(ClassBasedTestDescriptor.java:377) ~[junit-jupiter-engine-5.9.3.jar:5.9.3]
	at org.junit.jupiter.engine.descriptor.ClassBasedTestDescriptor.executeAndMaskThrowable(ClassBasedTestDescriptor.java:382) ~[junit-jupiter-engine-5.9.3.jar:5.9.3]
	at org.junit.jupiter.engine.descriptor.ClassBasedTestDescriptor.lambda$invokeTestInstancePostProcessors$11(ClassBasedTestDescriptor.java:377) ~[junit-jupiter-engine-5.9.3.jar:5.9.3]
	at java.base/java.util.stream.ReferencePipeline$3$1.accept(ReferencePipeline.java:197) ~[na:na]
	at java.base/java.util.stream.ReferencePipeline$2$1.accept(ReferencePipeline.java:179) ~[na:na]
	at java.base/java.util.ArrayList$ArrayListSpliterator.forEachRemaining(ArrayList.java:1625) ~[na:na]
	at java.base/java.util.stream.AbstractPipeline.copyInto(AbstractPipeline.java:509) ~[na:na]
	at java.base/java.util.stream.AbstractPipeline.wrapAndCopyInto(AbstractPipeline.java:499) ~[na:na]
	at java.base/java.util.stream.StreamSpliterators$WrappingSpliterator.forEachRemaining(StreamSpliterators.java:310) ~[na:na]
	at java.base/java.util.stream.Streams$ConcatSpliterator.forEachRemaining(Streams.java:735) ~[na:na]
	at java.base/java.util.stream.Streams$ConcatSpliterator.forEachRemaining(Streams.java:734) ~[na:na]
	at java.base/java.util.stream.ReferencePipeline$Head.forEach(ReferencePipeline.java:762) ~[na:na]
	at org.junit.jupiter.engine.descriptor.ClassBasedTestDescriptor.invokeTestInstancePostProcessors(ClassBasedTestDescriptor.java:376) ~[junit-jupiter-engine-5.9.3.jar:5.9.3]
	at org.junit.jupiter.engine.descriptor.ClassBasedTestDescriptor.lambda$instantiateAndPostProcessTestInstance$6(ClassBasedTestDescriptor.java:289) ~[junit-jupiter-engine-5.9.3.jar:5.9.3]
	at org.junit.platform.engine.support.hierarchical.ThrowableCollector.execute(ThrowableCollector.java:73) ~[junit-platform-engine-1.9.3.jar:1.9.3]
	at org.junit.jupiter.engine.descriptor.ClassBasedTestDescriptor.instantiateAndPostProcessTestInstance(ClassBasedTestDescriptor.java:288) ~[junit-jupiter-engine-5.9.3.jar:5.9.3]
	at org.junit.jupiter.engine.descriptor.ClassBasedTestDescriptor.lambda$testInstancesProvider$4(ClassBasedTestDescriptor.java:278) ~[junit-jupiter-engine-5.9.3.jar:5.9.3]
	at java.base/java.util.Optional.orElseGet(Optional.java:364) ~[na:na]
	at org.junit.jupiter.engine.descriptor.ClassBasedTestDescriptor.lambda$testInstancesProvider$5(ClassBasedTestDescriptor.java:277) ~[junit-jupiter-engine-5.9.3.jar:5.9.3]
	at org.junit.jupiter.engine.execution.TestInstancesProvider.getTestInstances(TestInstancesProvider.java:31) ~[junit-jupiter-engine-5.9.3.jar:5.9.3]
	at org.junit.jupiter.engine.descriptor.TestMethodTestDescriptor.lambda$prepare$0(TestMethodTestDescriptor.java:105) ~[junit-jupiter-engine-5.9.3.jar:5.9.3]
	at org.junit.platform.engine.support.hierarchical.ThrowableCollector.execute(ThrowableCollector.java:73) ~[junit-platform-engine-1.9.3.jar:1.9.3]
	at org.junit.jupiter.engine.descriptor.TestMethodTestDescriptor.prepare(TestMethodTestDescriptor.java:104) ~[junit-jupiter-engine-5.9.3.jar:5.9.3]
	at org.junit.jupiter.engine.descriptor.TestMethodTestDescriptor.prepare(TestMethodTestDescriptor.java:68) ~[junit-jupiter-engine-5.9.3.jar:5.9.3]
	at org.junit.platform.engine.support.hierarchical.NodeTestTask.lambda$prepare$2(NodeTestTask.java:123) ~[junit-platform-engine-1.9.3.jar:1.9.3]
	at org.junit.platform.engine.support.hierarchical.ThrowableCollector.execute(ThrowableCollector.java:73) ~[junit-platform-engine-1.9.3.jar:1.9.3]
	at org.junit.platform.engine.support.hierarchical.NodeTestTask.prepare(NodeTestTask.java:123) ~[junit-platform-engine-1.9.3.jar:1.9.3]
	at org.junit.platform.engine.support.hierarchical.NodeTestTask.execute(NodeTestTask.java:90) ~[junit-platform-engine-1.9.3.jar:1.9.3]
	at java.base/java.util.ArrayList.forEach(ArrayList.java:1511) ~[na:na]
	at org.junit.platform.engine.support.hierarchical.SameThreadHierarchicalTestExecutorService.invokeAll(SameThreadHierarchicalTestExecutorService.java:41) ~[junit-platform-engine-1.9.3.jar:1.9.3]
	at org.junit.platform.engine.support.hierarchical.NodeTestTask.lambda$executeRecursively$6(NodeTestTask.java:155) ~[junit-platform-engine-1.9.3.jar:1.9.3]
	at org.junit.platform.engine.support.hierarchical.ThrowableCollector.execute(ThrowableCollector.java:73) ~[junit-platform-engine-1.9.3.jar:1.9.3]
	at org.junit.platform.engine.support.hierarchical.NodeTestTask.lambda$executeRecursively$8(NodeTestTask.java:141) ~[junit-platform-engine-1.9.3.jar:1.9.3]
	at org.junit.platform.engine.support.hierarchical.Node.around(Node.java:137) ~[junit-platform-engine-1.9.3.jar:1.9.3]
	at org.junit.platform.engine.support.hierarchical.NodeTestTask.lambda$executeRecursively$9(NodeTestTask.java:139) ~[junit-platform-engine-1.9.3.jar:1.9.3]
	at org.junit.platform.engine.support.hierarchical.ThrowableCollector.execute(ThrowableCollector.java:73) ~[junit-platform-engine-1.9.3.jar:1.9.3]
	at org.junit.platform.engine.support.hierarchical.NodeTestTask.executeRecursively(NodeTestTask.java:138) ~[junit-platform-engine-1.9.3.jar:1.9.3]
	at org.junit.platform.engine.support.hierarchical.NodeTestTask.execute(NodeTestTask.java:95) ~[junit-platform-engine-1.9.3.jar:1.9.3]
	at java.base/java.util.ArrayList.forEach(ArrayList.java:1511) ~[na:na]
	at org.junit.platform.engine.support.hierarchical.SameThreadHierarchicalTestExecutorService.invokeAll(SameThreadHierarchicalTestExecutorService.java:41) ~[junit-platform-engine-1.9.3.jar:1.9.3]
	at org.junit.platform.engine.support.hierarchical.NodeTestTask.lambda$executeRecursively$6(NodeTestTask.java:155) ~[junit-platform-engine-1.9.3.jar:1.9.3]
	at org.junit.platform.engine.support.hierarchical.ThrowableCollector.execute(ThrowableCollector.java:73) ~[junit-platform-engine-1.9.3.jar:1.9.3]
	at org.junit.platform.engine.support.hierarchical.NodeTestTask.lambda$executeRecursively$8(NodeTestTask.java:141) ~[junit-platform-engine-1.9.3.jar:1.9.3]
	at org.junit.platform.engine.support.hierarchical.Node.around(Node.java:137) ~[junit-platform-engine-1.9.3.jar:1.9.3]
	at org.junit.platform.engine.support.hierarchical.NodeTestTask.lambda$executeRecursively$9(NodeTestTask.java:139) ~[junit-platform-engine-1.9.3.jar:1.9.3]
	at org.junit.platform.engine.support.hierarchical.ThrowableCollector.execute(ThrowableCollector.java:73) ~[junit-platform-engine-1.9.3.jar:1.9.3]
	at org.junit.platform.engine.support.hierarchical.NodeTestTask.executeRecursively(NodeTestTask.java:138) ~[junit-platform-engine-1.9.3.jar:1.9.3]
	at org.junit.platform.engine.support.hierarchical.NodeTestTask.execute(NodeTestTask.java:95) ~[junit-platform-engine-1.9.3.jar:1.9.3]
	at org.junit.platform.engine.support.hierarchical.SameThreadHierarchicalTestExecutorService.submit(SameThreadHierarchicalTestExecutorService.java:35) ~[junit-platform-engine-1.9.3.jar:1.9.3]
	at org.junit.platform.engine.support.hierarchical.HierarchicalTestExecutor.execute(HierarchicalTestExecutor.java:57) ~[junit-platform-engine-1.9.3.jar:1.9.3]
	at org.junit.platform.engine.support.hierarchical.HierarchicalTestEngine.execute(HierarchicalTestEngine.java:54) ~[junit-platform-engine-1.9.3.jar:1.9.3]
	at org.junit.platform.launcher.core.EngineExecutionOrchestrator.execute(EngineExecutionOrchestrator.java:147) ~[junit-platform-launcher-1.9.3.jar:1.9.3]
	at org.junit.platform.launcher.core.EngineExecutionOrchestrator.execute(EngineExecutionOrchestrator.java:127) ~[junit-platform-launcher-1.9.3.jar:1.9.3]
	at org.junit.platform.launcher.core.EngineExecutionOrchestrator.execute(EngineExecutionOrchestrator.java:90) ~[junit-platform-launcher-1.9.3.jar:1.9.3]
	at org.junit.platform.launcher.core.EngineExecutionOrchestrator.lambda$execute$0(EngineExecutionOrchestrator.java:55) ~[junit-platform-launcher-1.9.3.jar:1.9.3]
	at org.junit.platform.launcher.core.EngineExecutionOrchestrator.withInterceptedStreams(EngineExecutionOrchestrator.java:102) ~[junit-platform-launcher-1.9.3.jar:1.9.3]
	at org.junit.platform.launcher.core.EngineExecutionOrchestrator.execute(EngineExecutionOrchestrator.java:54) ~[junit-platform-launcher-1.9.3.jar:1.9.3]
	at org.junit.platform.launcher.core.DefaultLauncher.execute(DefaultLauncher.java:114) ~[junit-platform-launcher-1.9.3.jar:1.9.3]
	at org.junit.platform.launcher.core.DefaultLauncher.execute(DefaultLauncher.java:86) ~[junit-platform-launcher-1.9.3.jar:1.9.3]
	at org.junit.platform.launcher.core.DefaultLauncherSession$DelegatingLauncher.execute(DefaultLauncherSession.java:86) ~[junit-platform-launcher-1.9.3.jar:1.9.3]
	at org.apache.maven.surefire.junitplatform.LazyLauncher.execute(LazyLauncher.java:50) ~[surefire-junit-platform-3.0.0.jar:3.0.0]
	at org.apache.maven.surefire.junitplatform.JUnitPlatformProvider.execute(JUnitPlatformProvider.java:184) ~[surefire-junit-platform-3.0.0.jar:3.0.0]
	at org.apache.maven.surefire.junitplatform.JUnitPlatformProvider.invokeAllTests(JUnitPlatformProvider.java:148) ~[surefire-junit-platform-3.0.0.jar:3.0.0]
	at org.apache.maven.surefire.junitplatform.JUnitPlatformProvider.invoke(JUnitPlatformProvider.java:122) ~[surefire-junit-platform-3.0.0.jar:3.0.0]
	at org.apache.maven.surefire.booter.ForkedBooter.runSuitesInProcess(ForkedBooter.java:385) ~[surefire-booter-3.0.0.jar:3.0.0]
	at org.apache.maven.surefire.booter.ForkedBooter.execute(ForkedBooter.java:162) ~[surefire-booter-3.0.0.jar:3.0.0]
	at org.apache.maven.surefire.booter.ForkedBooter.run(ForkedBooter.java:507) ~[surefire-booter-3.0.0.jar:3.0.0]
	at org.apache.maven.surefire.booter.ForkedBooter.main(ForkedBooter.java:495) ~[surefire-booter-3.0.0.jar:3.0.0]

2023-09-26T00:31:53.559-05:00 DEBUG 33180 --- [           main] o.s.b.f.s.DefaultListableBeanFactory     : Creating shared instance of singleton bean 'servletWebServerFactoryCustomizer'
2023-09-26T00:31:53.559-05:00 DEBUG 33180 --- [           main] o.s.b.f.s.DefaultListableBeanFactory     : Creating shared instance of singleton bean 'org.springframework.boot.autoconfigure.web.servlet.ServletWebServerFactoryAutoConfiguration'
2023-09-26T00:31:53.560-05:00 DEBUG 33180 --- [           main] o.s.b.f.s.DefaultListableBeanFactory     : Creating shared instance of singleton bean 'server-org.springframework.boot.autoconfigure.web.ServerProperties'
2023-09-26T00:31:53.573-05:00 DEBUG 33180 --- [           main] o.s.b.f.s.DefaultListableBeanFactory     : Autowiring by type from bean name 'servletWebServerFactoryCustomizer' via factory method to bean named 'server-org.springframework.boot.autoconfigure.web.ServerProperties'
2023-09-26T00:31:53.576-05:00 DEBUG 33180 --- [           main] o.s.b.f.s.DefaultListableBeanFactory     : Creating shared instance of singleton bean 'tomcatServletWebServerFactoryCustomizer'
2023-09-26T00:31:53.576-05:00 DEBUG 33180 --- [           main] o.s.b.f.s.DefaultListableBeanFactory     : Autowiring by type from bean name 'tomcatServletWebServerFactoryCustomizer' via factory method to bean named 'server-org.springframework.boot.autoconfigure.web.ServerProperties'
2023-09-26T00:31:53.576-05:00 DEBUG 33180 --- [           main] o.s.b.f.s.DefaultListableBeanFactory     : Creating shared instance of singleton bean 'localeCharsetMappingsCustomizer'
2023-09-26T00:31:53.577-05:00 DEBUG 33180 --- [           main] o.s.b.f.s.DefaultListableBeanFactory     : Creating shared instance of singleton bean 'org.springframework.boot.autoconfigure.web.servlet.HttpEncodingAutoConfiguration'
2023-09-26T00:31:53.577-05:00 DEBUG 33180 --- [           main] o.s.b.f.s.DefaultListableBeanFactory     : Autowiring by type from bean name 'org.springframework.boot.autoconfigure.web.servlet.HttpEncodingAutoConfiguration' via constructor to bean named 'server-org.springframework.boot.autoconfigure.web.ServerProperties'
2023-09-26T00:31:53.589-05:00 DEBUG 33180 --- [           main] o.s.b.f.s.DefaultListableBeanFactory     : Creating shared instance of singleton bean 'errorPageCustomizer'
2023-09-26T00:31:53.589-05:00 DEBUG 33180 --- [           main] o.s.b.f.s.DefaultListableBeanFactory     : Creating shared instance of singleton bean 'org.springframework.boot.autoconfigure.web.servlet.error.ErrorMvcAutoConfiguration'
2023-09-26T00:31:53.589-05:00 DEBUG 33180 --- [           main] o.s.b.f.s.DefaultListableBeanFactory     : Autowiring by type from bean name 'org.springframework.boot.autoconfigure.web.servlet.error.ErrorMvcAutoConfiguration' via constructor to bean named 'server-org.springframework.boot.autoconfigure.web.ServerProperties'
2023-09-26T00:31:53.590-05:00 DEBUG 33180 --- [           main] o.s.b.f.s.DefaultListableBeanFactory     : Creating shared instance of singleton bean 'dispatcherServletRegistration'
2023-09-26T00:31:53.590-05:00 DEBUG 33180 --- [           main] o.s.b.f.s.DefaultListableBeanFactory     : Creating shared instance of singleton bean 'org.springframework.boot.autoconfigure.web.servlet.DispatcherServletAutoConfiguration$DispatcherServletRegistrationConfiguration'
2023-09-26T00:31:53.591-05:00 DEBUG 33180 --- [           main] o.s.b.f.s.DefaultListableBeanFactory     : Creating shared instance of singleton bean 'dispatcherServlet'
2023-09-26T00:31:53.591-05:00 DEBUG 33180 --- [           main] o.s.b.f.s.DefaultListableBeanFactory     : Creating shared instance of singleton bean 'org.springframework.boot.autoconfigure.web.servlet.DispatcherServletAutoConfiguration$DispatcherServletConfiguration'
2023-09-26T00:31:53.591-05:00 DEBUG 33180 --- [           main] o.s.b.f.s.DefaultListableBeanFactory     : Creating shared instance of singleton bean 'spring.mvc-org.springframework.boot.autoconfigure.web.servlet.WebMvcProperties'
2023-09-26T00:31:53.595-05:00 DEBUG 33180 --- [           main] o.s.b.f.s.DefaultListableBeanFactory     : Autowiring by type from bean name 'dispatcherServlet' via factory method to bean named 'spring.mvc-org.springframework.boot.autoconfigure.web.servlet.WebMvcProperties'
2023-09-26T00:31:53.619-05:00 DEBUG 33180 --- [           main] o.s.b.f.s.DefaultListableBeanFactory     : Autowiring by type from bean name 'dispatcherServletRegistration' via factory method to bean named 'dispatcherServlet'
2023-09-26T00:31:53.619-05:00 DEBUG 33180 --- [           main] o.s.b.f.s.DefaultListableBeanFactory     : Autowiring by type from bean name 'dispatcherServletRegistration' via factory method to bean named 'spring.mvc-org.springframework.boot.autoconfigure.web.servlet.WebMvcProperties'
2023-09-26T00:31:53.621-05:00 DEBUG 33180 --- [           main] o.s.b.f.s.DefaultListableBeanFactory     : Creating shared instance of singleton bean 'multipartConfigElement'
2023-09-26T00:31:53.621-05:00 DEBUG 33180 --- [           main] o.s.b.f.s.DefaultListableBeanFactory     : Creating shared instance of singleton bean 'org.springframework.boot.autoconfigure.web.servlet.MultipartAutoConfiguration'
2023-09-26T00:31:53.622-05:00 DEBUG 33180 --- [           main] o.s.b.f.s.DefaultListableBeanFactory     : Creating shared instance of singleton bean 'spring.servlet.multipart-org.springframework.boot.autoconfigure.web.servlet.MultipartProperties'
2023-09-26T00:31:53.627-05:00 DEBUG 33180 --- [           main] o.s.b.f.s.DefaultListableBeanFactory     : Autowiring by type from bean name 'org.springframework.boot.autoconfigure.web.servlet.MultipartAutoConfiguration' via constructor to bean named 'spring.servlet.multipart-org.springframework.boot.autoconfigure.web.servlet.MultipartProperties'
2023-09-26T00:31:53.636-05:00 DEBUG 33180 --- [           main] o.s.b.f.s.DefaultListableBeanFactory     : Autowiring by type from bean name 'errorPageCustomizer' via factory method to bean named 'dispatcherServletRegistration'
2023-09-26T00:31:53.639-05:00 DEBUG 33180 --- [           main] o.s.b.f.s.DefaultListableBeanFactory     : Creating shared instance of singleton bean 'org.springframework.boot.autoconfigure.web.servlet.DispatcherServletAutoConfiguration'
2023-09-26T00:31:53.639-05:00 DEBUG 33180 --- [           main] o.s.b.f.s.DefaultListableBeanFactory     : Creating shared instance of singleton bean 'org.springframework.boot.autoconfigure.task.TaskExecutionAutoConfiguration'
2023-09-26T00:31:53.639-05:00 DEBUG 33180 --- [           main] o.s.b.f.s.DefaultListableBeanFactory     : Creating shared instance of singleton bean 'taskExecutorBuilder'
2023-09-26T00:31:53.641-05:00 DEBUG 33180 --- [           main] o.s.b.f.s.DefaultListableBeanFactory     : Creating shared instance of singleton bean 'spring.task.execution-org.springframework.boot.autoconfigure.task.TaskExecutionProperties'
2023-09-26T00:31:53.642-05:00 DEBUG 33180 --- [           main] o.s.b.f.s.DefaultListableBeanFactory     : Autowiring by type from bean name 'taskExecutorBuilder' via factory method to bean named 'spring.task.execution-org.springframework.boot.autoconfigure.task.TaskExecutionProperties'
2023-09-26T00:31:53.646-05:00 DEBUG 33180 --- [           main] o.s.b.f.s.DefaultListableBeanFactory     : Creating shared instance of singleton bean 'org.springframework.boot.autoconfigure.web.servlet.error.ErrorMvcAutoConfiguration$WhitelabelErrorViewConfiguration'
2023-09-26T00:31:53.647-05:00 DEBUG 33180 --- [           main] o.s.b.f.s.DefaultListableBeanFactory     : Creating shared instance of singleton bean 'error'
2023-09-26T00:31:53.648-05:00 DEBUG 33180 --- [           main] o.s.b.f.s.DefaultListableBeanFactory     : Creating shared instance of singleton bean 'beanNameViewResolver'
2023-09-26T00:31:53.652-05:00 DEBUG 33180 --- [           main] o.s.b.f.s.DefaultListableBeanFactory     : Creating shared instance of singleton bean 'org.springframework.boot.autoconfigure.web.servlet.error.ErrorMvcAutoConfiguration$DefaultErrorViewResolverConfiguration'
2023-09-26T00:31:53.653-05:00 DEBUG 33180 --- [           main] o.s.b.f.s.DefaultListableBeanFactory     : Creating shared instance of singleton bean 'spring.web-org.springframework.boot.autoconfigure.web.WebProperties'
2023-09-26T00:31:53.662-05:00 DEBUG 33180 --- [           main] o.s.b.f.s.DefaultListableBeanFactory     : Autowiring by type from bean name 'org.springframework.boot.autoconfigure.web.servlet.error.ErrorMvcAutoConfiguration$DefaultErrorViewResolverConfiguration' via constructor to bean named 'org.springframework.web.context.support.GenericWebApplicationContext@56b78e55'
2023-09-26T00:31:53.662-05:00 DEBUG 33180 --- [           main] o.s.b.f.s.DefaultListableBeanFactory     : Autowiring by type from bean name 'org.springframework.boot.autoconfigure.web.servlet.error.ErrorMvcAutoConfiguration$DefaultErrorViewResolverConfiguration' via constructor to bean named 'spring.web-org.springframework.boot.autoconfigure.web.WebProperties'
2023-09-26T00:31:53.662-05:00 DEBUG 33180 --- [           main] o.s.b.f.s.DefaultListableBeanFactory     : Creating shared instance of singleton bean 'conventionErrorViewResolver'
2023-09-26T00:31:53.667-05:00 DEBUG 33180 --- [           main] o.s.b.f.s.DefaultListableBeanFactory     : Creating shared instance of singleton bean 'errorAttributes'
2023-09-26T00:31:53.670-05:00 DEBUG 33180 --- [           main] o.s.b.f.s.DefaultListableBeanFactory     : Creating shared instance of singleton bean 'basicErrorController'
2023-09-26T00:31:53.670-05:00 DEBUG 33180 --- [           main] o.s.b.f.s.DefaultListableBeanFactory     : Autowiring by type from bean name 'basicErrorController' via factory method to bean named 'errorAttributes'
2023-09-26T00:31:53.676-05:00 DEBUG 33180 --- [           main] o.s.b.f.s.DefaultListableBeanFactory     : Creating shared instance of singleton bean 'org.springframework.boot.autoconfigure.web.servlet.WebMvcAutoConfiguration$EnableWebMvcConfiguration'
2023-09-26T00:31:53.677-05:00 DEBUG 33180 --- [           main] o.s.b.f.s.DefaultListableBeanFactory     : Autowiring by type from bean name 'org.springframework.boot.autoconfigure.web.servlet.WebMvcAutoConfiguration$EnableWebMvcConfiguration' via constructor to bean named 'spring.mvc-org.springframework.boot.autoconfigure.web.servlet.WebMvcProperties'
2023-09-26T00:31:53.677-05:00 DEBUG 33180 --- [           main] o.s.b.f.s.DefaultListableBeanFactory     : Autowiring by type from bean name 'org.springframework.boot.autoconfigure.web.servlet.WebMvcAutoConfiguration$EnableWebMvcConfiguration' via constructor to bean named 'spring.web-org.springframework.boot.autoconfigure.web.WebProperties'
2023-09-26T00:31:53.677-05:00 DEBUG 33180 --- [           main] o.s.b.f.s.DefaultListableBeanFactory     : Autowiring by type from bean name 'org.springframework.boot.autoconfigure.web.servlet.WebMvcAutoConfiguration$EnableWebMvcConfiguration' via constructor to bean named 'org.springframework.beans.factory.support.DefaultListableBeanFactory@4fbb001b'
2023-09-26T00:31:53.682-05:00 DEBUG 33180 --- [           main] o.s.b.f.s.DefaultListableBeanFactory     : Creating shared instance of singleton bean 'org.springframework.boot.autoconfigure.web.servlet.WebMvcAutoConfiguration$WebMvcAutoConfigurationAdapter'
2023-09-26T00:31:53.682-05:00 DEBUG 33180 --- [           main] o.s.b.f.s.DefaultListableBeanFactory     : Autowiring by type from bean name 'org.springframework.boot.autoconfigure.web.servlet.WebMvcAutoConfiguration$WebMvcAutoConfigurationAdapter' via constructor to bean named 'spring.web-org.springframework.boot.autoconfigure.web.WebProperties'
2023-09-26T00:31:53.682-05:00 DEBUG 33180 --- [           main] o.s.b.f.s.DefaultListableBeanFactory     : Autowiring by type from bean name 'org.springframework.boot.autoconfigure.web.servlet.WebMvcAutoConfiguration$WebMvcAutoConfigurationAdapter' via constructor to bean named 'spring.mvc-org.springframework.boot.autoconfigure.web.servlet.WebMvcProperties'
2023-09-26T00:31:53.682-05:00 DEBUG 33180 --- [           main] o.s.b.f.s.DefaultListableBeanFactory     : Autowiring by type from bean name 'org.springframework.boot.autoconfigure.web.servlet.WebMvcAutoConfiguration$WebMvcAutoConfigurationAdapter' via constructor to bean named 'org.springframework.beans.factory.support.DefaultListableBeanFactory@4fbb001b'
2023-09-26T00:31:53.683-05:00 DEBUG 33180 --- [           main] o.s.b.f.s.DefaultListableBeanFactory     : Creating shared instance of singleton bean 'openEntityManagerInViewInterceptorConfigurer'
2023-09-26T00:31:53.683-05:00 DEBUG 33180 --- [           main] o.s.b.f.s.DefaultListableBeanFactory     : Creating shared instance of singleton bean 'org.springframework.boot.autoconfigure.orm.jpa.JpaBaseConfiguration$JpaWebConfiguration'
2023-09-26T00:31:53.684-05:00 DEBUG 33180 --- [           main] o.s.b.f.s.DefaultListableBeanFactory     : Autowiring by type from bean name 'org.springframework.boot.autoconfigure.orm.jpa.JpaBaseConfiguration$JpaWebConfiguration' via constructor to bean named 'spring.jpa-org.springframework.boot.autoconfigure.orm.jpa.JpaProperties'
2023-09-26T00:31:53.685-05:00 DEBUG 33180 --- [           main] o.s.b.f.s.DefaultListableBeanFactory     : Creating shared instance of singleton bean 'openEntityManagerInViewInterceptor'
2023-09-26T00:31:53.685-05:00  WARN 33180 --- [           main] JpaBaseConfiguration$JpaWebConfiguration : spring.jpa.open-in-view is enabled by default. Therefore, database queries may be performed during view rendering. Explicitly configure spring.jpa.open-in-view to disable this warning
2023-09-26T00:31:53.689-05:00 DEBUG 33180 --- [           main] o.s.b.f.s.DefaultListableBeanFactory     : Autowiring by type from bean name 'openEntityManagerInViewInterceptorConfigurer' via factory method to bean named 'openEntityManagerInViewInterceptor'
2023-09-26T00:31:53.691-05:00 DEBUG 33180 --- [           main] o.s.b.f.s.DefaultListableBeanFactory     : Creating shared instance of singleton bean 'hypermediaWebMvcConfigurer'
2023-09-26T00:31:53.691-05:00 DEBUG 33180 --- [           main] o.s.b.f.s.DefaultListableBeanFactory     : Creating shared instance of singleton bean 'org.springframework.hateoas.config.WebMvcHateoasConfiguration'
2023-09-26T00:31:53.691-05:00 DEBUG 33180 --- [           main] o.s.b.f.s.DefaultListableBeanFactory     : Creating shared instance of singleton bean 'hypermediaWebMvcConverters'
2023-09-26T00:31:53.691-05:00 DEBUG 33180 --- [           main] o.s.b.f.s.DefaultListableBeanFactory     : Creating shared instance of singleton bean 'org.springframework.hateoas.config.HateoasConfiguration'
2023-09-26T00:31:53.693-05:00 DEBUG 33180 --- [           main] o.s.b.f.s.DefaultListableBeanFactory     : Creating shared instance of singleton bean 'org.springframework.hateoas.mediatype.hal.HalMediaTypeConfiguration'
2023-09-26T00:31:53.693-05:00 DEBUG 33180 --- [           main] o.s.b.f.s.DefaultListableBeanFactory     : Creating shared instance of singleton bean '_relProvider'
2023-09-26T00:31:53.694-05:00 DEBUG 33180 --- [           main] o.s.b.f.s.DefaultListableBeanFactory     : Creating shared instance of singleton bean 'relProviderPluginRegistry'
2023-09-26T00:31:53.694-05:00 DEBUG 33180 --- [           main] o.s.b.f.s.DefaultListableBeanFactory     : Autowiring by type from bean name 'relProviderPluginRegistry' via factory method to bean named 'org.springframework.web.context.support.GenericWebApplicationContext@56b78e55'
2023-09-26T00:31:53.701-05:00 DEBUG 33180 --- [           main] o.s.b.f.s.DefaultListableBeanFactory     : Autowiring by type from bean name '_relProvider' via factory method to bean named 'relProviderPluginRegistry'
2023-09-26T00:31:53.704-05:00 DEBUG 33180 --- [           main] o.s.b.f.s.DefaultListableBeanFactory     : Creating shared instance of singleton bean 'messageResolver'
2023-09-26T00:31:53.713-05:00 DEBUG 33180 --- [           main] o.s.b.f.s.DefaultListableBeanFactory     : Autowiring by type from bean name 'org.springframework.hateoas.mediatype.hal.HalMediaTypeConfiguration' via constructor to bean named '_relProvider'
2023-09-26T00:31:53.713-05:00 DEBUG 33180 --- [           main] o.s.b.f.s.DefaultListableBeanFactory     : Autowiring by type from bean name 'org.springframework.hateoas.mediatype.hal.HalMediaTypeConfiguration' via constructor to bean named 'messageResolver'
2023-09-26T00:31:53.713-05:00 DEBUG 33180 --- [           main] o.s.b.f.s.DefaultListableBeanFactory     : Autowiring by type from bean name 'org.springframework.hateoas.mediatype.hal.HalMediaTypeConfiguration' via constructor to bean named 'org.springframework.beans.factory.support.DefaultListableBeanFactory@4fbb001b'
2023-09-26T00:31:53.714-05:00 DEBUG 33180 --- [           main] o.s.b.f.s.DefaultListableBeanFactory     : Creating shared instance of singleton bean 'org.springframework.hateoas.mediatype.hal.forms.HalFormsMediaTypeConfiguration'
2023-09-26T00:31:53.714-05:00 DEBUG 33180 --- [           main] o.s.b.f.s.DefaultListableBeanFactory     : Autowiring by type from bean name 'org.springframework.hateoas.mediatype.hal.forms.HalFormsMediaTypeConfiguration' via constructor to bean named '_relProvider'
2023-09-26T00:31:53.714-05:00 DEBUG 33180 --- [           main] o.s.b.f.s.DefaultListableBeanFactory     : Autowiring by type from bean name 'org.springframework.hateoas.mediatype.hal.forms.HalFormsMediaTypeConfiguration' via constructor to bean named 'messageResolver'
2023-09-26T00:31:53.714-05:00 DEBUG 33180 --- [           main] o.s.b.f.s.DefaultListableBeanFactory     : Autowiring by type from bean name 'org.springframework.hateoas.mediatype.hal.forms.HalFormsMediaTypeConfiguration' via constructor to bean named 'org.springframework.beans.factory.support.DefaultListableBeanFactory@4fbb001b'
2023-09-26T00:31:53.715-05:00 DEBUG 33180 --- [           main] o.s.b.f.s.DefaultListableBeanFactory     : Autowiring by type from bean name 'hypermediaWebMvcConverters' via factory method to bean named 'org.springframework.hateoas.mediatype.hal.HalMediaTypeConfiguration'
2023-09-26T00:31:53.715-05:00 DEBUG 33180 --- [           main] o.s.b.f.s.DefaultListableBeanFactory     : Autowiring by type from bean name 'hypermediaWebMvcConverters' via factory method to bean named 'org.springframework.hateoas.mediatype.hal.forms.HalFormsMediaTypeConfiguration'
2023-09-26T00:31:53.720-05:00 DEBUG 33180 --- [           main] o.s.b.f.s.DefaultListableBeanFactory     : Creating shared instance of singleton bean 'applicationJsonHalConfiguration'
2023-09-26T00:31:53.720-05:00 DEBUG 33180 --- [           main] o.s.b.f.s.DefaultListableBeanFactory     : Creating shared instance of singleton bean 'org.springframework.boot.autoconfigure.hateoas.HypermediaAutoConfiguration'
2023-09-26T00:31:53.726-05:00 DEBUG 33180 --- [           main] o.s.b.f.s.DefaultListableBeanFactory     : Creating shared instance of singleton bean 'jacksonObjectMapper'
2023-09-26T00:31:53.726-05:00 DEBUG 33180 --- [           main] o.s.b.f.s.DefaultListableBeanFactory     : Creating shared instance of singleton bean 'org.springframework.boot.autoconfigure.jackson.JacksonAutoConfiguration$JacksonObjectMapperConfiguration'
2023-09-26T00:31:53.726-05:00 DEBUG 33180 --- [           main] o.s.b.f.s.DefaultListableBeanFactory     : Creating shared instance of singleton bean 'org.springframework.boot.autoconfigure.jackson.JacksonAutoConfiguration$JacksonObjectMapperBuilderConfiguration'
2023-09-26T00:31:53.727-05:00 DEBUG 33180 --- [           main] o.s.b.f.s.DefaultListableBeanFactory     : Creating shared instance of singleton bean 'standardJacksonObjectMapperBuilderCustomizer'
2023-09-26T00:31:53.727-05:00 DEBUG 33180 --- [           main] o.s.b.f.s.DefaultListableBeanFactory     : Creating shared instance of singleton bean 'org.springframework.boot.autoconfigure.jackson.JacksonAutoConfiguration$Jackson2ObjectMapperBuilderCustomizerConfiguration'
2023-09-26T00:31:53.727-05:00 DEBUG 33180 --- [           main] o.s.b.f.s.DefaultListableBeanFactory     : Creating shared instance of singleton bean 'spring.jackson-org.springframework.boot.autoconfigure.jackson.JacksonProperties'
2023-09-26T00:31:53.730-05:00 DEBUG 33180 --- [           main] o.s.b.f.s.DefaultListableBeanFactory     : Autowiring by type from bean name 'standardJacksonObjectMapperBuilderCustomizer' via factory method to bean named 'spring.jackson-org.springframework.boot.autoconfigure.jackson.JacksonProperties'
2023-09-26T00:31:53.731-05:00 DEBUG 33180 --- [           main] o.s.b.f.s.DefaultListableBeanFactory     : Creating shared instance of singleton bean 'parameterNamesModule'
2023-09-26T00:31:53.731-05:00 DEBUG 33180 --- [           main] o.s.b.f.s.DefaultListableBeanFactory     : Creating shared instance of singleton bean 'org.springframework.boot.autoconfigure.jackson.JacksonAutoConfiguration$ParameterNamesModuleConfiguration'
2023-09-26T00:31:53.741-05:00 DEBUG 33180 --- [           main] o.s.b.f.s.DefaultListableBeanFactory     : Creating shared instance of singleton bean 'jsonMixinModule'
2023-09-26T00:31:53.742-05:00 DEBUG 33180 --- [           main] o.s.b.f.s.DefaultListableBeanFactory     : Creating shared instance of singleton bean 'org.springframework.boot.autoconfigure.jackson.JacksonAutoConfiguration$JacksonMixinConfiguration'
2023-09-26T00:31:53.742-05:00 DEBUG 33180 --- [           main] o.s.b.f.s.DefaultListableBeanFactory     : Creating shared instance of singleton bean 'jsonMixinModuleEntries'
2023-09-26T00:31:53.743-05:00 DEBUG 33180 --- [           main] o.s.b.f.s.DefaultListableBeanFactory     : Autowiring by type from bean name 'jsonMixinModuleEntries' via factory method to bean named 'org.springframework.web.context.support.GenericWebApplicationContext@56b78e55'
2023-09-26T00:31:53.750-05:00 DEBUG 33180 --- [           main] o.s.b.f.s.DefaultListableBeanFactory     : Autowiring by type from bean name 'jsonMixinModule' via factory method to bean named 'org.springframework.web.context.support.GenericWebApplicationContext@56b78e55'
2023-09-26T00:31:53.750-05:00 DEBUG 33180 --- [           main] o.s.b.f.s.DefaultListableBeanFactory     : Autowiring by type from bean name 'jsonMixinModule' via factory method to bean named 'jsonMixinModuleEntries'
2023-09-26T00:31:53.752-05:00 DEBUG 33180 --- [           main] o.s.b.f.s.DefaultListableBeanFactory     : Creating shared instance of singleton bean 'jsonComponentModule'
2023-09-26T00:31:53.753-05:00 DEBUG 33180 --- [           main] o.s.b.f.s.DefaultListableBeanFactory     : Creating shared instance of singleton bean 'org.springframework.boot.autoconfigure.jackson.JacksonAutoConfiguration'
2023-09-26T00:31:53.757-05:00 DEBUG 33180 --- [           main] o.s.b.f.s.DefaultListableBeanFactory     : Creating shared instance of singleton bean 'jacksonGeoModule'
2023-09-26T00:31:53.757-05:00 DEBUG 33180 --- [           main] o.s.b.f.s.DefaultListableBeanFactory     : Creating shared instance of singleton bean 'org.springframework.data.web.config.SpringDataJacksonConfiguration'
2023-09-26T00:31:53.767-05:00 DEBUG 33180 --- [           main] o.s.b.f.s.DefaultListableBeanFactory     : Autowiring by type from bean name 'jacksonObjectMapperBuilder' via factory method to bean named 'org.springframework.web.context.support.GenericWebApplicationContext@56b78e55'
2023-09-26T00:31:53.767-05:00 DEBUG 33180 --- [           main] o.s.b.f.s.DefaultListableBeanFactory     : Autowiring by type from bean name 'jacksonObjectMapperBuilder' via factory method to bean named 'standardJacksonObjectMapperBuilderCustomizer'
2023-09-26T00:31:53.771-05:00 DEBUG 33180 --- [           main] o.s.b.f.s.DefaultListableBeanFactory     : Autowiring by type from bean name 'jacksonObjectMapper' via factory method to bean named 'jacksonObjectMapperBuilder'
2023-09-26T00:31:53.788-05:00 DEBUG 33180 --- [           main] o.s.b.f.s.DefaultListableBeanFactory     : Autowiring by type from bean name 'hypermediaWebMvcConfigurer' via factory method to bean named 'hypermediaWebMvcConverters'
2023-09-26T00:31:53.788-05:00 DEBUG 33180 --- [           main] o.s.b.f.s.DefaultListableBeanFactory     : Creating shared instance of singleton bean 'org.springframework.data.rest.webmvc.config.RepositoryRestMvcConfiguration'
2023-09-26T00:31:53.789-05:00 DEBUG 33180 --- [           main] o.s.b.f.s.DefaultListableBeanFactory     : Autowiring by type from bean name 'org.springframework.data.rest.webmvc.config.RepositoryRestMvcConfiguration' via constructor to bean named 'org.springframework.web.context.support.GenericWebApplicationContext@56b78e55'
2023-09-26T00:31:53.805-05:00 DEBUG 33180 --- [           main] o.s.b.f.s.DefaultListableBeanFactory     : Creating shared instance of singleton bean 'requestMappingHandlerAdapter'
2023-09-26T00:31:53.807-05:00 DEBUG 33180 --- [           main] o.s.b.f.s.DefaultListableBeanFactory     : Creating shared instance of singleton bean 'mvcContentNegotiationManager'
2023-09-26T00:31:53.816-05:00 DEBUG 33180 --- [           main] o.s.b.f.s.DefaultListableBeanFactory     : Creating shared instance of singleton bean 'mvcConversionService'
2023-09-26T00:31:53.819-05:00 DEBUG 33180 --- [           main] o.s.b.f.s.DefaultListableBeanFactory     : Creating shared instance of singleton bean 'jsonSchemaConverter'
2023-09-26T00:31:53.820-05:00 DEBUG 33180 --- [           main] o.s.b.f.s.DefaultListableBeanFactory     : Creating shared instance of singleton bean 'persistentEntities'
2023-09-26T00:31:53.822-05:00 DEBUG 33180 --- [           main] o.s.b.f.s.DefaultListableBeanFactory     : Creating shared instance of singleton bean 'associationLinks'
2023-09-26T00:31:53.822-05:00 DEBUG 33180 --- [           main] o.s.b.f.s.DefaultListableBeanFactory     : Creating shared instance of singleton bean 'resourceMappings'
2023-09-26T00:31:53.822-05:00 DEBUG 33180 --- [           main] o.s.b.f.s.DefaultListableBeanFactory     : Creating shared instance of singleton bean 'repositories'
2023-09-26T00:31:53.827-05:00 DEBUG 33180 --- [           main] o.s.b.f.s.DefaultListableBeanFactory     : Creating shared instance of singleton bean 'repositoryRestConfiguration'
2023-09-26T00:31:53.853-05:00 DEBUG 33180 --- [           main] o.s.b.f.s.DefaultListableBeanFactory     : Creating shared instance of singleton bean 'springBootRepositoryRestConfigurer'
2023-09-26T00:31:53.854-05:00 DEBUG 33180 --- [           main] o.s.b.f.s.DefaultListableBeanFactory     : Creating shared instance of singleton bean 'org.springframework.boot.autoconfigure.data.rest.RepositoryRestMvcAutoConfiguration'
2023-09-26T00:31:53.856-05:00 DEBUG 33180 --- [           main] o.s.b.f.s.DefaultListableBeanFactory     : Creating shared instance of singleton bean 'spring.data.rest-org.springframework.boot.autoconfigure.data.rest.RepositoryRestProperties'
2023-09-26T00:31:53.859-05:00 DEBUG 33180 --- [           main] o.s.b.f.s.DefaultListableBeanFactory     : Autowiring by type from bean name 'springBootRepositoryRestConfigurer' via factory method to bean named 'spring.data.rest-org.springframework.boot.autoconfigure.data.rest.RepositoryRestProperties'
2023-09-26T00:31:53.871-05:00 DEBUG 33180 --- [           main] o.s.b.f.s.DefaultListableBeanFactory     : Autowiring by type from bean name 'resourceMappings' via factory method to bean named 'repositories'
2023-09-26T00:31:53.871-05:00 DEBUG 33180 --- [           main] o.s.b.f.s.DefaultListableBeanFactory     : Autowiring by type from bean name 'resourceMappings' via factory method to bean named 'persistentEntities'
2023-09-26T00:31:53.871-05:00 DEBUG 33180 --- [           main] o.s.b.f.s.DefaultListableBeanFactory     : Autowiring by type from bean name 'resourceMappings' via factory method to bean named 'repositoryRestConfiguration'
2023-09-26T00:31:53.922-05:00 DEBUG 33180 --- [           main] o.s.b.f.s.DefaultListableBeanFactory     : Autowiring by type from bean name 'associationLinks' via factory method to bean named 'resourceMappings'
2023-09-26T00:31:53.922-05:00 DEBUG 33180 --- [           main] o.s.b.f.s.DefaultListableBeanFactory     : Autowiring by type from bean name 'associationLinks' via factory method to bean named 'repositoryRestConfiguration'
2023-09-26T00:31:53.925-05:00 DEBUG 33180 --- [           main] o.s.b.f.s.DefaultListableBeanFactory     : Creating shared instance of singleton bean 'repositoryInvokerFactory'
2023-09-26T00:31:53.933-05:00 DEBUG 33180 --- [           main] o.s.b.f.s.DefaultListableBeanFactory     : Autowiring by type from bean name 'jsonSchemaConverter' via factory method to bean named 'persistentEntities'
2023-09-26T00:31:53.933-05:00 DEBUG 33180 --- [           main] o.s.b.f.s.DefaultListableBeanFactory     : Autowiring by type from bean name 'jsonSchemaConverter' via factory method to bean named 'associationLinks'
2023-09-26T00:31:53.933-05:00 DEBUG 33180 --- [           main] o.s.b.f.s.DefaultListableBeanFactory     : Autowiring by type from bean name 'jsonSchemaConverter' via factory method to bean named 'repositoryInvokerFactory'
2023-09-26T00:31:53.933-05:00 DEBUG 33180 --- [           main] o.s.b.f.s.DefaultListableBeanFactory     : Autowiring by type from bean name 'jsonSchemaConverter' via factory method to bean named 'repositoryRestConfiguration'
2023-09-26T00:31:53.944-05:00 DEBUG 33180 --- [           main] o.s.b.f.s.DefaultListableBeanFactory     : Creating shared instance of singleton bean 'linkCollector'
2023-09-26T00:31:53.945-05:00 DEBUG 33180 --- [           main] o.s.b.f.s.DefaultListableBeanFactory     : Creating shared instance of singleton bean 'selfLinkProvider'
2023-09-26T00:31:53.945-05:00 DEBUG 33180 --- [           main] o.s.b.f.s.DefaultListableBeanFactory     : Creating shared instance of singleton bean 'entityLinks'
2023-09-26T00:31:53.947-05:00 DEBUG 33180 --- [           main] o.s.b.f.s.DefaultListableBeanFactory     : Creating shared instance of singleton bean 'backendIdConverterRegistry'
2023-09-26T00:31:53.951-05:00 DEBUG 33180 --- [           main] o.s.b.f.s.DefaultListableBeanFactory     : Autowiring by type from bean name 'entityLinks' via factory method to bean named 'repositories'
2023-09-26T00:31:53.951-05:00 DEBUG 33180 --- [           main] o.s.b.f.s.DefaultListableBeanFactory     : Autowiring by type from bean name 'entityLinks' via factory method to bean named 'resourceMappings'
2023-09-26T00:31:53.951-05:00 DEBUG 33180 --- [           main] o.s.b.f.s.DefaultListableBeanFactory     : Autowiring by type from bean name 'entityLinks' via factory method to bean named 'backendIdConverterRegistry'
2023-09-26T00:31:53.951-05:00 DEBUG 33180 --- [           main] o.s.b.f.s.DefaultListableBeanFactory     : Autowiring by type from bean name 'entityLinks' via factory method to bean named 'repositoryRestConfiguration'
2023-09-26T00:31:53.962-05:00 DEBUG 33180 --- [           main] o.s.b.f.s.DefaultListableBeanFactory     : Autowiring by type from bean name 'selfLinkProvider' via factory method to bean named 'persistentEntities'
2023-09-26T00:31:53.962-05:00 DEBUG 33180 --- [           main] o.s.b.f.s.DefaultListableBeanFactory     : Autowiring by type from bean name 'selfLinkProvider' via factory method to bean named 'entityLinks'
2023-09-26T00:31:53.964-05:00 DEBUG 33180 --- [           main] o.s.b.f.s.DefaultListableBeanFactory     : Creating shared instance of singleton bean 'mvcConversionService'
2023-09-26T00:31:53.971-05:00 DEBUG 33180 --- [           main] o.s.b.f.s.DefaultListableBeanFactory     : Creating shared instance of singleton bean 'mvcValidator'
2023-09-26T00:31:53.972-05:00 DEBUG 33180 --- [           main] o.s.b.f.s.DefaultListableBeanFactory     : Autowiring by type from bean name 'requestMappingHandlerAdapter' via factory method to bean named 'mvcContentNegotiationManager'
2023-09-26T00:31:53.973-05:00 DEBUG 33180 --- [           main] o.s.b.f.s.DefaultListableBeanFactory     : Autowiring by type from bean name 'requestMappingHandlerAdapter' via factory method to bean named 'mvcConversionService'
2023-09-26T00:31:53.973-05:00 DEBUG 33180 --- [           main] o.s.b.f.s.DefaultListableBeanFactory     : Autowiring by type from bean name 'requestMappingHandlerAdapter' via factory method to bean named 'mvcValidator'
2023-09-26T00:31:53.980-05:00 DEBUG 33180 --- [           main] o.s.b.f.s.DefaultListableBeanFactory     : Creating shared instance of singleton bean 'messageConverters'
2023-09-26T00:31:53.980-05:00 DEBUG 33180 --- [           main] o.s.b.f.s.DefaultListableBeanFactory     : Creating shared instance of singleton bean 'org.springframework.boot.autoconfigure.http.HttpMessageConvertersAutoConfiguration'
2023-09-26T00:31:53.983-05:00 DEBUG 33180 --- [           main] o.s.b.f.s.DefaultListableBeanFactory     : Creating shared instance of singleton bean 'stringHttpMessageConverter'
2023-09-26T00:31:53.983-05:00 DEBUG 33180 --- [           main] o.s.b.f.s.DefaultListableBeanFactory     : Creating shared instance of singleton bean 'org.springframework.boot.autoconfigure.http.HttpMessageConvertersAutoConfiguration$StringHttpMessageConverterConfiguration'
2023-09-26T00:31:53.984-05:00 DEBUG 33180 --- [           main] o.s.b.f.s.DefaultListableBeanFactory     : Autowiring by type from bean name 'stringHttpMessageConverter' via factory method to bean named 'environment'
2023-09-26T00:31:54.001-05:00 DEBUG 33180 --- [           main] o.s.b.f.s.DefaultListableBeanFactory     : Creating shared instance of singleton bean 'mappingJackson2HttpMessageConverter'
2023-09-26T00:31:54.001-05:00 DEBUG 33180 --- [           main] o.s.b.f.s.DefaultListableBeanFactory     : Creating shared instance of singleton bean 'org.springframework.boot.autoconfigure.http.JacksonHttpMessageConvertersConfiguration$MappingJackson2HttpMessageConverterConfiguration'
2023-09-26T00:31:54.001-05:00 DEBUG 33180 --- [           main] o.s.b.f.s.DefaultListableBeanFactory     : Autowiring by type from bean name 'mappingJackson2HttpMessageConverter' via factory method to bean named 'jacksonObjectMapper'
2023-09-26T00:31:54.003-05:00 DEBUG 33180 --- [           main] o.s.b.f.s.DefaultListableBeanFactory     : Creating shared instance of singleton bean 'jacksonHttpMessageConverter'
2023-09-26T00:31:54.004-05:00 DEBUG 33180 --- [           main] o.s.b.f.s.DefaultListableBeanFactory     : Autowiring by type from bean name 'jacksonHttpMessageConverter' via factory method to bean named 'repositoryRestConfiguration'
2023-09-26T00:31:54.006-05:00 DEBUG 33180 --- [           main] o.s.b.f.s.DefaultListableBeanFactory     : Creating shared instance of singleton bean 'linkCollector'
2023-09-26T00:31:54.006-05:00 DEBUG 33180 --- [           main] o.s.b.f.s.DefaultListableBeanFactory     : Creating shared instance of singleton bean 'selfLinkProvider'
2023-09-26T00:31:54.008-05:00 DEBUG 33180 --- [           main] o.s.b.f.s.DefaultListableBeanFactory     : Autowiring by type from bean name 'linkCollector' via factory method to bean named 'persistentEntities'
2023-09-26T00:31:54.009-05:00 DEBUG 33180 --- [           main] o.s.b.f.s.DefaultListableBeanFactory     : Autowiring by type from bean name 'linkCollector' via factory method to bean named 'selfLinkProvider'
2023-09-26T00:31:54.009-05:00 DEBUG 33180 --- [           main] o.s.b.f.s.DefaultListableBeanFactory     : Autowiring by type from bean name 'linkCollector' via factory method to bean named 'associationLinks'
2023-09-26T00:31:54.013-05:00 DEBUG 33180 --- [           main] o.s.b.f.s.DefaultListableBeanFactory     : Creating shared instance of singleton bean 'excerptProjector'
2023-09-26T00:31:54.013-05:00 DEBUG 33180 --- [           main] o.s.b.f.s.DefaultListableBeanFactory     : Autowiring by type from bean name 'excerptProjector' via factory method to bean named 'resourceMappings'
2023-09-26T00:31:54.021-05:00 DEBUG 33180 --- [           main] o.s.b.f.s.DefaultListableBeanFactory     : Creating shared instance of singleton bean 'representationModelProcessorInvoker'
2023-09-26T00:31:54.023-05:00 DEBUG 33180 --- [           main] o.s.b.f.s.DefaultListableBeanFactory     : Creating shared instance of singleton bean 'profileResourceProcessor'
2023-09-26T00:31:54.023-05:00 DEBUG 33180 --- [           main] o.s.b.f.s.DefaultListableBeanFactory     : Autowiring by type from bean name 'profileResourceProcessor' via factory method to bean named 'repositoryRestConfiguration'
2023-09-26T00:31:54.025-05:00 DEBUG 33180 --- [           main] o.s.b.f.s.DefaultListableBeanFactory     : Autowiring by type from bean name 'representationModelProcessorInvoker' via factory method to bean named 'profileResourceProcessor'
2023-09-26T00:31:54.037-05:00 DEBUG 33180 --- [           main] o.s.b.f.s.DefaultListableBeanFactory     : Creating shared instance of singleton bean 'halJacksonHttpMessageConverter'
2023-09-26T00:31:54.037-05:00 DEBUG 33180 --- [           main] o.s.b.f.s.DefaultListableBeanFactory     : Autowiring by type from bean name 'halJacksonHttpMessageConverter' via factory method to bean named 'linkCollector'
2023-09-26T00:31:54.037-05:00 DEBUG 33180 --- [           main] o.s.b.f.s.DefaultListableBeanFactory     : Autowiring by type from bean name 'halJacksonHttpMessageConverter' via factory method to bean named 'repositoryRestConfiguration'
2023-09-26T00:31:54.062-05:00 DEBUG 33180 --- [           main] o.s.b.f.s.DefaultListableBeanFactory     : Creating shared instance of singleton bean 'halFormsJacksonHttpMessageConverter'
2023-09-26T00:31:54.062-05:00 DEBUG 33180 --- [           main] o.s.b.f.s.DefaultListableBeanFactory     : Autowiring by type from bean name 'halFormsJacksonHttpMessageConverter' via factory method to bean named 'linkCollector'
2023-09-26T00:31:54.067-05:00 DEBUG 33180 --- [           main] o.s.b.f.s.DefaultListableBeanFactory     : Creating shared instance of singleton bean 'uriListHttpMessageConverter'
2023-09-26T00:31:54.070-05:00 DEBUG 33180 --- [           main] o.s.b.f.s.DefaultListableBeanFactory     : Creating shared instance of singleton bean 'alpsJsonHttpMessageConverter'
2023-09-26T00:31:54.070-05:00 DEBUG 33180 --- [           main] o.s.b.f.s.DefaultListableBeanFactory     : Creating shared instance of singleton bean 'alpsConverter'
2023-09-26T00:31:54.071-05:00 DEBUG 33180 --- [           main] o.s.b.f.s.DefaultListableBeanFactory     : Creating shared instance of singleton bean 'enumTranslator'
2023-09-26T00:31:54.071-05:00 DEBUG 33180 --- [           main] o.s.b.f.s.DefaultListableBeanFactory     : Autowiring by type from bean name 'enumTranslator' via factory method to bean named 'messageResolver'
2023-09-26T00:31:54.071-05:00 DEBUG 33180 --- [           main] o.s.b.f.s.DefaultListableBeanFactory     : Autowiring by type from bean name 'alpsConverter' via factory method to bean named 'repositories'
2023-09-26T00:31:54.072-05:00 DEBUG 33180 --- [           main] o.s.b.f.s.DefaultListableBeanFactory     : Autowiring by type from bean name 'alpsConverter' via factory method to bean named 'persistentEntities'
2023-09-26T00:31:54.072-05:00 DEBUG 33180 --- [           main] o.s.b.f.s.DefaultListableBeanFactory     : Autowiring by type from bean name 'alpsConverter' via factory method to bean named 'entityLinks'
2023-09-26T00:31:54.072-05:00 DEBUG 33180 --- [           main] o.s.b.f.s.DefaultListableBeanFactory     : Autowiring by type from bean name 'alpsConverter' via factory method to bean named 'enumTranslator'
2023-09-26T00:31:54.072-05:00 DEBUG 33180 --- [           main] o.s.b.f.s.DefaultListableBeanFactory     : Autowiring by type from bean name 'alpsConverter' via factory method to bean named 'associationLinks'
2023-09-26T00:31:54.072-05:00 DEBUG 33180 --- [           main] o.s.b.f.s.DefaultListableBeanFactory     : Autowiring by type from bean name 'alpsConverter' via factory method to bean named 'repositoryRestConfiguration'
2023-09-26T00:31:54.079-05:00 DEBUG 33180 --- [           main] o.s.b.f.s.DefaultListableBeanFactory     : Autowiring by type from bean name 'alpsJsonHttpMessageConverter' via factory method to bean named 'alpsConverter'
2023-09-26T00:31:54.126-05:00 DEBUG 33180 --- [           main] o.s.b.f.s.DefaultListableBeanFactory     : Creating shared instance of singleton bean 'sortResolver'
2023-09-26T00:31:54.136-05:00 DEBUG 33180 --- [           main] o.s.b.f.s.DefaultListableBeanFactory     : Creating shared instance of singleton bean 'pageableResolver'
2023-09-26T00:31:54.144-05:00 DEBUG 33180 --- [           main] o.s.b.f.s.DefaultListableBeanFactory     : Creating shared instance of singleton bean 'pagedResourcesAssemblerArgumentResolver'
2023-09-26T00:31:54.145-05:00 DEBUG 33180 --- [           main] o.s.b.f.s.DefaultListableBeanFactory     : Creating shared instance of singleton bean 'slicedResourcesAssemblerArgumentResolver'
2023-09-26T00:31:54.147-05:00 DEBUG 33180 --- [           main] o.s.b.f.s.DefaultListableBeanFactory     : Creating shared instance of singleton bean 'applicationTaskExecutor'
2023-09-26T00:31:54.147-05:00 DEBUG 33180 --- [           main] o.s.b.f.s.DefaultListableBeanFactory     : Autowiring by type from bean name 'applicationTaskExecutor' via factory method to bean named 'taskExecutorBuilder'
2023-09-26T00:31:54.152-05:00 DEBUG 33180 --- [           main] o.s.s.concurrent.ThreadPoolTaskExecutor  : Initializing ExecutorService 'applicationTaskExecutor'
2023-09-26T00:31:54.167-05:00 DEBUG 33180 --- [           main] s.w.s.m.m.a.RequestMappingHandlerAdapter : ControllerAdvice beans: 0 @ModelAttribute, 0 @InitBinder, 1 RequestBodyAdvice, 1 ResponseBodyAdvice
2023-09-26T00:31:54.189-05:00 DEBUG 33180 --- [           main] o.s.b.f.s.DefaultListableBeanFactory     : Creating shared instance of singleton bean 'welcomePageHandlerMapping'
2023-09-26T00:31:54.190-05:00 DEBUG 33180 --- [           main] o.s.b.f.s.DefaultListableBeanFactory     : Creating shared instance of singleton bean 'mvcResourceUrlProvider'
2023-09-26T00:31:54.192-05:00 DEBUG 33180 --- [           main] o.s.b.f.s.DefaultListableBeanFactory     : Autowiring by type from bean name 'welcomePageHandlerMapping' via factory method to bean named 'org.springframework.web.context.support.GenericWebApplicationContext@56b78e55'
2023-09-26T00:31:54.192-05:00 DEBUG 33180 --- [           main] o.s.b.f.s.DefaultListableBeanFactory     : Autowiring by type from bean name 'welcomePageHandlerMapping' via factory method to bean named 'mvcConversionService'
2023-09-26T00:31:54.192-05:00 DEBUG 33180 --- [           main] o.s.b.f.s.DefaultListableBeanFactory     : Autowiring by type from bean name 'welcomePageHandlerMapping' via factory method to bean named 'mvcResourceUrlProvider'
2023-09-26T00:31:54.222-05:00 DEBUG 33180 --- [           main] o.s.b.f.s.DefaultListableBeanFactory     : Creating shared instance of singleton bean 'welcomePageNotAcceptableHandlerMapping'
2023-09-26T00:31:54.222-05:00 DEBUG 33180 --- [           main] o.s.b.f.s.DefaultListableBeanFactory     : Autowiring by type from bean name 'welcomePageNotAcceptableHandlerMapping' via factory method to bean named 'org.springframework.web.context.support.GenericWebApplicationContext@56b78e55'
2023-09-26T00:31:54.222-05:00 DEBUG 33180 --- [           main] o.s.b.f.s.DefaultListableBeanFactory     : Autowiring by type from bean name 'welcomePageNotAcceptableHandlerMapping' via factory method to bean named 'mvcConversionService'
2023-09-26T00:31:54.222-05:00 DEBUG 33180 --- [           main] o.s.b.f.s.DefaultListableBeanFactory     : Autowiring by type from bean name 'welcomePageNotAcceptableHandlerMapping' via factory method to bean named 'mvcResourceUrlProvider'
2023-09-26T00:31:54.226-05:00 DEBUG 33180 --- [           main] o.s.b.f.s.DefaultListableBeanFactory     : Creating shared instance of singleton bean 'localeResolver'
2023-09-26T00:31:54.228-05:00 DEBUG 33180 --- [           main] o.s.b.f.s.DefaultListableBeanFactory     : Creating shared instance of singleton bean 'themeResolver'
2023-09-26T00:31:54.230-05:00 DEBUG 33180 --- [           main] o.s.b.f.s.DefaultListableBeanFactory     : Creating shared instance of singleton bean 'flashMapManager'
2023-09-26T00:31:54.232-05:00 DEBUG 33180 --- [           main] o.s.b.f.s.DefaultListableBeanFactory     : Creating shared instance of singleton bean 'requestMappingHandlerMapping'
2023-09-26T00:31:54.233-05:00 DEBUG 33180 --- [           main] o.s.b.f.s.DefaultListableBeanFactory     : Autowiring by type from bean name 'requestMappingHandlerMapping' via factory method to bean named 'mvcContentNegotiationManager'
2023-09-26T00:31:54.233-05:00 DEBUG 33180 --- [           main] o.s.b.f.s.DefaultListableBeanFactory     : Autowiring by type from bean name 'requestMappingHandlerMapping' via factory method to bean named 'mvcConversionService'
2023-09-26T00:31:54.233-05:00 DEBUG 33180 --- [           main] o.s.b.f.s.DefaultListableBeanFactory     : Autowiring by type from bean name 'requestMappingHandlerMapping' via factory method to bean named 'mvcResourceUrlProvider'
2023-09-26T00:31:54.254-05:00 DEBUG 33180 --- [           main] _.s.web.servlet.HandlerMapping.Mappings  : 
	c.e.d.c.CitasController:
	{GET [/api/citas/{id}]}: getCitas(Integer)
	{GET [/api/citas]}: getCitas()
	{POST [/api/tutorials]}: crearCitas(Citas)
2023-09-26T00:31:54.257-05:00 DEBUG 33180 --- [           main] _.s.web.servlet.HandlerMapping.Mappings  : 
	o.s.b.a.w.s.e.BasicErrorController:
	{ [/error]}: error(HttpServletRequest)
	{ [/error], produces [text/html]}: errorHtml(HttpServletRequest,HttpServletResponse)
2023-09-26T00:31:54.259-05:00 DEBUG 33180 --- [           main] s.w.s.m.m.a.RequestMappingHandlerMapping : 5 mappings in 'requestMappingHandlerMapping'
2023-09-26T00:31:54.260-05:00 DEBUG 33180 --- [           main] o.s.b.f.s.DefaultListableBeanFactory     : Creating shared instance of singleton bean 'mvcPatternParser'
2023-09-26T00:31:54.260-05:00 DEBUG 33180 --- [           main] o.s.b.f.s.DefaultListableBeanFactory     : Creating shared instance of singleton bean 'mvcUrlPathHelper'
2023-09-26T00:31:54.261-05:00 DEBUG 33180 --- [           main] o.s.b.f.s.DefaultListableBeanFactory     : Creating shared instance of singleton bean 'mvcPathMatcher'
2023-09-26T00:31:54.261-05:00 DEBUG 33180 --- [           main] o.s.b.f.s.DefaultListableBeanFactory     : Creating shared instance of singleton bean 'viewControllerHandlerMapping'
2023-09-26T00:31:54.262-05:00 DEBUG 33180 --- [           main] o.s.b.f.s.DefaultListableBeanFactory     : Autowiring by type from bean name 'viewControllerHandlerMapping' via factory method to bean named 'mvcConversionService'
2023-09-26T00:31:54.262-05:00 DEBUG 33180 --- [           main] o.s.b.f.s.DefaultListableBeanFactory     : Autowiring by type from bean name 'viewControllerHandlerMapping' via factory method to bean named 'mvcResourceUrlProvider'
2023-09-26T00:31:54.262-05:00 DEBUG 33180 --- [           main] o.s.b.f.s.DefaultListableBeanFactory     : Creating shared instance of singleton bean 'beanNameHandlerMapping'
2023-09-26T00:31:54.262-05:00 DEBUG 33180 --- [           main] o.s.b.f.s.DefaultListableBeanFactory     : Autowiring by type from bean name 'beanNameHandlerMapping' via factory method to bean named 'mvcConversionService'
2023-09-26T00:31:54.262-05:00 DEBUG 33180 --- [           main] o.s.b.f.s.DefaultListableBeanFactory     : Autowiring by type from bean name 'beanNameHandlerMapping' via factory method to bean named 'mvcResourceUrlProvider'
2023-09-26T00:31:54.264-05:00 DEBUG 33180 --- [           main] _.s.web.servlet.HandlerMapping.Mappings  : 'beanNameHandlerMapping' {}
2023-09-26T00:31:54.264-05:00 DEBUG 33180 --- [           main] o.s.b.f.s.DefaultListableBeanFactory     : Creating shared instance of singleton bean 'routerFunctionMapping'
2023-09-26T00:31:54.265-05:00 DEBUG 33180 --- [           main] o.s.b.f.s.DefaultListableBeanFactory     : Autowiring by type from bean name 'routerFunctionMapping' via factory method to bean named 'mvcConversionService'
2023-09-26T00:31:54.265-05:00 DEBUG 33180 --- [           main] o.s.b.f.s.DefaultListableBeanFactory     : Autowiring by type from bean name 'routerFunctionMapping' via factory method to bean named 'mvcResourceUrlProvider'
2023-09-26T00:31:54.269-05:00 DEBUG 33180 --- [           main] o.s.b.f.s.DefaultListableBeanFactory     : Creating shared instance of singleton bean 'resourceHandlerMapping'
2023-09-26T00:31:54.270-05:00 DEBUG 33180 --- [           main] o.s.b.f.s.DefaultListableBeanFactory     : Autowiring by type from bean name 'resourceHandlerMapping' via factory method to bean named 'mvcContentNegotiationManager'
2023-09-26T00:31:54.270-05:00 DEBUG 33180 --- [           main] o.s.b.f.s.DefaultListableBeanFactory     : Autowiring by type from bean name 'resourceHandlerMapping' via factory method to bean named 'mvcConversionService'
2023-09-26T00:31:54.270-05:00 DEBUG 33180 --- [           main] o.s.b.f.s.DefaultListableBeanFactory     : Autowiring by type from bean name 'resourceHandlerMapping' via factory method to bean named 'mvcResourceUrlProvider'
2023-09-26T00:31:54.286-05:00 DEBUG 33180 --- [           main] _.s.web.servlet.HandlerMapping.Mappings  : 'resourceHandlerMapping' {/webjars/**=ResourceHttpRequestHandler [classpath [META-INF/resources/webjars/]], /**=ResourceHttpRequestHandler [classpath [META-INF/resources/], classpath [resources/], classpath [static/], classpath [public/], ServletContext [/]]}
2023-09-26T00:31:54.286-05:00 DEBUG 33180 --- [           main] o.s.b.f.s.DefaultListableBeanFactory     : Creating shared instance of singleton bean 'defaultServletHandlerMapping'
2023-09-26T00:31:54.287-05:00 DEBUG 33180 --- [           main] o.s.b.f.s.DefaultListableBeanFactory     : Creating shared instance of singleton bean 'handlerFunctionAdapter'
2023-09-26T00:31:54.289-05:00 DEBUG 33180 --- [           main] o.s.b.f.s.DefaultListableBeanFactory     : Creating shared instance of singleton bean 'mvcUriComponentsContributor'
2023-09-26T00:31:54.291-05:00 DEBUG 33180 --- [           main] o.s.b.f.s.DefaultListableBeanFactory     : Autowiring by type from bean name 'mvcUriComponentsContributor' via factory method to bean named 'mvcConversionService'
2023-09-26T00:31:54.291-05:00 DEBUG 33180 --- [           main] o.s.b.f.s.DefaultListableBeanFactory     : Autowiring by type from bean name 'mvcUriComponentsContributor' via factory method to bean named 'requestMappingHandlerAdapter'
2023-09-26T00:31:54.292-05:00 DEBUG 33180 --- [           main] o.s.b.f.s.DefaultListableBeanFactory     : Creating shared instance of singleton bean 'httpRequestHandlerAdapter'
2023-09-26T00:31:54.292-05:00 DEBUG 33180 --- [           main] o.s.b.f.s.DefaultListableBeanFactory     : Creating shared instance of singleton bean 'simpleControllerHandlerAdapter'
2023-09-26T00:31:54.292-05:00 DEBUG 33180 --- [           main] o.s.b.f.s.DefaultListableBeanFactory     : Creating shared instance of singleton bean 'handlerExceptionResolver'
2023-09-26T00:31:54.293-05:00 DEBUG 33180 --- [           main] o.s.b.f.s.DefaultListableBeanFactory     : Autowiring by type from bean name 'handlerExceptionResolver' via factory method to bean named 'mvcContentNegotiationManager'
2023-09-26T00:31:54.296-05:00 DEBUG 33180 --- [           main] .m.m.a.ExceptionHandlerExceptionResolver : ControllerAdvice beans: 1 @ExceptionHandler, 1 ResponseBodyAdvice
2023-09-26T00:31:54.300-05:00 DEBUG 33180 --- [           main] o.s.b.f.s.DefaultListableBeanFactory     : Creating shared instance of singleton bean 'persistentEntityArgumentResolver'
2023-09-26T00:31:54.302-05:00 DEBUG 33180 --- [           main] o.s.b.f.s.DefaultListableBeanFactory     : Creating shared instance of singleton bean 'defaultMessageConverters'
2023-09-26T00:31:54.304-05:00 DEBUG 33180 --- [           main] o.s.b.f.s.DefaultListableBeanFactory     : Autowiring by type from bean name 'defaultMessageConverters' via factory method to bean named 'jacksonHttpMessageConverter'
2023-09-26T00:31:54.304-05:00 DEBUG 33180 --- [           main] o.s.b.f.s.DefaultListableBeanFactory     : Autowiring by type from bean name 'defaultMessageConverters' via factory method to bean named 'halJacksonHttpMessageConverter'
2023-09-26T00:31:54.304-05:00 DEBUG 33180 --- [           main] o.s.b.f.s.DefaultListableBeanFactory     : Autowiring by type from bean name 'defaultMessageConverters' via factory method to bean named 'halFormsJacksonHttpMessageConverter'
2023-09-26T00:31:54.304-05:00 DEBUG 33180 --- [           main] o.s.b.f.s.DefaultListableBeanFactory     : Autowiring by type from bean name 'defaultMessageConverters' via factory method to bean named 'alpsJsonHttpMessageConverter'
2023-09-26T00:31:54.304-05:00 DEBUG 33180 --- [           main] o.s.b.f.s.DefaultListableBeanFactory     : Autowiring by type from bean name 'defaultMessageConverters' via factory method to bean named 'uriListHttpMessageConverter'
2023-09-26T00:31:54.304-05:00 DEBUG 33180 --- [           main] o.s.b.f.s.DefaultListableBeanFactory     : Autowiring by type from bean name 'defaultMessageConverters' via factory method to bean named 'repositoryRestConfiguration'
2023-09-26T00:31:54.306-05:00 DEBUG 33180 --- [           main] o.s.b.f.s.DefaultListableBeanFactory     : Creating shared instance of singleton bean 'repoRequestArgumentResolver'
2023-09-26T00:31:54.307-05:00 DEBUG 33180 --- [           main] o.s.b.f.s.DefaultListableBeanFactory     : Creating shared instance of singleton bean 'resourceMetadataHandlerMethodArgumentResolver'
2023-09-26T00:31:54.308-05:00 DEBUG 33180 --- [           main] o.s.b.f.s.DefaultListableBeanFactory     : Creating shared instance of singleton bean 'baseUri'
2023-09-26T00:31:54.308-05:00 DEBUG 33180 --- [           main] o.s.b.f.s.DefaultListableBeanFactory     : Autowiring by type from bean name 'baseUri' via factory method to bean named 'repositoryRestConfiguration'
2023-09-26T00:31:54.309-05:00 DEBUG 33180 --- [           main] o.s.b.f.s.DefaultListableBeanFactory     : Autowiring by type from bean name 'resourceMetadataHandlerMethodArgumentResolver' via factory method to bean named 'repositories'
2023-09-26T00:31:54.309-05:00 DEBUG 33180 --- [           main] o.s.b.f.s.DefaultListableBeanFactory     : Autowiring by type from bean name 'resourceMetadataHandlerMethodArgumentResolver' via factory method to bean named 'resourceMappings'
2023-09-26T00:31:54.309-05:00 DEBUG 33180 --- [           main] o.s.b.f.s.DefaultListableBeanFactory     : Autowiring by type from bean name 'resourceMetadataHandlerMethodArgumentResolver' via factory method to bean named 'baseUri'
2023-09-26T00:31:54.311-05:00 DEBUG 33180 --- [           main] o.s.b.f.s.DefaultListableBeanFactory     : Autowiring by type from bean name 'repoRequestArgumentResolver' via factory method to bean named 'repositories'
2023-09-26T00:31:54.311-05:00 DEBUG 33180 --- [           main] o.s.b.f.s.DefaultListableBeanFactory     : Autowiring by type from bean name 'repoRequestArgumentResolver' via factory method to bean named 'resourceMetadataHandlerMethodArgumentResolver'
2023-09-26T00:31:54.311-05:00 DEBUG 33180 --- [           main] o.s.b.f.s.DefaultListableBeanFactory     : Autowiring by type from bean name 'repoRequestArgumentResolver' via factory method to bean named 'repositoryInvokerFactory'
2023-09-26T00:31:54.312-05:00 DEBUG 33180 --- [           main] o.s.b.f.s.DefaultListableBeanFactory     : Creating shared instance of singleton bean 'backendIdHandlerMethodArgumentResolver'
2023-09-26T00:31:54.313-05:00 DEBUG 33180 --- [           main] o.s.b.f.s.DefaultListableBeanFactory     : Autowiring by type from bean name 'backendIdHandlerMethodArgumentResolver' via factory method to bean named 'backendIdConverterRegistry'
2023-09-26T00:31:54.313-05:00 DEBUG 33180 --- [           main] o.s.b.f.s.DefaultListableBeanFactory     : Autowiring by type from bean name 'backendIdHandlerMethodArgumentResolver' via factory method to bean named 'resourceMetadataHandlerMethodArgumentResolver'
2023-09-26T00:31:54.313-05:00 DEBUG 33180 --- [           main] o.s.b.f.s.DefaultListableBeanFactory     : Autowiring by type from bean name 'backendIdHandlerMethodArgumentResolver' via factory method to bean named 'baseUri'
2023-09-26T00:31:54.316-05:00 DEBUG 33180 --- [           main] o.s.b.f.s.DefaultListableBeanFactory     : Autowiring by type from bean name 'persistentEntityArgumentResolver' via factory method to bean named 'defaultMessageConverters'
2023-09-26T00:31:54.316-05:00 DEBUG 33180 --- [           main] o.s.b.f.s.DefaultListableBeanFactory     : Autowiring by type from bean name 'persistentEntityArgumentResolver' via factory method to bean named 'repoRequestArgumentResolver'
2023-09-26T00:31:54.316-05:00 DEBUG 33180 --- [           main] o.s.b.f.s.DefaultListableBeanFactory     : Autowiring by type from bean name 'persistentEntityArgumentResolver' via factory method to bean named 'associationLinks'
2023-09-26T00:31:54.316-05:00 DEBUG 33180 --- [           main] o.s.b.f.s.DefaultListableBeanFactory     : Autowiring by type from bean name 'persistentEntityArgumentResolver' via factory method to bean named 'backendIdHandlerMethodArgumentResolver'
2023-09-26T00:31:54.316-05:00 DEBUG 33180 --- [           main] o.s.b.f.s.DefaultListableBeanFactory     : Autowiring by type from bean name 'persistentEntityArgumentResolver' via factory method to bean named 'persistentEntities'
2023-09-26T00:31:54.321-05:00 DEBUG 33180 --- [           main] o.s.b.f.s.DefaultListableBeanFactory     : Creating shared instance of singleton bean 'persistentEntityResourceAssemblerArgumentResolver'
2023-09-26T00:31:54.333-05:00 DEBUG 33180 --- [           main] o.s.b.f.s.DefaultListableBeanFactory     : Creating shared instance of singleton bean 'representationModelAssemblersArgumentResolver'
2023-09-26T00:31:54.333-05:00 DEBUG 33180 --- [           main] o.s.b.f.s.DefaultListableBeanFactory     : Creating shared instance of singleton bean 'pagedResourcesAssembler'
2023-09-26T00:31:54.336-05:00 DEBUG 33180 --- [           main] o.s.b.f.s.DefaultListableBeanFactory     : Creating shared instance of singleton bean 'slicedResourcesAssembler'
2023-09-26T00:31:54.339-05:00 DEBUG 33180 --- [           main] o.s.b.f.s.DefaultListableBeanFactory     : Autowiring by type from bean name 'representationModelAssemblersArgumentResolver' via factory method to bean named 'pagedResourcesAssembler'
2023-09-26T00:31:54.339-05:00 DEBUG 33180 --- [           main] o.s.b.f.s.DefaultListableBeanFactory     : Autowiring by type from bean name 'representationModelAssemblersArgumentResolver' via factory method to bean named 'slicedResourcesAssembler'
2023-09-26T00:31:54.339-05:00 DEBUG 33180 --- [           main] o.s.b.f.s.DefaultListableBeanFactory     : Autowiring by type from bean name 'representationModelAssemblersArgumentResolver' via factory method to bean named 'persistentEntityResourceAssemblerArgumentResolver'
2023-09-26T00:31:54.340-05:00 DEBUG 33180 --- [           main] o.s.b.f.s.DefaultListableBeanFactory     : Creating shared instance of singleton bean 'eTagArgumentResolver'
2023-09-26T00:31:54.345-05:00 DEBUG 33180 --- [           main] .m.m.a.ExceptionHandlerExceptionResolver : ControllerAdvice beans: 1 @ExceptionHandler, 0 ResponseBodyAdvice
2023-09-26T00:31:54.347-05:00 DEBUG 33180 --- [           main] o.s.b.f.s.DefaultListableBeanFactory     : Creating shared instance of singleton bean 'mvcViewResolver'
2023-09-26T00:31:54.347-05:00 DEBUG 33180 --- [           main] o.s.b.f.s.DefaultListableBeanFactory     : Autowiring by type from bean name 'mvcViewResolver' via factory method to bean named 'mvcContentNegotiationManager'
2023-09-26T00:31:54.350-05:00 DEBUG 33180 --- [           main] o.s.b.f.s.DefaultListableBeanFactory     : Creating shared instance of singleton bean 'viewNameTranslator'
2023-09-26T00:31:54.352-05:00 DEBUG 33180 --- [           main] o.s.b.f.s.DefaultListableBeanFactory     : Creating shared instance of singleton bean 'defaultViewResolver'
2023-09-26T00:31:54.358-05:00 DEBUG 33180 --- [           main] o.s.b.f.s.DefaultListableBeanFactory     : Creating shared instance of singleton bean 'viewResolver'
2023-09-26T00:31:54.359-05:00 DEBUG 33180 --- [           main] o.s.b.f.s.DefaultListableBeanFactory     : Autowiring by type from bean name 'viewResolver' via factory method to bean named 'org.springframework.beans.factory.support.DefaultListableBeanFactory@4fbb001b'
2023-09-26T00:31:54.361-05:00 DEBUG 33180 --- [           main] o.s.b.f.s.DefaultListableBeanFactory     : Creating shared instance of singleton bean 'viewResolver'
2023-09-26T00:31:54.361-05:00 DEBUG 33180 --- [           main] o.s.b.f.s.DefaultListableBeanFactory     : Creating shared instance of singleton bean 'requestContextFilter'
2023-09-26T00:31:54.364-05:00 DEBUG 33180 --- [           main] o.s.b.f.s.DefaultListableBeanFactory     : Creating shared instance of singleton bean 'org.springframework.boot.autoconfigure.web.servlet.WebMvcAutoConfiguration'
2023-09-26T00:31:54.365-05:00 DEBUG 33180 --- [           main] o.s.b.f.s.DefaultListableBeanFactory     : Creating shared instance of singleton bean 'formContentFilter'
2023-09-26T00:31:54.366-05:00 DEBUG 33180 --- [           main] o.s.b.f.s.DefaultListableBeanFactory     : Creating shared instance of singleton bean 'org.springframework.boot.autoconfigure.aop.AopAutoConfiguration$AspectJAutoProxyingConfiguration$CglibAutoProxyConfiguration'
2023-09-26T00:31:54.366-05:00 DEBUG 33180 --- [           main] o.s.b.f.s.DefaultListableBeanFactory     : Creating shared instance of singleton bean 'org.springframework.boot.autoconfigure.aop.AopAutoConfiguration$AspectJAutoProxyingConfiguration'
2023-09-26T00:31:54.366-05:00 DEBUG 33180 --- [           main] o.s.b.f.s.DefaultListableBeanFactory     : Creating shared instance of singleton bean 'org.springframework.boot.autoconfigure.aop.AopAutoConfiguration'
2023-09-26T00:31:54.366-05:00 DEBUG 33180 --- [           main] o.s.b.f.s.DefaultListableBeanFactory     : Creating shared instance of singleton bean 'org.springframework.boot.autoconfigure.availability.ApplicationAvailabilityAutoConfiguration'
2023-09-26T00:31:54.366-05:00 DEBUG 33180 --- [           main] o.s.b.f.s.DefaultListableBeanFactory     : Creating shared instance of singleton bean 'applicationAvailability'
2023-09-26T00:31:54.370-05:00 DEBUG 33180 --- [           main] o.s.b.f.s.DefaultListableBeanFactory     : Creating shared instance of singleton bean 'org.springframework.boot.autoconfigure.transaction.jta.JtaAutoConfiguration'
2023-09-26T00:31:54.370-05:00 DEBUG 33180 --- [           main] o.s.b.f.s.DefaultListableBeanFactory     : Creating shared instance of singleton bean 'org.springframework.boot.autoconfigure.jdbc.metadata.DataSourcePoolMetadataProvidersConfiguration'
2023-09-26T00:31:54.371-05:00 DEBUG 33180 --- [           main] o.s.b.f.s.DefaultListableBeanFactory     : Creating shared instance of singleton bean 'org.springframework.boot.autoconfigure.jdbc.DataSourceAutoConfiguration'
2023-09-26T00:31:54.371-05:00 DEBUG 33180 --- [           main] o.s.b.f.s.DefaultListableBeanFactory     : Creating shared instance of singleton bean 'org.springframework.boot.autoconfigure.orm.jpa.JpaBaseConfiguration$PersistenceManagedTypesConfiguration'
2023-09-26T00:31:54.371-05:00 DEBUG 33180 --- [           main] o.s.b.f.s.DefaultListableBeanFactory     : Creating shared instance of singleton bean 'transactionManager'
2023-09-26T00:31:54.375-05:00 DEBUG 33180 --- [           main] o.s.b.f.s.DefaultListableBeanFactory     : Creating shared instance of singleton bean 'platformTransactionManagerCustomizers'
2023-09-26T00:31:54.375-05:00 DEBUG 33180 --- [           main] o.s.b.f.s.DefaultListableBeanFactory     : Creating shared instance of singleton bean 'org.springframework.boot.autoconfigure.transaction.TransactionAutoConfiguration'
2023-09-26T00:31:54.376-05:00 DEBUG 33180 --- [           main] o.s.b.f.s.DefaultListableBeanFactory     : Creating shared instance of singleton bean 'spring.transaction-org.springframework.boot.autoconfigure.transaction.TransactionProperties'
2023-09-26T00:31:54.390-05:00 DEBUG 33180 --- [           main] o.s.b.f.s.DefaultListableBeanFactory     : Creating shared instance of singleton bean 'org.springframework.boot.autoconfigure.orm.jpa.HibernateJpaAutoConfiguration'
2023-09-26T00:31:54.391-05:00 DEBUG 33180 --- [           main] o.s.b.f.s.DefaultListableBeanFactory     : Creating shared instance of singleton bean 'org.springframework.boot.autoconfigure.context.ConfigurationPropertiesAutoConfiguration'
2023-09-26T00:31:54.391-05:00 DEBUG 33180 --- [           main] o.s.b.f.s.DefaultListableBeanFactory     : Creating shared instance of singleton bean 'org.springframework.boot.autoconfigure.context.LifecycleAutoConfiguration'
2023-09-26T00:31:54.391-05:00 DEBUG 33180 --- [           main] o.s.b.f.s.DefaultListableBeanFactory     : Creating shared instance of singleton bean 'lifecycleProcessor'
2023-09-26T00:31:54.392-05:00 DEBUG 33180 --- [           main] o.s.b.f.s.DefaultListableBeanFactory     : Creating shared instance of singleton bean 'spring.lifecycle-org.springframework.boot.autoconfigure.context.LifecycleProperties'
2023-09-26T00:31:54.392-05:00 DEBUG 33180 --- [           main] o.s.b.f.s.DefaultListableBeanFactory     : Autowiring by type from bean name 'lifecycleProcessor' via factory method to bean named 'spring.lifecycle-org.springframework.boot.autoconfigure.context.LifecycleProperties'
2023-09-26T00:31:54.394-05:00 DEBUG 33180 --- [           main] o.s.b.f.s.DefaultListableBeanFactory     : Creating shared instance of singleton bean 'org.springframework.boot.autoconfigure.dao.PersistenceExceptionTranslationAutoConfiguration'
2023-09-26T00:31:54.394-05:00 DEBUG 33180 --- [           main] o.s.b.f.s.DefaultListableBeanFactory     : Creating shared instance of singleton bean 'org.springframework.boot.autoconfigure.data.jpa.JpaRepositoriesAutoConfiguration'
2023-09-26T00:31:54.394-05:00 DEBUG 33180 --- [           main] o.s.b.f.s.DefaultListableBeanFactory     : Creating shared instance of singleton bean 'org.springframework.data.jpa.util.JpaMetamodelCacheCleanup'
2023-09-26T00:31:54.395-05:00 DEBUG 33180 --- [           main] o.s.b.f.s.DefaultListableBeanFactory     : Creating shared instance of singleton bean 'org.springframework.data.jpa.repository.support.JpaEvaluationContextExtension'
2023-09-26T00:31:54.396-05:00 DEBUG 33180 --- [           main] o.s.b.f.s.DefaultListableBeanFactory     : Creating shared instance of singleton bean 'data-jpa.repository-aot-processor#0'
2023-09-26T00:31:54.402-05:00 DEBUG 33180 --- [           main] o.s.b.f.s.DefaultListableBeanFactory     : Creating shared instance of singleton bean 'org.springframework.boot.autoconfigure.gson.GsonAutoConfiguration'
2023-09-26T00:31:54.402-05:00 DEBUG 33180 --- [           main] o.s.b.f.s.DefaultListableBeanFactory     : Creating shared instance of singleton bean 'gsonBuilder'
2023-09-26T00:31:54.403-05:00 DEBUG 33180 --- [           main] o.s.b.f.s.DefaultListableBeanFactory     : Creating shared instance of singleton bean 'standardGsonBuilderCustomizer'
2023-09-26T00:31:54.403-05:00 DEBUG 33180 --- [           main] o.s.b.f.s.DefaultListableBeanFactory     : Creating shared instance of singleton bean 'spring.gson-org.springframework.boot.autoconfigure.gson.GsonProperties'
2023-09-26T00:31:54.405-05:00 DEBUG 33180 --- [           main] o.s.b.f.s.DefaultListableBeanFactory     : Autowiring by type from bean name 'standardGsonBuilderCustomizer' via factory method to bean named 'spring.gson-org.springframework.boot.autoconfigure.gson.GsonProperties'
2023-09-26T00:31:54.405-05:00 DEBUG 33180 --- [           main] o.s.b.f.s.DefaultListableBeanFactory     : Autowiring by type from bean name 'gsonBuilder' via factory method to bean named 'standardGsonBuilderCustomizer'
2023-09-26T00:31:54.416-05:00 DEBUG 33180 --- [           main] o.s.b.f.s.DefaultListableBeanFactory     : Creating shared instance of singleton bean 'gson'
2023-09-26T00:31:54.417-05:00 DEBUG 33180 --- [           main] o.s.b.f.s.DefaultListableBeanFactory     : Autowiring by type from bean name 'gson' via factory method to bean named 'gsonBuilder'
2023-09-26T00:31:54.419-05:00 DEBUG 33180 --- [           main] o.s.b.f.s.DefaultListableBeanFactory     : Creating shared instance of singleton bean 'org.springframework.boot.autoconfigure.http.JacksonHttpMessageConvertersConfiguration'
2023-09-26T00:31:54.420-05:00 DEBUG 33180 --- [           main] o.s.b.f.s.DefaultListableBeanFactory     : Creating shared instance of singleton bean 'org.springframework.boot.autoconfigure.http.GsonHttpMessageConvertersConfiguration'
2023-09-26T00:31:54.420-05:00 DEBUG 33180 --- [           main] o.s.b.f.s.DefaultListableBeanFactory     : Creating shared instance of singleton bean 'halLinkDisocoverer'
2023-09-26T00:31:54.425-05:00 DEBUG 33180 --- [           main] o.s.b.f.s.DefaultListableBeanFactory     : Creating shared instance of singleton bean 'halFormsLinkDiscoverer'
2023-09-26T00:31:54.426-05:00 DEBUG 33180 --- [           main] o.s.b.f.s.DefaultListableBeanFactory     : Creating shared instance of singleton bean 'halFormsTemplatePropertyWriter'
2023-09-26T00:31:54.440-05:00 DEBUG 33180 --- [           main] o.s.b.f.s.DefaultListableBeanFactory     : Creating shared instance of singleton bean 'org.springframework.hateoas.config.WebTestHateoasConfiguration'
2023-09-26T00:31:54.440-05:00 DEBUG 33180 --- [           main] o.s.b.f.s.DefaultListableBeanFactory     : Creating shared instance of singleton bean 'defaultRelProvider'
2023-09-26T00:31:54.441-05:00 DEBUG 33180 --- [           main] o.s.b.f.s.DefaultListableBeanFactory     : Creating shared instance of singleton bean 'annotationRelProvider'
2023-09-26T00:31:54.442-05:00 DEBUG 33180 --- [           main] o.s.b.f.s.DefaultListableBeanFactory     : Creating shared instance of singleton bean 'linkDiscoverers'
2023-09-26T00:31:54.442-05:00 DEBUG 33180 --- [           main] o.s.b.f.s.DefaultListableBeanFactory     : Creating shared instance of singleton bean 'linkDiscovererRegistry'
2023-09-26T00:31:54.445-05:00 DEBUG 33180 --- [           main] o.s.b.f.s.DefaultListableBeanFactory     : Autowiring by type from bean name 'linkDiscoverers' via factory method to bean named 'linkDiscovererRegistry'
2023-09-26T00:31:54.445-05:00 DEBUG 33180 --- [           main] o.s.b.f.s.DefaultListableBeanFactory     : Creating shared instance of singleton bean 'org.springframework.hateoas.config.WebMvcEntityLinksConfiguration'
2023-09-26T00:31:54.446-05:00 DEBUG 33180 --- [           main] o.s.b.f.s.DefaultListableBeanFactory     : Creating shared instance of singleton bean 'webMvcEntityLinks'
2023-09-26T00:31:54.448-05:00 DEBUG 33180 --- [           main] o.s.b.f.s.DefaultListableBeanFactory     : Creating shared instance of singleton bean 'webMvcLinkBuilderFactory'
2023-09-26T00:31:54.462-05:00 DEBUG 33180 --- [           main] o.s.b.f.s.DefaultListableBeanFactory     : Creating shared instance of singleton bean 'entityLinksPluginRegistry'
2023-09-26T00:31:54.462-05:00 DEBUG 33180 --- [           main] o.s.b.f.s.DefaultListableBeanFactory     : Autowiring by type from bean name 'entityLinksPluginRegistry' via factory method to bean named 'org.springframework.web.context.support.GenericWebApplicationContext@56b78e55'
2023-09-26T00:31:54.462-05:00 DEBUG 33180 --- [           main] o.s.b.f.s.DefaultListableBeanFactory     : Creating shared instance of singleton bean 'delegatingEntityLinks'
2023-09-26T00:31:54.463-05:00 DEBUG 33180 --- [           main] o.s.b.f.s.DefaultListableBeanFactory     : Autowiring by type from bean name 'delegatingEntityLinks' via factory method to bean named 'entityLinksPluginRegistry'
2023-09-26T00:31:54.464-05:00 DEBUG 33180 --- [           main] o.s.b.f.s.DefaultListableBeanFactory     : Creating shared instance of singleton bean 'org.springframework.hateoas.config.RestTemplateHateoasConfiguration'
2023-09-26T00:31:54.464-05:00 DEBUG 33180 --- [           main] o.s.b.f.s.DefaultListableBeanFactory     : Creating shared instance of singleton bean 'org.springframework.data.rest.webmvc.RestControllerConfiguration'
2023-09-26T00:31:54.464-05:00 DEBUG 33180 --- [           main] o.s.b.f.s.DefaultListableBeanFactory     : Autowiring by type from bean name 'org.springframework.data.rest.webmvc.RestControllerConfiguration' via constructor to bean named 'repositoryRestConfiguration'
2023-09-26T00:31:54.464-05:00 DEBUG 33180 --- [           main] o.s.b.f.s.DefaultListableBeanFactory     : Autowiring by type from bean name 'org.springframework.data.rest.webmvc.RestControllerConfiguration' via constructor to bean named 'resourceMappings'
2023-09-26T00:31:54.464-05:00 DEBUG 33180 --- [           main] o.s.b.f.s.DefaultListableBeanFactory     : Autowiring by type from bean name 'org.springframework.data.rest.webmvc.RestControllerConfiguration' via constructor to bean named 'repositories'
2023-09-26T00:31:54.464-05:00 DEBUG 33180 --- [           main] o.s.b.f.s.DefaultListableBeanFactory     : Autowiring by type from bean name 'org.springframework.data.rest.webmvc.RestControllerConfiguration' via constructor to bean named 'entityLinks'
2023-09-26T00:31:54.465-05:00 DEBUG 33180 --- [           main] o.s.b.f.s.DefaultListableBeanFactory     : Creating shared instance of singleton bean 'repositoryController'
2023-09-26T00:31:54.465-05:00 DEBUG 33180 --- [           main] o.s.b.f.s.DefaultListableBeanFactory     : Creating shared instance of singleton bean 'repositoryEntityController'
2023-09-26T00:31:54.466-05:00 DEBUG 33180 --- [           main] o.s.b.f.s.DefaultListableBeanFactory     : Creating shared instance of singleton bean 'httpHeadersPreparer'
2023-09-26T00:31:54.466-05:00 DEBUG 33180 --- [           main] o.s.b.f.s.DefaultListableBeanFactory     : Creating shared instance of singleton bean 'auditableBeanWrapperFactory'
2023-09-26T00:31:54.466-05:00 DEBUG 33180 --- [           main] o.s.b.f.s.DefaultListableBeanFactory     : Autowiring by type from bean name 'auditableBeanWrapperFactory' via factory method to bean named 'persistentEntities'
2023-09-26T00:31:54.473-05:00 DEBUG 33180 --- [           main] o.s.b.f.s.DefaultListableBeanFactory     : Autowiring by type from bean name 'httpHeadersPreparer' via factory method to bean named 'auditableBeanWrapperFactory'
2023-09-26T00:31:54.474-05:00 DEBUG 33180 --- [           main] o.s.b.f.s.DefaultListableBeanFactory     : Autowiring by type from bean name 'repositoryEntityController' via factory method to bean named 'httpHeadersPreparer'
2023-09-26T00:31:54.479-05:00 DEBUG 33180 --- [           main] o.s.b.f.s.DefaultListableBeanFactory     : Creating shared instance of singleton bean 'repositoryPropertyReferenceController'
2023-09-26T00:31:54.479-05:00 DEBUG 33180 --- [           main] o.s.b.f.s.DefaultListableBeanFactory     : Autowiring by type from bean name 'repositoryPropertyReferenceController' via factory method to bean named 'repositoryInvokerFactory'
2023-09-26T00:31:54.485-05:00 DEBUG 33180 --- [           main] o.s.b.f.s.DefaultListableBeanFactory     : Creating shared instance of singleton bean 'repositorySearchController'
2023-09-26T00:31:54.485-05:00 DEBUG 33180 --- [           main] o.s.b.f.s.DefaultListableBeanFactory     : Autowiring by type from bean name 'repositorySearchController' via factory method to bean named 'httpHeadersPreparer'
2023-09-26T00:31:54.490-05:00 DEBUG 33180 --- [           main] o.s.b.f.s.DefaultListableBeanFactory     : Creating shared instance of singleton bean 'repositorySchemaController'
2023-09-26T00:31:54.490-05:00 DEBUG 33180 --- [           main] o.s.b.f.s.DefaultListableBeanFactory     : Creating shared instance of singleton bean 'jsonSchemaConverter'
2023-09-26T00:31:54.499-05:00 DEBUG 33180 --- [           main] o.s.b.f.s.DefaultListableBeanFactory     : Autowiring by type from bean name 'repositorySchemaController' via factory method to bean named 'jsonSchemaConverter'
2023-09-26T00:31:54.499-05:00 DEBUG 33180 --- [           main] o.s.b.f.s.DefaultListableBeanFactory     : Creating shared instance of singleton bean 'alpsController'
2023-09-26T00:31:54.500-05:00 DEBUG 33180 --- [           main] o.s.b.f.s.DefaultListableBeanFactory     : Creating shared instance of singleton bean 'profileController'
2023-09-26T00:31:54.501-05:00 DEBUG 33180 --- [           main] o.s.b.f.s.DefaultListableBeanFactory     : Creating shared instance of singleton bean 'repositoryRelProvider'
2023-09-26T00:31:54.502-05:00 DEBUG 33180 --- [           main] o.s.b.f.s.DefaultListableBeanFactory     : Creating shared instance of singleton bean 'defaultConversionService'
2023-09-26T00:31:54.502-05:00 DEBUG 33180 --- [           main] o.s.b.f.s.DefaultListableBeanFactory     : Autowiring by type from bean name 'defaultConversionService' via factory method to bean named 'persistentEntities'
2023-09-26T00:31:54.502-05:00 DEBUG 33180 --- [           main] o.s.b.f.s.DefaultListableBeanFactory     : Autowiring by type from bean name 'defaultConversionService' via factory method to bean named 'repositoryInvokerFactory'
2023-09-26T00:31:54.507-05:00 DEBUG 33180 --- [           main] o.s.b.f.s.DefaultListableBeanFactory     : Creating shared instance of singleton bean 'validatingRepositoryEventListener'
2023-09-26T00:31:54.508-05:00 DEBUG 33180 --- [           main] o.s.b.f.s.DefaultListableBeanFactory     : Creating shared instance of singleton bean 'jpaHelper'
2023-09-26T00:31:54.509-05:00 DEBUG 33180 --- [           main] o.s.b.f.s.DefaultListableBeanFactory     : Creating shared instance of singleton bean 'metadataConfiguration'
2023-09-26T00:31:54.510-05:00 DEBUG 33180 --- [           main] o.s.b.f.s.DefaultListableBeanFactory     : Creating shared instance of singleton bean 'repositoryExporterHandlerAdapter'
2023-09-26T00:31:54.521-05:00 DEBUG 33180 --- [           main] o.s.b.f.s.DefaultListableBeanFactory     : Autowiring by type from bean name 'repositoryExporterHandlerAdapter' via factory method to bean named 'defaultMessageConverters'
2023-09-26T00:31:54.521-05:00 DEBUG 33180 --- [           main] o.s.b.f.s.DefaultListableBeanFactory     : Autowiring by type from bean name 'repositoryExporterHandlerAdapter' via factory method to bean named 'alpsJsonHttpMessageConverter'
2023-09-26T00:31:54.521-05:00 DEBUG 33180 --- [           main] o.s.b.f.s.DefaultListableBeanFactory     : Autowiring by type from bean name 'repositoryExporterHandlerAdapter' via factory method to bean named 'selfLinkProvider'
2023-09-26T00:31:54.521-05:00 DEBUG 33180 --- [           main] o.s.b.f.s.DefaultListableBeanFactory     : Autowiring by type from bean name 'repositoryExporterHandlerAdapter' via factory method to bean named 'persistentEntityArgumentResolver'
2023-09-26T00:31:54.521-05:00 DEBUG 33180 --- [           main] o.s.b.f.s.DefaultListableBeanFactory     : Autowiring by type from bean name 'repositoryExporterHandlerAdapter' via factory method to bean named 'persistentEntityResourceAssemblerArgumentResolver'
2023-09-26T00:31:54.521-05:00 DEBUG 33180 --- [           main] o.s.b.f.s.DefaultListableBeanFactory     : Autowiring by type from bean name 'repositoryExporterHandlerAdapter' via factory method to bean named 'repoRequestArgumentResolver'
2023-09-26T00:31:54.521-05:00 DEBUG 33180 --- [           main] o.s.b.f.s.DefaultListableBeanFactory     : Autowiring by type from bean name 'repositoryExporterHandlerAdapter' via factory method to bean named 'repositoryRestConfiguration'
2023-09-26T00:31:54.524-05:00 DEBUG 33180 --- [           main] o.s.d.r.w.RepositoryRestHandlerAdapter   : ControllerAdvice beans: 0 @ModelAttribute, 0 @InitBinder, 0 RequestBodyAdvice, 2 ResponseBodyAdvice
2023-09-26T00:31:54.525-05:00 DEBUG 33180 --- [           main] o.s.b.f.s.DefaultListableBeanFactory     : Creating shared instance of singleton bean 'restHandlerMapping'
2023-09-26T00:31:54.526-05:00 DEBUG 33180 --- [           main] o.s.b.f.s.DefaultListableBeanFactory     : Autowiring by type from bean name 'restHandlerMapping' via factory method to bean named 'repositories'
2023-09-26T00:31:54.526-05:00 DEBUG 33180 --- [           main] o.s.b.f.s.DefaultListableBeanFactory     : Autowiring by type from bean name 'restHandlerMapping' via factory method to bean named 'resourceMappings'
2023-09-26T00:31:54.526-05:00 DEBUG 33180 --- [           main] o.s.b.f.s.DefaultListableBeanFactory     : Autowiring by type from bean name 'restHandlerMapping' via factory method to bean named 'repositoryRestConfiguration'
2023-09-26T00:31:54.543-05:00 DEBUG 33180 --- [           main] _.s.web.servlet.HandlerMapping.Mappings  : 
	o.s.d.r.w.RepositoryController:
	{HEAD [/ || ], produces [application/hal+json || application/json || application/prs.hal-forms+json]}: headForRepositories()
	{OPTIONS [/ || ], produces [application/hal+json || application/json || application/prs.hal-forms+json]}: optionsForRepositories()
	{GET [/ || ], produces [application/hal+json || application/json || application/prs.hal-forms+json]}: listRepositories()
2023-09-26T00:31:54.546-05:00 DEBUG 33180 --- [           main] _.s.web.servlet.HandlerMapping.Mappings  : 
	o.s.d.r.w.RepositoryEntityController:
	{POST [/{repository}], produces [application/hal+json || application/json || application/prs.hal-forms+json]}: postCollectionResource(RootResourceInformation,PersistentEntityResource,PersistentEntityResourceAssembler,String)
	{HEAD [/{repository}/{id}], produces [application/hal+json || application/json || application/prs.hal-forms+json]}: headForItemResource(RootResourceInformation,Serializable,PersistentEntityResourceAssembler)
	{GET [/{repository}], produces [application/hal+json || application/json || application/prs.hal-forms+json]}: getCollectionResource(RootResourceInformation,DefaultedPageable,Sort,RepresentationModelAssemblers)
	{OPTIONS [/{repository}/{id}], produces [application/hal+json || application/json || application/prs.hal-forms+json]}: optionsForItemResource(RootResourceInformation)
	{GET [/{repository}], produces [application/x-spring-data-compact+json || text/uri-list]}: getCollectionResourceCompact(RootResourceInformation,DefaultedPageable,Sort,RepresentationModelAssemblers)
	{HEAD [/{repository}], produces [application/hal+json || application/json || application/prs.hal-forms+json]}: headCollectionResource(RootResourceInformation,DefaultedPageable)
	{OPTIONS [/{repository}], produces [application/hal+json || application/json || application/prs.hal-forms+json]}: optionsForCollectionResource(RootResourceInformation)
	{GET [/{repository}/{id}], produces [application/hal+json || application/json || application/prs.hal-forms+json]}: getItemResource(RootResourceInformation,Serializable,PersistentEntityResourceAssembler,HttpHeaders)
	{PATCH [/{repository}/{id}], produces [application/hal+json || application/json || application/prs.hal-forms+json]}: patchItemResource(RootResourceInformation,PersistentEntityResource,Serializable,PersistentEntityResourceAssembler,ETag,String)
	{DELETE [/{repository}/{id}], produces [application/hal+json || application/json || application/prs.hal-forms+json]}: deleteItemResource(RootResourceInformation,Serializable,ETag,PersistentEntityResourceAssembler,String)
	{PUT [/{repository}/{id}], produces [application/hal+json || application/json || application/prs.hal-forms+json]}: putItemResource(RootResourceInformation,PersistentEntityResource,Serializable,PersistentEntityResourceAssembler,ETag,String)
2023-09-26T00:31:54.548-05:00 DEBUG 33180 --- [           main] _.s.web.servlet.HandlerMapping.Mappings  : 
	o.s.d.r.w.RepositoryPropertyReferenceController:
	{GET [/{repository}/{id}/{property}], produces [application/hal+json || application/json || application/prs.hal-forms+json]}: followPropertyReference(RootResourceInformation,Serializable,String,RepresentationModelAssemblers)
	{GET [/{repository}/{id}/{property}/{propertyId}], produces [application/hal+json || application/json || application/prs.hal-forms+json]}: followPropertyReference(RootResourceInformation,Serializable,String,String,RepresentationModelAssemblers)
	{DELETE [/{repository}/{id}/{property}], produces [application/hal+json || application/json || application/prs.hal-forms+json]}: deletePropertyReference(RootResourceInformation,Serializable,String)
	{DELETE [/{repository}/{id}/{property}/{propertyId}], produces [application/hal+json || application/json || application/prs.hal-forms+json]}: deletePropertyReferenceId(RootResourceInformation,Serializable,String,String)
	{GET [/{repository}/{id}/{property}], produces [text/uri-list]}: followPropertyReferenceCompact(RootResourceInformation,Serializable,String,HttpHeaders,RepresentationModelAssemblers)
	{[PATCH, PUT, POST] [/{repository}/{id}/{property}], consumes [application/json || application/x-spring-data-compact+json || text/uri-list], produces [application/hal+json || application/json || application/prs.hal-forms+json]}: createPropertyReference(RootResourceInformation,HttpMethod,CollectionModel,Serializable,String)
2023-09-26T00:31:54.554-05:00 DEBUG 33180 --- [           main] _.s.web.servlet.HandlerMapping.Mappings  : 
	o.s.d.r.w.RepositorySearchController:
	{GET [/{repository}/search/{search}], produces [application/x-spring-data-compact+json]}: executeSearchCompact(RootResourceInformation,HttpHeaders,MultiValueMap,String,String,DefaultedPageable,Sort,RepresentationModelAssemblers)
	{GET [/{repository}/search/{search}], produces [application/hal+json || application/json || application/prs.hal-forms+json]}: executeSearch(RootResourceInformation,MultiValueMap,String,DefaultedPageable,Sort,HttpHeaders,RepresentationModelAssemblers)
	{OPTIONS [/{repository}/search], produces [application/hal+json || application/json || application/prs.hal-forms+json]}: optionsForSearches(RootResourceInformation)
	{GET [/{repository}/search], produces [application/hal+json || application/json || application/prs.hal-forms+json]}: listSearches(RootResourceInformation)
	{HEAD [/{repository}/search], produces [application/hal+json || application/json || application/prs.hal-forms+json]}: headForSearches(RootResourceInformation)
	{OPTIONS [/{repository}/search/{search}], produces [application/hal+json || application/json || application/prs.hal-forms+json]}: optionsForSearch(RootResourceInformation,String)
	{HEAD [/{repository}/search/{search}], produces [application/hal+json || application/json || application/prs.hal-forms+json]}: headForSearch(RootResourceInformation,String)
2023-09-26T00:31:54.555-05:00 DEBUG 33180 --- [           main] o.s.d.r.w.RepositoryRestHandlerMapping   : 27 mappings in org.springframework.data.rest.webmvc.RepositoryRestHandlerMapping
2023-09-26T00:31:54.555-05:00 DEBUG 33180 --- [           main] _.s.web.servlet.HandlerMapping.Mappings  : 
	o.s.d.r.w.RepositorySchemaController:
	{GET [/profile/{repository}], produces [application/schema+json]}: schema(RootResourceInformation)
2023-09-26T00:31:54.556-05:00 DEBUG 33180 --- [           main] _.s.web.servlet.HandlerMapping.Mappings  : 
	o.s.d.r.w.a.AlpsController:
	{GET [/profile/{repository}], produces [application/alps+json || */*]}: descriptor(RootResourceInformation)
	{OPTIONS [/profile/{repository}], produces [application/alps+json]}: alpsOptions()
2023-09-26T00:31:54.556-05:00 DEBUG 33180 --- [           main] _.s.web.servlet.HandlerMapping.Mappings  : 
	o.s.d.r.w.ProfileController:
	{GET [/profile]}: listAllFormsOfMetadata()
	{OPTIONS [/profile]}: profileOptions()
2023-09-26T00:31:54.556-05:00 DEBUG 33180 --- [           main] o.s.d.r.w.BasePathAwareHandlerMapping    : 5 mappings in org.springframework.data.rest.webmvc.BasePathAwareHandlerMapping
2023-09-26T00:31:54.557-05:00 DEBUG 33180 --- [           main] o.s.b.f.s.DefaultListableBeanFactory     : Creating shared instance of singleton bean 'repositoryRestExceptionHandler'
2023-09-26T00:31:54.558-05:00 DEBUG 33180 --- [           main] o.s.b.f.s.DefaultListableBeanFactory     : Creating shared instance of singleton bean 'spring.hateoas-org.springframework.boot.autoconfigure.hateoas.HateoasProperties'
2023-09-26T00:31:54.559-05:00 DEBUG 33180 --- [           main] o.s.b.f.s.DefaultListableBeanFactory     : Creating shared instance of singleton bean 'org.springframework.boot.autoconfigure.info.ProjectInfoAutoConfiguration'
2023-09-26T00:31:54.564-05:00 DEBUG 33180 --- [           main] o.s.b.f.s.DefaultListableBeanFactory     : Creating shared instance of singleton bean 'spring.info-org.springframework.boot.autoconfigure.info.ProjectInfoProperties'
2023-09-26T00:31:54.565-05:00 DEBUG 33180 --- [           main] o.s.b.f.s.DefaultListableBeanFactory     : Autowiring by type from bean name 'org.springframework.boot.autoconfigure.info.ProjectInfoAutoConfiguration' via constructor to bean named 'spring.info-org.springframework.boot.autoconfigure.info.ProjectInfoProperties'
2023-09-26T00:31:54.565-05:00 DEBUG 33180 --- [           main] o.s.b.f.s.DefaultListableBeanFactory     : Creating shared instance of singleton bean 'org.springframework.boot.autoconfigure.jdbc.JdbcTemplateConfiguration'
2023-09-26T00:31:54.566-05:00 DEBUG 33180 --- [           main] o.s.b.f.s.DefaultListableBeanFactory     : Creating shared instance of singleton bean 'jdbcTemplate'
2023-09-26T00:31:54.566-05:00 DEBUG 33180 --- [           main] o.s.b.f.s.DefaultListableBeanFactory     : Creating shared instance of singleton bean 'spring.jdbc-org.springframework.boot.autoconfigure.jdbc.JdbcProperties'
2023-09-26T00:31:54.566-05:00 DEBUG 33180 --- [           main] o.s.b.f.s.DefaultListableBeanFactory     : Autowiring by type from bean name 'jdbcTemplate' via factory method to bean named 'dataSource'
2023-09-26T00:31:54.566-05:00 DEBUG 33180 --- [           main] o.s.b.f.s.DefaultListableBeanFactory     : Autowiring by type from bean name 'jdbcTemplate' via factory method to bean named 'spring.jdbc-org.springframework.boot.autoconfigure.jdbc.JdbcProperties'
2023-09-26T00:31:54.572-05:00 DEBUG 33180 --- [           main] o.s.b.f.s.DefaultListableBeanFactory     : Creating shared instance of singleton bean 'org.springframework.boot.autoconfigure.jdbc.NamedParameterJdbcTemplateConfiguration'
2023-09-26T00:31:54.572-05:00 DEBUG 33180 --- [           main] o.s.b.f.s.DefaultListableBeanFactory     : Creating shared instance of singleton bean 'namedParameterJdbcTemplate'
2023-09-26T00:31:54.573-05:00 DEBUG 33180 --- [           main] o.s.b.f.s.DefaultListableBeanFactory     : Autowiring by type from bean name 'namedParameterJdbcTemplate' via factory method to bean named 'jdbcTemplate'
2023-09-26T00:31:54.582-05:00 DEBUG 33180 --- [           main] o.s.b.f.s.DefaultListableBeanFactory     : Creating shared instance of singleton bean 'org.springframework.boot.autoconfigure.jdbc.JdbcTemplateAutoConfiguration'
2023-09-26T00:31:54.583-05:00 DEBUG 33180 --- [           main] o.s.b.f.s.DefaultListableBeanFactory     : Creating shared instance of singleton bean 'org.springframework.boot.autoconfigure.sql.init.SqlInitializationAutoConfiguration'
2023-09-26T00:31:54.583-05:00 DEBUG 33180 --- [           main] o.s.b.f.s.DefaultListableBeanFactory     : Creating shared instance of singleton bean 'org.springframework.boot.autoconfigure.task.TaskSchedulingAutoConfiguration'
2023-09-26T00:31:54.583-05:00 DEBUG 33180 --- [           main] o.s.b.f.s.DefaultListableBeanFactory     : Creating shared instance of singleton bean 'taskSchedulerBuilder'
2023-09-26T00:31:54.586-05:00 DEBUG 33180 --- [           main] o.s.b.f.s.DefaultListableBeanFactory     : Creating shared instance of singleton bean 'spring.task.scheduling-org.springframework.boot.autoconfigure.task.TaskSchedulingProperties'
2023-09-26T00:31:54.586-05:00 DEBUG 33180 --- [           main] o.s.b.f.s.DefaultListableBeanFactory     : Autowiring by type from bean name 'taskSchedulerBuilder' via factory method to bean named 'spring.task.scheduling-org.springframework.boot.autoconfigure.task.TaskSchedulingProperties'
2023-09-26T00:31:54.588-05:00 DEBUG 33180 --- [           main] o.s.b.f.s.DefaultListableBeanFactory     : Creating shared instance of singleton bean 'org.springframework.boot.autoconfigure.jdbc.DataSourceTransactionManagerAutoConfiguration$JdbcTransactionManagerConfiguration'
2023-09-26T00:31:54.589-05:00 DEBUG 33180 --- [           main] o.s.b.f.s.DefaultListableBeanFactory     : Creating shared instance of singleton bean 'org.springframework.boot.autoconfigure.jdbc.DataSourceTransactionManagerAutoConfiguration'
2023-09-26T00:31:54.589-05:00 DEBUG 33180 --- [           main] o.s.b.f.s.DefaultListableBeanFactory     : Creating shared instance of singleton bean 'org.springframework.boot.autoconfigure.transaction.TransactionAutoConfiguration$EnableTransactionManagementConfiguration$CglibAutoProxyConfiguration'
2023-09-26T00:31:54.589-05:00 DEBUG 33180 --- [           main] o.s.b.f.s.DefaultListableBeanFactory     : Creating shared instance of singleton bean 'org.springframework.boot.autoconfigure.transaction.TransactionAutoConfiguration$EnableTransactionManagementConfiguration'
2023-09-26T00:31:54.589-05:00 DEBUG 33180 --- [           main] o.s.b.f.s.DefaultListableBeanFactory     : Creating shared instance of singleton bean 'org.springframework.boot.autoconfigure.transaction.TransactionAutoConfiguration$TransactionTemplateConfiguration'
2023-09-26T00:31:54.589-05:00 DEBUG 33180 --- [           main] o.s.b.f.s.DefaultListableBeanFactory     : Creating shared instance of singleton bean 'transactionTemplate'
2023-09-26T00:31:54.589-05:00 DEBUG 33180 --- [           main] o.s.b.f.s.DefaultListableBeanFactory     : Autowiring by type from bean name 'transactionTemplate' via factory method to bean named 'transactionManager'
2023-09-26T00:31:54.592-05:00 DEBUG 33180 --- [           main] o.s.b.f.s.DefaultListableBeanFactory     : Creating shared instance of singleton bean 'org.springframework.boot.autoconfigure.web.client.RestTemplateAutoConfiguration'
2023-09-26T00:31:54.593-05:00 DEBUG 33180 --- [           main] o.s.b.f.s.DefaultListableBeanFactory     : Creating shared instance of singleton bean 'characterEncodingFilter'
2023-09-26T00:31:54.594-05:00 DEBUG 33180 --- [           main] o.s.b.f.s.DefaultListableBeanFactory     : Creating shared instance of singleton bean 'multipartResolver'
2023-09-26T00:31:54.613-05:00 DEBUG 33180 --- [           main] o.s.c.support.DefaultLifecycleProcessor  : Starting beans in phase -2147483647
2023-09-26T00:31:54.614-05:00 DEBUG 33180 --- [           main] o.s.c.support.DefaultLifecycleProcessor  : Successfully started bean 'springBootLoggingLifecycle'
2023-09-26T00:31:54.644-05:00 DEBUG 33180 --- [           main] .s.b.a.l.ConditionEvaluationReportLogger : 


============================
CONDITIONS EVALUATION REPORT
============================


Positive matches:
-----------------

   AopAutoConfiguration matched:
      - @ConditionalOnProperty (spring.aop.auto=true) matched (OnPropertyCondition)

   AopAutoConfiguration.AspectJAutoProxyingConfiguration matched:
      - @ConditionalOnClass found required class 'org.aspectj.weaver.Advice' (OnClassCondition)

   AopAutoConfiguration.AspectJAutoProxyingConfiguration.CglibAutoProxyConfiguration matched:
      - @ConditionalOnProperty (spring.aop.proxy-target-class=true) matched (OnPropertyCondition)

   ApplicationAvailabilityAutoConfiguration#applicationAvailability matched:
      - @ConditionalOnMissingBean (types: org.springframework.boot.availability.ApplicationAvailability; SearchStrategy: all) did not find any beans (OnBeanCondition)

   DataSourceAutoConfiguration matched:
      - @ConditionalOnClass found required classes 'javax.sql.DataSource', 'org.springframework.jdbc.datasource.embedded.EmbeddedDatabaseType' (OnClassCondition)
      - @ConditionalOnMissingBean (types: io.r2dbc.spi.ConnectionFactory; SearchStrategy: all) did not find any beans (OnBeanCondition)

   DataSourceAutoConfiguration.PooledDataSourceConfiguration matched:
      - AnyNestedCondition 1 matched 1 did not; NestedCondition on DataSourceAutoConfiguration.PooledDataSourceCondition.PooledDataSourceAvailable PooledDataSource found supported DataSource; NestedCondition on DataSourceAutoConfiguration.PooledDataSourceCondition.ExplicitType @ConditionalOnProperty (spring.datasource.type) did not find property 'type' (DataSourceAutoConfiguration.PooledDataSourceCondition)
      - @ConditionalOnMissingBean (types: javax.sql.DataSource,javax.sql.XADataSource; SearchStrategy: all) did not find any beans (OnBeanCondition)

   DataSourceAutoConfiguration.PooledDataSourceConfiguration#jdbcConnectionDetails matched:
      - @ConditionalOnMissingBean (types: org.springframework.boot.autoconfigure.jdbc.JdbcConnectionDetails; SearchStrategy: all) did not find any beans (OnBeanCondition)

   DataSourceConfiguration.Hikari matched:
      - @ConditionalOnClass found required class 'com.zaxxer.hikari.HikariDataSource' (OnClassCondition)
      - @ConditionalOnProperty (spring.datasource.type=com.zaxxer.hikari.HikariDataSource) matched (OnPropertyCondition)
      - @ConditionalOnMissingBean (types: javax.sql.DataSource; SearchStrategy: all) did not find any beans (OnBeanCondition)

   DataSourceInitializationConfiguration matched:
      - @ConditionalOnClass found required class 'org.springframework.jdbc.datasource.init.DatabasePopulator' (OnClassCondition)
      - @ConditionalOnSingleCandidate (types: javax.sql.DataSource; SearchStrategy: all) found a single bean 'dataSource'; @ConditionalOnMissingBean (types: org.springframework.boot.autoconfigure.sql.init.SqlDataSourceScriptDatabaseInitializer,org.springframework.boot.autoconfigure.sql.init.SqlR2dbcScriptDatabaseInitializer; SearchStrategy: all) did not find any beans (OnBeanCondition)

   DataSourcePoolMetadataProvidersConfiguration.HikariPoolDataSourceMetadataProviderConfiguration matched:
      - @ConditionalOnClass found required class 'com.zaxxer.hikari.HikariDataSource' (OnClassCondition)

   DataSourceTransactionManagerAutoConfiguration matched:
      - @ConditionalOnClass found required classes 'org.springframework.jdbc.core.JdbcTemplate', 'org.springframework.transaction.TransactionManager' (OnClassCondition)

   DataSourceTransactionManagerAutoConfiguration.JdbcTransactionManagerConfiguration matched:
      - @ConditionalOnSingleCandidate (types: javax.sql.DataSource; SearchStrategy: all) found a single bean 'dataSource' (OnBeanCondition)

   DispatcherServletAutoConfiguration matched:
      - @ConditionalOnClass found required class 'org.springframework.web.servlet.DispatcherServlet' (OnClassCondition)
      - found 'session' scope (OnWebApplicationCondition)

   DispatcherServletAutoConfiguration.DispatcherServletConfiguration matched:
      - @ConditionalOnClass found required class 'jakarta.servlet.ServletRegistration' (OnClassCondition)
      - Default DispatcherServlet did not find dispatcher servlet beans (DispatcherServletAutoConfiguration.DefaultDispatcherServletCondition)

   DispatcherServletAutoConfiguration.DispatcherServletRegistrationConfiguration matched:
      - @ConditionalOnClass found required class 'jakarta.servlet.ServletRegistration' (OnClassCondition)
      - DispatcherServlet Registration did not find servlet registration bean (DispatcherServletAutoConfiguration.DispatcherServletRegistrationCondition)

   DispatcherServletAutoConfiguration.DispatcherServletRegistrationConfiguration#dispatcherServletRegistration matched:
      - @ConditionalOnBean (names: dispatcherServlet types: org.springframework.web.servlet.DispatcherServlet; SearchStrategy: all) found bean 'dispatcherServlet' (OnBeanCondition)

   ErrorMvcAutoConfiguration matched:
      - @ConditionalOnClass found required classes 'jakarta.servlet.Servlet', 'org.springframework.web.servlet.DispatcherServlet' (OnClassCondition)
      - found 'session' scope (OnWebApplicationCondition)

   ErrorMvcAutoConfiguration#basicErrorController matched:
      - @ConditionalOnMissingBean (types: org.springframework.boot.web.servlet.error.ErrorController; SearchStrategy: current) did not find any beans (OnBeanCondition)

   ErrorMvcAutoConfiguration#errorAttributes matched:
      - @ConditionalOnMissingBean (types: org.springframework.boot.web.servlet.error.ErrorAttributes; SearchStrategy: current) did not find any beans (OnBeanCondition)

   ErrorMvcAutoConfiguration.DefaultErrorViewResolverConfiguration#conventionErrorViewResolver matched:
      - @ConditionalOnBean (types: org.springframework.web.servlet.DispatcherServlet; SearchStrategy: all) found bean 'dispatcherServlet'; @ConditionalOnMissingBean (types: org.springframework.boot.autoconfigure.web.servlet.error.ErrorViewResolver; SearchStrategy: all) did not find any beans (OnBeanCondition)

   ErrorMvcAutoConfiguration.WhitelabelErrorViewConfiguration matched:
      - @ConditionalOnProperty (server.error.whitelabel.enabled) matched (OnPropertyCondition)
      - ErrorTemplate Missing did not find error template view (ErrorMvcAutoConfiguration.ErrorTemplateMissingCondition)

   ErrorMvcAutoConfiguration.WhitelabelErrorViewConfiguration#beanNameViewResolver matched:
      - @ConditionalOnMissingBean (types: org.springframework.web.servlet.view.BeanNameViewResolver; SearchStrategy: all) did not find any beans (OnBeanCondition)

   ErrorMvcAutoConfiguration.WhitelabelErrorViewConfiguration#defaultErrorView matched:
      - @ConditionalOnMissingBean (names: error; SearchStrategy: all) did not find any beans (OnBeanCondition)

   GenericCacheConfiguration matched:
      - Cache org.springframework.boot.autoconfigure.cache.GenericCacheConfiguration automatic cache type (CacheCondition)

   GsonAutoConfiguration matched:
      - @ConditionalOnClass found required class 'com.google.gson.Gson' (OnClassCondition)

   GsonAutoConfiguration#gson matched:
      - @ConditionalOnMissingBean (types: com.google.gson.Gson; SearchStrategy: all) did not find any beans (OnBeanCondition)

   GsonAutoConfiguration#gsonBuilder matched:
      - @ConditionalOnMissingBean (types: com.google.gson.GsonBuilder; SearchStrategy: all) did not find any beans (OnBeanCondition)

   GsonHttpMessageConvertersConfiguration matched:
      - @ConditionalOnClass found required class 'com.google.gson.Gson' (OnClassCondition)

   HibernateJpaAutoConfiguration matched:
      - @ConditionalOnClass found required classes 'org.springframework.orm.jpa.LocalContainerEntityManagerFactoryBean', 'jakarta.persistence.EntityManager', 'org.hibernate.engine.spi.SessionImplementor' (OnClassCondition)

   HibernateJpaConfiguration matched:
      - @ConditionalOnSingleCandidate (types: javax.sql.DataSource; SearchStrategy: all) found a single bean 'dataSource' (OnBeanCondition)

   HttpEncodingAutoConfiguration matched:
      - @ConditionalOnClass found required class 'org.springframework.web.filter.CharacterEncodingFilter' (OnClassCondition)
      - found 'session' scope (OnWebApplicationCondition)
      - @ConditionalOnProperty (server.servlet.encoding.enabled) matched (OnPropertyCondition)

   HttpEncodingAutoConfiguration#characterEncodingFilter matched:
      - @ConditionalOnMissingBean (types: org.springframework.web.filter.CharacterEncodingFilter; SearchStrategy: all) did not find any beans (OnBeanCondition)

   HttpMessageConvertersAutoConfiguration matched:
      - @ConditionalOnClass found required class 'org.springframework.http.converter.HttpMessageConverter' (OnClassCondition)
      - NoneNestedConditions 0 matched 1 did not; NestedCondition on HttpMessageConvertersAutoConfiguration.NotReactiveWebApplicationCondition.ReactiveWebApplication did not find reactive web application classes (HttpMessageConvertersAutoConfiguration.NotReactiveWebApplicationCondition)

   HttpMessageConvertersAutoConfiguration#messageConverters matched:
      - @ConditionalOnMissingBean (types: org.springframework.boot.autoconfigure.http.HttpMessageConverters; SearchStrategy: all) did not find any beans (OnBeanCondition)

   HttpMessageConvertersAutoConfiguration.StringHttpMessageConverterConfiguration matched:
      - @ConditionalOnClass found required class 'org.springframework.http.converter.StringHttpMessageConverter' (OnClassCondition)

   HttpMessageConvertersAutoConfiguration.StringHttpMessageConverterConfiguration#stringHttpMessageConverter matched:
      - @ConditionalOnMissingBean (types: org.springframework.http.converter.StringHttpMessageConverter; SearchStrategy: all) did not find any beans (OnBeanCondition)

   HypermediaAutoConfiguration matched:
      - @ConditionalOnClass found required classes 'org.springframework.hateoas.EntityModel', 'org.springframework.web.bind.annotation.RequestMapping', 'org.springframework.web.servlet.mvc.method.annotation.RequestMappingHandlerAdapter', 'org.springframework.plugin.core.Plugin' (OnClassCondition)
      - @ConditionalOnWebApplication (required) found 'session' scope (OnWebApplicationCondition)

   HypermediaAutoConfiguration#applicationJsonHalConfiguration matched:
      - @ConditionalOnClass found required class 'com.fasterxml.jackson.databind.ObjectMapper' (OnClassCondition)
      - @ConditionalOnProperty (spring.hateoas.use-hal-as-default-json-media-type) matched (OnPropertyCondition)
      - @ConditionalOnMissingBean (types: org.springframework.hateoas.mediatype.hal.HalConfiguration; SearchStrategy: all) did not find any beans (OnBeanCondition)

   JacksonAutoConfiguration matched:
      - @ConditionalOnClass found required class 'com.fasterxml.jackson.databind.ObjectMapper' (OnClassCondition)

   JacksonAutoConfiguration.Jackson2ObjectMapperBuilderCustomizerConfiguration matched:
      - @ConditionalOnClass found required class 'org.springframework.http.converter.json.Jackson2ObjectMapperBuilder' (OnClassCondition)

   JacksonAutoConfiguration.JacksonObjectMapperBuilderConfiguration matched:
      - @ConditionalOnClass found required class 'org.springframework.http.converter.json.Jackson2ObjectMapperBuilder' (OnClassCondition)

   JacksonAutoConfiguration.JacksonObjectMapperBuilderConfiguration#jacksonObjectMapperBuilder matched:
      - @ConditionalOnMissingBean (types: org.springframework.http.converter.json.Jackson2ObjectMapperBuilder; SearchStrategy: all) did not find any beans (OnBeanCondition)

   JacksonAutoConfiguration.JacksonObjectMapperConfiguration matched:
      - @ConditionalOnClass found required class 'org.springframework.http.converter.json.Jackson2ObjectMapperBuilder' (OnClassCondition)

   JacksonAutoConfiguration.JacksonObjectMapperConfiguration#jacksonObjectMapper matched:
      - @ConditionalOnMissingBean (types: com.fasterxml.jackson.databind.ObjectMapper; SearchStrategy: all) did not find any beans (OnBeanCondition)

   JacksonAutoConfiguration.ParameterNamesModuleConfiguration matched:
      - @ConditionalOnClass found required class 'com.fasterxml.jackson.module.paramnames.ParameterNamesModule' (OnClassCondition)

   JacksonAutoConfiguration.ParameterNamesModuleConfiguration#parameterNamesModule matched:
      - @ConditionalOnMissingBean (types: com.fasterxml.jackson.module.paramnames.ParameterNamesModule; SearchStrategy: all) did not find any beans (OnBeanCondition)

   JacksonHttpMessageConvertersConfiguration.MappingJackson2HttpMessageConverterConfiguration matched:
      - @ConditionalOnClass found required class 'com.fasterxml.jackson.databind.ObjectMapper' (OnClassCondition)
      - @ConditionalOnProperty (spring.mvc.converters.preferred-json-mapper=jackson) matched (OnPropertyCondition)
      - @ConditionalOnBean (types: com.fasterxml.jackson.databind.ObjectMapper; SearchStrategy: all) found bean 'jacksonObjectMapper' (OnBeanCondition)

   JacksonHttpMessageConvertersConfiguration.MappingJackson2HttpMessageConverterConfiguration#mappingJackson2HttpMessageConverter matched:
      - @ConditionalOnMissingBean (types: org.springframework.http.converter.json.MappingJackson2HttpMessageConverter ignored: org.springframework.hateoas.server.mvc.TypeConstrainedMappingJackson2HttpMessageConverter,org.springframework.data.rest.webmvc.alps.AlpsJsonHttpMessageConverter; SearchStrategy: all) did not find any beans (OnBeanCondition)

   JdbcTemplateAutoConfiguration matched:
      - @ConditionalOnClass found required classes 'javax.sql.DataSource', 'org.springframework.jdbc.core.JdbcTemplate' (OnClassCondition)
      - @ConditionalOnSingleCandidate (types: javax.sql.DataSource; SearchStrategy: all) found a single bean 'dataSource' (OnBeanCondition)

   JdbcTemplateConfiguration matched:
      - @ConditionalOnMissingBean (types: org.springframework.jdbc.core.JdbcOperations; SearchStrategy: all) did not find any beans (OnBeanCondition)

   JpaBaseConfiguration#entityManagerFactory matched:
      - @ConditionalOnMissingBean (types: org.springframework.orm.jpa.LocalContainerEntityManagerFactoryBean,jakarta.persistence.EntityManagerFactory; SearchStrategy: all) did not find any beans (OnBeanCondition)

   JpaBaseConfiguration#entityManagerFactoryBuilder matched:
      - @ConditionalOnMissingBean (types: org.springframework.boot.orm.jpa.EntityManagerFactoryBuilder; SearchStrategy: all) did not find any beans (OnBeanCondition)

   JpaBaseConfiguration#jpaVendorAdapter matched:
      - @ConditionalOnMissingBean (types: org.springframework.orm.jpa.JpaVendorAdapter; SearchStrategy: all) did not find any beans (OnBeanCondition)

   JpaBaseConfiguration#transactionManager matched:
      - @ConditionalOnMissingBean (types: org.springframework.transaction.TransactionManager; SearchStrategy: all) did not find any beans (OnBeanCondition)

   JpaBaseConfiguration.JpaWebConfiguration matched:
      - @ConditionalOnClass found required class 'org.springframework.web.servlet.config.annotation.WebMvcConfigurer' (OnClassCondition)
      - found 'session' scope (OnWebApplicationCondition)
      - @ConditionalOnProperty (spring.jpa.open-in-view=true) matched (OnPropertyCondition)
      - @ConditionalOnMissingBean (types: org.springframework.orm.jpa.support.OpenEntityManagerInViewInterceptor,org.springframework.orm.jpa.support.OpenEntityManagerInViewFilter; SearchStrategy: all) did not find any beans (OnBeanCondition)

   JpaBaseConfiguration.PersistenceManagedTypesConfiguration matched:
      - @ConditionalOnMissingBean (types: org.springframework.orm.jpa.LocalContainerEntityManagerFactoryBean,jakarta.persistence.EntityManagerFactory; SearchStrategy: all) did not find any beans (OnBeanCondition)

   JpaBaseConfiguration.PersistenceManagedTypesConfiguration#persistenceManagedTypes matched:
      - @ConditionalOnMissingBean (types: org.springframework.orm.jpa.persistenceunit.PersistenceManagedTypes; SearchStrategy: all) did not find any beans (OnBeanCondition)

   JpaRepositoriesAutoConfiguration matched:
      - @ConditionalOnClass found required class 'org.springframework.data.jpa.repository.JpaRepository' (OnClassCondition)
      - @ConditionalOnProperty (spring.data.jpa.repositories.enabled=true) matched (OnPropertyCondition)
      - @ConditionalOnBean (types: javax.sql.DataSource; SearchStrategy: all) found bean 'dataSource'; @ConditionalOnMissingBean (types: org.springframework.data.jpa.repository.support.JpaRepositoryFactoryBean,org.springframework.data.jpa.repository.config.JpaRepositoryConfigExtension; SearchStrategy: all) did not find any beans (OnBeanCondition)

   JtaAutoConfiguration matched:
      - @ConditionalOnClass found required class 'jakarta.transaction.Transaction' (OnClassCondition)
      - @ConditionalOnProperty (spring.jta.enabled) matched (OnPropertyCondition)

   LifecycleAutoConfiguration#defaultLifecycleProcessor matched:
      - @ConditionalOnMissingBean (names: lifecycleProcessor; SearchStrategy: current) did not find any beans (OnBeanCondition)

   MultipartAutoConfiguration matched:
      - @ConditionalOnClass found required classes 'jakarta.servlet.Servlet', 'org.springframework.web.multipart.support.StandardServletMultipartResolver', 'jakarta.servlet.MultipartConfigElement' (OnClassCondition)
      - found 'session' scope (OnWebApplicationCondition)
      - @ConditionalOnProperty (spring.servlet.multipart.enabled) matched (OnPropertyCondition)

   MultipartAutoConfiguration#multipartConfigElement matched:
      - @ConditionalOnMissingBean (types: jakarta.servlet.MultipartConfigElement; SearchStrategy: all) did not find any beans (OnBeanCondition)

   MultipartAutoConfiguration#multipartResolver matched:
      - @ConditionalOnMissingBean (types: org.springframework.web.multipart.MultipartResolver; SearchStrategy: all) did not find any beans (OnBeanCondition)

   NamedParameterJdbcTemplateConfiguration matched:
      - @ConditionalOnSingleCandidate (types: org.springframework.jdbc.core.JdbcTemplate; SearchStrategy: all) found a single bean 'jdbcTemplate'; @ConditionalOnMissingBean (types: org.springframework.jdbc.core.namedparam.NamedParameterJdbcOperations; SearchStrategy: all) did not find any beans (OnBeanCondition)

   NoOpCacheConfiguration matched:
      - Cache org.springframework.boot.autoconfigure.cache.NoOpCacheConfiguration automatic cache type (CacheCondition)

   PersistenceExceptionTranslationAutoConfiguration matched:
      - @ConditionalOnClass found required class 'org.springframework.dao.annotation.PersistenceExceptionTranslationPostProcessor' (OnClassCondition)

   PersistenceExceptionTranslationAutoConfiguration#persistenceExceptionTranslationPostProcessor matched:
      - @ConditionalOnProperty (spring.dao.exceptiontranslation.enabled) matched (OnPropertyCondition)
      - @ConditionalOnMissingBean (types: org.springframework.dao.annotation.PersistenceExceptionTranslationPostProcessor; SearchStrategy: all) did not find any beans (OnBeanCondition)

   PropertyPlaceholderAutoConfiguration#propertySourcesPlaceholderConfigurer matched:
      - @ConditionalOnMissingBean (types: org.springframework.context.support.PropertySourcesPlaceholderConfigurer; SearchStrategy: current) did not find any beans (OnBeanCondition)

   RepositoryRestMvcAutoConfiguration matched:
      - @ConditionalOnClass found required class 'org.springframework.data.rest.webmvc.config.RepositoryRestMvcConfiguration' (OnClassCondition)
      - found 'session' scope (OnWebApplicationCondition)
      - @ConditionalOnMissingBean (types: org.springframework.data.rest.webmvc.config.RepositoryRestMvcConfiguration; SearchStrategy: all) did not find any beans (OnBeanCondition)

   RestTemplateAutoConfiguration matched:
      - @ConditionalOnClass found required class 'org.springframework.web.client.RestTemplate' (OnClassCondition)
      - NoneNestedConditions 0 matched 1 did not; NestedCondition on RestTemplateAutoConfiguration.NotReactiveWebApplicationCondition.ReactiveWebApplication did not find reactive web application classes (RestTemplateAutoConfiguration.NotReactiveWebApplicationCondition)

   RestTemplateAutoConfiguration#restTemplateBuilder matched:
      - @ConditionalOnMissingBean (types: org.springframework.boot.web.client.RestTemplateBuilder; SearchStrategy: all) did not find any beans (OnBeanCondition)

   RestTemplateAutoConfiguration#restTemplateBuilderConfigurer matched:
      - @ConditionalOnMissingBean (types: org.springframework.boot.autoconfigure.web.client.RestTemplateBuilderConfigurer; SearchStrategy: all) did not find any beans (OnBeanCondition)

   ServletWebServerFactoryAutoConfiguration matched:
      - @ConditionalOnClass found required class 'jakarta.servlet.ServletRequest' (OnClassCondition)
      - found 'session' scope (OnWebApplicationCondition)

   ServletWebServerFactoryAutoConfiguration#tomcatServletWebServerFactoryCustomizer matched:
      - @ConditionalOnClass found required class 'org.apache.catalina.startup.Tomcat' (OnClassCondition)

   ServletWebServerFactoryConfiguration.EmbeddedTomcat matched:
      - @ConditionalOnClass found required classes 'jakarta.servlet.Servlet', 'org.apache.catalina.startup.Tomcat', 'org.apache.coyote.UpgradeProtocol' (OnClassCondition)
      - @ConditionalOnMissingBean (types: org.springframework.boot.web.servlet.server.ServletWebServerFactory; SearchStrategy: current) did not find any beans (OnBeanCondition)

   SimpleCacheConfiguration matched:
      - Cache org.springframework.boot.autoconfigure.cache.SimpleCacheConfiguration automatic cache type (CacheCondition)

   SqlInitializationAutoConfiguration matched:
      - @ConditionalOnProperty (spring.sql.init.enabled) matched (OnPropertyCondition)
      - NoneNestedConditions 0 matched 1 did not; NestedCondition on SqlInitializationAutoConfiguration.SqlInitializationModeCondition.ModeIsNever @ConditionalOnProperty (spring.sql.init.mode=never) did not find property 'mode' (SqlInitializationAutoConfiguration.SqlInitializationModeCondition)

   SslAutoConfiguration#sslBundleRegistry matched:
      - @ConditionalOnMissingBean (types: org.springframework.boot.ssl.SslBundleRegistry,org.springframework.boot.ssl.SslBundles; SearchStrategy: all) did not find any beans (OnBeanCondition)

   TaskExecutionAutoConfiguration matched:
      - @ConditionalOnClass found required class 'org.springframework.scheduling.concurrent.ThreadPoolTaskExecutor' (OnClassCondition)

   TaskExecutionAutoConfiguration#applicationTaskExecutor matched:
      - @ConditionalOnMissingBean (types: java.util.concurrent.Executor; SearchStrategy: all) did not find any beans (OnBeanCondition)

   TaskExecutionAutoConfiguration#taskExecutorBuilder matched:
      - @ConditionalOnMissingBean (types: org.springframework.boot.task.TaskExecutorBuilder; SearchStrategy: all) did not find any beans (OnBeanCondition)

   TaskSchedulingAutoConfiguration matched:
      - @ConditionalOnClass found required class 'org.springframework.scheduling.concurrent.ThreadPoolTaskScheduler' (OnClassCondition)

   TaskSchedulingAutoConfiguration#taskSchedulerBuilder matched:
      - @ConditionalOnMissingBean (types: org.springframework.boot.task.TaskSchedulerBuilder; SearchStrategy: all) did not find any beans (OnBeanCondition)

   TransactionAutoConfiguration matched:
      - @ConditionalOnClass found required class 'org.springframework.transaction.PlatformTransactionManager' (OnClassCondition)

   TransactionAutoConfiguration#platformTransactionManagerCustomizers matched:
      - @ConditionalOnMissingBean (types: org.springframework.boot.autoconfigure.transaction.TransactionManagerCustomizers; SearchStrategy: all) did not find any beans (OnBeanCondition)

   TransactionAutoConfiguration.EnableTransactionManagementConfiguration matched:
      - @ConditionalOnBean (types: org.springframework.transaction.TransactionManager; SearchStrategy: all) found bean 'transactionManager'; @ConditionalOnMissingBean (types: org.springframework.transaction.annotation.AbstractTransactionManagementConfiguration; SearchStrategy: all) did not find any beans (OnBeanCondition)

   TransactionAutoConfiguration.EnableTransactionManagementConfiguration.CglibAutoProxyConfiguration matched:
      - @ConditionalOnProperty (spring.aop.proxy-target-class=true) matched (OnPropertyCondition)

   TransactionAutoConfiguration.TransactionTemplateConfiguration matched:
      - @ConditionalOnSingleCandidate (types: org.springframework.transaction.PlatformTransactionManager; SearchStrategy: all) found a single bean 'transactionManager' (OnBeanCondition)

   TransactionAutoConfiguration.TransactionTemplateConfiguration#transactionTemplate matched:
      - @ConditionalOnMissingBean (types: org.springframework.transaction.support.TransactionOperations; SearchStrategy: all) did not find any beans (OnBeanCondition)

   WebMvcAutoConfiguration matched:
      - @ConditionalOnClass found required classes 'jakarta.servlet.Servlet', 'org.springframework.web.servlet.DispatcherServlet', 'org.springframework.web.servlet.config.annotation.WebMvcConfigurer' (OnClassCondition)
      - found 'session' scope (OnWebApplicationCondition)
      - @ConditionalOnMissingBean (types: org.springframework.web.servlet.config.annotation.WebMvcConfigurationSupport; SearchStrategy: all) did not find any beans (OnBeanCondition)

   WebMvcAutoConfiguration#formContentFilter matched:
      - @ConditionalOnProperty (spring.mvc.formcontent.filter.enabled) matched (OnPropertyCondition)
      - @ConditionalOnMissingBean (types: org.springframework.web.filter.FormContentFilter; SearchStrategy: all) did not find any beans (OnBeanCondition)

   WebMvcAutoConfiguration.EnableWebMvcConfiguration#flashMapManager matched:
      - @ConditionalOnMissingBean (names: flashMapManager; SearchStrategy: all) did not find any beans (OnBeanCondition)

   WebMvcAutoConfiguration.EnableWebMvcConfiguration#localeResolver matched:
      - @ConditionalOnMissingBean (names: localeResolver; SearchStrategy: all) did not find any beans (OnBeanCondition)

   WebMvcAutoConfiguration.EnableWebMvcConfiguration#themeResolver matched:
      - @ConditionalOnMissingBean (names: themeResolver; SearchStrategy: all) did not find any beans (OnBeanCondition)

   WebMvcAutoConfiguration.WebMvcAutoConfigurationAdapter#defaultViewResolver matched:
      - @ConditionalOnMissingBean (types: org.springframework.web.servlet.view.InternalResourceViewResolver; SearchStrategy: all) did not find any beans (OnBeanCondition)

   WebMvcAutoConfiguration.WebMvcAutoConfigurationAdapter#requestContextFilter matched:
      - @ConditionalOnMissingBean (types: org.springframework.web.context.request.RequestContextListener,org.springframework.web.filter.RequestContextFilter; SearchStrategy: all) did not find any beans (OnBeanCondition)

   WebMvcAutoConfiguration.WebMvcAutoConfigurationAdapter#viewResolver matched:
      - @ConditionalOnBean (types: org.springframework.web.servlet.ViewResolver; SearchStrategy: all) found beans 'defaultViewResolver', 'beanNameViewResolver', 'mvcViewResolver'; @ConditionalOnMissingBean (names: viewResolver types: org.springframework.web.servlet.view.ContentNegotiatingViewResolver; SearchStrategy: all) did not find any beans (OnBeanCondition)

   WebSocketServletAutoConfiguration matched:
      - @ConditionalOnClass found required classes 'jakarta.servlet.Servlet', 'jakarta.websocket.server.ServerContainer' (OnClassCondition)
      - found 'session' scope (OnWebApplicationCondition)

   WebSocketServletAutoConfiguration.TomcatWebSocketConfiguration matched:
      - @ConditionalOnClass found required classes 'org.apache.catalina.startup.Tomcat', 'org.apache.tomcat.websocket.server.WsSci' (OnClassCondition)

   WebSocketServletAutoConfiguration.TomcatWebSocketConfiguration#websocketServletWebServerCustomizer matched:
      - @ConditionalOnMissingBean (names: websocketServletWebServerCustomizer; SearchStrategy: all) did not find any beans (OnBeanCondition)


Negative matches:
-----------------

   ActiveMQAutoConfiguration:
      Did not match:
         - @ConditionalOnClass did not find required class 'jakarta.jms.ConnectionFactory' (OnClassCondition)

   AopAutoConfiguration.AspectJAutoProxyingConfiguration.JdkDynamicAutoProxyConfiguration:
      Did not match:
         - @ConditionalOnProperty (spring.aop.proxy-target-class=false) did not find property 'proxy-target-class' (OnPropertyCondition)

   AopAutoConfiguration.ClassProxyingConfiguration:
      Did not match:
         - @ConditionalOnMissingClass found unwanted class 'org.aspectj.weaver.Advice' (OnClassCondition)

   ArtemisAutoConfiguration:
      Did not match:
         - @ConditionalOnClass did not find required class 'jakarta.jms.ConnectionFactory' (OnClassCondition)

   BatchAutoConfiguration:
      Did not match:
         - @ConditionalOnClass did not find required class 'org.springframework.batch.core.launch.JobLauncher' (OnClassCondition)

   Cache2kCacheConfiguration:
      Did not match:
         - @ConditionalOnClass did not find required class 'org.cache2k.Cache2kBuilder' (OnClassCondition)

   CacheAutoConfiguration:
      Did not match:
         - @ConditionalOnBean (types: org.springframework.cache.interceptor.CacheAspectSupport; SearchStrategy: all) did not find any beans of type org.springframework.cache.interceptor.CacheAspectSupport (OnBeanCondition)
      Matched:
         - @ConditionalOnClass found required class 'org.springframework.cache.CacheManager' (OnClassCondition)

   CacheAutoConfiguration.CacheManagerEntityManagerFactoryDependsOnPostProcessor:
      Did not match:
         - Ancestor org.springframework.boot.autoconfigure.cache.CacheAutoConfiguration did not match (ConditionEvaluationReport.AncestorsMatchedCondition)
      Matched:
         - @ConditionalOnClass found required class 'org.springframework.orm.jpa.LocalContainerEntityManagerFactoryBean' (OnClassCondition)

   CaffeineCacheConfiguration:
      Did not match:
         - @ConditionalOnClass did not find required class 'com.github.benmanes.caffeine.cache.Caffeine' (OnClassCondition)

   CassandraAutoConfiguration:
      Did not match:
         - @ConditionalOnClass did not find required class 'com.datastax.oss.driver.api.core.CqlSession' (OnClassCondition)

   CassandraDataAutoConfiguration:
      Did not match:
         - @ConditionalOnClass did not find required class 'com.datastax.oss.driver.api.core.CqlSession' (OnClassCondition)

   CassandraReactiveDataAutoConfiguration:
      Did not match:
         - @ConditionalOnClass did not find required class 'com.datastax.oss.driver.api.core.CqlSession' (OnClassCondition)

   CassandraReactiveRepositoriesAutoConfiguration:
      Did not match:
         - @ConditionalOnClass did not find required class 'org.springframework.data.cassandra.ReactiveSession' (OnClassCondition)

   CassandraRepositoriesAutoConfiguration:
      Did not match:
         - @ConditionalOnClass did not find required class 'com.datastax.oss.driver.api.core.CqlSession' (OnClassCondition)

   ClientHttpConnectorAutoConfiguration:
      Did not match:
         - @ConditionalOnClass did not find required class 'org.springframework.web.reactive.function.client.WebClient' (OnClassCondition)

   CodecsAutoConfiguration:
      Did not match:
         - @ConditionalOnClass did not find required class 'org.springframework.web.reactive.function.client.WebClient' (OnClassCondition)

   CouchbaseAutoConfiguration:
      Did not match:
         - @ConditionalOnClass did not find required class 'com.couchbase.client.java.Cluster' (OnClassCondition)

   CouchbaseCacheConfiguration:
      Did not match:
         - @ConditionalOnClass did not find required class 'com.couchbase.client.java.Cluster' (OnClassCondition)

   CouchbaseDataAutoConfiguration:
      Did not match:
         - @ConditionalOnClass did not find required class 'com.couchbase.client.java.Bucket' (OnClassCondition)

   CouchbaseReactiveDataAutoConfiguration:
      Did not match:
         - @ConditionalOnClass did not find required class 'com.couchbase.client.java.Cluster' (OnClassCondition)

   CouchbaseReactiveRepositoriesAutoConfiguration:
      Did not match:
         - @ConditionalOnClass did not find required class 'com.couchbase.client.java.Cluster' (OnClassCondition)

   CouchbaseRepositoriesAutoConfiguration:
      Did not match:
         - @ConditionalOnClass did not find required class 'com.couchbase.client.java.Bucket' (OnClassCondition)

   DataSourceAutoConfiguration.EmbeddedDatabaseConfiguration:
      Did not match:
         - EmbeddedDataSource spring.datasource.url is set (DataSourceAutoConfiguration.EmbeddedDatabaseCondition)

   DataSourceConfiguration.Dbcp2:
      Did not match:
         - @ConditionalOnClass did not find required class 'org.apache.commons.dbcp2.BasicDataSource' (OnClassCondition)

   DataSourceConfiguration.Generic:
      Did not match:
         - @ConditionalOnProperty (spring.datasource.type) did not find property 'spring.datasource.type' (OnPropertyCondition)

   DataSourceConfiguration.OracleUcp:
      Did not match:
         - @ConditionalOnClass did not find required classes 'oracle.ucp.jdbc.PoolDataSourceImpl', 'oracle.jdbc.OracleConnection' (OnClassCondition)

   DataSourceConfiguration.Tomcat:
      Did not match:
         - @ConditionalOnClass did not find required class 'org.apache.tomcat.jdbc.pool.DataSource' (OnClassCondition)

   DataSourceJmxConfiguration:
      Did not match:
         - @ConditionalOnProperty (spring.jmx.enabled=true) found different value in property 'enabled' (OnPropertyCondition)

   DataSourcePoolMetadataProvidersConfiguration.CommonsDbcp2PoolDataSourceMetadataProviderConfiguration:
      Did not match:
         - @ConditionalOnClass did not find required class 'org.apache.commons.dbcp2.BasicDataSource' (OnClassCondition)

   DataSourcePoolMetadataProvidersConfiguration.OracleUcpPoolDataSourceMetadataProviderConfiguration:
      Did not match:
         - @ConditionalOnClass did not find required classes 'oracle.ucp.jdbc.PoolDataSource', 'oracle.jdbc.OracleConnection' (OnClassCondition)

   DataSourcePoolMetadataProvidersConfiguration.TomcatDataSourcePoolMetadataProviderConfiguration:
      Did not match:
         - @ConditionalOnClass did not find required class 'org.apache.tomcat.jdbc.pool.DataSource' (OnClassCondition)

   DataSourceTransactionManagerAutoConfiguration.JdbcTransactionManagerConfiguration#transactionManager:
      Did not match:
         - @ConditionalOnMissingBean (types: org.springframework.transaction.TransactionManager; SearchStrategy: all) found beans of type 'org.springframework.transaction.TransactionManager' transactionManager (OnBeanCondition)

   DispatcherServletAutoConfiguration.DispatcherServletConfiguration#multipartResolver:
      Did not match:
         - @ConditionalOnBean (types: org.springframework.web.multipart.MultipartResolver; SearchStrategy: all) did not find any beans of type org.springframework.web.multipart.MultipartResolver (OnBeanCondition)

   ElasticsearchClientAutoConfiguration:
      Did not match:
         - @ConditionalOnClass did not find required class 'co.elastic.clients.elasticsearch.ElasticsearchClient' (OnClassCondition)

   ElasticsearchDataAutoConfiguration:
      Did not match:
         - @ConditionalOnClass did not find required class 'org.springframework.data.elasticsearch.client.elc.ElasticsearchTemplate' (OnClassCondition)

   ElasticsearchRepositoriesAutoConfiguration:
      Did not match:
         - @ConditionalOnClass did not find required class 'org.springframework.data.elasticsearch.repository.ElasticsearchRepository' (OnClassCondition)

   ElasticsearchRestClientAutoConfiguration:
      Did not match:
         - @ConditionalOnClass did not find required class 'org.elasticsearch.client.RestClientBuilder' (OnClassCondition)

   EmbeddedLdapAutoConfiguration:
      Did not match:
         - @ConditionalOnClass did not find required class 'com.unboundid.ldap.listener.InMemoryDirectoryServer' (OnClassCondition)

   EmbeddedWebServerFactoryCustomizerAutoConfiguration:
      Did not match:
         - Application is deployed as a WAR file. (OnWarDeploymentCondition)
      Matched:
         - @ConditionalOnWebApplication (required) found 'session' scope (OnWebApplicationCondition)

   ErrorWebFluxAutoConfiguration:
      Did not match:
         - @ConditionalOnClass did not find required class 'org.springframework.web.reactive.config.WebFluxConfigurer' (OnClassCondition)

   FlywayAutoConfiguration:
      Did not match:
         - @ConditionalOnClass did not find required class 'org.flywaydb.core.Flyway' (OnClassCondition)

   FreeMarkerAutoConfiguration:
      Did not match:
         - @ConditionalOnClass did not find required class 'freemarker.template.Configuration' (OnClassCondition)

   GraphQlAutoConfiguration:
      Did not match:
         - @ConditionalOnClass did not find required class 'graphql.GraphQL' (OnClassCondition)

   GraphQlQueryByExampleAutoConfiguration:
      Did not match:
         - @ConditionalOnClass did not find required class 'graphql.GraphQL' (OnClassCondition)

   GraphQlQuerydslAutoConfiguration:
      Did not match:
         - @ConditionalOnClass did not find required class 'graphql.GraphQL' (OnClassCondition)

   GraphQlRSocketAutoConfiguration:
      Did not match:
         - @ConditionalOnClass did not find required class 'graphql.GraphQL' (OnClassCondition)

   GraphQlReactiveQueryByExampleAutoConfiguration:
      Did not match:
         - @ConditionalOnClass did not find required class 'graphql.GraphQL' (OnClassCondition)

   GraphQlReactiveQuerydslAutoConfiguration:
      Did not match:
         - @ConditionalOnClass did not find required class 'graphql.GraphQL' (OnClassCondition)

   GraphQlWebFluxAutoConfiguration:
      Did not match:
         - @ConditionalOnClass did not find required class 'graphql.GraphQL' (OnClassCondition)

   GraphQlWebFluxSecurityAutoConfiguration:
      Did not match:
         - @ConditionalOnClass did not find required class 'graphql.GraphQL' (OnClassCondition)

   GraphQlWebMvcAutoConfiguration:
      Did not match:
         - @ConditionalOnClass did not find required class 'graphql.GraphQL' (OnClassCondition)

   GraphQlWebMvcSecurityAutoConfiguration:
      Did not match:
         - @ConditionalOnClass did not find required class 'graphql.GraphQL' (OnClassCondition)

   GroovyTemplateAutoConfiguration:
      Did not match:
         - @ConditionalOnClass did not find required class 'groovy.text.markup.MarkupTemplateEngine' (OnClassCondition)

   GsonHttpMessageConvertersConfiguration.GsonHttpMessageConverterConfiguration:
      Did not match:
         - AnyNestedCondition 0 matched 2 did not; NestedCondition on GsonHttpMessageConvertersConfiguration.PreferGsonOrJacksonAndJsonbUnavailableCondition.JacksonJsonbUnavailable NoneNestedConditions 1 matched 1 did not; NestedCondition on GsonHttpMessageConvertersConfiguration.JacksonAndJsonbUnavailableCondition.JsonbPreferred @ConditionalOnProperty (spring.mvc.converters.preferred-json-mapper=jsonb) did not find property 'spring.mvc.converters.preferred-json-mapper'; NestedCondition on GsonHttpMessageConvertersConfiguration.JacksonAndJsonbUnavailableCondition.JacksonAvailable @ConditionalOnBean (types: org.springframework.http.converter.json.MappingJackson2HttpMessageConverter; SearchStrategy: all) found bean 'mappingJackson2HttpMessageConverter'; NestedCondition on GsonHttpMessageConvertersConfiguration.PreferGsonOrJacksonAndJsonbUnavailableCondition.GsonPreferred @ConditionalOnProperty (spring.mvc.converters.preferred-json-mapper=gson) did not find property 'spring.mvc.converters.preferred-json-mapper' (GsonHttpMessageConvertersConfiguration.PreferGsonOrJacksonAndJsonbUnavailableCondition)

   H2ConsoleAutoConfiguration:
      Did not match:
         - @ConditionalOnProperty (spring.h2.console.enabled=true) did not find property 'enabled' (OnPropertyCondition)
      Matched:
         - @ConditionalOnClass found required class 'org.h2.server.web.JakartaWebServlet' (OnClassCondition)
         - found 'session' scope (OnWebApplicationCondition)

   HazelcastAutoConfiguration:
      Did not match:
         - @ConditionalOnClass did not find required class 'com.hazelcast.core.HazelcastInstance' (OnClassCondition)

   HazelcastCacheConfiguration:
      Did not match:
         - @ConditionalOnClass did not find required class 'com.hazelcast.core.HazelcastInstance' (OnClassCondition)

   HazelcastJpaDependencyAutoConfiguration:
      Did not match:
         - @ConditionalOnClass did not find required class 'com.hazelcast.core.HazelcastInstance' (OnClassCondition)

   HttpHandlerAutoConfiguration:
      Did not match:
         - @ConditionalOnClass did not find required class 'org.springframework.web.reactive.DispatcherHandler' (OnClassCondition)

   HypermediaAutoConfiguration.HypermediaConfiguration:
      Did not match:
         - @ConditionalOnMissingBean (types: org.springframework.hateoas.client.LinkDiscoverers; SearchStrategy: all) found beans of type 'org.springframework.hateoas.client.LinkDiscoverers' linkDiscoverers (OnBeanCondition)
      Matched:
         - @ConditionalOnClass found required class 'com.fasterxml.jackson.databind.ObjectMapper' (OnClassCondition)

   InfinispanCacheConfiguration:
      Did not match:
         - @ConditionalOnClass did not find required class 'org.infinispan.spring.embedded.provider.SpringEmbeddedCacheManager' (OnClassCondition)

   InfluxDbAutoConfiguration:
      Did not match:
         - @ConditionalOnClass did not find required class 'org.influxdb.InfluxDB' (OnClassCondition)

   IntegrationAutoConfiguration:
      Did not match:
         - @ConditionalOnClass did not find required class 'org.springframework.integration.config.EnableIntegration' (OnClassCondition)

   JCacheCacheConfiguration:
      Did not match:
         - @ConditionalOnClass did not find required class 'javax.cache.Caching' (OnClassCondition)

   JacksonHttpMessageConvertersConfiguration.MappingJackson2XmlHttpMessageConverterConfiguration:
      Did not match:
         - @ConditionalOnClass did not find required class 'com.fasterxml.jackson.dataformat.xml.XmlMapper' (OnClassCondition)

   JdbcRepositoriesAutoConfiguration:
      Did not match:
         - @ConditionalOnClass did not find required class 'org.springframework.data.jdbc.repository.config.AbstractJdbcConfiguration' (OnClassCondition)

   JerseyAutoConfiguration:
      Did not match:
         - @ConditionalOnClass did not find required class 'org.glassfish.jersey.server.spring.SpringComponentProvider' (OnClassCondition)

   JmsAutoConfiguration:
      Did not match:
         - @ConditionalOnClass did not find required class 'jakarta.jms.Message' (OnClassCondition)

   JmxAutoConfiguration:
      Did not match:
         - @ConditionalOnProperty (spring.jmx.enabled=true) found different value in property 'enabled' (OnPropertyCondition)
      Matched:
         - @ConditionalOnClass found required class 'org.springframework.jmx.export.MBeanExporter' (OnClassCondition)

   JndiConnectionFactoryAutoConfiguration:
      Did not match:
         - @ConditionalOnClass did not find required class 'org.springframework.jms.core.JmsTemplate' (OnClassCondition)

   JndiDataSourceAutoConfiguration:
      Did not match:
         - @ConditionalOnProperty (spring.datasource.jndi-name) did not find property 'jndi-name' (OnPropertyCondition)
      Matched:
         - @ConditionalOnClass found required classes 'javax.sql.DataSource', 'org.springframework.jdbc.datasource.embedded.EmbeddedDatabaseType' (OnClassCondition)

   JndiJtaConfiguration:
      Did not match:
         - @ConditionalOnJndi JNDI environment is not available (OnJndiCondition)
      Matched:
         - @ConditionalOnClass found required class 'org.springframework.transaction.jta.JtaTransactionManager' (OnClassCondition)

   JooqAutoConfiguration:
      Did not match:
         - @ConditionalOnClass did not find required class 'org.jooq.DSLContext' (OnClassCondition)

   JpaRepositoriesAutoConfiguration#entityManagerFactoryBootstrapExecutorCustomizer:
      Did not match:
         - AnyNestedCondition 0 matched 2 did not; NestedCondition on JpaRepositoriesAutoConfiguration.BootstrapExecutorCondition.LazyBootstrapMode @ConditionalOnProperty (spring.data.jpa.repositories.bootstrap-mode=lazy) did not find property 'bootstrap-mode'; NestedCondition on JpaRepositoriesAutoConfiguration.BootstrapExecutorCondition.DeferredBootstrapMode @ConditionalOnProperty (spring.data.jpa.repositories.bootstrap-mode=deferred) did not find property 'bootstrap-mode' (JpaRepositoriesAutoConfiguration.BootstrapExecutorCondition)

   JsonbAutoConfiguration:
      Did not match:
         - @ConditionalOnClass did not find required class 'jakarta.json.bind.Jsonb' (OnClassCondition)

   JsonbHttpMessageConvertersConfiguration:
      Did not match:
         - @ConditionalOnClass did not find required class 'jakarta.json.bind.Jsonb' (OnClassCondition)

   KafkaAutoConfiguration:
      Did not match:
         - @ConditionalOnClass did not find required class 'org.springframework.kafka.core.KafkaTemplate' (OnClassCondition)

   LdapAutoConfiguration:
      Did not match:
         - @ConditionalOnClass did not find required class 'org.springframework.ldap.core.ContextSource' (OnClassCondition)

   LdapRepositoriesAutoConfiguration:
      Did not match:
         - @ConditionalOnClass did not find required class 'org.springframework.data.ldap.repository.LdapRepository' (OnClassCondition)

   LiquibaseAutoConfiguration:
      Did not match:
         - @ConditionalOnClass did not find required class 'liquibase.change.DatabaseChange' (OnClassCondition)

   MailSenderAutoConfiguration:
      Did not match:
         - @ConditionalOnClass did not find required class 'jakarta.mail.internet.MimeMessage' (OnClassCondition)

   MailSenderValidatorAutoConfiguration:
      Did not match:
         - @ConditionalOnSingleCandidate did not find required type 'org.springframework.mail.javamail.JavaMailSenderImpl' (OnBeanCondition)

   MessageSourceAutoConfiguration:
      Did not match:
         - ResourceBundle did not find bundle with basename messages (MessageSourceAutoConfiguration.ResourceBundleCondition)

   MongoAutoConfiguration:
      Did not match:
         - @ConditionalOnClass did not find required class 'com.mongodb.client.MongoClient' (OnClassCondition)

   MongoDataAutoConfiguration:
      Did not match:
         - @ConditionalOnClass did not find required class 'com.mongodb.client.MongoClient' (OnClassCondition)

   MongoReactiveAutoConfiguration:
      Did not match:
         - @ConditionalOnClass did not find required class 'com.mongodb.reactivestreams.client.MongoClient' (OnClassCondition)

   MongoReactiveDataAutoConfiguration:
      Did not match:
         - @ConditionalOnClass did not find required class 'com.mongodb.reactivestreams.client.MongoClient' (OnClassCondition)

   MongoReactiveRepositoriesAutoConfiguration:
      Did not match:
         - @ConditionalOnClass did not find required class 'com.mongodb.reactivestreams.client.MongoClient' (OnClassCondition)

   MongoRepositoriesAutoConfiguration:
      Did not match:
         - @ConditionalOnClass did not find required class 'com.mongodb.client.MongoClient' (OnClassCondition)

   MustacheAutoConfiguration:
      Did not match:
         - @ConditionalOnClass did not find required class 'com.samskivert.mustache.Mustache' (OnClassCondition)

   Neo4jAutoConfiguration:
      Did not match:
         - @ConditionalOnClass did not find required class 'org.neo4j.driver.Driver' (OnClassCondition)

   Neo4jDataAutoConfiguration:
      Did not match:
         - @ConditionalOnClass did not find required class 'org.neo4j.driver.Driver' (OnClassCondition)

   Neo4jReactiveDataAutoConfiguration:
      Did not match:
         - @ConditionalOnClass did not find required class 'org.neo4j.driver.Driver' (OnClassCondition)

   Neo4jReactiveRepositoriesAutoConfiguration:
      Did not match:
         - @ConditionalOnClass did not find required class 'org.neo4j.driver.Driver' (OnClassCondition)

   Neo4jRepositoriesAutoConfiguration:
      Did not match:
         - @ConditionalOnClass did not find required class 'org.neo4j.driver.Driver' (OnClassCondition)

   NettyAutoConfiguration:
      Did not match:
         - @ConditionalOnClass did not find required class 'io.netty.util.NettyRuntime' (OnClassCondition)

   OAuth2AuthorizationServerAutoConfiguration:
      Did not match:
         - @ConditionalOnClass did not find required class 'org.springframework.security.oauth2.server.authorization.OAuth2Authorization' (OnClassCondition)

   OAuth2AuthorizationServerJwtAutoConfiguration:
      Did not match:
         - @ConditionalOnClass did not find required class 'org.springframework.security.oauth2.server.authorization.OAuth2Authorization' (OnClassCondition)

   OAuth2ClientAutoConfiguration:
      Did not match:
         - @ConditionalOnClass did not find required class 'org.springframework.security.config.annotation.web.configuration.EnableWebSecurity' (OnClassCondition)

   OAuth2ResourceServerAutoConfiguration:
      Did not match:
         - @ConditionalOnClass did not find required class 'org.springframework.security.oauth2.server.resource.authentication.BearerTokenAuthenticationToken' (OnClassCondition)

   ProjectInfoAutoConfiguration#buildProperties:
      Did not match:
         - @ConditionalOnResource did not find resource '${spring.info.build.location:classpath:META-INF/build-info.properties}' (OnResourceCondition)

   ProjectInfoAutoConfiguration#gitProperties:
      Did not match:
         - GitResource did not find git info at classpath:git.properties (ProjectInfoAutoConfiguration.GitResourceAvailableCondition)

   QuartzAutoConfiguration:
      Did not match:
         - @ConditionalOnClass did not find required class 'org.quartz.Scheduler' (OnClassCondition)

   R2dbcAutoConfiguration:
      Did not match:
         - @ConditionalOnClass did not find required class 'io.r2dbc.spi.ConnectionFactory' (OnClassCondition)

   R2dbcDataAutoConfiguration:
      Did not match:
         - @ConditionalOnClass did not find required class 'org.springframework.data.r2dbc.core.R2dbcEntityTemplate' (OnClassCondition)

   R2dbcInitializationConfiguration:
      Did not match:
         - @ConditionalOnClass did not find required classes 'io.r2dbc.spi.ConnectionFactory', 'org.springframework.r2dbc.connection.init.DatabasePopulator' (OnClassCondition)

   R2dbcRepositoriesAutoConfiguration:
      Did not match:
         - @ConditionalOnClass did not find required class 'io.r2dbc.spi.ConnectionFactory' (OnClassCondition)

   R2dbcTransactionManagerAutoConfiguration:
      Did not match:
         - @ConditionalOnClass did not find required class 'org.springframework.r2dbc.connection.R2dbcTransactionManager' (OnClassCondition)

   RSocketGraphQlClientAutoConfiguration:
      Did not match:
         - @ConditionalOnClass did not find required class 'graphql.GraphQL' (OnClassCondition)

   RSocketMessagingAutoConfiguration:
      Did not match:
         - @ConditionalOnClass did not find required class 'io.rsocket.RSocket' (OnClassCondition)

   RSocketRequesterAutoConfiguration:
      Did not match:
         - @ConditionalOnClass did not find required class 'io.rsocket.RSocket' (OnClassCondition)

   RSocketSecurityAutoConfiguration:
      Did not match:
         - @ConditionalOnClass did not find required class 'org.springframework.security.rsocket.core.SecuritySocketAcceptorInterceptor' (OnClassCondition)

   RSocketServerAutoConfiguration:
      Did not match:
         - @ConditionalOnClass did not find required class 'io.rsocket.core.RSocketServer' (OnClassCondition)

   RSocketStrategiesAutoConfiguration:
      Did not match:
         - @ConditionalOnClass did not find required class 'io.netty.buffer.PooledByteBufAllocator' (OnClassCondition)

   RabbitAutoConfiguration:
      Did not match:
         - @ConditionalOnClass did not find required class 'com.rabbitmq.client.Channel' (OnClassCondition)

   ReactiveElasticsearchClientAutoConfiguration:
      Did not match:
         - @ConditionalOnClass did not find required class 'co.elastic.clients.transport.ElasticsearchTransport' (OnClassCondition)

   ReactiveElasticsearchRepositoriesAutoConfiguration:
      Did not match:
         - @ConditionalOnClass did not find required class 'org.springframework.data.elasticsearch.client.elc.ReactiveElasticsearchClient' (OnClassCondition)

   ReactiveMultipartAutoConfiguration:
      Did not match:
         - @ConditionalOnClass did not find required class 'org.springframework.web.reactive.config.WebFluxConfigurer' (OnClassCondition)

   ReactiveOAuth2ClientAutoConfiguration:
      Did not match:
         - @ConditionalOnClass did not find required class 'reactor.core.publisher.Flux' (OnClassCondition)

   ReactiveOAuth2ResourceServerAutoConfiguration:
      Did not match:
         - @ConditionalOnClass did not find required class 'org.springframework.security.config.annotation.web.reactive.EnableWebFluxSecurity' (OnClassCondition)

   ReactiveSecurityAutoConfiguration:
      Did not match:
         - @ConditionalOnClass did not find required class 'reactor.core.publisher.Flux' (OnClassCondition)

   ReactiveUserDetailsServiceAutoConfiguration:
      Did not match:
         - @ConditionalOnClass did not find required class 'org.springframework.security.authentication.ReactiveAuthenticationManager' (OnClassCondition)

   ReactiveWebServerFactoryAutoConfiguration:
      Did not match:
         - @ConditionalOnWebApplication did not find reactive web application classes (OnWebApplicationCondition)

   RedisAutoConfiguration:
      Did not match:
         - @ConditionalOnClass did not find required class 'org.springframework.data.redis.core.RedisOperations' (OnClassCondition)

   RedisCacheConfiguration:
      Did not match:
         - @ConditionalOnClass did not find required class 'org.springframework.data.redis.connection.RedisConnectionFactory' (OnClassCondition)

   RedisReactiveAutoConfiguration:
      Did not match:
         - @ConditionalOnClass did not find required class 'reactor.core.publisher.Flux' (OnClassCondition)

   RedisRepositoriesAutoConfiguration:
      Did not match:
         - @ConditionalOnClass did not find required class 'org.springframework.data.redis.repository.configuration.EnableRedisRepositories' (OnClassCondition)

   Saml2RelyingPartyAutoConfiguration:
      Did not match:
         - @ConditionalOnClass did not find required class 'org.springframework.security.saml2.provider.service.registration.RelyingPartyRegistrationRepository' (OnClassCondition)

   SecurityAutoConfiguration:
      Did not match:
         - @ConditionalOnClass did not find required class 'org.springframework.security.authentication.DefaultAuthenticationEventPublisher' (OnClassCondition)

   SecurityFilterAutoConfiguration:
      Did not match:
         - @ConditionalOnClass did not find required class 'org.springframework.security.config.http.SessionCreationPolicy' (OnClassCondition)

   SendGridAutoConfiguration:
      Did not match:
         - @ConditionalOnClass did not find required class 'com.sendgrid.SendGrid' (OnClassCondition)

   ServletWebServerFactoryAutoConfiguration.ForwardedHeaderFilterConfiguration:
      Did not match:
         - @ConditionalOnProperty (server.forward-headers-strategy=framework) did not find property 'server.forward-headers-strategy' (OnPropertyCondition)

   ServletWebServerFactoryConfiguration.EmbeddedJetty:
      Did not match:
         - @ConditionalOnClass did not find required classes 'org.eclipse.jetty.server.Server', 'org.eclipse.jetty.util.Loader', 'org.eclipse.jetty.webapp.WebAppContext' (OnClassCondition)

   ServletWebServerFactoryConfiguration.EmbeddedUndertow:
      Did not match:
         - @ConditionalOnClass did not find required classes 'io.undertow.Undertow', 'org.xnio.SslClientAuthMode' (OnClassCondition)

   SessionAutoConfiguration:
      Did not match:
         - @ConditionalOnClass did not find required class 'org.springframework.session.Session' (OnClassCondition)

   SpringApplicationAdminJmxAutoConfiguration:
      Did not match:
         - @ConditionalOnProperty (spring.application.admin.enabled=true) did not find property 'enabled' (OnPropertyCondition)

   SpringDataWebAutoConfiguration:
      Did not match:
         - @ConditionalOnMissingBean (types: org.springframework.data.web.PageableHandlerMethodArgumentResolver; SearchStrategy: all) found beans of type 'org.springframework.data.web.PageableHandlerMethodArgumentResolver' pageableResolver (OnBeanCondition)
      Matched:
         - @ConditionalOnClass found required classes 'org.springframework.data.web.PageableHandlerMethodArgumentResolver', 'org.springframework.web.servlet.config.annotation.WebMvcConfigurer' (OnClassCondition)
         - found 'session' scope (OnWebApplicationCondition)

   TaskSchedulingAutoConfiguration#scheduledBeanLazyInitializationExcludeFilter:
      Did not match:
         - @ConditionalOnBean (names: org.springframework.context.annotation.internalScheduledAnnotationProcessor; SearchStrategy: all) did not find any beans named org.springframework.context.annotation.internalScheduledAnnotationProcessor (OnBeanCondition)

   TaskSchedulingAutoConfiguration#taskScheduler:
      Did not match:
         - @ConditionalOnBean (names: org.springframework.context.annotation.internalScheduledAnnotationProcessor; SearchStrategy: all) did not find any beans named org.springframework.context.annotation.internalScheduledAnnotationProcessor (OnBeanCondition)

   ThymeleafAutoConfiguration:
      Did not match:
         - @ConditionalOnClass did not find required class 'org.thymeleaf.spring6.SpringTemplateEngine' (OnClassCondition)

   TransactionAutoConfiguration#transactionalOperator:
      Did not match:
         - @ConditionalOnSingleCandidate (types: org.springframework.transaction.ReactiveTransactionManager; SearchStrategy: all) did not find any beans (OnBeanCondition)

   TransactionAutoConfiguration.EnableTransactionManagementConfiguration.JdkDynamicAutoProxyConfiguration:
      Did not match:
         - @ConditionalOnProperty (spring.aop.proxy-target-class=false) did not find property 'proxy-target-class' (OnPropertyCondition)

   UserDetailsServiceAutoConfiguration:
      Did not match:
         - @ConditionalOnClass did not find required class 'org.springframework.security.authentication.AuthenticationManager' (OnClassCondition)

   ValidationAutoConfiguration:
      Did not match:
         - @ConditionalOnClass did not find required class 'jakarta.validation.executable.ExecutableValidator' (OnClassCondition)

   WebClientAutoConfiguration:
      Did not match:
         - @ConditionalOnClass did not find required class 'org.springframework.web.reactive.function.client.WebClient' (OnClassCondition)

   WebFluxAutoConfiguration:
      Did not match:
         - @ConditionalOnClass did not find required class 'org.springframework.web.reactive.config.WebFluxConfigurer' (OnClassCondition)

   WebMvcAutoConfiguration#hiddenHttpMethodFilter:
      Did not match:
         - @ConditionalOnProperty (spring.mvc.hiddenmethod.filter.enabled) did not find property 'enabled' (OnPropertyCondition)

   WebMvcAutoConfiguration.ProblemDetailsErrorHandlingConfiguration:
      Did not match:
         - @ConditionalOnProperty (spring.mvc.problemdetails.enabled=true) did not find property 'enabled' (OnPropertyCondition)

   WebMvcAutoConfiguration.ResourceChainCustomizerConfiguration:
      Did not match:
         - @ConditionalOnEnabledResourceChain did not find class org.webjars.WebJarAssetLocator (OnEnabledResourceChainCondition)

   WebMvcAutoConfiguration.WebMvcAutoConfigurationAdapter#beanNameViewResolver:
      Did not match:
         - @ConditionalOnMissingBean (types: org.springframework.web.servlet.view.BeanNameViewResolver; SearchStrategy: all) found beans of type 'org.springframework.web.servlet.view.BeanNameViewResolver' beanNameViewResolver (OnBeanCondition)

   WebServiceTemplateAutoConfiguration:
      Did not match:
         - @ConditionalOnClass did not find required class 'org.springframework.oxm.Marshaller' (OnClassCondition)

   WebServicesAutoConfiguration:
      Did not match:
         - @ConditionalOnClass did not find required class 'org.springframework.ws.transport.http.MessageDispatcherServlet' (OnClassCondition)

   WebSessionIdResolverAutoConfiguration:
      Did not match:
         - @ConditionalOnClass did not find required class 'reactor.core.publisher.Mono' (OnClassCondition)

   WebSocketMessagingAutoConfiguration:
      Did not match:
         - @ConditionalOnClass did not find required class 'org.springframework.web.socket.config.annotation.WebSocketMessageBrokerConfigurer' (OnClassCondition)

   WebSocketReactiveAutoConfiguration:
      Did not match:
         - @ConditionalOnWebApplication did not find reactive web application classes (OnWebApplicationCondition)

   WebSocketServletAutoConfiguration.JettyWebSocketConfiguration:
      Did not match:
         - @ConditionalOnClass did not find required class 'org.eclipse.jetty.websocket.jakarta.server.config.JakartaWebSocketServletContainerInitializer' (OnClassCondition)

   WebSocketServletAutoConfiguration.UndertowWebSocketConfiguration:
      Did not match:
         - @ConditionalOnClass did not find required class 'io.undertow.websockets.jsr.Bootstrap' (OnClassCondition)

   XADataSourceAutoConfiguration:
      Did not match:
         - @ConditionalOnBean (types: org.springframework.boot.jdbc.XADataSourceWrapper; SearchStrategy: all) did not find any beans of type org.springframework.boot.jdbc.XADataSourceWrapper (OnBeanCondition)
      Matched:
         - @ConditionalOnClass found required classes 'javax.sql.DataSource', 'jakarta.transaction.TransactionManager', 'org.springframework.jdbc.datasource.embedded.EmbeddedDatabaseType' (OnClassCondition)


Exclusions:
-----------

    None


Unconditional classes:
----------------------

    org.springframework.boot.autoconfigure.context.ConfigurationPropertiesAutoConfiguration

    org.springframework.boot.autoconfigure.ssl.SslAutoConfiguration

    org.springframework.boot.autoconfigure.context.LifecycleAutoConfiguration

    org.springframework.boot.autoconfigure.context.PropertyPlaceholderAutoConfiguration

    org.springframework.boot.autoconfigure.availability.ApplicationAvailabilityAutoConfiguration

    org.springframework.boot.autoconfigure.info.ProjectInfoAutoConfiguration



2023-09-26T00:31:54.648-05:00  INFO 33180 --- [           main] com.example.demo.DemoApplicationTests    : Started DemoApplicationTests in 3.88 seconds (process running for 4.626)
2023-09-26T00:31:54.652-05:00 DEBUG 33180 --- [           main] o.s.b.a.ApplicationAvailabilityBean      : Application availability state LivenessState changed to CORRECT
2023-09-26T00:31:54.654-05:00 DEBUG 33180 --- [           main] o.s.b.a.ApplicationAvailabilityBean      : Application availability state ReadinessState changed to ACCEPTING_TRAFFIC
2023-09-26T00:31:54.661-05:00 DEBUG 33180 --- [           main] org.springframework.test.context.cache   : Spring test ApplicationContext cache statistics: [DefaultContextCache@45cddfd3 size = 1, maxSize = 32, parentContextCount = 0, hitCount = 0, missCount = 1]
2023-09-26T00:31:54.662-05:00 DEBUG 33180 --- [           main] o.s.t.c.w.ServletTestExecutionListener   : Setting up MockHttpServletRequest, MockHttpServletResponse, ServletWebRequest, and RequestContextHolder for test class com.example.demo.DemoApplicationTests
2023-09-26T00:31:54.681-05:00 DEBUG 33180 --- [           main] DependencyInjectionTestExecutionListener : Performing dependency injection for test class com.example.demo.DemoApplicationTests
2023-09-26T00:31:54.681-05:00 DEBUG 33180 --- [           main] org.springframework.test.context.cache   : Spring test ApplicationContext cache statistics: [DefaultContextCache@45cddfd3 size = 1, maxSize = 32, parentContextCount = 0, hitCount = 1, missCount = 1]
2023-09-26T00:31:54.682-05:00 DEBUG 33180 --- [           main] org.springframework.test.context.cache   : Spring test ApplicationContext cache statistics: [DefaultContextCache@45cddfd3 size = 1, maxSize = 32, parentContextCount = 0, hitCount = 2, missCount = 1]
2023-09-26T00:31:54.692-05:00 DEBUG 33180 --- [           main] sContextBeforeModesTestExecutionListener : Before test method: class [DemoApplicationTests], method [contextLoads], class annotated with @DirtiesContext [false] with mode [null], method annotated with @DirtiesContext [false] with mode [null]
2023-09-26T00:31:54.695-05:00 DEBUG 33180 --- [           main] org.springframework.test.context.cache   : Spring test ApplicationContext cache statistics: [DefaultContextCache@45cddfd3 size = 1, maxSize = 32, parentContextCount = 0, hitCount = 3, missCount = 1]
2023-09-26T00:31:54.695-05:00 DEBUG 33180 --- [           main] org.springframework.test.context.cache   : Spring test ApplicationContext cache statistics: [DefaultContextCache@45cddfd3 size = 1, maxSize = 32, parentContextCount = 0, hitCount = 4, missCount = 1]
2023-09-26T00:31:55.018-05:00 DEBUG 33180 --- [           main] org.springframework.test.context.cache   : Spring test ApplicationContext cache statistics: [DefaultContextCache@45cddfd3 size = 1, maxSize = 32, parentContextCount = 0, hitCount = 5, missCount = 1]
2023-09-26T00:31:55.021-05:00 DEBUG 33180 --- [           main] org.springframework.test.context.cache   : Spring test ApplicationContext cache statistics: [DefaultContextCache@45cddfd3 size = 1, maxSize = 32, parentContextCount = 0, hitCount = 6, missCount = 1]
2023-09-26T00:31:55.021-05:00 DEBUG 33180 --- [           main] org.springframework.test.context.cache   : Spring test ApplicationContext cache statistics: [DefaultContextCache@45cddfd3 size = 1, maxSize = 32, parentContextCount = 0, hitCount = 7, missCount = 1]
2023-09-26T00:31:55.021-05:00 DEBUG 33180 --- [           main] org.springframework.test.context.cache   : Spring test ApplicationContext cache statistics: [DefaultContextCache@45cddfd3 size = 1, maxSize = 32, parentContextCount = 0, hitCount = 8, missCount = 1]
2023-09-26T00:31:55.022-05:00 DEBUG 33180 --- [           main] org.springframework.test.context.cache   : Spring test ApplicationContext cache statistics: [DefaultContextCache@45cddfd3 size = 1, maxSize = 32, parentContextCount = 0, hitCount = 9, missCount = 1]
2023-09-26T00:31:55.022-05:00 DEBUG 33180 --- [           main] org.springframework.test.context.cache   : Spring test ApplicationContext cache statistics: [DefaultContextCache@45cddfd3 size = 1, maxSize = 32, parentContextCount = 0, hitCount = 10, missCount = 1]
2023-09-26T00:31:55.023-05:00 DEBUG 33180 --- [           main] org.springframework.test.context.cache   : Spring test ApplicationContext cache statistics: [DefaultContextCache@45cddfd3 size = 1, maxSize = 32, parentContextCount = 0, hitCount = 11, missCount = 1]
2023-09-26T00:31:55.024-05:00 DEBUG 33180 --- [           main] .c.s.DirtiesContextTestExecutionListener : After test method: class [DemoApplicationTests], method [contextLoads], class annotated with @DirtiesContext [false] with mode [null], method annotated with @DirtiesContext [false] with mode [null]
2023-09-26T00:31:55.024-05:00 DEBUG 33180 --- [           main] o.s.t.c.w.ServletTestExecutionListener   : Resetting RequestContextHolder for test class com.example.demo.DemoApplicationTests
]]></system-out>
  </testcase>
</testsuite>